#
# There is insufficient memory for the Java Runtime Environment to continue.
# Native memory allocation (malloc) failed to allocate 1575536 bytes for Chunk::new
# Possible reasons:
#   The system is out of physical RAM or swap space
#   The process is running with CompressedOops enabled, and the Java Heap may be blocking the growth of the native heap
# Possible solutions:
#   Reduce memory load on the system
#   Increase physical memory or swap space
#   Check if swap backing store is full
#   Decrease Java heap size (-Xmx/-Xms)
#   Decrease number of Java threads
#   Decrease Java thread stack sizes (-Xss)
#   Set larger code cache with -XX:ReservedCodeCacheSize=
#   JVM is running with Unscaled Compressed Oops mode in which the Java heap is
#     placed in the first 4GB address space. The Java Heap base address is the
#     maximum limit for the native heap growth. Please use -XX:HeapBaseMinAddress
#     to set the Java Heap base and to place the Java Heap above 4GB virtual address.
# This output file may be truncated or incomplete.
#
#  Out of Memory Error (./src/hotspot/share/memory/arena.cpp:197), pid=3360, tid=16036
#
# JRE version: OpenJDK Runtime Environment (11.0.12+7) (build 11.0.12+7-b1504.28-7817840)
# Java VM: OpenJDK 64-Bit Server VM (11.0.12+7-b1504.28-7817840, mixed mode, tiered, compressed oops, g1 gc, windows-amd64)
# No core dump will be written. Minidumps are not enabled by default on client versions of Windows
#

---------------  S U M M A R Y ------------

Command Line: --add-opens=java.base/java.util=ALL-UNNAMED --add-opens=java.base/java.lang=ALL-UNNAMED --add-opens=java.base/java.lang.invoke=ALL-UNNAMED --add-opens=java.base/java.util=ALL-UNNAMED --add-opens=java.prefs/java.util.prefs=ALL-UNNAMED --add-opens=java.prefs/java.util.prefs=ALL-UNNAMED --add-opens=java.base/java.nio.charset=ALL-UNNAMED --add-opens=java.base/java.net=ALL-UNNAMED --add-opens=java.base/java.util.concurrent.atomic=ALL-UNNAMED -Xmx2048m -Dfile.encoding=UTF-8 -Duser.country=US -Duser.language=en -Duser.variant org.gradle.launcher.daemon.bootstrap.GradleDaemon 7.3.3

Host: Intel(R) Core(TM) i3-10110U CPU @ 2.10GHz, 4 cores, 11G,  Windows 10 , 64 bit Build 19041 (10.0.19041.546)
Time: Wed Sep  7 11:26:56 2022 Sri Lanka Standard Time elapsed time: 16241.237196 seconds (0d 4h 30m 41s)

---------------  T H R E A D  ---------------

Current thread (0x0000024ffd19a000):  JavaThread "C2 CompilerThread0" daemon [_thread_in_native, id=16036, stack(0x000000c75ac00000,0x000000c75ad00000)]


Current CompileTask:
C2:16241237 40026       4       com.android.aaptcompiler.StringPool::makeRefImpl (227 bytes)

Stack: [0x000000c75ac00000,0x000000c75ad00000]
Native frames: (J=compiled Java code, j=interpreted, Vv=VM code, C=native code)
V  [jvm.dll+0x5fbcea]
V  [jvm.dll+0x731905]
V  [jvm.dll+0x732f1d]
V  [jvm.dll+0x7335d3]
V  [jvm.dll+0x247bf8]
V  [jvm.dll+0xc018c]
V  [jvm.dll+0xc06cc]
V  [jvm.dll+0x35b2db]
V  [jvm.dll+0x328803]
V  [jvm.dll+0x327cfa]
V  [jvm.dll+0x200602]
V  [jvm.dll+0x1ff794]
V  [jvm.dll+0x18868c]
V  [jvm.dll+0x20e0d7]
V  [jvm.dll+0x20c901]
V  [jvm.dll+0x6f9b7f]
V  [jvm.dll+0x6f26a5]
V  [jvm.dll+0x5fabf6]
C  [ucrtbase.dll+0x214c2]
C  [KERNEL32.DLL+0x17034]
C  [ntdll.dll+0x4cec1]


---------------  P R O C E S S  ---------------

Threads class SMR info:
_java_thread_list=0x0000024f855b1080, length=89, elements={
0x0000024fe0d8b800, 0x0000024ffc93c800, 0x0000024ffc932800, 0x0000024ffd195800,
0x0000024ffd196800, 0x0000024ffd198000, 0x0000024ffd19a000, 0x0000024ffd19b000,
0x0000024ffd19e800, 0x0000024ffd303800, 0x0000024fff94f000, 0x0000024ffe94c800,
0x0000024f8084d800, 0x0000024fff82c000, 0x0000024fff82a800, 0x0000024fff82d000,
0x0000024fff827000, 0x0000024fff829800, 0x0000024fff82d800, 0x0000024f80e89800,
0x0000024f80e86000, 0x0000024f80e88800, 0x0000024f80e83800, 0x0000024f80e85800,
0x0000024fff8eb800, 0x0000024f8621d000, 0x0000024ffe920000, 0x0000024fff8e2800,
0x0000024fff8e1800, 0x0000024fff8e4000, 0x0000024fff8e5000, 0x0000024fff8e0000,
0x0000024fff8df000, 0x0000024fff8ec800, 0x0000024fff8ed000, 0x0000024fff8e7800,
0x0000024fff8ee000, 0x0000024fff8e8000, 0x0000024fff8e9000, 0x0000024fff8ea000,
0x0000024fff8ea800, 0x0000024ffe925000, 0x0000024ffe922000, 0x0000024ffe926000,
0x0000024ffe922800, 0x0000024ffe924800, 0x0000024ffe921000, 0x0000024ffe927800,
0x0000024ffe928800, 0x0000024ffe923800, 0x0000024ffe929000, 0x0000024ffe92b800,
0x0000024ffe92a000, 0x0000024ffe92b000, 0x0000024ffe927000, 0x0000024ffe92f000,
0x0000024ffe92c800, 0x0000024ffe92d800, 0x0000024ffe92e000, 0x0000024ffff72000,
0x0000024ffff6d000, 0x0000024ffff6e800, 0x0000024ffff6f800, 0x0000024ffff70800,
0x0000024ffff71000, 0x0000024ffff6c000, 0x0000024ffff72800, 0x0000024ffff6e000,
0x0000024ffff77800, 0x0000024ffff76000, 0x0000024ffff77000, 0x0000024ffff78800,
0x0000024ffff73800, 0x0000024ffff7a000, 0x0000024ffff7b000, 0x0000024ffff75000,
0x0000024f86213000, 0x0000024f86215000, 0x0000024f86215800, 0x0000024f86217800,
0x0000024f86216800, 0x0000024f86212800, 0x0000024f8621e000, 0x0000024f8621e800,
0x0000024f8621a800, 0x0000024f86219000, 0x0000024f8621b800, 0x0000024f86220800,
0x0000024f8621c000
}

Java Threads: ( => current thread )
  0x0000024fe0d8b800 JavaThread "main" [_thread_blocked, id=6720, stack(0x000000c75a000000,0x000000c75a100000)]
  0x0000024ffc93c800 JavaThread "Reference Handler" daemon [_thread_blocked, id=8532, stack(0x000000c75a700000,0x000000c75a800000)]
  0x0000024ffc932800 JavaThread "Finalizer" daemon [_thread_blocked, id=17220, stack(0x000000c75a800000,0x000000c75a900000)]
  0x0000024ffd195800 JavaThread "Signal Dispatcher" daemon [_thread_blocked, id=20108, stack(0x000000c75a900000,0x000000c75aa00000)]
  0x0000024ffd196800 JavaThread "Attach Listener" daemon [_thread_blocked, id=1656, stack(0x000000c75aa00000,0x000000c75ab00000)]
  0x0000024ffd198000 JavaThread "Service Thread" daemon [_thread_blocked, id=18624, stack(0x000000c75ab00000,0x000000c75ac00000)]
=>0x0000024ffd19a000 JavaThread "C2 CompilerThread0" daemon [_thread_in_native, id=16036, stack(0x000000c75ac00000,0x000000c75ad00000)]
  0x0000024ffd19b000 JavaThread "C1 CompilerThread0" daemon [_thread_in_native, id=8828, stack(0x000000c75ad00000,0x000000c75ae00000)]
  0x0000024ffd19e800 JavaThread "Sweeper thread" daemon [_thread_blocked, id=4812, stack(0x000000c75ae00000,0x000000c75af00000)]
  0x0000024ffd303800 JavaThread "Common-Cleaner" daemon [_thread_blocked, id=12356, stack(0x000000c75af00000,0x000000c75b000000)]
  0x0000024fff94f000 JavaThread "Daemon health stats" [_thread_blocked, id=16656, stack(0x000000c75b500000,0x000000c75b600000)]
  0x0000024ffe94c800 JavaThread "Incoming local TCP Connector on port 60266" [_thread_in_native, id=9404, stack(0x000000c75b600000,0x000000c75b700000)]
  0x0000024f8084d800 JavaThread "Daemon periodic checks" [_thread_blocked, id=16504, stack(0x000000c75b700000,0x000000c75b800000)]
  0x0000024fff82c000 JavaThread "Cache worker for journal cache (C:\Users\TECH TOOL\Downloads\gradle-7.5.1\caches\journal-1)" [_thread_blocked, id=15380, stack(0x000000c75bf00000,0x000000c75c000000)]
  0x0000024fff82a800 JavaThread "File lock request listener" [_thread_in_native, id=18560, stack(0x000000c75c000000,0x000000c75c100000)]
  0x0000024fff82d000 JavaThread "Cache worker for file hash cache (C:\Users\TECH TOOL\Downloads\gradle-7.5.1\caches\7.3.3\fileHashes)" [_thread_blocked, id=4960, stack(0x000000c75c100000,0x000000c75c200000)]
  0x0000024fff827000 JavaThread "File watcher server" daemon [_thread_in_native, id=248, stack(0x000000c75c300000,0x000000c75c400000)]
  0x0000024fff829800 JavaThread "File watcher consumer" daemon [_thread_blocked, id=20372, stack(0x000000c75c400000,0x000000c75c500000)]
  0x0000024fff82d800 JavaThread "jar transforms" [_thread_blocked, id=19460, stack(0x000000c75c500000,0x000000c75c600000)]
  0x0000024f80e89800 JavaThread "jar transforms Thread 2" [_thread_blocked, id=9656, stack(0x000000c75c600000,0x000000c75c700000)]
  0x0000024f80e86000 JavaThread "jar transforms Thread 3" [_thread_blocked, id=9716, stack(0x000000c75c700000,0x000000c75c800000)]
  0x0000024f80e88800 JavaThread "jar transforms Thread 4" [_thread_blocked, id=3960, stack(0x000000c75c800000,0x000000c75c900000)]
  0x0000024f80e83800 JavaThread "Cache worker for execution history cache (C:\Users\TECH TOOL\Downloads\gradle-7.5.1\caches\7.3.3\executionHistory)" [_thread_blocked, id=10808, stack(0x000000c75cc00000,0x000000c75cd00000)]
  0x0000024f80e85800 JavaThread "Cache worker for file content cache (C:\Users\TECH TOOL\Downloads\gradle-7.5.1\caches\7.3.3\fileContent)" [_thread_blocked, id=1192, stack(0x000000c75cd00000,0x000000c75ce00000)]
  0x0000024fff8eb800 JavaThread "Memory manager" [_thread_blocked, id=10860, stack(0x000000c75f800000,0x000000c75f900000)]
  0x0000024f8621d000 JavaThread "Cache worker for Java compile cache (C:\Users\TECH TOOL\Downloads\gradle-7.5.1\caches\7.3.3\javaCompile)" [_thread_blocked, id=3212, stack(0x000000c75bc00000,0x000000c75bd00000)]
  0x0000024ffe920000 JavaThread "ForkJoinPool.commonPool-worker-5" daemon [_thread_blocked, id=3476, stack(0x000000c760700000,0x000000c760800000)]
  0x0000024fff8e2800 JavaThread "Daemon Thread 28" [_thread_blocked, id=4008, stack(0x000000c759d00000,0x000000c759e00000)]
  0x0000024fff8e1800 JavaThread "Handler for socket connection from /127.0.0.1:60266 to /127.0.0.1:64281" [_thread_in_native, id=19260, stack(0x000000c759e00000,0x000000c759f00000)]
  0x0000024fff8e4000 JavaThread "Cancel handler" [_thread_blocked, id=20268, stack(0x000000c759f00000,0x000000c75a000000)]
  0x0000024fff8e5000 JavaThread "Daemon worker Thread 28" [_thread_blocked, id=2452, stack(0x000000c75b100000,0x000000c75b200000)]
  0x0000024fff8e0000 JavaThread "Asynchronous log dispatcher for DefaultDaemonConnection: socket connection from /127.0.0.1:60266 to /127.0.0.1:64281" [_thread_blocked, id=15116, stack(0x000000c75b800000,0x000000c75b900000)]
  0x0000024fff8df000 JavaThread "Stdin handler" [_thread_blocked, id=12352, stack(0x000000c75b900000,0x000000c75ba00000)]
  0x0000024fff8ec800 JavaThread "Daemon client event forwarder" [_thread_blocked, id=12884, stack(0x000000c75ba00000,0x000000c75bb00000)]
  0x0000024fff8ed000 JavaThread "Cache worker for file hash cache (D:\Final Project HDSE\CyGo-App\.gradle\7.3.3\fileHashes)" [_thread_blocked, id=4136, stack(0x000000c75bb00000,0x000000c75bc00000)]
  0x0000024fff8e7800 JavaThread "Cache worker for checksums cache (D:\Final Project HDSE\CyGo-App\.gradle\7.3.3\checksums)" [_thread_blocked, id=16604, stack(0x000000c75bd00000,0x000000c75be00000)]
  0x0000024fff8ee000 JavaThread "Cache worker for cache directory md-supplier (C:\Users\TECH TOOL\Downloads\gradle-7.5.1\caches\7.3.3\md-supplier)" [_thread_blocked, id=18924, stack(0x000000c75be00000,0x000000c75bf00000)]
  0x0000024fff8e8000 JavaThread "Cache worker for cache directory md-rule (C:\Users\TECH TOOL\Downloads\gradle-7.5.1\caches\7.3.3\md-rule)" [_thread_blocked, id=16592, stack(0x000000c75c200000,0x000000c75c300000)]
  0x0000024fff8e9000 JavaThread "Cache worker for dependencies-accessors (D:\Final Project HDSE\CyGo-App\.gradle\7.3.3\dependencies-accessors)" [_thread_blocked, id=6540, stack(0x000000c75c900000,0x000000c75ca00000)]
  0x0000024fff8ea000 JavaThread "Cache worker for Build Output Cleanup Cache (D:\Final Project HDSE\CyGo-App\.gradle\buildOutputCleanup)" [_thread_blocked, id=5516, stack(0x000000c75ca00000,0x000000c75cb00000)]
  0x0000024fff8ea800 JavaThread "Unconstrained build operations" [_thread_blocked, id=880, stack(0x000000c75cb00000,0x000000c75cc00000)]
  0x0000024ffe925000 JavaThread "Unconstrained build operations Thread 2" [_thread_blocked, id=900, stack(0x000000c75ce00000,0x000000c75cf00000)]
  0x0000024ffe922000 JavaThread "Unconstrained build operations Thread 3" [_thread_blocked, id=3352, stack(0x000000c75cf00000,0x000000c75d000000)]
  0x0000024ffe926000 JavaThread "Unconstrained build operations Thread 4" [_thread_blocked, id=9824, stack(0x000000c75d000000,0x000000c75d100000)]
  0x0000024ffe922800 JavaThread "Unconstrained build operations Thread 5" [_thread_blocked, id=1248, stack(0x000000c75d100000,0x000000c75d200000)]
  0x0000024ffe924800 JavaThread "Unconstrained build operations Thread 6" [_thread_blocked, id=7692, stack(0x000000c75d200000,0x000000c75d300000)]
  0x0000024ffe921000 JavaThread "Unconstrained build operations Thread 7" [_thread_blocked, id=15132, stack(0x000000c75d300000,0x000000c75d400000)]
  0x0000024ffe927800 JavaThread "Unconstrained build operations Thread 8" [_thread_blocked, id=11676, stack(0x000000c75d400000,0x000000c75d500000)]
  0x0000024ffe928800 JavaThread "Unconstrained build operations Thread 9" [_thread_blocked, id=10676, stack(0x000000c75d500000,0x000000c75d600000)]
  0x0000024ffe923800 JavaThread "Unconstrained build operations Thread 10" [_thread_blocked, id=17888, stack(0x000000c75d600000,0x000000c75d700000)]
  0x0000024ffe929000 JavaThread "Unconstrained build operations Thread 11" [_thread_blocked, id=14956, stack(0x000000c75d700000,0x000000c75d800000)]
  0x0000024ffe92b800 JavaThread "Unconstrained build operations Thread 12" [_thread_blocked, id=19520, stack(0x000000c75d800000,0x000000c75d900000)]
  0x0000024ffe92a000 JavaThread "Unconstrained build operations Thread 13" [_thread_blocked, id=16860, stack(0x000000c75d900000,0x000000c75da00000)]
  0x0000024ffe92b000 JavaThread "Unconstrained build operations Thread 14" [_thread_blocked, id=13584, stack(0x000000c75da00000,0x000000c75db00000)]
  0x0000024ffe927000 JavaThread "Unconstrained build operations Thread 15" [_thread_blocked, id=14044, stack(0x000000c75db00000,0x000000c75dc00000)]
  0x0000024ffe92f000 JavaThread "Unconstrained build operations Thread 16" [_thread_blocked, id=2436, stack(0x000000c75dc00000,0x000000c75dd00000)]
  0x0000024ffe92c800 JavaThread "Unconstrained build operations Thread 17" [_thread_blocked, id=4888, stack(0x000000c75dd00000,0x000000c75de00000)]
  0x0000024ffe92d800 JavaThread "Unconstrained build operations Thread 18" [_thread_blocked, id=3876, stack(0x000000c75de00000,0x000000c75df00000)]
  0x0000024ffe92e000 JavaThread "Unconstrained build operations Thread 19" [_thread_blocked, id=4660, stack(0x000000c75df00000,0x000000c75e000000)]
  0x0000024ffff72000 JavaThread "Unconstrained build operations Thread 20" [_thread_blocked, id=3948, stack(0x000000c75e000000,0x000000c75e100000)]
  0x0000024ffff6d000 JavaThread "Unconstrained build operations Thread 21" [_thread_blocked, id=11912, stack(0x000000c75e100000,0x000000c75e200000)]
  0x0000024ffff6e800 JavaThread "Unconstrained build operations Thread 22" [_thread_blocked, id=12264, stack(0x000000c75e200000,0x000000c75e300000)]
  0x0000024ffff6f800 JavaThread "Unconstrained build operations Thread 23" [_thread_blocked, id=13168, stack(0x000000c75e300000,0x000000c75e400000)]
  0x0000024ffff70800 JavaThread "Unconstrained build operations Thread 24" [_thread_blocked, id=14720, stack(0x000000c75e400000,0x000000c75e500000)]
  0x0000024ffff71000 JavaThread "Unconstrained build operations Thread 25" [_thread_blocked, id=18548, stack(0x000000c75e500000,0x000000c75e600000)]
  0x0000024ffff6c000 JavaThread "Unconstrained build operations Thread 26" [_thread_blocked, id=9532, stack(0x000000c75e600000,0x000000c75e700000)]
  0x0000024ffff72800 JavaThread "Unconstrained build operations Thread 27" [_thread_blocked, id=940, stack(0x000000c75e700000,0x000000c75e800000)]
  0x0000024ffff6e000 JavaThread "Unconstrained build operations Thread 28" [_thread_blocked, id=12048, stack(0x000000c75e800000,0x000000c75e900000)]
  0x0000024ffff77800 JavaThread "Unconstrained build operations Thread 29" [_thread_blocked, id=12680, stack(0x000000c75e900000,0x000000c75ea00000)]
  0x0000024ffff76000 JavaThread "Unconstrained build operations Thread 30" [_thread_blocked, id=13988, stack(0x000000c75ea00000,0x000000c75eb00000)]
  0x0000024ffff77000 JavaThread "Unconstrained build operations Thread 31" [_thread_blocked, id=4816, stack(0x000000c75eb00000,0x000000c75ec00000)]
  0x0000024ffff78800 JavaThread "Unconstrained build operations Thread 32" [_thread_blocked, id=18948, stack(0x000000c75ec00000,0x000000c75ed00000)]
  0x0000024ffff73800 JavaThread "Unconstrained build operations Thread 33" [_thread_blocked, id=7940, stack(0x000000c75ed00000,0x000000c75ee00000)]
  0x0000024ffff7a000 JavaThread "Unconstrained build operations Thread 34" [_thread_blocked, id=11660, stack(0x000000c75ee00000,0x000000c75ef00000)]
  0x0000024ffff7b000 JavaThread "Unconstrained build operations Thread 35" [_thread_blocked, id=11212, stack(0x000000c75ef00000,0x000000c75f000000)]
  0x0000024ffff75000 JavaThread "Unconstrained build operations Thread 36" [_thread_blocked, id=684, stack(0x000000c75f000000,0x000000c75f100000)]
  0x0000024f86213000 JavaThread "Unconstrained build operations Thread 37" [_thread_blocked, id=8544, stack(0x000000c75f100000,0x000000c75f200000)]
  0x0000024f86215000 JavaThread "Unconstrained build operations Thread 38" [_thread_blocked, id=16632, stack(0x000000c75f200000,0x000000c75f300000)]
  0x0000024f86215800 JavaThread "Unconstrained build operations Thread 39" [_thread_blocked, id=14784, stack(0x000000c75f300000,0x000000c75f400000)]
  0x0000024f86217800 JavaThread "Unconstrained build operations Thread 40" [_thread_blocked, id=9748, stack(0x000000c75f400000,0x000000c75f500000)]
  0x0000024f86216800 JavaThread "build event listener" [_thread_blocked, id=5544, stack(0x000000c75f600000,0x000000c75f700000)]
  0x0000024f86212800 JavaThread "Execution worker for ':'" [_thread_blocked, id=19600, stack(0x000000c75f700000,0x000000c75f800000)]
  0x0000024f8621e000 JavaThread "Execution worker for ':' Thread 2" [_thread_in_native, id=6040, stack(0x000000c75f900000,0x000000c75fa00000)]
  0x0000024f8621e800 JavaThread "Execution worker for ':' Thread 3" [_thread_blocked, id=8444, stack(0x000000c75fa00000,0x000000c75fb00000)]
  0x0000024f8621a800 JavaThread "Cache worker for execution history cache (D:\Final Project HDSE\CyGo-App\.gradle\7.3.3\executionHistory)" [_thread_blocked, id=2620, stack(0x000000c75fb00000,0x000000c75fc00000)]
  0x0000024f86219000 JavaThread "WorkerExecutor Queue" [_thread_in_Java, id=6400, stack(0x000000c75fc00000,0x000000c75fd00000)]
  0x0000024f8621b800 JavaThread "WorkerExecutor Queue Thread 2" [_thread_in_native, id=13540, stack(0x000000c75fd00000,0x000000c75fe00000)]
  0x0000024f86220800 JavaThread "WorkerExecutor Queue Thread 3" [_thread_in_native, id=14888, stack(0x000000c75f500000,0x000000c75f600000)]
  0x0000024f8621c000 JavaThread "WorkerExecutor Queue Thread 4" [_thread_blocked, id=17500, stack(0x000000c75fe00000,0x000000c75ff00000)]

Other Threads:
  0x0000024ffd147000 VMThread "VM Thread" [stack: 0x000000c75a600000,0x000000c75a700000] [id=19564]
  0x0000024ffd323000 WatcherThread [stack: 0x000000c75b000000,0x000000c75b100000] [id=12424]
  0x0000024fe0da3800 GCTaskThread "GC Thread#0" [stack: 0x000000c75a100000,0x000000c75a200000] [id=11848]
  0x0000024ffd6ec000 GCTaskThread "GC Thread#1" [stack: 0x000000c75b200000,0x000000c75b300000] [id=6992]
  0x0000024ffdc40800 GCTaskThread "GC Thread#2" [stack: 0x000000c75b300000,0x000000c75b400000] [id=10392]
  0x0000024ffdc41000 GCTaskThread "GC Thread#3" [stack: 0x000000c75b400000,0x000000c75b500000] [id=10636]
  0x0000024fe0dd5000 ConcurrentGCThread "G1 Main Marker" [stack: 0x000000c75a200000,0x000000c75a300000] [id=6644]
  0x0000024fe0dd7800 ConcurrentGCThread "G1 Conc#0" [stack: 0x000000c75a300000,0x000000c75a400000] [id=15452]
  0x0000024ffc77c800 ConcurrentGCThread "G1 Refine#0" [stack: 0x000000c75a400000,0x000000c75a500000] [id=13752]
  0x0000024ffc77f000 ConcurrentGCThread "G1 Young RemSet Sampling" [stack: 0x000000c75a500000,0x000000c75a600000] [id=10036]

Threads with active compile tasks:
C2 CompilerThread016241273 40026       4       com.android.aaptcompiler.StringPool::makeRefImpl (227 bytes)

VM state:not at safepoint (normal execution)

VM Mutex/Monitor currently owned by a thread: None

Heap address: 0x0000000080000000, size: 2048 MB, Compressed Oops mode: 32-bit
Narrow klass base: 0x0000000000000000, Narrow klass shift: 3
Compressed class space size: 1073741824 Address: 0x0000000100000000

Heap:
 garbage-first heap   total 280576K, used 184478K [0x0000000080000000, 0x0000000100000000)
  region size 1024K, 5 young (5120K), 2 survivors (2048K)
 Metaspace       used 184569K, capacity 189699K, committed 190668K, reserved 1216512K
  class space    used 22394K, capacity 24190K, committed 24524K, reserved 1048576K
Heap Regions: E=young(eden), S=young(survivor), O=old, HS=humongous(starts), HC=humongous(continues), CS=collection set, F=free, A=archive, TAMS=top-at-mark-start (previous, next)
|   0|0x0000000080000000, 0x0000000080100000, 0x0000000080100000|100%|HS|  |TAMS 0x0000000080100000, 0x0000000080000000| Complete 
|   1|0x0000000080100000, 0x0000000080200000, 0x0000000080200000|100%|HC|  |TAMS 0x0000000080200000, 0x0000000080100000| Complete 
|   2|0x0000000080200000, 0x0000000080300000, 0x0000000080300000|100%|HC|  |TAMS 0x0000000080300000, 0x0000000080200000| Complete 
|   3|0x0000000080300000, 0x0000000080400000, 0x0000000080400000|100%| O|  |TAMS 0x0000000080400000, 0x0000000080300000| Updating 
|   4|0x0000000080400000, 0x0000000080500000, 0x0000000080500000|100%| O|  |TAMS 0x0000000080500000, 0x0000000080400000| Updating 
|   5|0x0000000080500000, 0x0000000080600000, 0x0000000080600000|100%| O|  |TAMS 0x0000000080600000, 0x0000000080500000| Updating 
|   6|0x0000000080600000, 0x0000000080700000, 0x0000000080700000|100%| O|  |TAMS 0x0000000080700000, 0x0000000080600000| Updating 
|   7|0x0000000080700000, 0x0000000080800000, 0x0000000080800000|100%| O|  |TAMS 0x0000000080800000, 0x0000000080700000| Updating 
|   8|0x0000000080800000, 0x0000000080900000, 0x0000000080900000|100%| O|  |TAMS 0x0000000080900000, 0x0000000080800000| Updating 
|   9|0x0000000080900000, 0x0000000080a00000, 0x0000000080a00000|100%| O|  |TAMS 0x0000000080a00000, 0x0000000080900000| Updating 
|  10|0x0000000080a00000, 0x0000000080b00000, 0x0000000080b00000|100%| O|  |TAMS 0x0000000080b00000, 0x0000000080a00000| Updating 
|  11|0x0000000080b00000, 0x0000000080c00000, 0x0000000080c00000|100%| O|  |TAMS 0x0000000080c00000, 0x0000000080b00000| Updating 
|  12|0x0000000080c00000, 0x0000000080d00000, 0x0000000080d00000|100%| O|  |TAMS 0x0000000080d00000, 0x0000000080c00000| Updating 
|  13|0x0000000080d00000, 0x0000000080e00000, 0x0000000080e00000|100%| O|  |TAMS 0x0000000080e00000, 0x0000000080d00000| Updating 
|  14|0x0000000080e00000, 0x0000000080f00000, 0x0000000080f00000|100%| O|  |TAMS 0x0000000080f00000, 0x0000000080e00000| Updating 
|  15|0x0000000080f00000, 0x0000000081000000, 0x0000000081000000|100%| O|  |TAMS 0x0000000081000000, 0x0000000080f00000| Updating 
|  16|0x0000000081000000, 0x0000000081100000, 0x0000000081100000|100%|HS|  |TAMS 0x0000000081100000, 0x0000000081000000| Complete 
|  17|0x0000000081100000, 0x0000000081200000, 0x0000000081200000|100%|HC|  |TAMS 0x0000000081200000, 0x0000000081100000| Complete 
|  18|0x0000000081200000, 0x0000000081300000, 0x0000000081300000|100%|HS|  |TAMS 0x0000000081300000, 0x0000000081200000| Complete 
|  19|0x0000000081300000, 0x0000000081400000, 0x0000000081400000|100%|HC|  |TAMS 0x0000000081400000, 0x0000000081300000| Complete 
|  20|0x0000000081400000, 0x0000000081500000, 0x0000000081500000|100%|HC|  |TAMS 0x0000000081500000, 0x0000000081400000| Complete 
|  21|0x0000000081500000, 0x0000000081600000, 0x0000000081600000|100%|HS|  |TAMS 0x0000000081600000, 0x0000000081500000| Complete 
|  22|0x0000000081600000, 0x0000000081700000, 0x0000000081700000|100%|HS|  |TAMS 0x0000000081700000, 0x0000000081600000| Complete 
|  23|0x0000000081700000, 0x0000000081800000, 0x0000000081800000|100%|HC|  |TAMS 0x0000000081800000, 0x0000000081700000| Complete 
|  24|0x0000000081800000, 0x0000000081900000, 0x0000000081900000|100%|HC|  |TAMS 0x0000000081900000, 0x0000000081800000| Complete 
|  25|0x0000000081900000, 0x0000000081a00000, 0x0000000081a00000|100%|HC|  |TAMS 0x0000000081a00000, 0x0000000081900000| Complete 
|  26|0x0000000081a00000, 0x0000000081b00000, 0x0000000081b00000|100%|HS|  |TAMS 0x0000000081b00000, 0x0000000081a00000| Complete 
|  27|0x0000000081b00000, 0x0000000081c00000, 0x0000000081c00000|100%| O|  |TAMS 0x0000000081c00000, 0x0000000081b00000| Updating 
|  28|0x0000000081c00000, 0x0000000081d00000, 0x0000000081d00000|100%| O|  |TAMS 0x0000000081d00000, 0x0000000081c00000| Updating 
|  29|0x0000000081d00000, 0x0000000081e00000, 0x0000000081e00000|100%|HS|  |TAMS 0x0000000081e00000, 0x0000000081d00000| Complete 
|  30|0x0000000081e00000, 0x0000000081f00000, 0x0000000081f00000|100%|HS|  |TAMS 0x0000000081f00000, 0x0000000081e00000| Complete 
|  31|0x0000000081f00000, 0x0000000082000000, 0x0000000082000000|100%|HC|  |TAMS 0x0000000082000000, 0x0000000081f00000| Complete 
|  32|0x0000000082000000, 0x0000000082100000, 0x0000000082100000|100%|HC|  |TAMS 0x0000000082100000, 0x0000000082000000| Complete 
|  33|0x0000000082100000, 0x0000000082200000, 0x0000000082200000|100%| O|  |TAMS 0x0000000082200000, 0x0000000082100000| Updating 
|  34|0x0000000082200000, 0x0000000082300000, 0x0000000082300000|100%| O|  |TAMS 0x0000000082300000, 0x0000000082200000| Updating 
|  35|0x0000000082300000, 0x0000000082400000, 0x0000000082400000|100%| O|  |TAMS 0x0000000082400000, 0x0000000082300000| Updating 
|  36|0x0000000082400000, 0x0000000082500000, 0x0000000082500000|100%| O|  |TAMS 0x0000000082500000, 0x0000000082400000| Updating 
|  37|0x0000000082500000, 0x0000000082600000, 0x0000000082600000|100%|HS|  |TAMS 0x0000000082600000, 0x0000000082500000| Complete 
|  38|0x0000000082600000, 0x0000000082700000, 0x0000000082700000|100%|HC|  |TAMS 0x0000000082700000, 0x0000000082600000| Complete 
|  39|0x0000000082700000, 0x0000000082800000, 0x0000000082800000|100%|HC|  |TAMS 0x0000000082800000, 0x0000000082700000| Complete 
|  40|0x0000000082800000, 0x0000000082900000, 0x0000000082900000|100%|HC|  |TAMS 0x0000000082900000, 0x0000000082800000| Complete 
|  41|0x0000000082900000, 0x0000000082a00000, 0x0000000082a00000|100%| O|  |TAMS 0x0000000082a00000, 0x0000000082900000| Updating 
|  42|0x0000000082a00000, 0x0000000082b00000, 0x0000000082b00000|100%| O|  |TAMS 0x0000000082b00000, 0x0000000082a00000| Updating 
|  43|0x0000000082b00000, 0x0000000082c00000, 0x0000000082c00000|100%| O|  |TAMS 0x0000000082c00000, 0x0000000082b00000| Updating 
|  44|0x0000000082c00000, 0x0000000082d00000, 0x0000000082d00000|100%|HS|  |TAMS 0x0000000082d00000, 0x0000000082c00000| Complete 
|  45|0x0000000082d00000, 0x0000000082e00000, 0x0000000082e00000|100%|HS|  |TAMS 0x0000000082e00000, 0x0000000082d00000| Complete 
|  46|0x0000000082e00000, 0x0000000082f00000, 0x0000000082f00000|100%|HC|  |TAMS 0x0000000082f00000, 0x0000000082e00000| Complete 
|  47|0x0000000082f00000, 0x0000000083000000, 0x0000000083000000|100%| O|  |TAMS 0x0000000083000000, 0x0000000082f00000| Updating 
|  48|0x0000000083000000, 0x0000000083100000, 0x0000000083100000|100%| O|  |TAMS 0x0000000083100000, 0x0000000083000000| Updating 
|  49|0x0000000083100000, 0x0000000083200000, 0x0000000083200000|100%| O|  |TAMS 0x0000000083200000, 0x0000000083100000| Updating 
|  50|0x0000000083200000, 0x0000000083300000, 0x0000000083300000|100%| O|  |TAMS 0x0000000083300000, 0x0000000083200000| Updating 
|  51|0x0000000083300000, 0x0000000083400000, 0x0000000083400000|100%| O|  |TAMS 0x0000000083400000, 0x0000000083300000| Updating 
|  52|0x0000000083400000, 0x0000000083500000, 0x0000000083500000|100%| O|  |TAMS 0x0000000083500000, 0x0000000083400000| Updating 
|  53|0x0000000083500000, 0x0000000083600000, 0x0000000083600000|100%| O|  |TAMS 0x0000000083600000, 0x0000000083500000| Updating 
|  54|0x0000000083600000, 0x0000000083700000, 0x0000000083700000|100%| O|  |TAMS 0x0000000083700000, 0x0000000083600000| Updating 
|  55|0x0000000083700000, 0x0000000083800000, 0x0000000083800000|100%| O|  |TAMS 0x0000000083800000, 0x0000000083700000| Updating 
|  56|0x0000000083800000, 0x0000000083900000, 0x0000000083900000|100%| O|  |TAMS 0x0000000083900000, 0x0000000083800000| Updating 
|  57|0x0000000083900000, 0x0000000083a00000, 0x0000000083a00000|100%| O|  |TAMS 0x0000000083a00000, 0x0000000083900000| Updating 
|  58|0x0000000083a00000, 0x0000000083b00000, 0x0000000083b00000|100%| O|  |TAMS 0x0000000083b00000, 0x0000000083a00000| Updating 
|  59|0x0000000083b00000, 0x0000000083c00000, 0x0000000083c00000|100%| O|  |TAMS 0x0000000083c00000, 0x0000000083b00000| Updating 
|  60|0x0000000083c00000, 0x0000000083d00000, 0x0000000083d00000|100%| O|  |TAMS 0x0000000083d00000, 0x0000000083c00000| Updating 
|  61|0x0000000083d00000, 0x0000000083e00000, 0x0000000083e00000|100%| O|  |TAMS 0x0000000083e00000, 0x0000000083d00000| Updating 
|  62|0x0000000083e00000, 0x0000000083f00000, 0x0000000083f00000|100%| O|  |TAMS 0x0000000083f00000, 0x0000000083e00000| Updating 
|  63|0x0000000083f00000, 0x0000000084000000, 0x0000000084000000|100%| O|  |TAMS 0x0000000084000000, 0x0000000083f00000| Updating 
|  64|0x0000000084000000, 0x0000000084100000, 0x0000000084100000|100%| O|  |TAMS 0x0000000084100000, 0x0000000084000000| Updating 
|  65|0x0000000084100000, 0x0000000084200000, 0x0000000084200000|100%| O|  |TAMS 0x0000000084200000, 0x0000000084100000| Updating 
|  66|0x0000000084200000, 0x0000000084300000, 0x0000000084300000|100%| O|  |TAMS 0x0000000084300000, 0x0000000084200000| Updating 
|  67|0x0000000084300000, 0x0000000084400000, 0x0000000084400000|100%| O|  |TAMS 0x0000000084400000, 0x0000000084300000| Updating 
|  68|0x0000000084400000, 0x0000000084500000, 0x0000000084500000|100%| O|  |TAMS 0x0000000084500000, 0x0000000084400000| Updating 
|  69|0x0000000084500000, 0x0000000084600000, 0x0000000084600000|100%|HS|  |TAMS 0x0000000084600000, 0x0000000084500000| Complete 
|  70|0x0000000084600000, 0x0000000084700000, 0x0000000084700000|100%| O|  |TAMS 0x0000000084700000, 0x0000000084600000| Updating 
|  71|0x0000000084700000, 0x0000000084800000, 0x0000000084800000|100%| O|  |TAMS 0x0000000084800000, 0x0000000084700000| Updating 
|  72|0x0000000084800000, 0x0000000084900000, 0x0000000084900000|100%| O|  |TAMS 0x0000000084900000, 0x0000000084800000| Updating 
|  73|0x0000000084900000, 0x0000000084a00000, 0x0000000084a00000|100%| O|  |TAMS 0x0000000084a00000, 0x0000000084900000| Updating 
|  74|0x0000000084a00000, 0x0000000084b00000, 0x0000000084b00000|100%| O|  |TAMS 0x0000000084b00000, 0x0000000084a00000| Updating 
|  75|0x0000000084b00000, 0x0000000084c00000, 0x0000000084c00000|100%|HS|  |TAMS 0x0000000084c00000, 0x0000000084b00000| Complete 
|  76|0x0000000084c00000, 0x0000000084d00000, 0x0000000084d00000|100%|HC|  |TAMS 0x0000000084d00000, 0x0000000084c00000| Complete 
|  77|0x0000000084d00000, 0x0000000084e00000, 0x0000000084e00000|100%|HS|  |TAMS 0x0000000084e00000, 0x0000000084d00000| Complete 
|  78|0x0000000084e00000, 0x0000000084f00000, 0x0000000084f00000|100%|HC|  |TAMS 0x0000000084f00000, 0x0000000084e00000| Complete 
|  79|0x0000000084f00000, 0x0000000085000000, 0x0000000085000000|100%|HC|  |TAMS 0x0000000085000000, 0x0000000084f00000| Complete 
|  80|0x0000000085000000, 0x0000000085100000, 0x0000000085100000|100%|HS|  |TAMS 0x0000000085100000, 0x0000000085000000| Complete 
|  81|0x0000000085100000, 0x0000000085200000, 0x0000000085200000|100%|HC|  |TAMS 0x0000000085200000, 0x0000000085100000| Complete 
|  82|0x0000000085200000, 0x0000000085300000, 0x0000000085300000|100%|HC|  |TAMS 0x0000000085300000, 0x0000000085200000| Complete 
|  83|0x0000000085300000, 0x0000000085400000, 0x0000000085400000|100%|HC|  |TAMS 0x0000000085400000, 0x0000000085300000| Complete 
|  84|0x0000000085400000, 0x0000000085500000, 0x0000000085500000|100%| O|  |TAMS 0x0000000085500000, 0x0000000085400000| Updating 
|  85|0x0000000085500000, 0x0000000085600000, 0x0000000085600000|100%| O|  |TAMS 0x0000000085600000, 0x0000000085500000| Updating 
|  86|0x0000000085600000, 0x0000000085700000, 0x0000000085700000|100%| O|  |TAMS 0x0000000085700000, 0x0000000085600000| Updating 
|  87|0x0000000085700000, 0x0000000085800000, 0x0000000085800000|100%| O|  |TAMS 0x0000000085800000, 0x0000000085700000| Updating 
|  88|0x0000000085800000, 0x0000000085900000, 0x0000000085900000|100%| O|  |TAMS 0x0000000085900000, 0x0000000085800000| Updating 
|  89|0x0000000085900000, 0x0000000085a00000, 0x0000000085a00000|100%| O|  |TAMS 0x0000000085a00000, 0x0000000085900000| Updating 
|  90|0x0000000085a00000, 0x0000000085b00000, 0x0000000085b00000|100%| O|  |TAMS 0x0000000085b00000, 0x0000000085a00000| Updating 
|  91|0x0000000085b00000, 0x0000000085c00000, 0x0000000085c00000|100%| O|  |TAMS 0x0000000085c00000, 0x0000000085b00000| Updating 
|  92|0x0000000085c00000, 0x0000000085d00000, 0x0000000085d00000|100%| O|  |TAMS 0x0000000085d00000, 0x0000000085c00000| Updating 
|  93|0x0000000085d00000, 0x0000000085e00000, 0x0000000085e00000|100%| O|  |TAMS 0x0000000085e00000, 0x0000000085d00000| Updating 
|  94|0x0000000085e00000, 0x0000000085f00000, 0x0000000085f00000|100%| O|  |TAMS 0x0000000085f00000, 0x0000000085e00000| Updating 
|  95|0x0000000085f00000, 0x0000000086000000, 0x0000000086000000|100%| O|  |TAMS 0x0000000085f00000, 0x0000000085f00000| Untracked 
|  96|0x0000000086000000, 0x0000000086100000, 0x0000000086100000|100%| O|  |TAMS 0x0000000086100000, 0x0000000086000000| Updating 
|  97|0x0000000086100000, 0x0000000086200000, 0x0000000086200000|100%| O|  |TAMS 0x0000000086100000, 0x0000000086100000| Untracked 
|  98|0x0000000086200000, 0x0000000086300000, 0x0000000086300000|100%| O|  |TAMS 0x0000000086300000, 0x0000000086200000| Updating 
|  99|0x0000000086300000, 0x0000000086400000, 0x0000000086400000|100%| O|  |TAMS 0x0000000086400000, 0x0000000086300000| Updating 
| 100|0x0000000086400000, 0x0000000086500000, 0x0000000086500000|100%| O|  |TAMS 0x0000000086500000, 0x0000000086400000| Updating 
| 101|0x0000000086500000, 0x0000000086600000, 0x0000000086600000|100%| O|  |TAMS 0x0000000086600000, 0x0000000086500000| Updating 
| 102|0x0000000086600000, 0x0000000086700000, 0x0000000086700000|100%| O|  |TAMS 0x0000000086700000, 0x0000000086600000| Updating 
| 103|0x0000000086700000, 0x0000000086800000, 0x0000000086800000|100%| O|  |TAMS 0x0000000086700000, 0x0000000086700000| Untracked 
| 104|0x0000000086800000, 0x0000000086900000, 0x0000000086900000|100%| O|  |TAMS 0x0000000086900000, 0x0000000086800000| Updating 
| 105|0x0000000086900000, 0x0000000086a00000, 0x0000000086a00000|100%| O|  |TAMS 0x0000000086a00000, 0x0000000086900000| Updating 
| 106|0x0000000086a00000, 0x0000000086b00000, 0x0000000086b00000|100%| O|  |TAMS 0x0000000086b00000, 0x0000000086a00000| Updating 
| 107|0x0000000086b00000, 0x0000000086c00000, 0x0000000086c00000|100%| O|  |TAMS 0x0000000086c00000, 0x0000000086b00000| Updating 
| 108|0x0000000086c00000, 0x0000000086d00000, 0x0000000086d00000|100%| O|  |TAMS 0x0000000086d00000, 0x0000000086c00000| Updating 
| 109|0x0000000086d00000, 0x0000000086e00000, 0x0000000086e00000|100%| O|  |TAMS 0x0000000086e00000, 0x0000000086d00000| Updating 
| 110|0x0000000086e00000, 0x0000000086f00000, 0x0000000086f00000|100%| O|  |TAMS 0x0000000086f00000, 0x0000000086e00000| Updating 
| 111|0x0000000086f00000, 0x0000000087000000, 0x0000000087000000|100%| O|  |TAMS 0x0000000087000000, 0x0000000086f00000| Updating 
| 112|0x0000000087000000, 0x0000000087100000, 0x0000000087100000|100%| O|  |TAMS 0x0000000087100000, 0x0000000087000000| Updating 
| 113|0x0000000087100000, 0x0000000087200000, 0x0000000087200000|100%| O|  |TAMS 0x0000000087200000, 0x0000000087100000| Updating 
| 114|0x0000000087200000, 0x0000000087300000, 0x0000000087300000|100%| O|  |TAMS 0x0000000087300000, 0x0000000087200000| Updating 
| 115|0x0000000087300000, 0x0000000087400000, 0x0000000087400000|100%| O|  |TAMS 0x0000000087400000, 0x0000000087300000| Updating 
| 116|0x0000000087400000, 0x0000000087500000, 0x0000000087500000|100%| O|  |TAMS 0x0000000087500000, 0x0000000087400000| Updating 
| 117|0x0000000087500000, 0x0000000087600000, 0x0000000087600000|100%| O|  |TAMS 0x0000000087600000, 0x0000000087500000| Updating 
| 118|0x0000000087600000, 0x0000000087700000, 0x0000000087700000|100%| O|  |TAMS 0x0000000087700000, 0x0000000087600000| Updating 
| 119|0x0000000087700000, 0x0000000087800000, 0x0000000087800000|100%| O|  |TAMS 0x0000000087800000, 0x0000000087700000| Updating 
| 120|0x0000000087800000, 0x0000000087900000, 0x0000000087900000|100%| O|  |TAMS 0x0000000087900000, 0x0000000087800000| Updating 
| 121|0x0000000087900000, 0x0000000087a00000, 0x0000000087a00000|100%| O|  |TAMS 0x0000000087a00000, 0x0000000087900000| Updating 
| 122|0x0000000087a00000, 0x0000000087b00000, 0x0000000087b00000|100%| O|  |TAMS 0x0000000087b00000, 0x0000000087a00000| Updating 
| 123|0x0000000087b00000, 0x0000000087c00000, 0x0000000087c00000|100%| O|  |TAMS 0x0000000087c00000, 0x0000000087b00000| Updating 
| 124|0x0000000087c00000, 0x0000000087cbc000, 0x0000000087d00000| 73%| O|  |TAMS 0x0000000087c00000, 0x0000000087c00000| Untracked 
| 125|0x0000000087d00000, 0x0000000087e00000, 0x0000000087e00000|100%| O|  |TAMS 0x0000000087e00000, 0x0000000087d00000| Updating 
| 126|0x0000000087e00000, 0x0000000087f00000, 0x0000000087f00000|100%| O|  |TAMS 0x0000000087f00000, 0x0000000087e00000| Updating 
| 127|0x0000000087f00000, 0x0000000088000000, 0x0000000088000000|100%| O|  |TAMS 0x0000000088000000, 0x0000000087f00000| Updating 
| 128|0x0000000088000000, 0x0000000088000000, 0x0000000088100000|  0%| F|  |TAMS 0x0000000088000000, 0x0000000088000000| Untracked 
| 129|0x0000000088100000, 0x0000000088200000, 0x0000000088200000|100%| O|  |TAMS 0x0000000088200000, 0x0000000088100000| Updating 
| 130|0x0000000088200000, 0x0000000088300000, 0x0000000088300000|100%| O|  |TAMS 0x0000000088300000, 0x0000000088200000| Updating 
| 131|0x0000000088300000, 0x0000000088400000, 0x0000000088400000|100%| O|  |TAMS 0x0000000088400000, 0x0000000088300000| Updating 
| 132|0x0000000088400000, 0x0000000088500000, 0x0000000088500000|100%| O|  |TAMS 0x0000000088500000, 0x0000000088400000| Updating 
| 133|0x0000000088500000, 0x0000000088600000, 0x0000000088600000|100%| O|  |TAMS 0x0000000088600000, 0x0000000088500000| Updating 
| 134|0x0000000088600000, 0x0000000088700000, 0x0000000088700000|100%| O|  |TAMS 0x0000000088700000, 0x0000000088600000| Updating 
| 135|0x0000000088700000, 0x0000000088800000, 0x0000000088800000|100%| O|  |TAMS 0x0000000088800000, 0x0000000088700000| Updating 
| 136|0x0000000088800000, 0x0000000088900000, 0x0000000088900000|100%| O|  |TAMS 0x0000000088900000, 0x0000000088800000| Updating 
| 137|0x0000000088900000, 0x0000000088a00000, 0x0000000088a00000|100%| O|  |TAMS 0x0000000088a00000, 0x0000000088900000| Updating 
| 138|0x0000000088a00000, 0x0000000088b00000, 0x0000000088b00000|100%| O|  |TAMS 0x0000000088b00000, 0x0000000088a00000| Updating 
| 139|0x0000000088b00000, 0x0000000088c00000, 0x0000000088c00000|100%| O|  |TAMS 0x0000000088c00000, 0x0000000088b00000| Updating 
| 140|0x0000000088c00000, 0x0000000088d00000, 0x0000000088d00000|100%| O|  |TAMS 0x0000000088d00000, 0x0000000088c00000| Updating 
| 141|0x0000000088d00000, 0x0000000088e00000, 0x0000000088e00000|100%| O|  |TAMS 0x0000000088e00000, 0x0000000088d00000| Updating 
| 142|0x0000000088e00000, 0x0000000088f00000, 0x0000000088f00000|100%| O|  |TAMS 0x0000000088f00000, 0x0000000088e00000| Updating 
| 143|0x0000000088f00000, 0x0000000089000000, 0x0000000089000000|100%| O|  |TAMS 0x0000000089000000, 0x0000000088f00000| Updating 
| 144|0x0000000089000000, 0x0000000089100000, 0x0000000089100000|100%| O|  |TAMS 0x0000000089100000, 0x0000000089000000| Updating 
| 145|0x0000000089100000, 0x0000000089200000, 0x0000000089200000|100%| O|  |TAMS 0x0000000089200000, 0x0000000089100000| Updating 
| 146|0x0000000089200000, 0x0000000089300000, 0x0000000089300000|100%| O|  |TAMS 0x0000000089300000, 0x0000000089200000| Updating 
| 147|0x0000000089300000, 0x0000000089400000, 0x0000000089400000|100%| O|  |TAMS 0x0000000089400000, 0x0000000089300000| Updating 
| 148|0x0000000089400000, 0x0000000089500000, 0x0000000089500000|100%| O|  |TAMS 0x0000000089500000, 0x0000000089400000| Updating 
| 149|0x0000000089500000, 0x0000000089600000, 0x0000000089600000|100%| O|  |TAMS 0x0000000089600000, 0x0000000089500000| Updating 
| 150|0x0000000089600000, 0x0000000089700000, 0x0000000089700000|100%| O|  |TAMS 0x0000000089700000, 0x0000000089600000| Updating 
| 151|0x0000000089700000, 0x0000000089800000, 0x0000000089800000|100%| O|  |TAMS 0x0000000089800000, 0x0000000089700000| Updating 
| 152|0x0000000089800000, 0x0000000089900000, 0x0000000089900000|100%| O|  |TAMS 0x0000000089900000, 0x0000000089800000| Updating 
| 153|0x0000000089900000, 0x0000000089a00000, 0x0000000089a00000|100%| O|  |TAMS 0x0000000089a00000, 0x0000000089900000| Updating 
| 154|0x0000000089a00000, 0x0000000089b00000, 0x0000000089b00000|100%| O|  |TAMS 0x0000000089b00000, 0x0000000089a00000| Updating 
| 155|0x0000000089b00000, 0x0000000089c00000, 0x0000000089c00000|100%| O|  |TAMS 0x0000000089c00000, 0x0000000089b00000| Updating 
| 156|0x0000000089c00000, 0x0000000089d00000, 0x0000000089d00000|100%| O|  |TAMS 0x0000000089d00000, 0x0000000089c00000| Updating 
| 157|0x0000000089d00000, 0x0000000089e00000, 0x0000000089e00000|100%| O|  |TAMS 0x0000000089e00000, 0x0000000089d00000| Updating 
| 158|0x0000000089e00000, 0x0000000089f00000, 0x0000000089f00000|100%| O|  |TAMS 0x0000000089f00000, 0x0000000089e00000| Updating 
| 159|0x0000000089f00000, 0x000000008a000000, 0x000000008a000000|100%| O|  |TAMS 0x000000008a000000, 0x0000000089f00000| Updating 
| 160|0x000000008a000000, 0x000000008a100000, 0x000000008a100000|100%| O|  |TAMS 0x000000008a100000, 0x000000008a000000| Updating 
| 161|0x000000008a100000, 0x000000008a200000, 0x000000008a200000|100%| O|  |TAMS 0x000000008a200000, 0x000000008a100000| Updating 
| 162|0x000000008a200000, 0x000000008a200000, 0x000000008a300000|  0%| F|  |TAMS 0x000000008a200000, 0x000000008a200000| Untracked 
| 163|0x000000008a300000, 0x000000008a400000, 0x000000008a400000|100%| O|  |TAMS 0x000000008a400000, 0x000000008a300000| Updating 
| 164|0x000000008a400000, 0x000000008a500000, 0x000000008a500000|100%| O|  |TAMS 0x000000008a500000, 0x000000008a400000| Updating 
| 165|0x000000008a500000, 0x000000008a600000, 0x000000008a600000|100%| O|  |TAMS 0x000000008a600000, 0x000000008a500000| Updating 
| 166|0x000000008a600000, 0x000000008a700000, 0x000000008a700000|100%| O|  |TAMS 0x000000008a700000, 0x000000008a600000| Updating 
| 167|0x000000008a700000, 0x000000008a700000, 0x000000008a800000|  0%| F|  |TAMS 0x000000008a700000, 0x000000008a700000| Untracked 
| 168|0x000000008a800000, 0x000000008a900000, 0x000000008a900000|100%| O|  |TAMS 0x000000008a900000, 0x000000008a800000| Updating 
| 169|0x000000008a900000, 0x000000008a900000, 0x000000008aa00000|  0%| F|  |TAMS 0x000000008a900000, 0x000000008a900000| Untracked 
| 170|0x000000008aa00000, 0x000000008aa00000, 0x000000008ab00000|  0%| F|  |TAMS 0x000000008aa00000, 0x000000008aa00000| Untracked 
| 171|0x000000008ab00000, 0x000000008ab00000, 0x000000008ac00000|  0%| F|  |TAMS 0x000000008ab00000, 0x000000008ab00000| Untracked 
| 172|0x000000008ac00000, 0x000000008ad00000, 0x000000008ad00000|100%| O|  |TAMS 0x000000008ad00000, 0x000000008ac00000| Updating 
| 173|0x000000008ad00000, 0x000000008ad00000, 0x000000008ae00000|  0%| F|  |TAMS 0x000000008ad00000, 0x000000008ad00000| Untracked 
| 174|0x000000008ae00000, 0x000000008ae00000, 0x000000008af00000|  0%| F|  |TAMS 0x000000008ae00000, 0x000000008ae00000| Untracked 
| 175|0x000000008af00000, 0x000000008af00000, 0x000000008b000000|  0%| F|  |TAMS 0x000000008af00000, 0x000000008af00000| Untracked 
| 176|0x000000008b000000, 0x000000008b000000, 0x000000008b100000|  0%| F|  |TAMS 0x000000008b000000, 0x000000008b000000| Untracked 
| 177|0x000000008b100000, 0x000000008b100000, 0x000000008b200000|  0%| F|  |TAMS 0x000000008b100000, 0x000000008b100000| Untracked 
| 178|0x000000008b200000, 0x000000008b200000, 0x000000008b300000|  0%| F|  |TAMS 0x000000008b200000, 0x000000008b200000| Untracked 
| 179|0x000000008b300000, 0x000000008b300000, 0x000000008b400000|  0%| F|  |TAMS 0x000000008b300000, 0x000000008b300000| Untracked 
| 180|0x000000008b400000, 0x000000008b400000, 0x000000008b500000|  0%| F|  |TAMS 0x000000008b400000, 0x000000008b400000| Untracked 
| 181|0x000000008b500000, 0x000000008b500000, 0x000000008b600000|  0%| F|  |TAMS 0x000000008b500000, 0x000000008b500000| Untracked 
| 182|0x000000008b600000, 0x000000008b600000, 0x000000008b700000|  0%| F|  |TAMS 0x000000008b600000, 0x000000008b600000| Untracked 
| 183|0x000000008b700000, 0x000000008b700000, 0x000000008b800000|  0%| F|  |TAMS 0x000000008b700000, 0x000000008b700000| Untracked 
| 184|0x000000008b800000, 0x000000008b800000, 0x000000008b900000|  0%| F|  |TAMS 0x000000008b800000, 0x000000008b800000| Untracked 
| 185|0x000000008b900000, 0x000000008ba00000, 0x000000008ba00000|100%| O|  |TAMS 0x000000008ba00000, 0x000000008b900000| Updating 
| 186|0x000000008ba00000, 0x000000008bb00000, 0x000000008bb00000|100%| O|  |TAMS 0x000000008bb00000, 0x000000008ba00000| Updating 
| 187|0x000000008bb00000, 0x000000008bb00000, 0x000000008bc00000|  0%| F|  |TAMS 0x000000008bb00000, 0x000000008bb00000| Untracked 
| 188|0x000000008bc00000, 0x000000008bd00000, 0x000000008bd00000|100%| O|  |TAMS 0x000000008bd00000, 0x000000008bc00000| Updating 
| 189|0x000000008bd00000, 0x000000008be00000, 0x000000008be00000|100%| O|  |TAMS 0x000000008be00000, 0x000000008bd00000| Updating 
| 190|0x000000008be00000, 0x000000008bf00000, 0x000000008bf00000|100%| O|  |TAMS 0x000000008bf00000, 0x000000008be00000| Updating 
| 191|0x000000008bf00000, 0x000000008c000000, 0x000000008c000000|100%| O|  |TAMS 0x000000008c000000, 0x000000008bf00000| Updating 
| 192|0x000000008c000000, 0x000000008c100000, 0x000000008c100000|100%| O|  |TAMS 0x000000008c100000, 0x000000008c000000| Updating 
| 193|0x000000008c100000, 0x000000008c200000, 0x000000008c200000|100%| O|  |TAMS 0x000000008c200000, 0x000000008c100000| Updating 
| 194|0x000000008c200000, 0x000000008c300000, 0x000000008c300000|100%| O|  |TAMS 0x000000008c300000, 0x000000008c200000| Updating 
| 195|0x000000008c300000, 0x000000008c300000, 0x000000008c400000|  0%| F|  |TAMS 0x000000008c300000, 0x000000008c300000| Untracked 
| 196|0x000000008c400000, 0x000000008c500000, 0x000000008c500000|100%| O|  |TAMS 0x000000008c500000, 0x000000008c400000| Updating 
| 197|0x000000008c500000, 0x000000008c500000, 0x000000008c600000|  0%| F|  |TAMS 0x000000008c500000, 0x000000008c500000| Untracked 
| 198|0x000000008c600000, 0x000000008c600000, 0x000000008c700000|  0%| F|  |TAMS 0x000000008c600000, 0x000000008c600000| Untracked 
| 199|0x000000008c700000, 0x000000008c700000, 0x000000008c800000|  0%| F|  |TAMS 0x000000008c700000, 0x000000008c700000| Untracked 
| 200|0x000000008c800000, 0x000000008c800000, 0x000000008c900000|  0%| F|  |TAMS 0x000000008c800000, 0x000000008c800000| Untracked 
| 201|0x000000008c900000, 0x000000008c900000, 0x000000008ca00000|  0%| F|  |TAMS 0x000000008c900000, 0x000000008c900000| Untracked 
| 202|0x000000008ca00000, 0x000000008ca00000, 0x000000008cb00000|  0%| F|  |TAMS 0x000000008ca00000, 0x000000008ca00000| Untracked 
| 203|0x000000008cb00000, 0x000000008cb00000, 0x000000008cc00000|  0%| F|  |TAMS 0x000000008cb00000, 0x000000008cb00000| Untracked 
| 204|0x000000008cc00000, 0x000000008cc00000, 0x000000008cd00000|  0%| F|  |TAMS 0x000000008cc00000, 0x000000008cc00000| Untracked 
| 205|0x000000008cd00000, 0x000000008cd00000, 0x000000008ce00000|  0%| F|  |TAMS 0x000000008cd00000, 0x000000008cd00000| Untracked 
| 206|0x000000008ce00000, 0x000000008ce00000, 0x000000008cf00000|  0%| F|  |TAMS 0x000000008ce00000, 0x000000008ce00000| Untracked 
| 207|0x000000008cf00000, 0x000000008cf00000, 0x000000008d000000|  0%| F|  |TAMS 0x000000008cf00000, 0x000000008cf00000| Untracked 
| 208|0x000000008d000000, 0x000000008d000000, 0x000000008d100000|  0%| F|  |TAMS 0x000000008d000000, 0x000000008d000000| Untracked 
| 209|0x000000008d100000, 0x000000008d100000, 0x000000008d200000|  0%| F|  |TAMS 0x000000008d100000, 0x000000008d100000| Untracked 
| 210|0x000000008d200000, 0x000000008d200000, 0x000000008d300000|  0%| F|  |TAMS 0x000000008d200000, 0x000000008d200000| Untracked 
| 211|0x000000008d300000, 0x000000008d300000, 0x000000008d400000|  0%| F|  |TAMS 0x000000008d300000, 0x000000008d300000| Untracked 
| 212|0x000000008d400000, 0x000000008d400000, 0x000000008d500000|  0%| F|  |TAMS 0x000000008d400000, 0x000000008d400000| Untracked 
| 213|0x000000008d500000, 0x000000008d500000, 0x000000008d600000|  0%| F|  |TAMS 0x000000008d500000, 0x000000008d500000| Untracked 
| 214|0x000000008d600000, 0x000000008d600000, 0x000000008d700000|  0%| F|  |TAMS 0x000000008d600000, 0x000000008d600000| Untracked 
| 215|0x000000008d700000, 0x000000008d700000, 0x000000008d800000|  0%| F|  |TAMS 0x000000008d700000, 0x000000008d700000| Untracked 
| 216|0x000000008d800000, 0x000000008d800000, 0x000000008d900000|  0%| F|  |TAMS 0x000000008d800000, 0x000000008d800000| Untracked 
| 217|0x000000008d900000, 0x000000008d900000, 0x000000008da00000|  0%| F|  |TAMS 0x000000008d900000, 0x000000008d900000| Untracked 
| 218|0x000000008da00000, 0x000000008da00000, 0x000000008db00000|  0%| F|  |TAMS 0x000000008da00000, 0x000000008da00000| Untracked 
| 219|0x000000008db00000, 0x000000008db00000, 0x000000008dc00000|  0%| F|  |TAMS 0x000000008db00000, 0x000000008db00000| Untracked 
| 220|0x000000008dc00000, 0x000000008dc00000, 0x000000008dd00000|  0%| F|  |TAMS 0x000000008dc00000, 0x000000008dc00000| Untracked 
| 221|0x000000008dd00000, 0x000000008dd00000, 0x000000008de00000|  0%| F|  |TAMS 0x000000008dd00000, 0x000000008dd00000| Untracked 
| 222|0x000000008de00000, 0x000000008de00000, 0x000000008df00000|  0%| F|  |TAMS 0x000000008de00000, 0x000000008de00000| Untracked 
| 223|0x000000008df00000, 0x000000008df00000, 0x000000008e000000|  0%| F|  |TAMS 0x000000008df00000, 0x000000008df00000| Untracked 
| 224|0x000000008e000000, 0x000000008e000000, 0x000000008e100000|  0%| F|  |TAMS 0x000000008e000000, 0x000000008e000000| Untracked 
| 225|0x000000008e100000, 0x000000008e100000, 0x000000008e200000|  0%| F|  |TAMS 0x000000008e100000, 0x000000008e100000| Untracked 
| 226|0x000000008e200000, 0x000000008e200000, 0x000000008e300000|  0%| F|  |TAMS 0x000000008e200000, 0x000000008e200000| Untracked 
| 227|0x000000008e300000, 0x000000008e300000, 0x000000008e400000|  0%| F|  |TAMS 0x000000008e300000, 0x000000008e300000| Untracked 
| 228|0x000000008e400000, 0x000000008e400000, 0x000000008e500000|  0%| F|  |TAMS 0x000000008e400000, 0x000000008e400000| Untracked 
| 229|0x000000008e500000, 0x000000008e500000, 0x000000008e600000|  0%| F|  |TAMS 0x000000008e500000, 0x000000008e500000| Untracked 
| 230|0x000000008e600000, 0x000000008e600000, 0x000000008e700000|  0%| F|  |TAMS 0x000000008e600000, 0x000000008e600000| Untracked 
| 231|0x000000008e700000, 0x000000008e700000, 0x000000008e800000|  0%| F|  |TAMS 0x000000008e700000, 0x000000008e700000| Untracked 
| 232|0x000000008e800000, 0x000000008e800000, 0x000000008e900000|  0%| F|  |TAMS 0x000000008e800000, 0x000000008e800000| Untracked 
| 233|0x000000008e900000, 0x000000008e900000, 0x000000008ea00000|  0%| F|  |TAMS 0x000000008e900000, 0x000000008e900000| Untracked 
| 234|0x000000008ea00000, 0x000000008ea00000, 0x000000008eb00000|  0%| F|  |TAMS 0x000000008ea00000, 0x000000008ea00000| Untracked 
| 235|0x000000008eb00000, 0x000000008eb00000, 0x000000008ec00000|  0%| F|  |TAMS 0x000000008eb00000, 0x000000008eb00000| Untracked 
| 236|0x000000008ec00000, 0x000000008ec00000, 0x000000008ed00000|  0%| F|  |TAMS 0x000000008ec00000, 0x000000008ec00000| Untracked 
| 237|0x000000008ed00000, 0x000000008ed00000, 0x000000008ee00000|  0%| F|  |TAMS 0x000000008ed00000, 0x000000008ed00000| Untracked 
| 238|0x000000008ee00000, 0x000000008ee00000, 0x000000008ef00000|  0%| F|  |TAMS 0x000000008ee00000, 0x000000008ee00000| Untracked 
| 239|0x000000008ef00000, 0x000000008ef00000, 0x000000008f000000|  0%| F|  |TAMS 0x000000008ef00000, 0x000000008ef00000| Untracked 
| 240|0x000000008f000000, 0x000000008f000000, 0x000000008f100000|  0%| F|  |TAMS 0x000000008f000000, 0x000000008f000000| Untracked 
| 241|0x000000008f100000, 0x000000008f16b8a0, 0x000000008f200000| 42%| S|CS|TAMS 0x000000008f100000, 0x000000008f100000| Complete 
| 242|0x000000008f200000, 0x000000008f300000, 0x000000008f300000|100%| S|CS|TAMS 0x000000008f200000, 0x000000008f200000| Complete 
| 243|0x000000008f300000, 0x000000008f300000, 0x000000008f400000|  0%| F|  |TAMS 0x000000008f300000, 0x000000008f300000| Untracked 
| 244|0x000000008f400000, 0x000000008f400000, 0x000000008f500000|  0%| F|  |TAMS 0x000000008f400000, 0x000000008f400000| Untracked 
| 245|0x000000008f500000, 0x000000008f500000, 0x000000008f600000|  0%| F|  |TAMS 0x000000008f500000, 0x000000008f500000| Untracked 
| 246|0x000000008f600000, 0x000000008f600000, 0x000000008f700000|  0%| F|  |TAMS 0x000000008f600000, 0x000000008f600000| Untracked 
| 247|0x000000008f700000, 0x000000008f700000, 0x000000008f800000|  0%| F|  |TAMS 0x000000008f700000, 0x000000008f700000| Untracked 
| 248|0x000000008f800000, 0x000000008f800000, 0x000000008f900000|  0%| F|  |TAMS 0x000000008f800000, 0x000000008f800000| Untracked 
| 249|0x000000008f900000, 0x000000008f900000, 0x000000008fa00000|  0%| F|  |TAMS 0x000000008f900000, 0x000000008f900000| Untracked 
| 250|0x000000008fa00000, 0x000000008fa00000, 0x000000008fb00000|  0%| F|  |TAMS 0x000000008fa00000, 0x000000008fa00000| Untracked 
| 251|0x000000008fb00000, 0x000000008fb00000, 0x000000008fc00000|  0%| F|  |TAMS 0x000000008fb00000, 0x000000008fb00000| Untracked 
| 252|0x000000008fc00000, 0x000000008fc00000, 0x000000008fd00000|  0%| F|  |TAMS 0x000000008fc00000, 0x000000008fc00000| Untracked 
| 253|0x000000008fd00000, 0x000000008fd00000, 0x000000008fe00000|  0%| F|  |TAMS 0x000000008fd00000, 0x000000008fd00000| Untracked 
| 254|0x000000008fe00000, 0x000000008fe00000, 0x000000008ff00000|  0%| F|  |TAMS 0x000000008fe00000, 0x000000008fe00000| Untracked 
| 255|0x000000008ff00000, 0x000000008ff00000, 0x0000000090000000|  0%| F|  |TAMS 0x000000008ff00000, 0x000000008ff00000| Untracked 
| 256|0x0000000090000000, 0x0000000090000000, 0x0000000090100000|  0%| F|  |TAMS 0x0000000090000000, 0x0000000090000000| Untracked 
| 257|0x0000000090100000, 0x0000000090100000, 0x0000000090200000|  0%| F|  |TAMS 0x0000000090100000, 0x0000000090100000| Untracked 
| 258|0x0000000090200000, 0x0000000090200000, 0x0000000090300000|  0%| F|  |TAMS 0x0000000090200000, 0x0000000090200000| Untracked 
| 259|0x0000000090300000, 0x0000000090300000, 0x0000000090400000|  0%| F|  |TAMS 0x0000000090300000, 0x0000000090300000| Untracked 
| 260|0x0000000090400000, 0x0000000090400000, 0x0000000090500000|  0%| F|  |TAMS 0x0000000090400000, 0x0000000090400000| Untracked 
| 261|0x0000000090500000, 0x0000000090500000, 0x0000000090600000|  0%| F|  |TAMS 0x0000000090500000, 0x0000000090500000| Untracked 
| 262|0x0000000090600000, 0x0000000090600000, 0x0000000090700000|  0%| F|  |TAMS 0x0000000090600000, 0x0000000090600000| Untracked 
| 263|0x0000000090700000, 0x0000000090700000, 0x0000000090800000|  0%| F|  |TAMS 0x0000000090700000, 0x0000000090700000| Untracked 
| 264|0x0000000090800000, 0x0000000090800000, 0x0000000090900000|  0%| F|  |TAMS 0x0000000090800000, 0x0000000090800000| Untracked 
| 265|0x0000000090900000, 0x0000000090900000, 0x0000000090a00000|  0%| F|  |TAMS 0x0000000090900000, 0x0000000090900000| Untracked 
| 266|0x0000000090a00000, 0x0000000090a00000, 0x0000000090b00000|  0%| F|  |TAMS 0x0000000090a00000, 0x0000000090a00000| Untracked 
| 267|0x0000000090b00000, 0x0000000090b00000, 0x0000000090c00000|  0%| F|  |TAMS 0x0000000090b00000, 0x0000000090b00000| Untracked 
| 268|0x0000000090c00000, 0x0000000090c00000, 0x0000000090d00000|  0%| F|  |TAMS 0x0000000090c00000, 0x0000000090c00000| Untracked 
| 269|0x0000000090d00000, 0x0000000090d00000, 0x0000000090e00000|  0%| F|  |TAMS 0x0000000090d00000, 0x0000000090d00000| Untracked 
| 270|0x0000000090e00000, 0x0000000090e9e850, 0x0000000090f00000| 61%| E|  |TAMS 0x0000000090e00000, 0x0000000090e00000| Complete 
| 271|0x0000000090f00000, 0x0000000091000000, 0x0000000091000000|100%| E|CS|TAMS 0x0000000090f00000, 0x0000000090f00000| Complete 
| 272|0x0000000091000000, 0x0000000091100000, 0x0000000091100000|100%| E|CS|TAMS 0x0000000091000000, 0x0000000091000000| Complete 
| 273|0x0000000091100000, 0x0000000091200000, 0x0000000091200000|100%| E|CS|TAMS 0x0000000091100000, 0x0000000091100000| Complete 

Card table byte_map: [0x0000024ff5ab0000,0x0000024ff5eb0000] _byte_map_base: 0x0000024ff56b0000

Marking Bits (Prev, Next): (CMBitMap*) 0x0000024fe0dcc650, (CMBitMap*) 0x0000024fe0dcc618
 Prev Bits: [0x0000024ff82b0000, 0x0000024ffa2b0000)
 Next Bits: [0x0000024ff62b0000, 0x0000024ff82b0000)

Polling page: 0x0000024fe0e60000

Metaspace:

Usage:
  Non-class:    161.69 MB capacity,   158.41 MB ( 98%) used,     2.70 MB (  2%) free+waste,   600.50 KB ( <1%) overhead. 
      Class:     23.62 MB capacity,    21.87 MB ( 93%) used,     1.50 MB (  6%) free+waste,   253.81 KB (  1%) overhead. 
       Both:    185.32 MB capacity,   180.28 MB ( 97%) used,     4.20 MB (  2%) free+waste,   854.31 KB ( <1%) overhead. 

Virtual space:
  Non-class space:      164.00 MB reserved,     162.25 MB ( 99%) committed 
      Class space:        1.00 GB reserved,      23.95 MB (  2%) committed 
             Both:        1.16 GB reserved,     186.20 MB ( 16%) committed 

Chunk freelists:
   Non-Class:  571.00 KB
       Class:  226.00 KB
        Both:  797.00 KB

MaxMetaspaceSize: 17179869184.00 GB
CompressedClassSpaceSize: 1.00 GB
Initial GC threshold: 20.80 MB
Current GC threshold: 310.33 MB
CDS: off

CodeHeap 'non-profiled nmethods': size=120064Kb used=33497Kb max_used=33497Kb free=86566Kb
 bounds [0x0000024fedb50000, 0x0000024fefc10000, 0x0000024ff5090000]
CodeHeap 'profiled nmethods': size=120000Kb used=67300Kb max_used=67300Kb free=52699Kb
 bounds [0x0000024fe6620000, 0x0000024fea7f0000, 0x0000024fedb50000]
CodeHeap 'non-nmethods': size=5696Kb used=2526Kb max_used=2604Kb free=3169Kb
 bounds [0x0000024fe6090000, 0x0000024fe6340000, 0x0000024fe6620000]
 total_blobs=32733 nmethods=31668 adapters=976
 compilation: enabled
              stopped_count=0, restarted_count=0
 full_count=0

Compilation events (20 events):
Event: 16241.180 Thread 0x0000024ffd19b000 nmethod 40134 0x0000024fefc05710 code [0x0000024fefc058c0, 0x0000024fefc05978]
Event: 16241.181 Thread 0x0000024ffd19b000 40135       2       kotlin.text.StringsKt__StringsKt::indexOf$StringsKt__StringsKt (231 bytes)
Event: 16241.209 Thread 0x0000024ffd19b000 nmethod 40135 0x0000024fea7d4310 code [0x0000024fea7d45a0, 0x0000024fea7d4dd8]
Event: 16241.210 Thread 0x0000024ffd19b000 40141       2       com.android.aaptcompiler.FloatParsingKt::parseFloatDec (716 bytes)
Event: 16241.214 Thread 0x0000024ffd19b000 nmethod 40141 0x0000024fea7d5290 code [0x0000024fea7d56e0, 0x0000024fea7d78b8]
Event: 16241.214 Thread 0x0000024ffd19b000 40137       2       com.android.aaptcompiler.android.ResourceTypesKt::parseUnitType (46 bytes)
Event: 16241.215 Thread 0x0000024ffd19b000 nmethod 40137 0x0000024fea7d9290 code [0x0000024fea7d9460, 0x0000024fea7d9778]
Event: 16241.215 Thread 0x0000024ffd19b000 40138       2       com.android.aaptcompiler.FloatParsingKt::parseFloat (82 bytes)
Event: 16241.215 Thread 0x0000024ffd19b000 nmethod 40138 0x0000024fea7d9990 code [0x0000024fea7d9be0, 0x0000024fea7da028]
Event: 16241.215 Thread 0x0000024ffd19b000 40139       2       kotlin.text.StringsKt__StringsJVMKt::startsWith$default (17 bytes)
Event: 16241.216 Thread 0x0000024ffd19b000 nmethod 40139 0x0000024fe9f96890 code [0x0000024fe9f96a40, 0x0000024fe9f96b48]
Event: 16241.216 Thread 0x0000024ffd19b000 40140       2       kotlin.text.StringsKt__StringsJVMKt::startsWith (38 bytes)
Event: 16241.216 Thread 0x0000024ffd19b000 nmethod 40140 0x0000024fea7da390 code [0x0000024fea7da5e0, 0x0000024fea7daab8]
Event: 16241.216 Thread 0x0000024ffd19b000 40136       2       kotlin.ranges.RangesKt___RangesKt::coerceAtMost (11 bytes)
Event: 16241.216 Thread 0x0000024ffd19b000 nmethod 40136 0x0000024fe7134f90 code [0x0000024fe7135140, 0x0000024fe7135218]
Event: 16241.230 Thread 0x0000024ffd19b000 40144       2       com.android.aaptcompiler.proto.ProtoSerializeKt::serializeBinPrimitiveToPb (516 bytes)
Event: 16241.233 Thread 0x0000024ffd19b000 nmethod 40144 0x0000024fea7dae10 code [0x0000024fea7db2c0, 0x0000024fea7dcf78]
Event: 16241.233 Thread 0x0000024ffd19b000 40145       2       com.android.aaptcompiler.BinaryPrimitive::flatten (28 bytes)
Event: 16241.234 Thread 0x0000024ffd19b000 nmethod 40145 0x0000024fea7ddc10 code [0x0000024fea7dde00, 0x0000024fea7de198]
Event: 16241.234 Thread 0x0000024ffd19b000 40146       2       java.nio.HeapByteBuffer::putInt (28 bytes)

GC Heap History (20 events):
Event: 16082.803 GC heap before
{Heap before GC invocations=300 (full 0):
 garbage-first heap   total 280576K, used 236464K [0x0000000080000000, 0x0000000100000000)
  region size 1024K, 82 young (83968K), 1 survivors (1024K)
 Metaspace       used 176834K, capacity 182328K, committed 182348K, reserved 1208320K
  class space    used 21901K, capacity 23873K, committed 23884K, reserved 1048576K
}
Event: 16082.822 GC heap after
{Heap after GC invocations=301 (full 0):
 garbage-first heap   total 280576K, used 157741K [0x0000000080000000, 0x0000000100000000)
  region size 1024K, 4 young (4096K), 4 survivors (4096K)
 Metaspace       used 176834K, capacity 182328K, committed 182348K, reserved 1208320K
  class space    used 21901K, capacity 23873K, committed 23884K, reserved 1048576K
}
Event: 16230.624 GC heap before
{Heap before GC invocations=302 (full 0):
 garbage-first heap   total 280576K, used 237613K [0x0000000080000000, 0x0000000100000000)
  region size 1024K, 83 young (84992K), 4 survivors (4096K)
 Metaspace       used 177932K, capacity 183054K, committed 184140K, reserved 1210368K
  class space    used 21863K, capacity 23637K, committed 23884K, reserved 1048576K
}
Event: 16230.640 GC heap after
{Heap after GC invocations=303 (full 0):
 garbage-first heap   total 280576K, used 164904K [0x0000000080000000, 0x0000000100000000)
  region size 1024K, 11 young (11264K), 11 survivors (11264K)
 Metaspace       used 177932K, capacity 183054K, committed 184140K, reserved 1210368K
  class space    used 21863K, capacity 23637K, committed 23884K, reserved 1048576K
}
Event: 16230.662 GC heap before
{Heap before GC invocations=303 (full 0):
 garbage-first heap   total 280576K, used 165928K [0x0000000080000000, 0x0000000100000000)
  region size 1024K, 13 young (13312K), 11 survivors (11264K)
 Metaspace       used 177932K, capacity 183054K, committed 184140K, reserved 1210368K
  class space    used 21863K, capacity 23637K, committed 23884K, reserved 1048576K
}
Event: 16230.702 GC heap after
{Heap after GC invocations=304 (full 0):
 garbage-first heap   total 280576K, used 164258K [0x0000000080000000, 0x0000000100000000)
  region size 1024K, 2 young (2048K), 2 survivors (2048K)
 Metaspace       used 177932K, capacity 183054K, committed 184140K, reserved 1210368K
  class space    used 21863K, capacity 23637K, committed 23884K, reserved 1048576K
}
Event: 16232.832 GC heap before
{Heap before GC invocations=304 (full 0):
 garbage-first heap   total 280576K, used 235938K [0x0000000080000000, 0x0000000100000000)
  region size 1024K, 73 young (74752K), 2 survivors (2048K)
 Metaspace       used 179191K, capacity 184305K, committed 185292K, reserved 1210368K
  class space    used 21978K, capacity 23756K, committed 24012K, reserved 1048576K
}
Event: 16232.863 GC heap after
{Heap after GC invocations=305 (full 0):
 garbage-first heap   total 280576K, used 172702K [0x0000000080000000, 0x0000000100000000)
  region size 1024K, 10 young (10240K), 10 survivors (10240K)
 Metaspace       used 179191K, capacity 184305K, committed 185292K, reserved 1210368K
  class space    used 21978K, capacity 23756K, committed 24012K, reserved 1048576K
}
Event: 16234.640 GC heap before
{Heap before GC invocations=306 (full 0):
 garbage-first heap   total 280576K, used 244382K [0x0000000080000000, 0x0000000100000000)
  region size 1024K, 70 young (71680K), 10 survivors (10240K)
 Metaspace       used 179603K, capacity 184724K, committed 185676K, reserved 1210368K
  class space    used 22006K, capacity 23789K, committed 24140K, reserved 1048576K
}
Event: 16234.670 GC heap after
{Heap after GC invocations=307 (full 0):
 garbage-first heap   total 280576K, used 190163K [0x0000000080000000, 0x0000000100000000)
  region size 1024K, 9 young (9216K), 9 survivors (9216K)
 Metaspace       used 179603K, capacity 184724K, committed 185676K, reserved 1210368K
  class space    used 22006K, capacity 23789K, committed 24140K, reserved 1048576K
}
Event: 16234.755 GC heap before
{Heap before GC invocations=307 (full 0):
 garbage-first heap   total 280576K, used 193235K [0x0000000080000000, 0x0000000100000000)
  region size 1024K, 13 young (13312K), 9 survivors (9216K)
 Metaspace       used 179604K, capacity 184724K, committed 185676K, reserved 1210368K
  class space    used 22006K, capacity 23789K, committed 24140K, reserved 1048576K
}
Event: 16234.800 GC heap after
{Heap after GC invocations=308 (full 0):
 garbage-first heap   total 280576K, used 185712K [0x0000000080000000, 0x0000000100000000)
  region size 1024K, 2 young (2048K), 2 survivors (2048K)
 Metaspace       used 179604K, capacity 184724K, committed 185676K, reserved 1210368K
  class space    used 22006K, capacity 23789K, committed 24140K, reserved 1048576K
}
Event: 16237.002 GC heap before
{Heap before GC invocations=308 (full 0):
 garbage-first heap   total 280576K, used 209264K [0x0000000080000000, 0x0000000100000000)
  region size 1024K, 27 young (27648K), 2 survivors (2048K)
 Metaspace       used 179703K, capacity 184862K, committed 185932K, reserved 1210368K
  class space    used 22014K, capacity 23792K, committed 24140K, reserved 1048576K
}
Event: 16237.021 GC heap after
{Heap after GC invocations=309 (full 0):
 garbage-first heap   total 280576K, used 192000K [0x0000000080000000, 0x0000000100000000)
  region size 1024K, 6 young (6144K), 6 survivors (6144K)
 Metaspace       used 179703K, capacity 184862K, committed 185932K, reserved 1210368K
  class space    used 22014K, capacity 23792K, committed 24140K, reserved 1048576K
}
Event: 16237.644 GC heap before
{Heap before GC invocations=310 (full 0):
 garbage-first heap   total 280576K, used 247296K [0x0000000080000000, 0x0000000100000000)
  region size 1024K, 43 young (44032K), 6 survivors (6144K)
 Metaspace       used 180469K, capacity 185641K, committed 186444K, reserved 1212416K
  class space    used 22073K, capacity 23870K, committed 24140K, reserved 1048576K
}
Event: 16237.660 GC heap after
{Heap after GC invocations=311 (full 0):
 garbage-first heap   total 280576K, used 198924K [0x0000000080000000, 0x0000000100000000)
  region size 1024K, 6 young (6144K), 6 survivors (6144K)
 Metaspace       used 180469K, capacity 185641K, committed 186444K, reserved 1212416K
  class space    used 22073K, capacity 23870K, committed 24140K, reserved 1048576K
}
Event: 16237.989 GC heap before
{Heap before GC invocations=311 (full 0):
 garbage-first heap   total 280576K, used 205068K [0x0000000080000000, 0x0000000100000000)
  region size 1024K, 13 young (13312K), 6 survivors (6144K)
 Metaspace       used 181779K, capacity 186915K, committed 187852K, reserved 1212416K
  class space    used 22179K, capacity 23966K, committed 24268K, reserved 1048576K
}
Event: 16238.006 GC heap after
{Heap after GC invocations=312 (full 0):
 garbage-first heap   total 280576K, used 197613K [0x0000000080000000, 0x0000000100000000)
  region size 1024K, 2 young (2048K), 2 survivors (2048K)
 Metaspace       used 181779K, capacity 186915K, committed 187852K, reserved 1212416K
  class space    used 22179K, capacity 23966K, committed 24268K, reserved 1048576K
}
Event: 16240.884 GC heap before
{Heap before GC invocations=312 (full 0):
 garbage-first heap   total 280576K, used 232429K [0x0000000080000000, 0x0000000100000000)
  region size 1024K, 36 young (36864K), 2 survivors (2048K)
 Metaspace       used 184361K, capacity 189475K, committed 190284K, reserved 1214464K
  class space    used 22382K, capacity 24158K, committed 24396K, reserved 1048576K
}
Event: 16240.893 GC heap after
{Heap after GC invocations=313 (full 0):
 garbage-first heap   total 280576K, used 203776K [0x0000000080000000, 0x0000000100000000)
  region size 1024K, 5 young (5120K), 5 survivors (5120K)
 Metaspace       used 184361K, capacity 189475K, committed 190284K, reserved 1214464K
  class space    used 22382K, capacity 24158K, committed 24396K, reserved 1048576K
}

Deoptimization events (20 events):
Event: 16241.019 Thread 0x0000024f86220800 Uncommon trap: trap_request=0xffffffde fr.pc=0x0000024fefbe7594 relative=0x0000000000000a14
Event: 16241.019 Thread 0x0000024f86220800 Uncommon trap: reason=class_check action=maybe_recompile pc=0x0000024fefbe7594 method=com.ctc.wstx.util.BaseNsContext.getNamespaceURI(Ljava/lang/String;)Ljava/lang/String; @ 48 c2
Event: 16241.019 Thread 0x0000024f86220800 DEOPT PACKING pc=0x0000024fefbe7594 sp=0x000000c75f5fd890
Event: 16241.019 Thread 0x0000024f86220800 DEOPT UNPACKING pc=0x0000024fe60da1af sp=0x000000c75f5fd688 mode 2
Event: 16241.019 Thread 0x0000024f86220800 Uncommon trap: trap_request=0xffffffde fr.pc=0x0000024fefbe7594 relative=0x0000000000000a14
Event: 16241.019 Thread 0x0000024f86220800 Uncommon trap: reason=class_check action=maybe_recompile pc=0x0000024fefbe7594 method=com.ctc.wstx.util.BaseNsContext.getNamespaceURI(Ljava/lang/String;)Ljava/lang/String; @ 48 c2
Event: 16241.019 Thread 0x0000024f86220800 DEOPT PACKING pc=0x0000024fefbe7594 sp=0x000000c75f5fd890
Event: 16241.019 Thread 0x0000024f86220800 DEOPT UNPACKING pc=0x0000024fe60da1af sp=0x000000c75f5fd688 mode 2
Event: 16241.019 Thread 0x0000024f86220800 Uncommon trap: trap_request=0xffffffde fr.pc=0x0000024fef648968 relative=0x00000000000005a8
Event: 16241.019 Thread 0x0000024f86220800 Uncommon trap: reason=class_check action=maybe_recompile pc=0x0000024fef648968 method=com.ctc.wstx.util.BaseNsContext.getNamespaceURI(Ljava/lang/String;)Ljava/lang/String; @ 48 c2
Event: 16241.019 Thread 0x0000024f86220800 DEOPT PACKING pc=0x0000024fef648968 sp=0x000000c75f5fd820
Event: 16241.019 Thread 0x0000024f86220800 DEOPT UNPACKING pc=0x0000024fe60da1af sp=0x000000c75f5fd670 mode 2
Event: 16241.027 Thread 0x0000024f86220800 Uncommon trap: trap_request=0xffffff4d fr.pc=0x0000024fefbf41ac relative=0x00000000000006ec
Event: 16241.027 Thread 0x0000024f86220800 Uncommon trap: reason=unstable_if action=reinterpret pc=0x0000024fefbf41ac method=com.ctc.wstx.sr.BasicStreamReader.readEndElem()V @ 384 c2
Event: 16241.027 Thread 0x0000024f86220800 DEOPT PACKING pc=0x0000024fefbf41ac sp=0x000000c75f5fd0c0
Event: 16241.027 Thread 0x0000024f86220800 DEOPT UNPACKING pc=0x0000024fe60da1af sp=0x000000c75f5fd040 mode 2
Event: 16241.032 Thread 0x0000024f86220800 Uncommon trap: trap_request=0xffffff4d fr.pc=0x0000024fef63e6b8 relative=0x0000000000000118
Event: 16241.032 Thread 0x0000024f86220800 Uncommon trap: reason=unstable_if action=reinterpret pc=0x0000024fef63e6b8 method=com.ctc.wstx.sr.StreamScanner.getNextInCurrAfterWS(Ljava/lang/String;C)C @ 52 c2
Event: 16241.032 Thread 0x0000024f86220800 DEOPT PACKING pc=0x0000024fef63e6b8 sp=0x000000c75f5fd540
Event: 16241.032 Thread 0x0000024f86220800 DEOPT UNPACKING pc=0x0000024fe60da1af sp=0x000000c75f5fd4d0 mode 2

Classes redefined (0 events):
No events

Internal exceptions (20 events):
Event: 16229.751 Thread 0x0000024fff8e5000 Exception <a 'sun/nio/fs/WindowsException'{0x000000008ec13170}> (0x000000008ec13170) thrown at [./src/hotspot/share/prims/jni.cpp, line 615]
Event: 16229.751 Thread 0x0000024fff8e5000 Exception <a 'sun/nio/fs/WindowsException'{0x000000008ec14408}> (0x000000008ec14408) thrown at [./src/hotspot/share/prims/jni.cpp, line 615]
Event: 16229.751 Thread 0x0000024fff8e5000 Exception <a 'sun/nio/fs/WindowsException'{0x000000008ec156a0}> (0x000000008ec156a0) thrown at [./src/hotspot/share/prims/jni.cpp, line 615]
Event: 16229.964 Thread 0x0000024f86216800 Exception <a 'java/lang/NoSuchMethodError'{0x000000008df5c168}: <clinit>> (0x000000008df5c168) thrown at [./src/hotspot/share/prims/jni.cpp, line 1365]
Event: 16229.972 Thread 0x0000024f86216800 Exception <a 'java/lang/NoSuchMethodError'{0x000000008dfbe0a0}: <clinit>> (0x000000008dfbe0a0) thrown at [./src/hotspot/share/prims/jni.cpp, line 1365]
Event: 16229.973 Thread 0x0000024f86216800 Exception <a 'java/lang/NoSuchMethodError'{0x000000008dfd7588}: <clinit>> (0x000000008dfd7588) thrown at [./src/hotspot/share/prims/jni.cpp, line 1365]
Event: 16229.977 Thread 0x0000024fff8ec800 Exception <a 'java/lang/NoSuchMethodError'{0x000000008de25338}: <clinit>> (0x000000008de25338) thrown at [./src/hotspot/share/prims/jni.cpp, line 1365]
Event: 16230.029 Thread 0x0000024fff8ec800 Exception <a 'java/lang/NoSuchMethodError'{0x000000008dcd4f20}: <clinit>> (0x000000008dcd4f20) thrown at [./src/hotspot/share/prims/jni.cpp, line 1365]
Event: 16230.087 Thread 0x0000024f86219000 Exception <a 'sun/nio/fs/WindowsException'{0x000000008db654a0}> (0x000000008db654a0) thrown at [./src/hotspot/share/prims/jni.cpp, line 615]
Event: 16230.523 Thread 0x0000024f8621e800 Exception <a 'java/lang/NoSuchMethodError'{0x000000008c8021e8}: <clinit>> (0x000000008c8021e8) thrown at [./src/hotspot/share/prims/jni.cpp, line 1365]
Event: 16233.220 Thread 0x0000024fff8e5000 Implicit null exception at 0x0000024fefb16ce8 to 0x0000024fefb16f18
Event: 16233.470 Thread 0x0000024fff8e5000 Implicit null exception at 0x0000024fefb263dc to 0x0000024fefb29d88
Event: 16233.529 Thread 0x0000024fff8e5000 Implicit null exception at 0x0000024fefb06a02 to 0x0000024fefb0778a
Event: 16237.218 Thread 0x0000024fff8e5000 Implicit null exception at 0x0000024fefb745a1 to 0x0000024fefb7ac2c
Event: 16237.443 Thread 0x0000024fff8e5000 Exception <a 'java/lang/NoSuchMethodError'{0x0000000090fa4c30}: <clinit>> (0x0000000090fa4c30) thrown at [./src/hotspot/share/prims/jni.cpp, line 1365]
Event: 16237.452 Thread 0x0000024fff8e5000 Exception <a 'java/lang/NoSuchMethodError'{0x0000000090d90768}: <clinit>> (0x0000000090d90768) thrown at [./src/hotspot/share/prims/jni.cpp, line 1365]
Event: 16239.109 Thread 0x0000024f86219000 Implicit null exception at 0x0000024fef4e5903 to 0x0000024fef4e6f84
Event: 16240.735 Thread 0x0000024f86220800 Implicit null exception at 0x0000024feeb6a234 to 0x0000024feeb6a95c
Event: 16240.735 Thread 0x0000024f86220800 Implicit null exception at 0x0000024fef647117 to 0x0000024fef6477bc
Event: 16240.735 Thread 0x0000024f86220800 Implicit null exception at 0x0000024fef63f558 to 0x0000024fef640184

Events (20 events):
Event: 16240.884 Executing VM operation: G1CollectForAllocation
Event: 16240.893 Executing VM operation: G1CollectForAllocation done
Event: 16240.899 loading class com/android/aapt/Resources$Primitive$EmptyType$1
Event: 16240.899 loading class com/android/aapt/Resources$Primitive$EmptyType$1 done
Event: 16240.904 loading class com/android/aapt/Resources$Primitive$EmptyType$Builder
Event: 16240.904 loading class com/android/aapt/Resources$Primitive$EmptyType$Builder done
Event: 16240.926 loading class com/android/aapt/Resources$Styleable$1
Event: 16240.926 loading class com/android/aapt/Resources$Styleable$1 done
Event: 16240.926 loading class com/android/aapt/Resources$Styleable$Builder
Event: 16240.926 loading class com/android/aapt/Resources$Styleable$Builder done
Event: 16240.927 loading class com/android/aapt/Resources$Styleable$Entry
Event: 16240.927 loading class com/android/aapt/Resources$Styleable$Entry done
Event: 16240.928 loading class com/android/aapt/Resources$Styleable$EntryOrBuilder
Event: 16240.928 loading class com/android/aapt/Resources$Styleable$EntryOrBuilder done
Event: 16240.943 loading class com/android/aapt/Resources$Styleable$Entry$1
Event: 16240.943 loading class com/android/aapt/Resources$Styleable$Entry$1 done
Event: 16240.943 loading class com/android/aapt/Resources$Styleable$Entry$Builder
Event: 16240.943 loading class com/android/aapt/Resources$Styleable$Entry$Builder done
Event: 16241.182 Executing VM operation: CGC_Operation
Event: 16241.207 Executing VM operation: CGC_Operation done


Dynamic libraries:
0x00007ff6aedc0000 - 0x00007ff6aedca000 	C:\Program Files\Android\Android Studio\jre\bin\java.exe
0x00007ffa1f3b0000 - 0x00007ffa1f5a6000 	C:\Windows\SYSTEM32\ntdll.dll
0x00007ffa1e010000 - 0x00007ffa1e0cd000 	C:\Windows\System32\KERNEL32.DLL
0x00007ffa1ced0000 - 0x00007ffa1d198000 	C:\Windows\System32\KERNELBASE.dll
0x00007ffa16fc0000 - 0x00007ffa17050000 	C:\Windows\SYSTEM32\apphelp.dll
0x00007ffa1caf0000 - 0x00007ffa1cbf0000 	C:\Windows\System32\ucrtbase.dll
0x00007ffa142c0000 - 0x00007ffa142d9000 	C:\Program Files\Android\Android Studio\jre\bin\jli.dll
0x00007ffa1eaa0000 - 0x00007ffa1ec40000 	C:\Windows\System32\USER32.dll
0x00007ffa02360000 - 0x00007ffa02377000 	C:\Program Files\Android\Android Studio\jre\bin\VCRUNTIME140.dll
0x00007ffa1ccc0000 - 0x00007ffa1cce2000 	C:\Windows\System32\win32u.dll
0x00007ff9ff6c0000 - 0x00007ff9ff95b000 	C:\Windows\WinSxS\amd64_microsoft.windows.common-controls_6595b64144ccf1df_6.0.19041.488_none_ca04af081b815d21\COMCTL32.dll
0x00007ffa1d4d0000 - 0x00007ffa1d4fa000 	C:\Windows\System32\GDI32.dll
0x00007ffa1e520000 - 0x00007ffa1e5be000 	C:\Windows\System32\msvcrt.dll
0x00007ffa1d300000 - 0x00007ffa1d409000 	C:\Windows\System32\gdi32full.dll
0x00007ffa1cbf0000 - 0x00007ffa1cc8d000 	C:\Windows\System32\msvcp_win.dll
0x00007ffa1e2c0000 - 0x00007ffa1e2f0000 	C:\Windows\System32\IMM32.DLL
0x00007ff9e4410000 - 0x00007ff9e44ad000 	C:\Program Files\Android\Android Studio\jre\bin\msvcp140.dll
0x00007ff9b8e20000 - 0x00007ff9b9905000 	C:\Program Files\Android\Android Studio\jre\bin\server\jvm.dll
0x00007ffa1e9f0000 - 0x00007ffa1ea9c000 	C:\Windows\System32\ADVAPI32.dll
0x00007ffa1f240000 - 0x00007ffa1f2db000 	C:\Windows\System32\sechost.dll
0x00007ffa1eca0000 - 0x00007ffa1edc4000 	C:\Windows\System32\RPCRT4.dll
0x00007ffa1d4c0000 - 0x00007ffa1d4c8000 	C:\Windows\System32\PSAPI.DLL
0x00007ffa09fe0000 - 0x00007ffa0a007000 	C:\Windows\SYSTEM32\WINMM.dll
0x00007ffa137a0000 - 0x00007ffa137aa000 	C:\Windows\SYSTEM32\VERSION.dll
0x00007ffa14480000 - 0x00007ffa14489000 	C:\Windows\SYSTEM32\WSOCK32.dll
0x00007ffa1e5c0000 - 0x00007ffa1e62b000 	C:\Windows\System32\WS2_32.dll
0x00007ffa1b420000 - 0x00007ffa1b432000 	C:\Windows\SYSTEM32\kernel.appcore.dll
0x00007ffa12980000 - 0x00007ffa12991000 	C:\Program Files\Android\Android Studio\jre\bin\verify.dll
0x00007ffa177a0000 - 0x00007ffa17984000 	C:\Windows\SYSTEM32\DBGHELP.DLL
0x00007ffa07c20000 - 0x00007ffa07c4c000 	C:\Windows\SYSTEM32\dbgcore.DLL
0x00007ffa1ce50000 - 0x00007ffa1cecf000 	C:\Windows\System32\bcryptPrimitives.dll
0x00007ffa07060000 - 0x00007ffa07089000 	C:\Program Files\Android\Android Studio\jre\bin\java.dll
0x00007ffa15370000 - 0x00007ffa1537b000 	C:\Program Files\Android\Android Studio\jre\bin\jimage.dll
0x00007ffa04a10000 - 0x00007ffa04a28000 	C:\Program Files\Android\Android Studio\jre\bin\zip.dll
0x00007ffa1d7e0000 - 0x00007ffa1df21000 	C:\Windows\System32\SHELL32.dll
0x00007ffa1ac20000 - 0x00007ffa1b3b5000 	C:\Windows\SYSTEM32\windows.storage.dll
0x00007ffa1e690000 - 0x00007ffa1e9e5000 	C:\Windows\System32\combase.dll
0x00007ffa1c4f0000 - 0x00007ffa1c51c000 	C:\Windows\SYSTEM32\Wldp.dll
0x00007ffa1d410000 - 0x00007ffa1d4be000 	C:\Windows\System32\SHCORE.dll
0x00007ffa1e260000 - 0x00007ffa1e2b5000 	C:\Windows\System32\shlwapi.dll
0x00007ffa1ca20000 - 0x00007ffa1ca46000 	C:\Windows\SYSTEM32\profapi.dll
0x00007ffa02c20000 - 0x00007ffa02c3a000 	C:\Program Files\Android\Android Studio\jre\bin\net.dll
0x00007ffa12e90000 - 0x00007ffa12f90000 	C:\Windows\SYSTEM32\WINHTTP.dll
0x00007ffa1c270000 - 0x00007ffa1c2da000 	C:\Windows\system32\mswsock.dll
0x00007ffa02c00000 - 0x00007ffa02c14000 	C:\Program Files\Android\Android Studio\jre\bin\nio.dll
0x00007ff9ef030000 - 0x00007ff9ef057000 	C:\Users\TECH TOOL\Downloads\gradle-7.5.1\native\e1d6ef7f7dcc3fd88c89a11ec53ec762bb8ba0a96d01ffa2cd45eb1d1d8dd5c5\windows-amd64\native-platform.dll
0x00007ff9e3580000 - 0x00007ff9e36c4000 	C:\Users\TECH TOOL\Downloads\gradle-7.5.1\native\5664cfc778a61ccfe75a443a1ab52a65af34e5dc3c78e0209fed803814484fcb\windows-amd64\native-platform-file-events.dll
0x00007ffa14260000 - 0x00007ffa1426a000 	C:\Program Files\Android\Android Studio\jre\bin\management.dll
0x00007ffa14240000 - 0x00007ffa1424d000 	C:\Program Files\Android\Android Studio\jre\bin\management_ext.dll
0x00007ffa1c440000 - 0x00007ffa1c458000 	C:\Windows\SYSTEM32\CRYPTSP.dll
0x00007ffa1bba0000 - 0x00007ffa1bbd4000 	C:\Windows\system32\rsaenh.dll
0x00007ffa1cc90000 - 0x00007ffa1ccb7000 	C:\Windows\System32\bcrypt.dll
0x00007ffa1c9e0000 - 0x00007ffa1ca0e000 	C:\Windows\SYSTEM32\USERENV.dll
0x00007ffa1c460000 - 0x00007ffa1c46c000 	C:\Windows\SYSTEM32\CRYPTBASE.dll
0x00007ffa1bf60000 - 0x00007ffa1bf9b000 	C:\Windows\SYSTEM32\IPHLPAPI.DLL
0x00007ffa1d630000 - 0x00007ffa1d638000 	C:\Windows\System32\NSI.dll
0x00007ffa13030000 - 0x00007ffa13047000 	C:\Windows\SYSTEM32\dhcpcsvc6.DLL
0x00007ffa13190000 - 0x00007ffa131ad000 	C:\Windows\SYSTEM32\dhcpcsvc.DLL
0x00007ffa1bfa0000 - 0x00007ffa1c06b000 	C:\Windows\SYSTEM32\DNSAPI.dll
0x00007ff9fae30000 - 0x00007ff9fae57000 	C:\Program Files\Android\Android Studio\jre\bin\sunec.dll
0x00007ffa09dc0000 - 0x00007ffa09dca000 	C:\Windows\System32\rasadhlp.dll
0x00007ffa0a8d0000 - 0x00007ffa0a94f000 	C:\Windows\System32\fwpuclnt.dll
0x00007ffa1b830000 - 0x00007ffa1b863000 	C:\Windows\SYSTEM32\ntmarta.dll

dbghelp: loaded successfully - version: 4.0.5 - missing functions: none
symbol engine: initialized successfully - sym options: 0x614 - pdb path: .;C:\Program Files\Android\Android Studio\jre\bin;C:\Windows\SYSTEM32;C:\Windows\WinSxS\amd64_microsoft.windows.common-controls_6595b64144ccf1df_6.0.19041.488_none_ca04af081b815d21;C:\Program Files\Android\Android Studio\jre\bin\server;C:\Users\TECH TOOL\Downloads\gradle-7.5.1\native\e1d6ef7f7dcc3fd88c89a11ec53ec762bb8ba0a96d01ffa2cd45eb1d1d8dd5c5\windows-amd64;C:\Users\TECH TOOL\Downloads\gradle-7.5.1\native\5664cfc778a61ccfe75a443a1ab52a65af34e5dc3c78e0209fed803814484fcb\windows-amd64

VM Arguments:
jvm_args: --add-opens=java.base/java.util=ALL-UNNAMED --add-opens=java.base/java.lang=ALL-UNNAMED --add-opens=java.base/java.lang.invoke=ALL-UNNAMED --add-opens=java.base/java.util=ALL-UNNAMED --add-opens=java.prefs/java.util.prefs=ALL-UNNAMED --add-opens=java.prefs/java.util.prefs=ALL-UNNAMED --add-opens=java.base/java.nio.charset=ALL-UNNAMED --add-opens=java.base/java.net=ALL-UNNAMED --add-opens=java.base/java.util.concurrent.atomic=ALL-UNNAMED -Xmx2048m -Dfile.encoding=UTF-8 -Duser.country=US -Duser.language=en -Duser.variant 
java_command: org.gradle.launcher.daemon.bootstrap.GradleDaemon 7.3.3
java_class_path (initial): C:\Users\TECH TOOL\Downloads\gradle-7.5.1\wrapper\dists\gradle-7.3.3-bin\6a41zxkdtcxs8rphpq6y0069z\gradle-7.3.3\lib\gradle-launcher-7.3.3.jar
Launcher Type: SUN_STANDARD

[Global flags]
     intx CICompilerCount                          = 3                                         {product} {ergonomic}
     uint ConcGCThreads                            = 1                                         {product} {ergonomic}
     uint G1ConcRefinementThreads                  = 4                                         {product} {ergonomic}
   size_t G1HeapRegionSize                         = 1048576                                   {product} {ergonomic}
    uintx GCDrainStackTargetSize                   = 64                                        {product} {ergonomic}
   size_t InitialHeapSize                          = 199229440                                 {product} {ergonomic}
   size_t MarkStackSize                            = 4194304                                   {product} {ergonomic}
   size_t MaxHeapSize                              = 2147483648                                {product} {command line}
   size_t MaxNewSize                               = 1287651328                                {product} {ergonomic}
   size_t MinHeapDeltaBytes                        = 1048576                                   {product} {ergonomic}
    uintx NonNMethodCodeHeapSize                   = 5830732                                {pd product} {ergonomic}
    uintx NonProfiledCodeHeapSize                  = 122913754                              {pd product} {ergonomic}
    uintx ProfiledCodeHeapSize                     = 122913754                              {pd product} {ergonomic}
    uintx ReservedCodeCacheSize                    = 251658240                              {pd product} {ergonomic}
     bool SegmentedCodeCache                       = true                                      {product} {ergonomic}
     bool UseCompressedClassPointers               = true                                 {lp64_product} {ergonomic}
     bool UseCompressedOops                        = true                                 {lp64_product} {ergonomic}
     bool UseG1GC                                  = true                                      {product} {ergonomic}
     bool UseLargePagesIndividualAllocation        = false                                  {pd product} {ergonomic}

Logging:
Log output configuration:
 #0: stdout all=warning uptime,level,tags
 #1: stderr all=off uptime,level,tags

Environment Variables:
PATH=C:\Program Files\Common Files\Oracle\Java\javapath;C:\Windows\system32;C:\Windows;C:\Windows\System32\Wbem;C:\Windows\System32\WindowsPowerShell\v1.0\;C:\Windows\System32\OpenSSH\;C:\Program Files (x86)\Microsoft SQL Server\150\DTS\Binn\;C:\Program Files\Azure Data Studio\bin;C:\Program Files\Microsoft\Web Platform Installer\;C:\Program Files (x86)\Microsoft ASP.NET\ASP.NET Web Pages\v1.0\;C:\Program Files\Microsoft SQL Server\110\Tools\Binn\;C:\Program Files\dotnet\;C:\Program Files\Microsoft SQL Server\130\Tools\Binn\;C:\Program Files\Microsoft SQL Server\Client SDK\ODBC\170\Tools\Binn\;C:\Program Files (x86)\Microsoft SQL Server\110\DTS\Binn\;C:\Program Files (x86)\Microsoft SQL Server\120\DTS\Binn\;C:\Program Files (x86)\Microsoft SQL Server\130\DTS\Binn\;C:\Program Files (x86)\Microsoft SQL Server\140\DTS\Binn\;C:\Program Files (x86)\Microsoft SQL Server\160\DTS\Binn\;C:\Program Files\nodejs\;C:\xampp\php;C:\ProgramData\ComposerSetup\bin;C:\Program Files\Git\cmd;C:\Users\TECH TOOL\AppData\Local\Microsoft\WindowsApps;;C:\Users\TECH TOOL\AppData\Local\Programs\Microsoft VS Code\bin;C:\Program Files\Azure Data Studio\bin;C:\Users\TECH TOOL\.dotnet\tools;C:\Users\TECH TOOL\AppData\Roaming\npm;C:\Users\TECH TOOL\AppData\Roaming\Composer\vendor\bin
USERNAME=TECH TOOL
OS=Windows_NT
PROCESSOR_IDENTIFIER=Intel64 Family 6 Model 142 Stepping 12, GenuineIntel



---------------  S Y S T E M  ---------------

OS: Windows 10 , 64 bit Build 19041 (10.0.19041.546)
OS uptime: 21 days 12:44 hours

CPU:total 4 (initial active 4) (2 cores per cpu, 2 threads per core) family 6 model 142 stepping 12 microcode 0xc0, cmov, cx8, fxsr, mmx, sse, sse2, sse3, ssse3, sse4.1, sse4.2, popcnt, avx, avx2, aes, clmul, erms, 3dnowpref, lzcnt, ht, tsc, tscinvbit, bmi1, bmi2, adx, fma

Memory: 4k page, system-wide physical 12119M (244M free)
TotalPageFile size 27379M (AvailPageFile size 0M)
current process WorkingSet (physical memory assigned to process): 603M, peak: 639M
current process commit charge ("private bytes"): 777M, peak: 787M

vm_info: OpenJDK 64-Bit Server VM (11.0.12+7-b1504.28-7817840) for windows-amd64 JRE (11.0.12+7-b1504.28-7817840), built on Oct 13 2021 22:12:33 by "builder" with MS VC++ 14.0 (VS2015)

END.
