#
# There is insufficient memory for the Java Runtime Environment to continue.
# Native memory allocation (malloc) failed to allocate 1548496 bytes for Chunk::new
# Possible reasons:
#   The system is out of physical RAM or swap space
#   The process is running with CompressedOops enabled, and the Java Heap may be blocking the growth of the native heap
# Possible solutions:
#   Reduce memory load on the system
#   Increase physical memory or swap space
#   Check if swap backing store is full
#   Decrease Java heap size (-Xmx/-Xms)
#   Decrease number of Java threads
#   Decrease Java thread stack sizes (-Xss)
#   Set larger code cache with -XX:ReservedCodeCacheSize=
#   JVM is running with Unscaled Compressed Oops mode in which the Java heap is
#     placed in the first 4GB address space. The Java Heap base address is the
#     maximum limit for the native heap growth. Please use -XX:HeapBaseMinAddress
#     to set the Java Heap base and to place the Java Heap above 4GB virtual address.
# This output file may be truncated or incomplete.
#
#  Out of Memory Error (./src/hotspot/share/memory/arena.cpp:197), pid=19896, tid=8360
#
# JRE version: OpenJDK Runtime Environment (11.0.12+7) (build 11.0.12+7-b1504.28-7817840)
# Java VM: OpenJDK 64-Bit Server VM (11.0.12+7-b1504.28-7817840, mixed mode, tiered, compressed oops, g1 gc, windows-amd64)
# No core dump will be written. Minidumps are not enabled by default on client versions of Windows
#

---------------  S U M M A R Y ------------

Command Line: --add-opens=java.base/java.util=ALL-UNNAMED --add-opens=java.base/java.lang=ALL-UNNAMED --add-opens=java.base/java.lang.invoke=ALL-UNNAMED --add-opens=java.base/java.util=ALL-UNNAMED --add-opens=java.prefs/java.util.prefs=ALL-UNNAMED --add-opens=java.prefs/java.util.prefs=ALL-UNNAMED --add-opens=java.base/java.nio.charset=ALL-UNNAMED --add-opens=java.base/java.net=ALL-UNNAMED --add-opens=java.base/java.util.concurrent.atomic=ALL-UNNAMED -Xmx2048m -Dfile.encoding=UTF-8 -Duser.country=US -Duser.language=en -Duser.variant org.gradle.launcher.daemon.bootstrap.GradleDaemon 7.3.3

Host: Intel(R) Core(TM) i3-10110U CPU @ 2.10GHz, 4 cores, 11G,  Windows 10 , 64 bit Build 19041 (10.0.19041.546)
Time: Wed Sep  7 11:54:48 2022 Sri Lanka Standard Time elapsed time: 62.538785 seconds (0d 0h 1m 2s)

---------------  T H R E A D  ---------------

Current thread (0x0000021892a69000):  JavaThread "C2 CompilerThread1" daemon [_thread_in_native, id=8360, stack(0x000000ae7aa00000,0x000000ae7ab00000)]


Current CompileTask:
C2:  62538 18987       4       sun.invoke.util.VerifyAccess::isClassAccessible (182 bytes)

Stack: [0x000000ae7aa00000,0x000000ae7ab00000]
Native frames: (J=compiled Java code, j=interpreted, Vv=VM code, C=native code)
V  [jvm.dll+0x5fbcea]
V  [jvm.dll+0x731905]
V  [jvm.dll+0x732f1d]
V  [jvm.dll+0x7335d3]
V  [jvm.dll+0x247bf8]
V  [jvm.dll+0xc018c]
V  [jvm.dll+0xc06cc]
V  [jvm.dll+0x35b2db]
V  [jvm.dll+0x328803]
V  [jvm.dll+0x327cfa]
V  [jvm.dll+0x200602]
V  [jvm.dll+0x1ff794]
V  [jvm.dll+0x18868c]
V  [jvm.dll+0x20e0d7]
V  [jvm.dll+0x20c901]
V  [jvm.dll+0x6f9b7f]
V  [jvm.dll+0x6f26a5]
V  [jvm.dll+0x5fabf6]
C  [ucrtbase.dll+0x214c2]
C  [KERNEL32.DLL+0x17034]
C  [ntdll.dll+0x4cec1]


---------------  P R O C E S S  ---------------

Threads class SMR info:
_java_thread_list=0x00000218965aca40, length=88, elements={
0x00000218f237b800, 0x00000218fcfac800, 0x00000218fcfa5800, 0x00000218fd805800,
0x00000218fd807000, 0x00000218fd808800, 0x00000218fd80d000, 0x00000218fd812000,
0x00000218fd814000, 0x00000218fd974000, 0x00000218fd97a800, 0x00000218fd975000,
0x00000218fd976800, 0x00000218fd979000, 0x00000218fd977800, 0x000002188f622000,
0x000002188f620800, 0x000002188f61f000, 0x000002188f625800, 0x000002188f621800,
0x000002188f624800, 0x000002188f61f800, 0x000002188f628000, 0x000002188f624000,
0x000002188f62b000, 0x000002188f627000, 0x000002188f803000, 0x000002189021d000,
0x000002189021e800, 0x000002189021a800, 0x000002189021e000, 0x000002189021c800,
0x0000021890219000, 0x0000021890221000, 0x000002189021f800, 0x0000021890224800,
0x0000021890220800, 0x0000021890225800, 0x0000021890222000, 0x0000021890226000,
0x0000021890223000, 0x0000021890223800, 0x0000021890227000, 0x000002188f805000,
0x000002188f804000, 0x000002188f807000, 0x000002188f801800, 0x000002188f805800,
0x000002188f806800, 0x000002188f808000, 0x000002188f802800, 0x000002188f80c000,
0x000002188f80e800, 0x000002188f80d000, 0x000002188f80d800, 0x000002188f80b800,
0x000002188f80f800, 0x000002188f810000, 0x000002188f623000, 0x000002188f61d800,
0x000002188f61e000, 0x000002188f628800, 0x000002188f62a800, 0x000002188f62c000,
0x00000218fd978800, 0x00000218fd97a000, 0x00000218fd976000, 0x0000021892751800,
0x000002189274d800, 0x0000021892751000, 0x000002189274e800, 0x0000021892752800,
0x000002189274d000, 0x0000021892754000, 0x0000021892753800, 0x0000021892750000,
0x0000021892755000, 0x000002189274f800, 0x0000021892758000, 0x0000021892759000,
0x0000021892757800, 0x000002189275a000, 0x000002189275b800, 0x0000021892a69000,
0x0000021892756800, 0x000002189275a800, 0x0000021892756000, 0x0000021892703800
}

Java Threads: ( => current thread )
  0x00000218f237b800 JavaThread "main" [_thread_blocked, id=7972, stack(0x000000ae77b00000,0x000000ae77c00000)]
  0x00000218fcfac800 JavaThread "Reference Handler" daemon [_thread_blocked, id=108, stack(0x000000ae78200000,0x000000ae78300000)]
  0x00000218fcfa5800 JavaThread "Finalizer" daemon [_thread_blocked, id=9304, stack(0x000000ae78300000,0x000000ae78400000)]
  0x00000218fd805800 JavaThread "Signal Dispatcher" daemon [_thread_blocked, id=17000, stack(0x000000ae78400000,0x000000ae78500000)]
  0x00000218fd807000 JavaThread "Attach Listener" daemon [_thread_blocked, id=524, stack(0x000000ae78500000,0x000000ae78600000)]
  0x00000218fd808800 JavaThread "Service Thread" daemon [_thread_blocked, id=6204, stack(0x000000ae78600000,0x000000ae78700000)]
  0x00000218fd80d000 JavaThread "C2 CompilerThread0" daemon [_thread_in_native, id=8728, stack(0x000000ae78700000,0x000000ae78800000)]
  0x00000218fd812000 JavaThread "C1 CompilerThread0" daemon [_thread_blocked, id=9652, stack(0x000000ae78800000,0x000000ae78900000)]
  0x00000218fd814000 JavaThread "Sweeper thread" daemon [_thread_blocked, id=9684, stack(0x000000ae78900000,0x000000ae78a00000)]
  0x00000218fd974000 JavaThread "Common-Cleaner" daemon [_thread_blocked, id=1792, stack(0x000000ae78a00000,0x000000ae78b00000)]
  0x00000218fd97a800 JavaThread "Daemon health stats" [_thread_blocked, id=17148, stack(0x000000ae79000000,0x000000ae79100000)]
  0x00000218fd975000 JavaThread "Incoming local TCP Connector on port 49522" [_thread_in_native, id=5632, stack(0x000000ae79100000,0x000000ae79200000)]
  0x00000218fd976800 JavaThread "Daemon periodic checks" [_thread_blocked, id=19068, stack(0x000000ae79200000,0x000000ae79300000)]
  0x00000218fd979000 JavaThread "Daemon" [_thread_blocked, id=1912, stack(0x000000ae79300000,0x000000ae79400000)]
  0x00000218fd977800 JavaThread "Daemon worker" [_thread_blocked, id=13700, stack(0x000000ae79600000,0x000000ae79700000)]
  0x000002188f622000 JavaThread "Cache worker for journal cache (C:\Users\TECH TOOL\Downloads\gradle-7.5.1\caches\journal-1)" [_thread_blocked, id=10192, stack(0x000000ae79a00000,0x000000ae79b00000)]
  0x000002188f620800 JavaThread "File lock request listener" [_thread_in_native, id=20096, stack(0x000000ae79b00000,0x000000ae79c00000)]
  0x000002188f61f000 JavaThread "Cache worker for file hash cache (C:\Users\TECH TOOL\Downloads\gradle-7.5.1\caches\7.3.3\fileHashes)" [_thread_blocked, id=12964, stack(0x000000ae79c00000,0x000000ae79d00000)]
  0x000002188f625800 JavaThread "File watcher server" daemon [_thread_in_native, id=6284, stack(0x000000ae79e00000,0x000000ae79f00000)]
  0x000002188f621800 JavaThread "File watcher consumer" daemon [_thread_blocked, id=13580, stack(0x000000ae79f00000,0x000000ae7a000000)]
  0x000002188f624800 JavaThread "jar transforms" [_thread_blocked, id=16616, stack(0x000000ae7a000000,0x000000ae7a100000)]
  0x000002188f61f800 JavaThread "jar transforms Thread 2" [_thread_blocked, id=12788, stack(0x000000ae7a100000,0x000000ae7a200000)]
  0x000002188f628000 JavaThread "jar transforms Thread 3" [_thread_blocked, id=8292, stack(0x000000ae7a200000,0x000000ae7a300000)]
  0x000002188f624000 JavaThread "jar transforms Thread 4" [_thread_blocked, id=18288, stack(0x000000ae7a300000,0x000000ae7a400000)]
  0x000002188f62b000 JavaThread "Cache worker for execution history cache (C:\Users\TECH TOOL\Downloads\gradle-7.5.1\caches\7.3.3\executionHistory)" [_thread_blocked, id=18252, stack(0x000000ae7a700000,0x000000ae7a800000)]
  0x000002188f627000 JavaThread "Cache worker for file content cache (C:\Users\TECH TOOL\Downloads\gradle-7.5.1\caches\7.3.3\fileContent)" [_thread_blocked, id=19208, stack(0x000000ae7a800000,0x000000ae7a900000)]
  0x000002188f803000 JavaThread "Memory manager" [_thread_blocked, id=12588, stack(0x000000ae7d300000,0x000000ae7d400000)]
  0x000002189021d000 JavaThread "Handler for socket connection from /127.0.0.1:49522 to /127.0.0.1:49548" [_thread_in_native, id=17356, stack(0x000000ae79400000,0x000000ae79500000)]
  0x000002189021e800 JavaThread "Cancel handler" [_thread_blocked, id=9648, stack(0x000000ae79500000,0x000000ae79600000)]
  0x000002189021a800 JavaThread "Asynchronous log dispatcher for DefaultDaemonConnection: socket connection from /127.0.0.1:49522 to /127.0.0.1:49548" [_thread_blocked, id=14896, stack(0x000000ae79700000,0x000000ae79800000)]
  0x000002189021e000 JavaThread "Stdin handler" [_thread_blocked, id=6112, stack(0x000000ae79800000,0x000000ae79900000)]
  0x000002189021c800 JavaThread "Daemon client event forwarder" [_thread_blocked, id=2216, stack(0x000000ae79900000,0x000000ae79a00000)]
  0x0000021890219000 JavaThread "Cache worker for file hash cache (D:\Final Project HDSE\CyGo-App\.gradle\7.3.3\fileHashes)" [_thread_in_native, id=3312, stack(0x000000ae79d00000,0x000000ae79e00000)]
  0x0000021890221000 JavaThread "Cache worker for checksums cache (D:\Final Project HDSE\CyGo-App\.gradle\7.3.3\checksums)" [_thread_blocked, id=8160, stack(0x000000ae7a400000,0x000000ae7a500000)]
  0x000002189021f800 JavaThread "Cache worker for cache directory md-supplier (C:\Users\TECH TOOL\Downloads\gradle-7.5.1\caches\7.3.3\md-supplier)" [_thread_blocked, id=15984, stack(0x000000ae7a500000,0x000000ae7a600000)]
  0x0000021890224800 JavaThread "Cache worker for cache directory md-rule (C:\Users\TECH TOOL\Downloads\gradle-7.5.1\caches\7.3.3\md-rule)" [_thread_blocked, id=10220, stack(0x000000ae7a600000,0x000000ae7a700000)]
  0x0000021890220800 JavaThread "Cache worker for dependencies-accessors (D:\Final Project HDSE\CyGo-App\.gradle\7.3.3\dependencies-accessors)" [_thread_blocked, id=7176, stack(0x000000ae7a900000,0x000000ae7aa00000)]
  0x0000021890225800 JavaThread "Cache worker for Build Output Cleanup Cache (D:\Final Project HDSE\CyGo-App\.gradle\buildOutputCleanup)" [_thread_blocked, id=17264, stack(0x000000ae7ab00000,0x000000ae7ac00000)]
  0x0000021890222000 JavaThread "Unconstrained build operations" [_thread_blocked, id=7268, stack(0x000000ae7ac00000,0x000000ae7ad00000)]
  0x0000021890226000 JavaThread "Unconstrained build operations Thread 2" [_thread_blocked, id=9884, stack(0x000000ae7ad00000,0x000000ae7ae00000)]
  0x0000021890223000 JavaThread "Unconstrained build operations Thread 3" [_thread_blocked, id=10684, stack(0x000000ae7ae00000,0x000000ae7af00000)]
  0x0000021890223800 JavaThread "Unconstrained build operations Thread 4" [_thread_blocked, id=15380, stack(0x000000ae7af00000,0x000000ae7b000000)]
  0x0000021890227000 JavaThread "Unconstrained build operations Thread 5" [_thread_blocked, id=18964, stack(0x000000ae7b000000,0x000000ae7b100000)]
  0x000002188f805000 JavaThread "Unconstrained build operations Thread 6" [_thread_blocked, id=1352, stack(0x000000ae7b100000,0x000000ae7b200000)]
  0x000002188f804000 JavaThread "Unconstrained build operations Thread 7" [_thread_blocked, id=13528, stack(0x000000ae7b200000,0x000000ae7b300000)]
  0x000002188f807000 JavaThread "Unconstrained build operations Thread 8" [_thread_blocked, id=14100, stack(0x000000ae7b300000,0x000000ae7b400000)]
  0x000002188f801800 JavaThread "Unconstrained build operations Thread 9" [_thread_blocked, id=13112, stack(0x000000ae7b400000,0x000000ae7b500000)]
  0x000002188f805800 JavaThread "Unconstrained build operations Thread 10" [_thread_blocked, id=10464, stack(0x000000ae7b500000,0x000000ae7b600000)]
  0x000002188f806800 JavaThread "Unconstrained build operations Thread 11" [_thread_blocked, id=17592, stack(0x000000ae7b600000,0x000000ae7b700000)]
  0x000002188f808000 JavaThread "Unconstrained build operations Thread 12" [_thread_blocked, id=8928, stack(0x000000ae7b700000,0x000000ae7b800000)]
  0x000002188f802800 JavaThread "Unconstrained build operations Thread 13" [_thread_blocked, id=11236, stack(0x000000ae7b800000,0x000000ae7b900000)]
  0x000002188f80c000 JavaThread "Unconstrained build operations Thread 14" [_thread_blocked, id=12976, stack(0x000000ae7b900000,0x000000ae7ba00000)]
  0x000002188f80e800 JavaThread "Unconstrained build operations Thread 15" [_thread_blocked, id=5908, stack(0x000000ae7ba00000,0x000000ae7bb00000)]
  0x000002188f80d000 JavaThread "Unconstrained build operations Thread 16" [_thread_blocked, id=20088, stack(0x000000ae7bb00000,0x000000ae7bc00000)]
  0x000002188f80d800 JavaThread "Unconstrained build operations Thread 17" [_thread_blocked, id=14200, stack(0x000000ae7bc00000,0x000000ae7bd00000)]
  0x000002188f80b800 JavaThread "Unconstrained build operations Thread 18" [_thread_blocked, id=2784, stack(0x000000ae7bd00000,0x000000ae7be00000)]
  0x000002188f80f800 JavaThread "Unconstrained build operations Thread 19" [_thread_blocked, id=16128, stack(0x000000ae7be00000,0x000000ae7bf00000)]
  0x000002188f810000 JavaThread "Unconstrained build operations Thread 20" [_thread_in_vm, id=6184, stack(0x000000ae7bf00000,0x000000ae7c000000)]
  0x000002188f623000 JavaThread "Unconstrained build operations Thread 21" [_thread_blocked, id=2304, stack(0x000000ae7c000000,0x000000ae7c100000)]
  0x000002188f61d800 JavaThread "Unconstrained build operations Thread 22" [_thread_blocked, id=17320, stack(0x000000ae7c100000,0x000000ae7c200000)]
  0x000002188f61e000 JavaThread "Unconstrained build operations Thread 23" [_thread_blocked, id=11872, stack(0x000000ae7c200000,0x000000ae7c300000)]
  0x000002188f628800 JavaThread "Unconstrained build operations Thread 24" [_thread_blocked, id=13980, stack(0x000000ae7c300000,0x000000ae7c400000)]
  0x000002188f62a800 JavaThread "Unconstrained build operations Thread 25" [_thread_blocked, id=9068, stack(0x000000ae7c400000,0x000000ae7c500000)]
  0x000002188f62c000 JavaThread "Unconstrained build operations Thread 26" [_thread_blocked, id=12356, stack(0x000000ae7c500000,0x000000ae7c600000)]
  0x00000218fd978800 JavaThread "Unconstrained build operations Thread 27" [_thread_blocked, id=1600, stack(0x000000ae7c600000,0x000000ae7c700000)]
  0x00000218fd97a000 JavaThread "Unconstrained build operations Thread 28" [_thread_blocked, id=19748, stack(0x000000ae7c700000,0x000000ae7c800000)]
  0x00000218fd976000 JavaThread "Unconstrained build operations Thread 29" [_thread_blocked, id=16776, stack(0x000000ae7c800000,0x000000ae7c900000)]
  0x0000021892751800 JavaThread "Unconstrained build operations Thread 30" [_thread_blocked, id=17316, stack(0x000000ae7c900000,0x000000ae7ca00000)]
  0x000002189274d800 JavaThread "Unconstrained build operations Thread 31" [_thread_blocked, id=248, stack(0x000000ae7ca00000,0x000000ae7cb00000)]
  0x0000021892751000 JavaThread "Unconstrained build operations Thread 32" [_thread_in_vm, id=11392, stack(0x000000ae7cb00000,0x000000ae7cc00000)]
  0x000002189274e800 JavaThread "Unconstrained build operations Thread 33" [_thread_blocked, id=8356, stack(0x000000ae7cc00000,0x000000ae7cd00000)]
  0x0000021892752800 JavaThread "Unconstrained build operations Thread 34" [_thread_blocked, id=19832, stack(0x000000ae7cd00000,0x000000ae7ce00000)]
  0x000002189274d000 JavaThread "Unconstrained build operations Thread 35" [_thread_blocked, id=9732, stack(0x000000ae7ce00000,0x000000ae7cf00000)]
  0x0000021892754000 JavaThread "Unconstrained build operations Thread 36" [_thread_blocked, id=17988, stack(0x000000ae7cf00000,0x000000ae7d000000)]
  0x0000021892753800 JavaThread "Unconstrained build operations Thread 37" [_thread_blocked, id=6208, stack(0x000000ae7d000000,0x000000ae7d100000)]
  0x0000021892750000 JavaThread "Unconstrained build operations Thread 38" [_thread_blocked, id=6976, stack(0x000000ae7d100000,0x000000ae7d200000)]
  0x0000021892755000 JavaThread "Unconstrained build operations Thread 39" [_thread_blocked, id=15992, stack(0x000000ae7d200000,0x000000ae7d300000)]
  0x000002189274f800 JavaThread "Unconstrained build operations Thread 40" [_thread_blocked, id=6732, stack(0x000000ae7d500000,0x000000ae7d600000)]
  0x0000021892758000 JavaThread "build event listener" [_thread_blocked, id=4064, stack(0x000000ae7d600000,0x000000ae7d700000)]
  0x0000021892759000 JavaThread "Execution worker for ':'" [_thread_blocked, id=19308, stack(0x000000ae7d700000,0x000000ae7d800000)]
  0x0000021892757800 JavaThread "Execution worker for ':' Thread 2" [_thread_blocked, id=1172, stack(0x000000ae7d800000,0x000000ae7d900000)]
  0x000002189275a000 JavaThread "Execution worker for ':' Thread 3" [_thread_blocked, id=2620, stack(0x000000ae7d900000,0x000000ae7da00000)]
  0x000002189275b800 JavaThread "Cache worker for execution history cache (D:\Final Project HDSE\CyGo-App\.gradle\7.3.3\executionHistory)" [_thread_blocked, id=13984, stack(0x000000ae7da00000,0x000000ae7db00000)]
=>0x0000021892a69000 JavaThread "C2 CompilerThread1" daemon [_thread_in_native, id=8360, stack(0x000000ae7aa00000,0x000000ae7ab00000)]
  0x0000021892756800 JavaThread "WorkerExecutor Queue" [_thread_blocked, id=6940, stack(0x000000ae7dd00000,0x000000ae7de00000)]
  0x000002189275a800 JavaThread "WorkerExecutor Queue Thread 2" [_thread_blocked, id=17844, stack(0x000000ae7de00000,0x000000ae7df00000)]
  0x0000021892756000 JavaThread "WorkerExecutor Queue Thread 3" [_thread_blocked, id=17028, stack(0x000000ae7df00000,0x000000ae7e000000)]
  0x0000021892703800 JavaThread "WorkerExecutor Queue Thread 4" [_thread_blocked, id=8344, stack(0x000000ae7e000000,0x000000ae7e100000)]

Other Threads:
  0x00000218fd7b5000 VMThread "VM Thread" [stack: 0x000000ae78100000,0x000000ae78200000] [id=19768]
  0x00000218fd985000 WatcherThread [stack: 0x000000ae78b00000,0x000000ae78c00000] [id=17808]
  0x00000218f2393800 GCTaskThread "GC Thread#0" [stack: 0x000000ae77c00000,0x000000ae77d00000] [id=15792]
  0x00000218fdb11800 GCTaskThread "GC Thread#1" [stack: 0x000000ae78d00000,0x000000ae78e00000] [id=16036]
  0x00000218fddb0000 GCTaskThread "GC Thread#2" [stack: 0x000000ae78e00000,0x000000ae78f00000] [id=16428]
  0x00000218fddb0800 GCTaskThread "GC Thread#3" [stack: 0x000000ae78f00000,0x000000ae79000000] [id=6532]
  0x00000218f23c4000 ConcurrentGCThread "G1 Main Marker" [stack: 0x000000ae77d00000,0x000000ae77e00000] [id=10144]
  0x00000218f23c6800 ConcurrentGCThread "G1 Conc#0" [stack: 0x000000ae77e00000,0x000000ae77f00000] [id=13076]
  0x00000218f244e000 ConcurrentGCThread "G1 Refine#0" [stack: 0x000000ae77f00000,0x000000ae78000000] [id=15376]
  0x00000218927b2000 ConcurrentGCThread "G1 Refine#1" [stack: 0x000000ae7db00000,0x000000ae7dc00000] [id=18148]
  0x00000218927b1800 ConcurrentGCThread "G1 Refine#2" [stack: 0x000000ae7dc00000,0x000000ae7dd00000] [id=20196]
  0x00000218fcdee800 ConcurrentGCThread "G1 Young RemSet Sampling" [stack: 0x000000ae78000000,0x000000ae78100000] [id=7368]

Threads with active compile tasks:
C2 CompilerThread0  62556 19019 %     4       com.android.tools.r8.internal.xa::a @ 80 (6068 bytes)
C2 CompilerThread1  62556 18987       4       sun.invoke.util.VerifyAccess::isClassAccessible (182 bytes)

VM state:not at safepoint (normal execution)

VM Mutex/Monitor currently owned by a thread: None

Heap address: 0x0000000080000000, size: 2048 MB, Compressed Oops mode: 32-bit
Narrow klass base: 0x0000000000000000, Narrow klass shift: 3
Compressed class space size: 1073741824 Address: 0x0000000100000000

Heap:
 garbage-first heap   total 336896K, used 216603K [0x0000000080000000, 0x0000000100000000)
  region size 1024K, 63 young (64512K), 3 survivors (3072K)
 Metaspace       used 131192K, capacity 134730K, committed 134860K, reserved 1167360K
  class space    used 16442K, capacity 17747K, committed 17868K, reserved 1048576K
Heap Regions: E=young(eden), S=young(survivor), O=old, HS=humongous(starts), HC=humongous(continues), CS=collection set, F=free, A=archive, TAMS=top-at-mark-start (previous, next)
|   0|0x0000000080000000, 0x0000000080100000, 0x0000000080100000|100%|HS|  |TAMS 0x0000000080100000, 0x0000000080000000| Complete 
|   1|0x0000000080100000, 0x0000000080200000, 0x0000000080200000|100%|HC|  |TAMS 0x0000000080200000, 0x0000000080100000| Complete 
|   2|0x0000000080200000, 0x0000000080300000, 0x0000000080300000|100%|HC|  |TAMS 0x0000000080300000, 0x0000000080200000| Complete 
|   3|0x0000000080300000, 0x0000000080400000, 0x0000000080400000|100%| O|  |TAMS 0x0000000080400000, 0x0000000080300000| Untracked 
|   4|0x0000000080400000, 0x0000000080500000, 0x0000000080500000|100%| O|  |TAMS 0x0000000080500000, 0x0000000080400000| Untracked 
|   5|0x0000000080500000, 0x0000000080600000, 0x0000000080600000|100%| O|  |TAMS 0x0000000080600000, 0x0000000080500000| Untracked 
|   6|0x0000000080600000, 0x0000000080700000, 0x0000000080700000|100%| O|  |TAMS 0x0000000080700000, 0x0000000080600000| Untracked 
|   7|0x0000000080700000, 0x0000000080800000, 0x0000000080800000|100%| O|  |TAMS 0x0000000080800000, 0x0000000080700000| Untracked 
|   8|0x0000000080800000, 0x0000000080900000, 0x0000000080900000|100%| O|  |TAMS 0x0000000080900000, 0x0000000080800000| Untracked 
|   9|0x0000000080900000, 0x0000000080a00000, 0x0000000080a00000|100%| O|  |TAMS 0x0000000080a00000, 0x0000000080900000| Untracked 
|  10|0x0000000080a00000, 0x0000000080b00000, 0x0000000080b00000|100%| O|  |TAMS 0x0000000080b00000, 0x0000000080a00000| Untracked 
|  11|0x0000000080b00000, 0x0000000080c00000, 0x0000000080c00000|100%| O|  |TAMS 0x0000000080c00000, 0x0000000080b00000| Untracked 
|  12|0x0000000080c00000, 0x0000000080d00000, 0x0000000080d00000|100%| O|  |TAMS 0x0000000080d00000, 0x0000000080c00000| Untracked 
|  13|0x0000000080d00000, 0x0000000080e00000, 0x0000000080e00000|100%| O|  |TAMS 0x0000000080e00000, 0x0000000080d00000| Untracked 
|  14|0x0000000080e00000, 0x0000000080f00000, 0x0000000080f00000|100%| O|  |TAMS 0x0000000080f00000, 0x0000000080e00000| Untracked 
|  15|0x0000000080f00000, 0x0000000081000000, 0x0000000081000000|100%| O|  |TAMS 0x0000000081000000, 0x0000000080f00000| Untracked 
|  16|0x0000000081000000, 0x0000000081100000, 0x0000000081100000|100%|HS|  |TAMS 0x0000000081100000, 0x0000000081000000| Complete 
|  17|0x0000000081100000, 0x0000000081200000, 0x0000000081200000|100%|HC|  |TAMS 0x0000000081200000, 0x0000000081100000| Complete 
|  18|0x0000000081200000, 0x0000000081300000, 0x0000000081300000|100%|HS|  |TAMS 0x0000000081300000, 0x0000000081200000| Complete 
|  19|0x0000000081300000, 0x0000000081400000, 0x0000000081400000|100%|HC|  |TAMS 0x0000000081400000, 0x0000000081300000| Complete 
|  20|0x0000000081400000, 0x0000000081500000, 0x0000000081500000|100%|HC|  |TAMS 0x0000000081500000, 0x0000000081400000| Complete 
|  21|0x0000000081500000, 0x0000000081600000, 0x0000000081600000|100%|HS|  |TAMS 0x0000000081600000, 0x0000000081500000| Complete 
|  22|0x0000000081600000, 0x0000000081700000, 0x0000000081700000|100%|HS|  |TAMS 0x0000000081700000, 0x0000000081600000| Complete 
|  23|0x0000000081700000, 0x0000000081800000, 0x0000000081800000|100%|HC|  |TAMS 0x0000000081800000, 0x0000000081700000| Complete 
|  24|0x0000000081800000, 0x0000000081900000, 0x0000000081900000|100%|HC|  |TAMS 0x0000000081900000, 0x0000000081800000| Complete 
|  25|0x0000000081900000, 0x0000000081a00000, 0x0000000081a00000|100%|HC|  |TAMS 0x0000000081a00000, 0x0000000081900000| Complete 
|  26|0x0000000081a00000, 0x0000000081b00000, 0x0000000081b00000|100%|HS|  |TAMS 0x0000000081b00000, 0x0000000081a00000| Complete 
|  27|0x0000000081b00000, 0x0000000081c00000, 0x0000000081c00000|100%| O|  |TAMS 0x0000000081c00000, 0x0000000081b00000| Untracked 
|  28|0x0000000081c00000, 0x0000000081d00000, 0x0000000081d00000|100%| O|  |TAMS 0x0000000081d00000, 0x0000000081c00000| Untracked 
|  29|0x0000000081d00000, 0x0000000081e00000, 0x0000000081e00000|100%|HS|  |TAMS 0x0000000081e00000, 0x0000000081d00000| Complete 
|  30|0x0000000081e00000, 0x0000000081f00000, 0x0000000081f00000|100%|HS|  |TAMS 0x0000000081f00000, 0x0000000081e00000| Complete 
|  31|0x0000000081f00000, 0x0000000082000000, 0x0000000082000000|100%|HC|  |TAMS 0x0000000082000000, 0x0000000081f00000| Complete 
|  32|0x0000000082000000, 0x0000000082100000, 0x0000000082100000|100%|HC|  |TAMS 0x0000000082100000, 0x0000000082000000| Complete 
|  33|0x0000000082100000, 0x0000000082200000, 0x0000000082200000|100%| O|  |TAMS 0x0000000082200000, 0x0000000082100000| Untracked 
|  34|0x0000000082200000, 0x0000000082300000, 0x0000000082300000|100%| O|  |TAMS 0x0000000082300000, 0x0000000082200000| Untracked 
|  35|0x0000000082300000, 0x0000000082400000, 0x0000000082400000|100%| O|  |TAMS 0x0000000082400000, 0x0000000082300000| Untracked 
|  36|0x0000000082400000, 0x0000000082500000, 0x0000000082500000|100%|HS|  |TAMS 0x0000000082500000, 0x0000000082400000| Complete 
|  37|0x0000000082500000, 0x0000000082600000, 0x0000000082600000|100%|HC|  |TAMS 0x0000000082600000, 0x0000000082500000| Complete 
|  38|0x0000000082600000, 0x0000000082700000, 0x0000000082700000|100%|HC|  |TAMS 0x0000000082700000, 0x0000000082600000| Complete 
|  39|0x0000000082700000, 0x0000000082800000, 0x0000000082800000|100%|HC|  |TAMS 0x0000000082800000, 0x0000000082700000| Complete 
|  40|0x0000000082800000, 0x0000000082900000, 0x0000000082900000|100%| O|  |TAMS 0x0000000082900000, 0x0000000082800000| Untracked 
|  41|0x0000000082900000, 0x0000000082a00000, 0x0000000082a00000|100%| O|  |TAMS 0x0000000082a00000, 0x0000000082900000| Untracked 
|  42|0x0000000082a00000, 0x0000000082b00000, 0x0000000082b00000|100%| O|  |TAMS 0x0000000082b00000, 0x0000000082a00000| Untracked 
|  43|0x0000000082b00000, 0x0000000082c00000, 0x0000000082c00000|100%| O|  |TAMS 0x0000000082c00000, 0x0000000082b00000| Untracked 
|  44|0x0000000082c00000, 0x0000000082d00000, 0x0000000082d00000|100%| O|  |TAMS 0x0000000082d00000, 0x0000000082c00000| Untracked 
|  45|0x0000000082d00000, 0x0000000082e00000, 0x0000000082e00000|100%| O|  |TAMS 0x0000000082e00000, 0x0000000082d00000| Untracked 
|  46|0x0000000082e00000, 0x0000000082f00000, 0x0000000082f00000|100%| O|  |TAMS 0x0000000082f00000, 0x0000000082e00000| Untracked 
|  47|0x0000000082f00000, 0x0000000083000000, 0x0000000083000000|100%| O|  |TAMS 0x0000000083000000, 0x0000000082f00000| Untracked 
|  48|0x0000000083000000, 0x0000000083100000, 0x0000000083100000|100%| O|  |TAMS 0x0000000083100000, 0x0000000083000000| Untracked 
|  49|0x0000000083100000, 0x0000000083200000, 0x0000000083200000|100%| O|  |TAMS 0x0000000083200000, 0x0000000083100000| Untracked 
|  50|0x0000000083200000, 0x0000000083300000, 0x0000000083300000|100%| O|  |TAMS 0x0000000083300000, 0x0000000083200000| Untracked 
|  51|0x0000000083300000, 0x0000000083400000, 0x0000000083400000|100%|HS|  |TAMS 0x0000000083400000, 0x0000000083300000| Complete 
|  52|0x0000000083400000, 0x0000000083500000, 0x0000000083500000|100%|HS|  |TAMS 0x0000000083500000, 0x0000000083400000| Complete 
|  53|0x0000000083500000, 0x0000000083600000, 0x0000000083600000|100%|HC|  |TAMS 0x0000000083600000, 0x0000000083500000| Complete 
|  54|0x0000000083600000, 0x0000000083700000, 0x0000000083700000|100%| O|  |TAMS 0x0000000083700000, 0x0000000083600000| Untracked 
|  55|0x0000000083700000, 0x0000000083800000, 0x0000000083800000|100%| O|  |TAMS 0x0000000083800000, 0x0000000083700000| Untracked 
|  56|0x0000000083800000, 0x0000000083900000, 0x0000000083900000|100%| O|  |TAMS 0x0000000083900000, 0x0000000083800000| Untracked 
|  57|0x0000000083900000, 0x0000000083a00000, 0x0000000083a00000|100%| O|  |TAMS 0x0000000083a00000, 0x0000000083900000| Untracked 
|  58|0x0000000083a00000, 0x0000000083b00000, 0x0000000083b00000|100%| O|  |TAMS 0x0000000083b00000, 0x0000000083a00000| Untracked 
|  59|0x0000000083b00000, 0x0000000083c00000, 0x0000000083c00000|100%| O|  |TAMS 0x0000000083c00000, 0x0000000083b00000| Untracked 
|  60|0x0000000083c00000, 0x0000000083d00000, 0x0000000083d00000|100%| O|  |TAMS 0x0000000083d00000, 0x0000000083c00000| Untracked 
|  61|0x0000000083d00000, 0x0000000083e00000, 0x0000000083e00000|100%| O|  |TAMS 0x0000000083e00000, 0x0000000083d00000| Untracked 
|  62|0x0000000083e00000, 0x0000000083f00000, 0x0000000083f00000|100%| O|  |TAMS 0x0000000083f00000, 0x0000000083e00000| Untracked 
|  63|0x0000000083f00000, 0x0000000084000000, 0x0000000084000000|100%| O|  |TAMS 0x0000000084000000, 0x0000000083f00000| Untracked 
|  64|0x0000000084000000, 0x0000000084100000, 0x0000000084100000|100%| O|  |TAMS 0x0000000084100000, 0x0000000084000000| Untracked 
|  65|0x0000000084100000, 0x0000000084200000, 0x0000000084200000|100%| O|  |TAMS 0x0000000084200000, 0x0000000084100000| Untracked 
|  66|0x0000000084200000, 0x0000000084300000, 0x0000000084300000|100%| O|  |TAMS 0x0000000084300000, 0x0000000084200000| Untracked 
|  67|0x0000000084300000, 0x0000000084400000, 0x0000000084400000|100%| O|  |TAMS 0x0000000084400000, 0x0000000084300000| Untracked 
|  68|0x0000000084400000, 0x0000000084500000, 0x0000000084500000|100%| O|  |TAMS 0x0000000084500000, 0x0000000084400000| Untracked 
|  69|0x0000000084500000, 0x0000000084600000, 0x0000000084600000|100%| O|  |TAMS 0x0000000084600000, 0x0000000084500000| Untracked 
|  70|0x0000000084600000, 0x0000000084700000, 0x0000000084700000|100%| O|  |TAMS 0x0000000084700000, 0x0000000084600000| Untracked 
|  71|0x0000000084700000, 0x0000000084800000, 0x0000000084800000|100%| O|  |TAMS 0x0000000084800000, 0x0000000084700000| Untracked 
|  72|0x0000000084800000, 0x0000000084900000, 0x0000000084900000|100%| O|  |TAMS 0x0000000084900000, 0x0000000084800000| Untracked 
|  73|0x0000000084900000, 0x0000000084a00000, 0x0000000084a00000|100%| O|  |TAMS 0x0000000084a00000, 0x0000000084900000| Untracked 
|  74|0x0000000084a00000, 0x0000000084b00000, 0x0000000084b00000|100%|HS|  |TAMS 0x0000000084b00000, 0x0000000084a00000| Complete 
|  75|0x0000000084b00000, 0x0000000084c00000, 0x0000000084c00000|100%|HC|  |TAMS 0x0000000084c00000, 0x0000000084b00000| Complete 
|  76|0x0000000084c00000, 0x0000000084d00000, 0x0000000084d00000|100%|HS|  |TAMS 0x0000000084d00000, 0x0000000084c00000| Complete 
|  77|0x0000000084d00000, 0x0000000084e00000, 0x0000000084e00000|100%|HC|  |TAMS 0x0000000084e00000, 0x0000000084d00000| Complete 
|  78|0x0000000084e00000, 0x0000000084f00000, 0x0000000084f00000|100%|HC|  |TAMS 0x0000000084f00000, 0x0000000084e00000| Complete 
|  79|0x0000000084f00000, 0x0000000085000000, 0x0000000085000000|100%|HS|  |TAMS 0x0000000085000000, 0x0000000084f00000| Complete 
|  80|0x0000000085000000, 0x0000000085100000, 0x0000000085100000|100%|HS|  |TAMS 0x0000000085100000, 0x0000000085000000| Complete 
|  81|0x0000000085100000, 0x0000000085200000, 0x0000000085200000|100%|HC|  |TAMS 0x0000000085200000, 0x0000000085100000| Complete 
|  82|0x0000000085200000, 0x0000000085300000, 0x0000000085300000|100%|HC|  |TAMS 0x0000000085300000, 0x0000000085200000| Complete 
|  83|0x0000000085300000, 0x0000000085400000, 0x0000000085400000|100%|HC|  |TAMS 0x0000000085400000, 0x0000000085300000| Complete 
|  84|0x0000000085400000, 0x0000000085500000, 0x0000000085500000|100%| O|  |TAMS 0x0000000085500000, 0x0000000085400000| Untracked 
|  85|0x0000000085500000, 0x0000000085600000, 0x0000000085600000|100%| O|  |TAMS 0x0000000085600000, 0x0000000085500000| Untracked 
|  86|0x0000000085600000, 0x0000000085700000, 0x0000000085700000|100%| O|  |TAMS 0x0000000085700000, 0x0000000085600000| Untracked 
|  87|0x0000000085700000, 0x0000000085800000, 0x0000000085800000|100%| O|  |TAMS 0x0000000085800000, 0x0000000085700000| Untracked 
|  88|0x0000000085800000, 0x0000000085900000, 0x0000000085900000|100%| O|  |TAMS 0x0000000085900000, 0x0000000085800000| Untracked 
|  89|0x0000000085900000, 0x0000000085a00000, 0x0000000085a00000|100%| O|  |TAMS 0x0000000085a00000, 0x0000000085900000| Untracked 
|  90|0x0000000085a00000, 0x0000000085b00000, 0x0000000085b00000|100%| O|  |TAMS 0x0000000085b00000, 0x0000000085a00000| Untracked 
|  91|0x0000000085b00000, 0x0000000085c00000, 0x0000000085c00000|100%| O|  |TAMS 0x0000000085c00000, 0x0000000085b00000| Untracked 
|  92|0x0000000085c00000, 0x0000000085d00000, 0x0000000085d00000|100%| O|  |TAMS 0x0000000085d00000, 0x0000000085c00000| Untracked 
|  93|0x0000000085d00000, 0x0000000085e00000, 0x0000000085e00000|100%| O|  |TAMS 0x0000000085e00000, 0x0000000085d00000| Untracked 
|  94|0x0000000085e00000, 0x0000000085f00000, 0x0000000085f00000|100%| O|  |TAMS 0x0000000085f00000, 0x0000000085e00000| Untracked 
|  95|0x0000000085f00000, 0x0000000086000000, 0x0000000086000000|100%| O|  |TAMS 0x0000000086000000, 0x0000000085f00000| Untracked 
|  96|0x0000000086000000, 0x0000000086100000, 0x0000000086100000|100%| O|  |TAMS 0x0000000086100000, 0x0000000086000000| Untracked 
|  97|0x0000000086100000, 0x0000000086200000, 0x0000000086200000|100%| O|  |TAMS 0x0000000086200000, 0x0000000086100000| Untracked 
|  98|0x0000000086200000, 0x0000000086300000, 0x0000000086300000|100%| O|  |TAMS 0x0000000086300000, 0x0000000086200000| Untracked 
|  99|0x0000000086300000, 0x0000000086400000, 0x0000000086400000|100%| O|  |TAMS 0x0000000086400000, 0x0000000086300000| Untracked 
| 100|0x0000000086400000, 0x0000000086500000, 0x0000000086500000|100%| O|  |TAMS 0x0000000086500000, 0x0000000086400000| Untracked 
| 101|0x0000000086500000, 0x0000000086600000, 0x0000000086600000|100%| O|  |TAMS 0x0000000086600000, 0x0000000086500000| Untracked 
| 102|0x0000000086600000, 0x0000000086700000, 0x0000000086700000|100%| O|  |TAMS 0x0000000086700000, 0x0000000086600000| Untracked 
| 103|0x0000000086700000, 0x0000000086800000, 0x0000000086800000|100%| O|  |TAMS 0x0000000086800000, 0x0000000086700000| Untracked 
| 104|0x0000000086800000, 0x0000000086900000, 0x0000000086900000|100%| O|  |TAMS 0x0000000086900000, 0x0000000086800000| Untracked 
| 105|0x0000000086900000, 0x0000000086a00000, 0x0000000086a00000|100%| O|  |TAMS 0x0000000086a00000, 0x0000000086900000| Untracked 
| 106|0x0000000086a00000, 0x0000000086b00000, 0x0000000086b00000|100%| O|  |TAMS 0x0000000086b00000, 0x0000000086a00000| Untracked 
| 107|0x0000000086b00000, 0x0000000086c00000, 0x0000000086c00000|100%| O|  |TAMS 0x0000000086c00000, 0x0000000086b00000| Untracked 
| 108|0x0000000086c00000, 0x0000000086d00000, 0x0000000086d00000|100%| O|  |TAMS 0x0000000086d00000, 0x0000000086c00000| Untracked 
| 109|0x0000000086d00000, 0x0000000086e00000, 0x0000000086e00000|100%| O|  |TAMS 0x0000000086e00000, 0x0000000086d00000| Untracked 
| 110|0x0000000086e00000, 0x0000000086f00000, 0x0000000086f00000|100%| O|  |TAMS 0x0000000086f00000, 0x0000000086e00000| Untracked 
| 111|0x0000000086f00000, 0x0000000087000000, 0x0000000087000000|100%| O|  |TAMS 0x0000000086f31800, 0x0000000086f00000| Untracked 
| 112|0x0000000087000000, 0x0000000087100000, 0x0000000087100000|100%| O|  |TAMS 0x0000000087100000, 0x0000000087000000| Untracked 
| 113|0x0000000087100000, 0x0000000087200000, 0x0000000087200000|100%| O|  |TAMS 0x0000000087200000, 0x0000000087100000| Untracked 
| 114|0x0000000087200000, 0x0000000087300000, 0x0000000087300000|100%| O|  |TAMS 0x0000000087200000, 0x0000000087200000| Untracked 
| 115|0x0000000087300000, 0x0000000087400000, 0x0000000087400000|100%| O|  |TAMS 0x0000000087300000, 0x0000000087300000| Untracked 
| 116|0x0000000087400000, 0x0000000087500000, 0x0000000087500000|100%| O|  |TAMS 0x0000000087400000, 0x0000000087400000| Untracked 
| 117|0x0000000087500000, 0x0000000087600000, 0x0000000087600000|100%| O|  |TAMS 0x0000000087500000, 0x0000000087500000| Untracked 
| 118|0x0000000087600000, 0x0000000087700000, 0x0000000087700000|100%| O|  |TAMS 0x0000000087600000, 0x0000000087600000| Untracked 
| 119|0x0000000087700000, 0x0000000087800000, 0x0000000087800000|100%| O|  |TAMS 0x0000000087800000, 0x0000000087700000| Untracked 
| 120|0x0000000087800000, 0x0000000087900000, 0x0000000087900000|100%| O|  |TAMS 0x0000000087900000, 0x0000000087800000| Untracked 
| 121|0x0000000087900000, 0x0000000087a00000, 0x0000000087a00000|100%| O|  |TAMS 0x0000000087a00000, 0x0000000087900000| Untracked 
| 122|0x0000000087a00000, 0x0000000087b00000, 0x0000000087b00000|100%| O|  |TAMS 0x0000000087b00000, 0x0000000087a00000| Untracked 
| 123|0x0000000087b00000, 0x0000000087c00000, 0x0000000087c00000|100%| O|  |TAMS 0x0000000087c00000, 0x0000000087b00000| Untracked 
| 124|0x0000000087c00000, 0x0000000087d00000, 0x0000000087d00000|100%| O|  |TAMS 0x0000000087d00000, 0x0000000087c00000| Untracked 
| 125|0x0000000087d00000, 0x0000000087e00000, 0x0000000087e00000|100%| O|  |TAMS 0x0000000087e00000, 0x0000000087d00000| Untracked 
| 126|0x0000000087e00000, 0x0000000087f00000, 0x0000000087f00000|100%| O|  |TAMS 0x0000000087f00000, 0x0000000087e00000| Untracked 
| 127|0x0000000087f00000, 0x0000000088000000, 0x0000000088000000|100%| O|  |TAMS 0x0000000088000000, 0x0000000087f00000| Untracked 
| 128|0x0000000088000000, 0x0000000088100000, 0x0000000088100000|100%| O|  |TAMS 0x0000000088100000, 0x0000000088000000| Untracked 
| 129|0x0000000088100000, 0x0000000088200000, 0x0000000088200000|100%| O|  |TAMS 0x0000000088100000, 0x0000000088100000| Untracked 
| 130|0x0000000088200000, 0x0000000088300000, 0x0000000088300000|100%| O|  |TAMS 0x0000000088200000, 0x0000000088200000| Untracked 
| 131|0x0000000088300000, 0x0000000088400000, 0x0000000088400000|100%| O|  |TAMS 0x0000000088300000, 0x0000000088300000| Untracked 
| 132|0x0000000088400000, 0x0000000088500000, 0x0000000088500000|100%| O|  |TAMS 0x0000000088400000, 0x0000000088400000| Untracked 
| 133|0x0000000088500000, 0x0000000088600000, 0x0000000088600000|100%| O|  |TAMS 0x0000000088500000, 0x0000000088500000| Untracked 
| 134|0x0000000088600000, 0x0000000088700000, 0x0000000088700000|100%| O|  |TAMS 0x0000000088600000, 0x0000000088600000| Untracked 
| 135|0x0000000088700000, 0x0000000088800000, 0x0000000088800000|100%| O|  |TAMS 0x0000000088700000, 0x0000000088700000| Untracked 
| 136|0x0000000088800000, 0x0000000088900000, 0x0000000088900000|100%| O|  |TAMS 0x0000000088800000, 0x0000000088800000| Untracked 
| 137|0x0000000088900000, 0x0000000088a00000, 0x0000000088a00000|100%| O|  |TAMS 0x0000000088900000, 0x0000000088900000| Untracked 
| 138|0x0000000088a00000, 0x0000000088b00000, 0x0000000088b00000|100%| O|  |TAMS 0x0000000088a00000, 0x0000000088a00000| Untracked 
| 139|0x0000000088b00000, 0x0000000088c00000, 0x0000000088c00000|100%| O|  |TAMS 0x0000000088b00000, 0x0000000088b00000| Untracked 
| 140|0x0000000088c00000, 0x0000000088c22a00, 0x0000000088d00000| 13%| O|  |TAMS 0x0000000088c00000, 0x0000000088c00000| Untracked 
| 141|0x0000000088d00000, 0x0000000088e00000, 0x0000000088e00000|100%|HS|  |TAMS 0x0000000088d00000, 0x0000000088d00000| Complete 
| 142|0x0000000088e00000, 0x0000000088f00000, 0x0000000088f00000|100%|HC|  |TAMS 0x0000000088e00000, 0x0000000088e00000| Complete 
| 143|0x0000000088f00000, 0x0000000088f00000, 0x0000000089000000|  0%| F|  |TAMS 0x0000000088f00000, 0x0000000088f00000| Untracked 
| 144|0x0000000089000000, 0x0000000089000000, 0x0000000089100000|  0%| F|  |TAMS 0x0000000089000000, 0x0000000089000000| Untracked 
| 145|0x0000000089100000, 0x0000000089100000, 0x0000000089200000|  0%| F|  |TAMS 0x0000000089100000, 0x0000000089100000| Untracked 
| 146|0x0000000089200000, 0x0000000089200000, 0x0000000089300000|  0%| F|  |TAMS 0x0000000089200000, 0x0000000089200000| Untracked 
| 147|0x0000000089300000, 0x0000000089300000, 0x0000000089400000|  0%| F|  |TAMS 0x0000000089300000, 0x0000000089300000| Untracked 
| 148|0x0000000089400000, 0x0000000089400000, 0x0000000089500000|  0%| F|  |TAMS 0x0000000089400000, 0x0000000089400000| Untracked 
| 149|0x0000000089500000, 0x0000000089500000, 0x0000000089600000|  0%| F|  |TAMS 0x0000000089500000, 0x0000000089500000| Untracked 
| 150|0x0000000089600000, 0x0000000089600000, 0x0000000089700000|  0%| F|  |TAMS 0x0000000089600000, 0x0000000089600000| Untracked 
| 151|0x0000000089700000, 0x0000000089700000, 0x0000000089800000|  0%| F|  |TAMS 0x0000000089700000, 0x0000000089700000| Untracked 
| 152|0x0000000089800000, 0x0000000089800000, 0x0000000089900000|  0%| F|  |TAMS 0x0000000089800000, 0x0000000089800000| Untracked 
| 153|0x0000000089900000, 0x0000000089900000, 0x0000000089a00000|  0%| F|  |TAMS 0x0000000089900000, 0x0000000089900000| Untracked 
| 154|0x0000000089a00000, 0x0000000089a00000, 0x0000000089b00000|  0%| F|  |TAMS 0x0000000089a00000, 0x0000000089a00000| Untracked 
| 155|0x0000000089b00000, 0x0000000089b00000, 0x0000000089c00000|  0%| F|  |TAMS 0x0000000089b00000, 0x0000000089b00000| Untracked 
| 156|0x0000000089c00000, 0x0000000089c00000, 0x0000000089d00000|  0%| F|  |TAMS 0x0000000089c00000, 0x0000000089c00000| Untracked 
| 157|0x0000000089d00000, 0x0000000089d00000, 0x0000000089e00000|  0%| F|  |TAMS 0x0000000089d00000, 0x0000000089d00000| Untracked 
| 158|0x0000000089e00000, 0x0000000089e00000, 0x0000000089f00000|  0%| F|  |TAMS 0x0000000089e00000, 0x0000000089e00000| Untracked 
| 159|0x0000000089f00000, 0x0000000089f00000, 0x000000008a000000|  0%| F|  |TAMS 0x0000000089f00000, 0x0000000089f00000| Untracked 
| 160|0x000000008a000000, 0x000000008a000000, 0x000000008a100000|  0%| F|  |TAMS 0x000000008a000000, 0x000000008a000000| Untracked 
| 161|0x000000008a100000, 0x000000008a100000, 0x000000008a200000|  0%| F|  |TAMS 0x000000008a100000, 0x000000008a100000| Untracked 
| 162|0x000000008a200000, 0x000000008a200000, 0x000000008a300000|  0%| F|  |TAMS 0x000000008a200000, 0x000000008a200000| Untracked 
| 163|0x000000008a300000, 0x000000008a300000, 0x000000008a400000|  0%| F|  |TAMS 0x000000008a300000, 0x000000008a300000| Untracked 
| 164|0x000000008a400000, 0x000000008a400000, 0x000000008a500000|  0%| F|  |TAMS 0x000000008a400000, 0x000000008a400000| Untracked 
| 165|0x000000008a500000, 0x000000008a500000, 0x000000008a600000|  0%| F|  |TAMS 0x000000008a500000, 0x000000008a500000| Untracked 
| 166|0x000000008a600000, 0x000000008a600000, 0x000000008a700000|  0%| F|  |TAMS 0x000000008a600000, 0x000000008a600000| Untracked 
| 167|0x000000008a700000, 0x000000008a700000, 0x000000008a800000|  0%| F|  |TAMS 0x000000008a700000, 0x000000008a700000| Untracked 
| 168|0x000000008a800000, 0x000000008a800000, 0x000000008a900000|  0%| F|  |TAMS 0x000000008a800000, 0x000000008a800000| Untracked 
| 169|0x000000008a900000, 0x000000008aa00000, 0x000000008aa00000|100%| O|  |TAMS 0x000000008aa00000, 0x000000008a900000| Untracked 
| 170|0x000000008aa00000, 0x000000008ab00000, 0x000000008ab00000|100%| O|  |TAMS 0x000000008ab00000, 0x000000008aa00000| Untracked 
| 171|0x000000008ab00000, 0x000000008ac00000, 0x000000008ac00000|100%| O|  |TAMS 0x000000008ac00000, 0x000000008ab00000| Untracked 
| 172|0x000000008ac00000, 0x000000008ac00000, 0x000000008ad00000|  0%| F|  |TAMS 0x000000008ac00000, 0x000000008ac00000| Untracked 
| 173|0x000000008ad00000, 0x000000008ad00000, 0x000000008ae00000|  0%| F|  |TAMS 0x000000008ad00000, 0x000000008ad00000| Untracked 
| 174|0x000000008ae00000, 0x000000008ae00000, 0x000000008af00000|  0%| F|  |TAMS 0x000000008ae00000, 0x000000008ae00000| Untracked 
| 175|0x000000008af00000, 0x000000008b000000, 0x000000008b000000|100%| O|  |TAMS 0x000000008b000000, 0x000000008af00000| Untracked 
| 176|0x000000008b000000, 0x000000008b100000, 0x000000008b100000|100%| O|  |TAMS 0x000000008b100000, 0x000000008b000000| Untracked 
| 177|0x000000008b100000, 0x000000008b200000, 0x000000008b200000|100%| O|  |TAMS 0x000000008b200000, 0x000000008b100000| Untracked 
| 178|0x000000008b200000, 0x000000008b300000, 0x000000008b300000|100%| O|  |TAMS 0x000000008b300000, 0x000000008b200000| Untracked 
| 179|0x000000008b300000, 0x000000008b400000, 0x000000008b400000|100%| O|  |TAMS 0x000000008b400000, 0x000000008b300000| Untracked 
| 180|0x000000008b400000, 0x000000008b400000, 0x000000008b500000|  0%| F|  |TAMS 0x000000008b400000, 0x000000008b400000| Untracked 
| 181|0x000000008b500000, 0x000000008b500000, 0x000000008b600000|  0%| F|  |TAMS 0x000000008b500000, 0x000000008b500000| Untracked 
| 182|0x000000008b600000, 0x000000008b600000, 0x000000008b700000|  0%| F|  |TAMS 0x000000008b600000, 0x000000008b600000| Untracked 
| 183|0x000000008b700000, 0x000000008b700000, 0x000000008b800000|  0%| F|  |TAMS 0x000000008b700000, 0x000000008b700000| Untracked 
| 184|0x000000008b800000, 0x000000008b800000, 0x000000008b900000|  0%| F|  |TAMS 0x000000008b800000, 0x000000008b800000| Untracked 
| 185|0x000000008b900000, 0x000000008b900000, 0x000000008ba00000|  0%| F|  |TAMS 0x000000008b900000, 0x000000008b900000| Untracked 
| 186|0x000000008ba00000, 0x000000008ba00000, 0x000000008bb00000|  0%| F|  |TAMS 0x000000008ba00000, 0x000000008ba00000| Untracked 
| 187|0x000000008bb00000, 0x000000008bb00000, 0x000000008bc00000|  0%| F|  |TAMS 0x000000008bb00000, 0x000000008bb00000| Untracked 
| 188|0x000000008bc00000, 0x000000008bc00000, 0x000000008bd00000|  0%| F|  |TAMS 0x000000008bc00000, 0x000000008bc00000| Untracked 
| 189|0x000000008bd00000, 0x000000008bd00000, 0x000000008be00000|  0%| F|  |TAMS 0x000000008bd00000, 0x000000008bd00000| Untracked 
| 190|0x000000008be00000, 0x000000008bf00000, 0x000000008bf00000|100%| O|  |TAMS 0x000000008bf00000, 0x000000008be00000| Untracked 
| 191|0x000000008bf00000, 0x000000008bf00000, 0x000000008c000000|  0%| F|  |TAMS 0x000000008bf00000, 0x000000008bf00000| Untracked 
| 192|0x000000008c000000, 0x000000008c000000, 0x000000008c100000|  0%| F|  |TAMS 0x000000008c000000, 0x000000008c000000| Untracked 
| 193|0x000000008c100000, 0x000000008c100000, 0x000000008c200000|  0%| F|  |TAMS 0x000000008c100000, 0x000000008c100000| Untracked 
| 194|0x000000008c200000, 0x000000008c200000, 0x000000008c300000|  0%| F|  |TAMS 0x000000008c200000, 0x000000008c200000| Untracked 
| 195|0x000000008c300000, 0x000000008c300000, 0x000000008c400000|  0%| F|  |TAMS 0x000000008c300000, 0x000000008c300000| Untracked 
| 196|0x000000008c400000, 0x000000008c400000, 0x000000008c500000|  0%| F|  |TAMS 0x000000008c400000, 0x000000008c400000| Untracked 
| 197|0x000000008c500000, 0x000000008c500000, 0x000000008c600000|  0%| F|  |TAMS 0x000000008c500000, 0x000000008c500000| Untracked 
| 198|0x000000008c600000, 0x000000008c600000, 0x000000008c700000|  0%| F|  |TAMS 0x000000008c600000, 0x000000008c600000| Untracked 
| 199|0x000000008c700000, 0x000000008c700000, 0x000000008c800000|  0%| F|  |TAMS 0x000000008c700000, 0x000000008c700000| Untracked 
| 200|0x000000008c800000, 0x000000008c800000, 0x000000008c900000|  0%| F|  |TAMS 0x000000008c800000, 0x000000008c800000| Untracked 
| 201|0x000000008c900000, 0x000000008c900000, 0x000000008ca00000|  0%| F|  |TAMS 0x000000008c900000, 0x000000008c900000| Untracked 
| 202|0x000000008ca00000, 0x000000008ca00000, 0x000000008cb00000|  0%| F|  |TAMS 0x000000008ca00000, 0x000000008ca00000| Untracked 
| 203|0x000000008cb00000, 0x000000008cb00000, 0x000000008cc00000|  0%| F|  |TAMS 0x000000008cb00000, 0x000000008cb00000| Untracked 
| 204|0x000000008cc00000, 0x000000008cc00000, 0x000000008cd00000|  0%| F|  |TAMS 0x000000008cc00000, 0x000000008cc00000| Untracked 
| 205|0x000000008cd00000, 0x000000008cd00000, 0x000000008ce00000|  0%| F|  |TAMS 0x000000008cd00000, 0x000000008cd00000| Untracked 
| 206|0x000000008ce00000, 0x000000008ce00000, 0x000000008cf00000|  0%| F|  |TAMS 0x000000008ce00000, 0x000000008ce00000| Untracked 
| 207|0x000000008cf00000, 0x000000008cf00000, 0x000000008d000000|  0%| F|  |TAMS 0x000000008cf00000, 0x000000008cf00000| Untracked 
| 208|0x000000008d000000, 0x000000008d000000, 0x000000008d100000|  0%| F|  |TAMS 0x000000008d000000, 0x000000008d000000| Untracked 
| 209|0x000000008d100000, 0x000000008d100000, 0x000000008d200000|  0%| F|  |TAMS 0x000000008d100000, 0x000000008d100000| Untracked 
| 210|0x000000008d200000, 0x000000008d200000, 0x000000008d300000|  0%| F|  |TAMS 0x000000008d200000, 0x000000008d200000| Untracked 
| 211|0x000000008d300000, 0x000000008d3644e8, 0x000000008d400000| 39%| S|CS|TAMS 0x000000008d300000, 0x000000008d300000| Complete 
| 212|0x000000008d400000, 0x000000008d500000, 0x000000008d500000|100%| S|CS|TAMS 0x000000008d400000, 0x000000008d400000| Complete 
| 213|0x000000008d500000, 0x000000008d500000, 0x000000008d600000|  0%| F|  |TAMS 0x000000008d500000, 0x000000008d500000| Untracked 
| 214|0x000000008d600000, 0x000000008d700000, 0x000000008d700000|100%| S|CS|TAMS 0x000000008d600000, 0x000000008d600000| Complete 
| 215|0x000000008d700000, 0x000000008d700000, 0x000000008d800000|  0%| F|  |TAMS 0x000000008d700000, 0x000000008d700000| Untracked 
| 216|0x000000008d800000, 0x000000008d800000, 0x000000008d900000|  0%| F|  |TAMS 0x000000008d800000, 0x000000008d800000| Untracked 
| 217|0x000000008d900000, 0x000000008d900000, 0x000000008da00000|  0%| F|  |TAMS 0x000000008d900000, 0x000000008d900000| Untracked 
| 218|0x000000008da00000, 0x000000008da00000, 0x000000008db00000|  0%| F|  |TAMS 0x000000008da00000, 0x000000008da00000| Untracked 
| 219|0x000000008db00000, 0x000000008db00000, 0x000000008dc00000|  0%| F|  |TAMS 0x000000008db00000, 0x000000008db00000| Untracked 
| 220|0x000000008dc00000, 0x000000008dc00000, 0x000000008dd00000|  0%| F|  |TAMS 0x000000008dc00000, 0x000000008dc00000| Untracked 
| 221|0x000000008dd00000, 0x000000008dd00000, 0x000000008de00000|  0%| F|  |TAMS 0x000000008dd00000, 0x000000008dd00000| Untracked 
| 222|0x000000008de00000, 0x000000008de00000, 0x000000008df00000|  0%| F|  |TAMS 0x000000008de00000, 0x000000008de00000| Untracked 
| 223|0x000000008df00000, 0x000000008df00000, 0x000000008e000000|  0%| F|  |TAMS 0x000000008df00000, 0x000000008df00000| Untracked 
| 224|0x000000008e000000, 0x000000008e000000, 0x000000008e100000|  0%| F|  |TAMS 0x000000008e000000, 0x000000008e000000| Untracked 
| 225|0x000000008e100000, 0x000000008e100000, 0x000000008e200000|  0%| F|  |TAMS 0x000000008e100000, 0x000000008e100000| Untracked 
| 226|0x000000008e200000, 0x000000008e200000, 0x000000008e300000|  0%| F|  |TAMS 0x000000008e200000, 0x000000008e200000| Untracked 
| 227|0x000000008e300000, 0x000000008e300000, 0x000000008e400000|  0%| F|  |TAMS 0x000000008e300000, 0x000000008e300000| Untracked 
| 228|0x000000008e400000, 0x000000008e400000, 0x000000008e500000|  0%| F|  |TAMS 0x000000008e400000, 0x000000008e400000| Untracked 
| 229|0x000000008e500000, 0x000000008e500000, 0x000000008e600000|  0%| F|  |TAMS 0x000000008e500000, 0x000000008e500000| Untracked 
| 230|0x000000008e600000, 0x000000008e600000, 0x000000008e700000|  0%| F|  |TAMS 0x000000008e600000, 0x000000008e600000| Untracked 
| 231|0x000000008e700000, 0x000000008e700000, 0x000000008e800000|  0%| F|  |TAMS 0x000000008e700000, 0x000000008e700000| Untracked 
| 232|0x000000008e800000, 0x000000008e800000, 0x000000008e900000|  0%| F|  |TAMS 0x000000008e800000, 0x000000008e800000| Untracked 
| 233|0x000000008e900000, 0x000000008e900000, 0x000000008ea00000|  0%| F|  |TAMS 0x000000008e900000, 0x000000008e900000| Untracked 
| 234|0x000000008ea00000, 0x000000008ea00000, 0x000000008eb00000|  0%| F|  |TAMS 0x000000008ea00000, 0x000000008ea00000| Untracked 
| 235|0x000000008eb00000, 0x000000008eb00000, 0x000000008ec00000|  0%| F|  |TAMS 0x000000008eb00000, 0x000000008eb00000| Untracked 
| 236|0x000000008ec00000, 0x000000008ec00000, 0x000000008ed00000|  0%| F|  |TAMS 0x000000008ec00000, 0x000000008ec00000| Untracked 
| 237|0x000000008ed00000, 0x000000008ed00000, 0x000000008ee00000|  0%| F|  |TAMS 0x000000008ed00000, 0x000000008ed00000| Untracked 
| 238|0x000000008ee00000, 0x000000008ee00000, 0x000000008ef00000|  0%| F|  |TAMS 0x000000008ee00000, 0x000000008ee00000| Untracked 
| 239|0x000000008ef00000, 0x000000008ef00000, 0x000000008f000000|  0%| F|  |TAMS 0x000000008ef00000, 0x000000008ef00000| Untracked 
| 240|0x000000008f000000, 0x000000008f000000, 0x000000008f100000|  0%| F|  |TAMS 0x000000008f000000, 0x000000008f000000| Untracked 
| 241|0x000000008f100000, 0x000000008f100000, 0x000000008f200000|  0%| F|  |TAMS 0x000000008f100000, 0x000000008f100000| Untracked 
| 242|0x000000008f200000, 0x000000008f200000, 0x000000008f300000|  0%| F|  |TAMS 0x000000008f200000, 0x000000008f200000| Untracked 
| 243|0x000000008f300000, 0x000000008f300000, 0x000000008f400000|  0%| F|  |TAMS 0x000000008f300000, 0x000000008f300000| Untracked 
| 244|0x000000008f400000, 0x000000008f400000, 0x000000008f500000|  0%| F|  |TAMS 0x000000008f400000, 0x000000008f400000| Untracked 
| 245|0x000000008f500000, 0x000000008f500000, 0x000000008f600000|  0%| F|  |TAMS 0x000000008f500000, 0x000000008f500000| Untracked 
| 246|0x000000008f600000, 0x000000008f600000, 0x000000008f700000|  0%| F|  |TAMS 0x000000008f600000, 0x000000008f600000| Untracked 
| 247|0x000000008f700000, 0x000000008f700000, 0x000000008f800000|  0%| F|  |TAMS 0x000000008f700000, 0x000000008f700000| Untracked 
| 248|0x000000008f800000, 0x000000008f800000, 0x000000008f900000|  0%| F|  |TAMS 0x000000008f800000, 0x000000008f800000| Untracked 
| 249|0x000000008f900000, 0x000000008f900000, 0x000000008fa00000|  0%| F|  |TAMS 0x000000008f900000, 0x000000008f900000| Untracked 
| 250|0x000000008fa00000, 0x000000008fa00000, 0x000000008fb00000|  0%| F|  |TAMS 0x000000008fa00000, 0x000000008fa00000| Untracked 
| 251|0x000000008fb00000, 0x000000008fb00000, 0x000000008fc00000|  0%| F|  |TAMS 0x000000008fb00000, 0x000000008fb00000| Untracked 
| 252|0x000000008fc00000, 0x000000008fc00000, 0x000000008fd00000|  0%| F|  |TAMS 0x000000008fc00000, 0x000000008fc00000| Untracked 
| 253|0x000000008fd00000, 0x000000008fd00000, 0x000000008fe00000|  0%| F|  |TAMS 0x000000008fd00000, 0x000000008fd00000| Untracked 
| 254|0x000000008fe00000, 0x000000008fe00000, 0x000000008ff00000|  0%| F|  |TAMS 0x000000008fe00000, 0x000000008fe00000| Untracked 
| 255|0x000000008ff00000, 0x000000008ff00000, 0x0000000090000000|  0%| F|  |TAMS 0x000000008ff00000, 0x000000008ff00000| Untracked 
| 256|0x0000000090000000, 0x0000000090000000, 0x0000000090100000|  0%| F|  |TAMS 0x0000000090000000, 0x0000000090000000| Untracked 
| 257|0x0000000090100000, 0x0000000090100000, 0x0000000090200000|  0%| F|  |TAMS 0x0000000090100000, 0x0000000090100000| Untracked 
| 258|0x0000000090200000, 0x0000000090200000, 0x0000000090300000|  0%| F|  |TAMS 0x0000000090200000, 0x0000000090200000| Untracked 
| 259|0x0000000090300000, 0x0000000090300000, 0x0000000090400000|  0%| F|  |TAMS 0x0000000090300000, 0x0000000090300000| Untracked 
| 260|0x0000000090400000, 0x0000000090400000, 0x0000000090500000|  0%| F|  |TAMS 0x0000000090400000, 0x0000000090400000| Untracked 
| 261|0x0000000090500000, 0x0000000090500000, 0x0000000090600000|  0%| F|  |TAMS 0x0000000090500000, 0x0000000090500000| Untracked 
| 262|0x0000000090600000, 0x0000000090600000, 0x0000000090700000|  0%| F|  |TAMS 0x0000000090600000, 0x0000000090600000| Untracked 
| 263|0x0000000090700000, 0x0000000090700000, 0x0000000090800000|  0%| F|  |TAMS 0x0000000090700000, 0x0000000090700000| Untracked 
| 264|0x0000000090800000, 0x0000000090800000, 0x0000000090900000|  0%| F|  |TAMS 0x0000000090800000, 0x0000000090800000| Untracked 
| 265|0x0000000090900000, 0x0000000090900000, 0x0000000090a00000|  0%| F|  |TAMS 0x0000000090900000, 0x0000000090900000| Untracked 
| 266|0x0000000090a00000, 0x0000000090a00000, 0x0000000090b00000|  0%| F|  |TAMS 0x0000000090a00000, 0x0000000090a00000| Untracked 
| 267|0x0000000090b00000, 0x0000000090b00000, 0x0000000090c00000|  0%| F|  |TAMS 0x0000000090b00000, 0x0000000090b00000| Untracked 
| 268|0x0000000090c00000, 0x0000000090c00000, 0x0000000090d00000|  0%| F|  |TAMS 0x0000000090c00000, 0x0000000090c00000| Untracked 
| 269|0x0000000090d00000, 0x0000000090dea000, 0x0000000090e00000| 91%| E|  |TAMS 0x0000000090d00000, 0x0000000090d00000| Complete 
| 270|0x0000000090e00000, 0x0000000090f00000, 0x0000000090f00000|100%| E|CS|TAMS 0x0000000090e00000, 0x0000000090e00000| Complete 
| 271|0x0000000090f00000, 0x0000000091000000, 0x0000000091000000|100%| E|CS|TAMS 0x0000000090f00000, 0x0000000090f00000| Complete 
| 272|0x0000000091000000, 0x0000000091100000, 0x0000000091100000|100%| E|CS|TAMS 0x0000000091000000, 0x0000000091000000| Complete 
| 273|0x0000000091100000, 0x0000000091200000, 0x0000000091200000|100%| E|CS|TAMS 0x0000000091100000, 0x0000000091100000| Complete 
| 274|0x0000000091200000, 0x0000000091300000, 0x0000000091300000|100%| E|CS|TAMS 0x0000000091200000, 0x0000000091200000| Complete 
| 275|0x0000000091300000, 0x0000000091400000, 0x0000000091400000|100%| E|CS|TAMS 0x0000000091300000, 0x0000000091300000| Complete 
| 276|0x0000000091400000, 0x0000000091500000, 0x0000000091500000|100%| E|CS|TAMS 0x0000000091400000, 0x0000000091400000| Complete 
| 277|0x0000000091500000, 0x0000000091600000, 0x0000000091600000|100%| E|CS|TAMS 0x0000000091500000, 0x0000000091500000| Complete 
| 278|0x0000000091600000, 0x0000000091700000, 0x0000000091700000|100%| E|CS|TAMS 0x0000000091600000, 0x0000000091600000| Complete 
| 279|0x0000000091700000, 0x0000000091800000, 0x0000000091800000|100%| E|CS|TAMS 0x0000000091700000, 0x0000000091700000| Complete 
| 280|0x0000000091800000, 0x0000000091900000, 0x0000000091900000|100%| E|CS|TAMS 0x0000000091800000, 0x0000000091800000| Complete 
| 281|0x0000000091900000, 0x0000000091a00000, 0x0000000091a00000|100%| E|CS|TAMS 0x0000000091900000, 0x0000000091900000| Complete 
| 282|0x0000000091a00000, 0x0000000091b00000, 0x0000000091b00000|100%| E|CS|TAMS 0x0000000091a00000, 0x0000000091a00000| Complete 
| 283|0x0000000091b00000, 0x0000000091c00000, 0x0000000091c00000|100%| E|CS|TAMS 0x0000000091b00000, 0x0000000091b00000| Complete 
| 284|0x0000000091c00000, 0x0000000091d00000, 0x0000000091d00000|100%| E|CS|TAMS 0x0000000091c00000, 0x0000000091c00000| Complete 
| 285|0x0000000091d00000, 0x0000000091e00000, 0x0000000091e00000|100%| E|CS|TAMS 0x0000000091d00000, 0x0000000091d00000| Complete 
| 286|0x0000000091e00000, 0x0000000091f00000, 0x0000000091f00000|100%| E|CS|TAMS 0x0000000091e00000, 0x0000000091e00000| Complete 
| 287|0x0000000091f00000, 0x0000000092000000, 0x0000000092000000|100%| E|CS|TAMS 0x0000000091f00000, 0x0000000091f00000| Complete 
| 288|0x0000000092000000, 0x0000000092100000, 0x0000000092100000|100%| E|CS|TAMS 0x0000000092000000, 0x0000000092000000| Complete 
| 289|0x0000000092100000, 0x0000000092200000, 0x0000000092200000|100%| E|CS|TAMS 0x0000000092100000, 0x0000000092100000| Complete 
| 290|0x0000000092200000, 0x0000000092300000, 0x0000000092300000|100%| E|CS|TAMS 0x0000000092200000, 0x0000000092200000| Complete 
| 291|0x0000000092300000, 0x0000000092400000, 0x0000000092400000|100%| E|CS|TAMS 0x0000000092300000, 0x0000000092300000| Complete 
| 292|0x0000000092400000, 0x0000000092500000, 0x0000000092500000|100%| E|CS|TAMS 0x0000000092400000, 0x0000000092400000| Complete 
| 293|0x0000000092500000, 0x0000000092600000, 0x0000000092600000|100%| E|CS|TAMS 0x0000000092500000, 0x0000000092500000| Complete 
| 294|0x0000000092600000, 0x0000000092700000, 0x0000000092700000|100%| E|  |TAMS 0x0000000092600000, 0x0000000092600000| Complete 
| 295|0x0000000092700000, 0x0000000092800000, 0x0000000092800000|100%| E|CS|TAMS 0x0000000092700000, 0x0000000092700000| Complete 
| 296|0x0000000092800000, 0x0000000092900000, 0x0000000092900000|100%| E|CS|TAMS 0x0000000092800000, 0x0000000092800000| Complete 
| 297|0x0000000092900000, 0x0000000092a00000, 0x0000000092a00000|100%| E|CS|TAMS 0x0000000092900000, 0x0000000092900000| Complete 
| 298|0x0000000092a00000, 0x0000000092b00000, 0x0000000092b00000|100%| E|CS|TAMS 0x0000000092a00000, 0x0000000092a00000| Complete 
| 299|0x0000000092b00000, 0x0000000092c00000, 0x0000000092c00000|100%| E|CS|TAMS 0x0000000092b00000, 0x0000000092b00000| Complete 
| 300|0x0000000092c00000, 0x0000000092d00000, 0x0000000092d00000|100%| E|CS|TAMS 0x0000000092c00000, 0x0000000092c00000| Complete 
| 301|0x0000000092d00000, 0x0000000092e00000, 0x0000000092e00000|100%| E|CS|TAMS 0x0000000092d00000, 0x0000000092d00000| Complete 
| 302|0x0000000092e00000, 0x0000000092f00000, 0x0000000092f00000|100%| E|CS|TAMS 0x0000000092e00000, 0x0000000092e00000| Complete 
| 303|0x0000000092f00000, 0x0000000093000000, 0x0000000093000000|100%| E|CS|TAMS 0x0000000092f00000, 0x0000000092f00000| Complete 
| 304|0x0000000093000000, 0x0000000093100000, 0x0000000093100000|100%| E|CS|TAMS 0x0000000093000000, 0x0000000093000000| Complete 
| 305|0x0000000093100000, 0x0000000093200000, 0x0000000093200000|100%| E|CS|TAMS 0x0000000093100000, 0x0000000093100000| Complete 
| 306|0x0000000093200000, 0x0000000093300000, 0x0000000093300000|100%| E|CS|TAMS 0x0000000093200000, 0x0000000093200000| Complete 
| 307|0x0000000093300000, 0x0000000093400000, 0x0000000093400000|100%| E|CS|TAMS 0x0000000093300000, 0x0000000093300000| Complete 
| 308|0x0000000093400000, 0x0000000093500000, 0x0000000093500000|100%| E|CS|TAMS 0x0000000093400000, 0x0000000093400000| Complete 
| 309|0x0000000093500000, 0x0000000093600000, 0x0000000093600000|100%| E|CS|TAMS 0x0000000093500000, 0x0000000093500000| Complete 
| 310|0x0000000093600000, 0x0000000093700000, 0x0000000093700000|100%| E|CS|TAMS 0x0000000093600000, 0x0000000093600000| Complete 
| 311|0x0000000093700000, 0x0000000093800000, 0x0000000093800000|100%| E|CS|TAMS 0x0000000093700000, 0x0000000093700000| Complete 
| 312|0x0000000093800000, 0x0000000093900000, 0x0000000093900000|100%| E|CS|TAMS 0x0000000093800000, 0x0000000093800000| Complete 
| 313|0x0000000093900000, 0x0000000093a00000, 0x0000000093a00000|100%| E|CS|TAMS 0x0000000093900000, 0x0000000093900000| Complete 
| 314|0x0000000093a00000, 0x0000000093b00000, 0x0000000093b00000|100%| E|CS|TAMS 0x0000000093a00000, 0x0000000093a00000| Complete 
| 315|0x0000000093b00000, 0x0000000093c00000, 0x0000000093c00000|100%| E|CS|TAMS 0x0000000093b00000, 0x0000000093b00000| Complete 
| 316|0x0000000093c00000, 0x0000000093d00000, 0x0000000093d00000|100%| E|CS|TAMS 0x0000000093c00000, 0x0000000093c00000| Complete 
| 317|0x0000000093d00000, 0x0000000093e00000, 0x0000000093e00000|100%| E|CS|TAMS 0x0000000093d00000, 0x0000000093d00000| Complete 
| 318|0x0000000093e00000, 0x0000000093f00000, 0x0000000093f00000|100%| E|CS|TAMS 0x0000000093e00000, 0x0000000093e00000| Complete 
| 319|0x0000000093f00000, 0x0000000094000000, 0x0000000094000000|100%| E|CS|TAMS 0x0000000093f00000, 0x0000000093f00000| Complete 
| 320|0x0000000094000000, 0x0000000094100000, 0x0000000094100000|100%| E|CS|TAMS 0x0000000094000000, 0x0000000094000000| Complete 
| 321|0x0000000094100000, 0x0000000094200000, 0x0000000094200000|100%| E|CS|TAMS 0x0000000094100000, 0x0000000094100000| Complete 
| 322|0x0000000094200000, 0x0000000094300000, 0x0000000094300000|100%| E|CS|TAMS 0x0000000094200000, 0x0000000094200000| Complete 
| 323|0x0000000094300000, 0x0000000094400000, 0x0000000094400000|100%| E|CS|TAMS 0x0000000094300000, 0x0000000094300000| Complete 
| 324|0x0000000094400000, 0x0000000094500000, 0x0000000094500000|100%| E|CS|TAMS 0x0000000094400000, 0x0000000094400000| Complete 
| 325|0x0000000094500000, 0x0000000094600000, 0x0000000094600000|100%| E|CS|TAMS 0x0000000094500000, 0x0000000094500000| Complete 
| 326|0x0000000094600000, 0x0000000094700000, 0x0000000094700000|100%| E|CS|TAMS 0x0000000094600000, 0x0000000094600000| Complete 
| 327|0x0000000094700000, 0x0000000094800000, 0x0000000094800000|100%| E|CS|TAMS 0x0000000094700000, 0x0000000094700000| Complete 
| 328|0x0000000094800000, 0x0000000094900000, 0x0000000094900000|100%| E|CS|TAMS 0x0000000094800000, 0x0000000094800000| Complete 

Card table byte_map: [0x00000218f6280000,0x00000218f6680000] _byte_map_base: 0x00000218f5e80000

Marking Bits (Prev, Next): (CMBitMap*) 0x00000218f23bb5a8, (CMBitMap*) 0x00000218f23bb5e0
 Prev Bits: [0x00000218f6a80000, 0x00000218f8a80000)
 Next Bits: [0x00000218f8a80000, 0x00000218faa80000)

Polling page: 0x00000218f0520000

Metaspace:

Usage:
  Non-class:    114.25 MB capacity,   112.12 MB ( 98%) used,     1.75 MB (  2%) free+waste,   394.88 KB ( <1%) overhead. 
      Class:     17.33 MB capacity,    16.07 MB ( 93%) used,     1.10 MB (  6%) free+waste,   176.81 KB ( <1%) overhead. 
       Both:    131.58 MB capacity,   128.18 MB ( 97%) used,     2.84 MB (  2%) free+waste,   571.69 KB ( <1%) overhead. 

Virtual space:
  Non-class space:      116.00 MB reserved,     114.25 MB ( 98%) committed 
      Class space:        1.00 GB reserved,      17.45 MB (  2%) committed 
             Both:        1.11 GB reserved,     131.70 MB ( 12%) committed 

Chunk freelists:
   Non-Class:  0 bytes
       Class:  8.00 KB
        Both:  8.00 KB

MaxMetaspaceSize: 17179869184.00 GB
CompressedClassSpaceSize: 1.00 GB
Initial GC threshold: 20.80 MB
Current GC threshold: 194.29 MB
CDS: off

CodeHeap 'non-profiled nmethods': size=120064Kb used=11228Kb max_used=11324Kb free=108835Kb
 bounds [0x0000021887ac0000, 0x00000218885d0000, 0x000002188f000000]
CodeHeap 'profiled nmethods': size=120000Kb used=40877Kb max_used=40877Kb free=79122Kb
 bounds [0x0000021880590000, 0x0000021882d90000, 0x0000021887ac0000]
CodeHeap 'non-nmethods': size=5696Kb used=2487Kb max_used=2565Kb free=3208Kb
 bounds [0x0000021880000000, 0x0000021880290000, 0x0000021880590000]
 total_blobs=19113 nmethods=18096 adapters=928
 compilation: enabled
              stopped_count=0, restarted_count=0
 full_count=0

Compilation events (20 events):
Event: 62.516 Thread 0x00000218fd812000 19095       2       com.android.tools.r8.utils.B$$Lambda$1488/0x00000001010c4840::a (10 bytes)
Event: 62.516 Thread 0x00000218fd812000 nmethod 19095 0x0000021880651390 code [0x0000021880651540, 0x0000021880651668]
Event: 62.516 Thread 0x00000218fd812000 19096       2       com.android.tools.r8.utils.B$$Lambda$1483/0x00000001010c5c40::accept (10 bytes)
Event: 62.516 Thread 0x00000218fd812000 nmethod 19096 0x0000021880666f90 code [0x0000021880667140, 0x0000021880667268]
Event: 62.517 Thread 0x00000218fd812000 19097       2       com.android.tools.r8.graph.K2::f (97 bytes)
Event: 62.517 Thread 0x00000218fd812000 nmethod 19097 0x0000021880666810 code [0x0000021880666a00, 0x0000021880666d98]
Event: 62.518 Thread 0x00000218fd812000 19098       2       com.android.tools.r8.internal.ZJ::b (4 bytes)
Event: 62.518 Thread 0x00000218fd812000 nmethod 19098 0x000002188060cf90 code [0x000002188060d140, 0x000002188060d218]
Event: 62.519 Thread 0x00000218fd812000 19099       2       com.android.tools.r8.graph.M2::a (13 bytes)
Event: 62.519 Thread 0x00000218fd812000 nmethod 19099 0x0000021880666310 code [0x00000218806664e0, 0x0000021880666728]
Event: 62.521 Thread 0x00000218fd812000 19100       2       com.android.tools.r8.graph.Z0::g (16 bytes)
Event: 62.521 Thread 0x00000218fd812000 nmethod 19100 0x0000021880665a90 code [0x0000021880665c80, 0x0000021880666108]
Event: 62.522 Thread 0x00000218fd812000 19101       2       com.android.tools.r8.ir.conversion.r$$Lambda$1607/0x000000010112a440::accept (16 bytes)
Event: 62.522 Thread 0x00000218fd812000 nmethod 19101 0x0000021880665010 code [0x0000021880665200, 0x0000021880665758]
Event: 62.525 Thread 0x00000218fd812000 19102       1       com.android.tools.r8.graph.J::getType (5 bytes)
Event: 62.525 Thread 0x00000218fd812000 nmethod 19102 0x0000021887be5a90 code [0x0000021887be5c40, 0x0000021887be5cf8]
Event: 62.525 Thread 0x00000218fd812000 19103       2       com.android.tools.r8.ir.conversion.q::a (36 bytes)
Event: 62.525 Thread 0x00000218fd812000 nmethod 19103 0x0000021880664c10 code [0x0000021880664dc0, 0x0000021880664ee8]
Event: 62.529 Thread 0x00000218fd812000 19104       2       java.util.zip.ZipFile$InflaterCleanupAction::run (12 bytes)
Event: 62.529 Thread 0x00000218fd812000 nmethod 19104 0x0000021880664890 code [0x0000021880664a40, 0x0000021880664b68]

GC Heap History (20 events):
Event: 57.116 GC heap before
{Heap before GC invocations=40 (full 0):
 garbage-first heap   total 233472K, used 197855K [0x0000000080000000, 0x0000000100000000)
  region size 1024K, 16 young (16384K), 1 survivors (1024K)
 Metaspace       used 115057K, capacity 118111K, committed 118348K, reserved 1153024K
  class space    used 14473K, capacity 15583K, committed 15692K, reserved 1048576K
}
Event: 57.124 GC heap after
{Heap after GC invocations=41 (full 0):
 garbage-first heap   total 233472K, used 185542K [0x0000000080000000, 0x0000000100000000)
  region size 1024K, 2 young (2048K), 2 survivors (2048K)
 Metaspace       used 115057K, capacity 118111K, committed 118348K, reserved 1153024K
  class space    used 14473K, capacity 15583K, committed 15692K, reserved 1048576K
}
Event: 57.536 GC heap before
{Heap before GC invocations=42 (full 0):
 garbage-first heap   total 233472K, used 176326K [0x0000000080000000, 0x0000000100000000)
  region size 1024K, 16 young (16384K), 2 survivors (2048K)
 Metaspace       used 116567K, capacity 119624K, committed 119756K, reserved 1153024K
  class space    used 14631K, capacity 15746K, committed 15820K, reserved 1048576K
}
Event: 57.544 GC heap after
{Heap after GC invocations=43 (full 0):
 garbage-first heap   total 233472K, used 165232K [0x0000000080000000, 0x0000000100000000)
  region size 1024K, 2 young (2048K), 2 survivors (2048K)
 Metaspace       used 116567K, capacity 119624K, committed 119756K, reserved 1153024K
  class space    used 14631K, capacity 15746K, committed 15820K, reserved 1048576K
}
Event: 57.697 GC heap before
{Heap before GC invocations=43 (full 0):
 garbage-first heap   total 233472K, used 174448K [0x0000000080000000, 0x0000000100000000)
  region size 1024K, 11 young (11264K), 2 survivors (2048K)
 Metaspace       used 116766K, capacity 119826K, committed 120012K, reserved 1153024K
  class space    used 14645K, capacity 15749K, committed 15820K, reserved 1048576K
}
Event: 57.704 GC heap after
{Heap after GC invocations=44 (full 0):
 garbage-first heap   total 233472K, used 143389K [0x0000000080000000, 0x0000000100000000)
  region size 1024K, 2 young (2048K), 2 survivors (2048K)
 Metaspace       used 116766K, capacity 119826K, committed 120012K, reserved 1153024K
  class space    used 14645K, capacity 15749K, committed 15820K, reserved 1048576K
}
Event: 57.847 GC heap before
{Heap before GC invocations=44 (full 0):
 garbage-first heap   total 233472K, used 151581K [0x0000000080000000, 0x0000000100000000)
  region size 1024K, 11 young (11264K), 2 survivors (2048K)
 Metaspace       used 117229K, capacity 120324K, committed 120524K, reserved 1155072K
  class space    used 14671K, capacity 15787K, committed 15820K, reserved 1048576K
}
Event: 57.855 GC heap after
{Heap after GC invocations=45 (full 0):
 garbage-first heap   total 280576K, used 143170K [0x0000000080000000, 0x0000000100000000)
  region size 1024K, 2 young (2048K), 2 survivors (2048K)
 Metaspace       used 117229K, capacity 120324K, committed 120524K, reserved 1155072K
  class space    used 14671K, capacity 15787K, committed 15820K, reserved 1048576K
}
Event: 58.388 GC heap before
{Heap before GC invocations=45 (full 0):
 garbage-first heap   total 280576K, used 187202K [0x0000000080000000, 0x0000000100000000)
  region size 1024K, 46 young (47104K), 2 survivors (2048K)
 Metaspace       used 118253K, capacity 121416K, committed 121676K, reserved 1155072K
  class space    used 14778K, capacity 15890K, committed 15948K, reserved 1048576K
}
Event: 58.392 GC heap after
{Heap after GC invocations=46 (full 0):
 garbage-first heap   total 280576K, used 142427K [0x0000000080000000, 0x0000000100000000)
  region size 1024K, 1 young (1024K), 1 survivors (1024K)
 Metaspace       used 118253K, capacity 121416K, committed 121676K, reserved 1155072K
  class space    used 14778K, capacity 15890K, committed 15948K, reserved 1048576K
}
Event: 58.790 GC heap before
{Heap before GC invocations=46 (full 0):
 garbage-first heap   total 280576K, used 193627K [0x0000000080000000, 0x0000000100000000)
  region size 1024K, 51 young (52224K), 1 survivors (1024K)
 Metaspace       used 121090K, capacity 124200K, committed 124364K, reserved 1157120K
  class space    used 15132K, capacity 16242K, committed 16332K, reserved 1048576K
}
Event: 58.793 GC heap after
{Heap after GC invocations=47 (full 0):
 garbage-first heap   total 280576K, used 142654K [0x0000000080000000, 0x0000000100000000)
  region size 1024K, 1 young (1024K), 1 survivors (1024K)
 Metaspace       used 121090K, capacity 124200K, committed 124364K, reserved 1157120K
  class space    used 15132K, capacity 16242K, committed 16332K, reserved 1048576K
}
Event: 60.077 GC heap before
{Heap before GC invocations=47 (full 0):
 garbage-first heap   total 280576K, used 197950K [0x0000000080000000, 0x0000000100000000)
  region size 1024K, 56 young (57344K), 1 survivors (1024K)
 Metaspace       used 122143K, capacity 125313K, committed 125516K, reserved 1159168K
  class space    used 15211K, capacity 16348K, committed 16460K, reserved 1048576K
}
Event: 60.087 GC heap after
{Heap after GC invocations=48 (full 0):
 garbage-first heap   total 280576K, used 145536K [0x0000000080000000, 0x0000000100000000)
  region size 1024K, 4 young (4096K), 4 survivors (4096K)
 Metaspace       used 122143K, capacity 125313K, committed 125516K, reserved 1159168K
  class space    used 15211K, capacity 16348K, committed 16460K, reserved 1048576K
}
Event: 60.708 GC heap before
{Heap before GC invocations=48 (full 0):
 garbage-first heap   total 280576K, used 202880K [0x0000000080000000, 0x0000000100000000)
  region size 1024K, 61 young (62464K), 4 survivors (4096K)
 Metaspace       used 123269K, capacity 126476K, committed 126668K, reserved 1159168K
  class space    used 15352K, capacity 16519K, committed 16588K, reserved 1048576K
}
Event: 60.721 GC heap after
{Heap after GC invocations=49 (full 0):
 garbage-first heap   total 280576K, used 147774K [0x0000000080000000, 0x0000000100000000)
  region size 1024K, 6 young (6144K), 6 survivors (6144K)
 Metaspace       used 123269K, capacity 126476K, committed 126668K, reserved 1159168K
  class space    used 15352K, capacity 16519K, committed 16588K, reserved 1048576K
}
Event: 61.352 GC heap before
{Heap before GC invocations=49 (full 0):
 garbage-first heap   total 280576K, used 208190K [0x0000000080000000, 0x0000000100000000)
  region size 1024K, 66 young (67584K), 6 survivors (6144K)
 Metaspace       used 123463K, capacity 126632K, committed 126924K, reserved 1159168K
  class space    used 15364K, capacity 16527K, committed 16588K, reserved 1048576K
}
Event: 61.373 GC heap after
{Heap after GC invocations=50 (full 0):
 garbage-first heap   total 280576K, used 154704K [0x0000000080000000, 0x0000000100000000)
  region size 1024K, 9 young (9216K), 9 survivors (9216K)
 Metaspace       used 123463K, capacity 126632K, committed 126924K, reserved 1159168K
  class space    used 15364K, capacity 16527K, committed 16588K, reserved 1048576K
}
Event: 61.714 GC heap before
{Heap before GC invocations=50 (full 0):
 garbage-first heap   total 280576K, used 214096K [0x0000000080000000, 0x0000000100000000)
  region size 1024K, 68 young (69632K), 9 survivors (9216K)
 Metaspace       used 124425K, capacity 127656K, committed 127820K, reserved 1161216K
  class space    used 15498K, capacity 16652K, committed 16716K, reserved 1048576K
}
Event: 61.730 GC heap after
{Heap after GC invocations=51 (full 0):
 garbage-first heap   total 336896K, used 155163K [0x0000000080000000, 0x0000000100000000)
  region size 1024K, 3 young (3072K), 3 survivors (3072K)
 Metaspace       used 124425K, capacity 127656K, committed 127820K, reserved 1161216K
  class space    used 15498K, capacity 16652K, committed 16716K, reserved 1048576K
}

Deoptimization events (20 events):
Event: 62.265 Thread 0x000002188f810000 DEOPT PACKING pc=0x0000021887b2945c sp=0x000000ae7bff8ed0
Event: 62.265 Thread 0x000002188f810000 DEOPT UNPACKING pc=0x000002188004a1af sp=0x000000ae7bff8d18 mode 2
Event: 62.269 Thread 0x0000021892751000 Uncommon trap: trap_request=0xffffff4d fr.pc=0x0000021887d4e7f4 relative=0x0000000000000714
Event: 62.269 Thread 0x0000021892751000 Uncommon trap: reason=unstable_if action=reinterpret pc=0x0000021887d4e7f4 method=com.android.tools.r8.internal.xa.a(II[C)Ljava/lang/String; @ 32 c2
Event: 62.269 Thread 0x0000021892751000 DEOPT PACKING pc=0x0000021887d4e7f4 sp=0x000000ae7cbf9730
Event: 62.269 Thread 0x0000021892751000 DEOPT UNPACKING pc=0x000002188004a1af sp=0x000000ae7cbf96f0 mode 2
Event: 62.269 Thread 0x0000021892751000 Uncommon trap: trap_request=0xffffff4d fr.pc=0x0000021887dbc00c relative=0x000000000000084c
Event: 62.269 Thread 0x0000021892751000 Uncommon trap: reason=unstable_if action=reinterpret pc=0x0000021887dbc00c method=com.android.tools.r8.graph.d1.a(C)I @ 7 c2
Event: 62.269 Thread 0x0000021892751000 DEOPT PACKING pc=0x0000021887dbc00c sp=0x000000ae7cbf9710
Event: 62.269 Thread 0x0000021892751000 DEOPT UNPACKING pc=0x000002188004a1af sp=0x000000ae7cbf9668 mode 2
Event: 62.269 Thread 0x0000021892751000 Uncommon trap: trap_request=0xffffff4d fr.pc=0x0000021887b572e8 relative=0x0000000000000048
Event: 62.269 Thread 0x0000021892751000 Uncommon trap: reason=unstable_if action=reinterpret pc=0x0000021887b572e8 method=com.android.tools.r8.graph.d1.a(C)I @ 7 c2
Event: 62.269 Thread 0x0000021892751000 DEOPT PACKING pc=0x0000021887b572e8 sp=0x000000ae7cbf96c0
Event: 62.269 Thread 0x0000021892751000 DEOPT UNPACKING pc=0x000002188004a1af sp=0x000000ae7cbf9658 mode 2
Event: 62.269 Thread 0x0000021892751000 Uncommon trap: trap_request=0xffffff4d fr.pc=0x0000021887b16a24 relative=0x0000000000000084
Event: 62.269 Thread 0x0000021892751000 Uncommon trap: reason=unstable_if action=reinterpret pc=0x0000021887b16a24 method=com.android.tools.r8.graph.d1.a(C[BI)I @ 7 c2
Event: 62.269 Thread 0x0000021892751000 DEOPT PACKING pc=0x0000021887b16a24 sp=0x000000ae7cbf96b0
Event: 62.269 Thread 0x0000021892751000 DEOPT UNPACKING pc=0x000002188004a1af sp=0x000000ae7cbf9648 mode 2
Event: 62.473 Thread 0x0000021892751000 DEOPT PACKING pc=0x00000218814bd6eb sp=0x000000ae7cbf9aa0
Event: 62.473 Thread 0x0000021892751000 DEOPT UNPACKING pc=0x000002188004a95e sp=0x000000ae7cbf8f78 mode 0

Classes redefined (0 events):
No events

Internal exceptions (20 events):
Event: 61.284 Thread 0x000002188f80b800 Exception <a 'sun/nio/fs/WindowsException'{0x000000008ddef560}> (0x000000008ddef560) thrown at [./src/hotspot/share/prims/jni.cpp, line 615]
Event: 61.316 Thread 0x000002189274d800 Exception <a 'sun/nio/fs/WindowsException'{0x000000008d918428}> (0x000000008d918428) thrown at [./src/hotspot/share/prims/jni.cpp, line 615]
Event: 61.320 Thread 0x000002188f80b800 Exception <a 'sun/nio/fs/WindowsException'{0x000000008d9de738}> (0x000000008d9de738) thrown at [./src/hotspot/share/prims/jni.cpp, line 615]
Event: 61.341 Thread 0x0000021890223800 Exception <a 'sun/nio/fs/WindowsException'{0x000000008d68e448}> (0x000000008d68e448) thrown at [./src/hotspot/share/prims/jni.cpp, line 615]
Event: 61.377 Thread 0x0000021892756000 Exception <a 'java/lang/NoSuchMethodError'{0x00000000911551e8}: 'java.lang.Object java.lang.invoke.DirectMethodHandle$Holder.invokeVirtual(java.lang.Object, java.lang.Object, int)'> (0x00000000911551e8) thrown at [./src/hotspot/share/interpreter/linkResolver.cpp, line 773]
Event: 61.400 Thread 0x00000218fd97a000 Exception <a 'sun/nio/fs/WindowsException'{0x0000000090fcc848}> (0x0000000090fcc848) thrown at [./src/hotspot/share/prims/jni.cpp, line 615]
Event: 61.403 Thread 0x0000021890223800 Exception <a 'sun/nio/fs/WindowsException'{0x0000000090e64e20}> (0x0000000090e64e20) thrown at [./src/hotspot/share/prims/jni.cpp, line 615]
Event: 61.449 Thread 0x0000021892756000 Implicit null exception at 0x0000021887c84c50 to 0x0000021887c84c64
Event: 61.466 Thread 0x00000218fd97a000 Exception <a 'sun/nio/fs/WindowsException'{0x00000000906653b8}> (0x00000000906653b8) thrown at [./src/hotspot/share/prims/jni.cpp, line 615]
Event: 61.752 Thread 0x000002188f810000 Exception <a 'sun/nio/fs/WindowsException'{0x000000009454ad18}> (0x000000009454ad18) thrown at [./src/hotspot/share/prims/jni.cpp, line 615]
Event: 61.783 Thread 0x0000021892751000 Exception <a 'sun/nio/fs/WindowsException'{0x00000000940a5fc0}> (0x00000000940a5fc0) thrown at [./src/hotspot/share/prims/jni.cpp, line 615]
Event: 61.934 Thread 0x000002188f810000 Exception <a 'java/lang/NoSuchMethodError'{0x00000000936558f0}: 'java.lang.Object java.lang.invoke.DirectMethodHandle$Holder.invokeStaticInit(java.lang.Object, java.lang.Object, java.lang.Object, java.lang.Object, java.lang.Object, java.lang.Object, java.lang.Object, java.lang.Object, java.lang.Object, java.lang.Object, java.lang.Object, java.lang.Object, java.lang.Object, java.lang.Object, java.lang.Object, java.lang.Object, java.lang.Object, java.lang.Object, int, java.lang.Object, java.lang.Object)'> (0
Event: 61.969 Thread 0x000002188f810000 Exception <a 'java/lang/IncompatibleClassChangeError'{0x00000000935952a8}: Found class java.lang.Object, but interface was expected> (0x00000000935952a8) thrown at [./src/hotspot/share/interpreter/linkResolver.cpp, line 839]
Event: 62.030 Thread 0x0000021892751000 Exception <a 'java/lang/NoSuchMethodError'{0x0000000093270328}: 'java.lang.Object java.lang.invoke.DirectMethodHandle$Holder.invokeStatic(java.lang.Object, long)'> (0x0000000093270328) thrown at [./src/hotspot/share/interpreter/linkResolver.cpp, line 773]
Event: 62.040 Thread 0x0000021892751000 Exception <a 'java/lang/NoSuchMethodError'{0x000000009313a058}: 'void java.lang.invoke.DirectMethodHandle$Holder.invokeStatic(java.lang.Object, java.lang.Object, int, java.lang.Object, java.lang.Object, java.lang.Object, java.lang.Object)'> (0x000000009313a058) thrown at [./src/hotspot/share/interpreter/linkResolver.cpp, line 773]
Event: 62.209 Thread 0x000002188f810000 Exception <a 'java/lang/IncompatibleClassChangeError'{0x00000000928c5c08}: Found class java.lang.Object, but interface was expected> (0x00000000928c5c08) thrown at [./src/hotspot/share/interpreter/linkResolver.cpp, line 839]
Event: 62.209 Thread 0x0000021892751000 Exception <a 'java/lang/IncompatibleClassChangeError'{0x00000000928afb80}: Found class java.lang.Object, but interface was expected> (0x00000000928afb80) thrown at [./src/hotspot/share/interpreter/linkResolver.cpp, line 839]
Event: 62.265 Thread 0x000002188f810000 Implicit null exception at 0x0000021887b285a7 to 0x0000021887b294f6
Event: 62.412 Thread 0x0000021892751000 Exception <a 'java/lang/NoSuchMethodError'{0x0000000091b2e438}: 'java.lang.Object java.lang.invoke.DirectMethodHandle$Holder.invokeStatic(java.lang.Object, int, java.lang.Object, java.lang.Object)'> (0x0000000091b2e438) thrown at [./src/hotspot/share/interpreter/linkResolver.cpp, line 773]
Event: 62.412 Thread 0x000002188f810000 Exception <a 'java/lang/NoSuchMethodError'{0x0000000091b275a0}: 'java.lang.Object java.lang.invoke.DirectMethodHandle$Holder.invokeStatic(java.lang.Object, int, java.lang.Object, java.lang.Object)'> (0x0000000091b275a0) thrown at [./src/hotspot/share/interpreter/linkResolver.cpp, line 773]

Events (20 events):
Event: 62.531 loading class com/android/tools/r8/internal/nV
Event: 62.531 loading class com/android/tools/r8/internal/nV done
Event: 62.532 loading class com/android/tools/r8/internal/yS
Event: 62.532 loading class com/android/tools/r8/internal/yS done
Event: 62.533 loading class com/android/tools/r8/graph/g3
Event: 62.533 loading class com/android/tools/r8/graph/g3 done
Event: 62.534 loading class com/android/tools/r8/graph/d3
Event: 62.534 loading class com/android/tools/r8/graph/d3 done
Event: 62.535 loading class com/android/tools/r8/internal/Wp
Event: 62.535 loading class com/android/tools/r8/internal/Wp done
Event: 62.535 loading class com/android/tools/r8/internal/tp
Event: 62.535 loading class com/android/tools/r8/internal/tp done
Event: 62.535 loading class com/android/tools/r8/internal/qp
Event: 62.535 loading class com/android/tools/r8/internal/qp done
Event: 62.536 loading class com/android/tools/r8/internal/w
Event: 62.536 loading class com/android/tools/r8/internal/w done
Event: 62.536 loading class com/android/tools/r8/internal/Vp
Event: 62.536 loading class com/android/tools/r8/internal/Vp done
Event: 62.537 loading class com/android/tools/r8/internal/y
Event: 62.537 loading class com/android/tools/r8/internal/y done


Dynamic libraries:
0x00007ff6aedc0000 - 0x00007ff6aedca000 	C:\Program Files\Android\Android Studio\jre\bin\java.exe
0x00007ffa1f3b0000 - 0x00007ffa1f5a6000 	C:\Windows\SYSTEM32\ntdll.dll
0x00007ffa1e010000 - 0x00007ffa1e0cd000 	C:\Windows\System32\KERNEL32.DLL
0x00007ffa1ced0000 - 0x00007ffa1d198000 	C:\Windows\System32\KERNELBASE.dll
0x00007ffa16fc0000 - 0x00007ffa17050000 	C:\Windows\SYSTEM32\apphelp.dll
0x00007ffa1caf0000 - 0x00007ffa1cbf0000 	C:\Windows\System32\ucrtbase.dll
0x00007ffa048f0000 - 0x00007ffa04907000 	C:\Program Files\Android\Android Studio\jre\bin\VCRUNTIME140.dll
0x00007ff9f4030000 - 0x00007ff9f4049000 	C:\Program Files\Android\Android Studio\jre\bin\jli.dll
0x00007ffa1eaa0000 - 0x00007ffa1ec40000 	C:\Windows\System32\USER32.dll
0x00007ff9ff6c0000 - 0x00007ff9ff95b000 	C:\Windows\WinSxS\amd64_microsoft.windows.common-controls_6595b64144ccf1df_6.0.19041.488_none_ca04af081b815d21\COMCTL32.dll
0x00007ffa1ccc0000 - 0x00007ffa1cce2000 	C:\Windows\System32\win32u.dll
0x00007ffa1e520000 - 0x00007ffa1e5be000 	C:\Windows\System32\msvcrt.dll
0x00007ffa1d4d0000 - 0x00007ffa1d4fa000 	C:\Windows\System32\GDI32.dll
0x00007ffa1d300000 - 0x00007ffa1d409000 	C:\Windows\System32\gdi32full.dll
0x00007ffa1cbf0000 - 0x00007ffa1cc8d000 	C:\Windows\System32\msvcp_win.dll
0x00007ffa1e2c0000 - 0x00007ffa1e2f0000 	C:\Windows\System32\IMM32.DLL
0x00007ff9e0c20000 - 0x00007ff9e0cbd000 	C:\Program Files\Android\Android Studio\jre\bin\msvcp140.dll
0x00007ff9b8e20000 - 0x00007ff9b9905000 	C:\Program Files\Android\Android Studio\jre\bin\server\jvm.dll
0x00007ffa1e9f0000 - 0x00007ffa1ea9c000 	C:\Windows\System32\ADVAPI32.dll
0x00007ffa1f240000 - 0x00007ffa1f2db000 	C:\Windows\System32\sechost.dll
0x00007ffa1eca0000 - 0x00007ffa1edc4000 	C:\Windows\System32\RPCRT4.dll
0x00007ffa1d4c0000 - 0x00007ffa1d4c8000 	C:\Windows\System32\PSAPI.DLL
0x00007ffa14480000 - 0x00007ffa14489000 	C:\Windows\SYSTEM32\WSOCK32.dll
0x00007ffa09fe0000 - 0x00007ffa0a007000 	C:\Windows\SYSTEM32\WINMM.dll
0x00007ffa1e5c0000 - 0x00007ffa1e62b000 	C:\Windows\System32\WS2_32.dll
0x00007ffa137a0000 - 0x00007ffa137aa000 	C:\Windows\SYSTEM32\VERSION.dll
0x00007ffa1b420000 - 0x00007ffa1b432000 	C:\Windows\SYSTEM32\kernel.appcore.dll
0x00007ffa12980000 - 0x00007ffa12991000 	C:\Program Files\Android\Android Studio\jre\bin\verify.dll
0x00007ffa177a0000 - 0x00007ffa17984000 	C:\Windows\SYSTEM32\DBGHELP.DLL
0x00007ffa07c20000 - 0x00007ffa07c4c000 	C:\Windows\SYSTEM32\dbgcore.DLL
0x00007ffa1ce50000 - 0x00007ffa1cecf000 	C:\Windows\System32\bcryptPrimitives.dll
0x00007ffa07060000 - 0x00007ffa07089000 	C:\Program Files\Android\Android Studio\jre\bin\java.dll
0x00007ffa15370000 - 0x00007ffa1537b000 	C:\Program Files\Android\Android Studio\jre\bin\jimage.dll
0x00007ffa04a10000 - 0x00007ffa04a28000 	C:\Program Files\Android\Android Studio\jre\bin\zip.dll
0x00007ffa1d7e0000 - 0x00007ffa1df21000 	C:\Windows\System32\SHELL32.dll
0x00007ffa1ac20000 - 0x00007ffa1b3b5000 	C:\Windows\SYSTEM32\windows.storage.dll
0x00007ffa1e690000 - 0x00007ffa1e9e5000 	C:\Windows\System32\combase.dll
0x00007ffa1c4f0000 - 0x00007ffa1c51c000 	C:\Windows\SYSTEM32\Wldp.dll
0x00007ffa1d410000 - 0x00007ffa1d4be000 	C:\Windows\System32\SHCORE.dll
0x00007ffa1e260000 - 0x00007ffa1e2b5000 	C:\Windows\System32\shlwapi.dll
0x00007ffa1ca20000 - 0x00007ffa1ca46000 	C:\Windows\SYSTEM32\profapi.dll
0x00007ffa02c20000 - 0x00007ffa02c3a000 	C:\Program Files\Android\Android Studio\jre\bin\net.dll
0x00007ffa12e90000 - 0x00007ffa12f90000 	C:\Windows\SYSTEM32\WINHTTP.dll
0x00007ffa1c270000 - 0x00007ffa1c2da000 	C:\Windows\system32\mswsock.dll
0x00007ffa02c00000 - 0x00007ffa02c14000 	C:\Program Files\Android\Android Studio\jre\bin\nio.dll
0x00007ff9ef030000 - 0x00007ff9ef057000 	C:\Users\TECH TOOL\Downloads\gradle-7.5.1\native\e1d6ef7f7dcc3fd88c89a11ec53ec762bb8ba0a96d01ffa2cd45eb1d1d8dd5c5\windows-amd64\native-platform.dll
0x00007ff9dfd40000 - 0x00007ff9dfe84000 	C:\Users\TECH TOOL\Downloads\gradle-7.5.1\native\5664cfc778a61ccfe75a443a1ab52a65af34e5dc3c78e0209fed803814484fcb\windows-amd64\native-platform-file-events.dll
0x00007ffa14260000 - 0x00007ffa1426a000 	C:\Program Files\Android\Android Studio\jre\bin\management.dll
0x00007ffa14240000 - 0x00007ffa1424d000 	C:\Program Files\Android\Android Studio\jre\bin\management_ext.dll
0x00007ffa1c440000 - 0x00007ffa1c458000 	C:\Windows\SYSTEM32\CRYPTSP.dll
0x00007ffa1bba0000 - 0x00007ffa1bbd4000 	C:\Windows\system32\rsaenh.dll
0x00007ffa1cc90000 - 0x00007ffa1ccb7000 	C:\Windows\System32\bcrypt.dll
0x00007ffa1c9e0000 - 0x00007ffa1ca0e000 	C:\Windows\SYSTEM32\USERENV.dll
0x00007ffa1c460000 - 0x00007ffa1c46c000 	C:\Windows\SYSTEM32\CRYPTBASE.dll
0x00007ffa1bf60000 - 0x00007ffa1bf9b000 	C:\Windows\SYSTEM32\IPHLPAPI.DLL
0x00007ffa1d630000 - 0x00007ffa1d638000 	C:\Windows\System32\NSI.dll
0x00007ffa13030000 - 0x00007ffa13047000 	C:\Windows\SYSTEM32\dhcpcsvc6.DLL
0x00007ffa13190000 - 0x00007ffa131ad000 	C:\Windows\SYSTEM32\dhcpcsvc.DLL
0x00007ffa1bfa0000 - 0x00007ffa1c06b000 	C:\Windows\SYSTEM32\DNSAPI.dll
0x00007ff9fae30000 - 0x00007ff9fae57000 	C:\Program Files\Android\Android Studio\jre\bin\sunec.dll
0x00007ffa09dc0000 - 0x00007ffa09dca000 	C:\Windows\System32\rasadhlp.dll
0x00007ffa0a8d0000 - 0x00007ffa0a94f000 	C:\Windows\System32\fwpuclnt.dll

dbghelp: loaded successfully - version: 4.0.5 - missing functions: none
symbol engine: initialized successfully - sym options: 0x614 - pdb path: .;C:\Program Files\Android\Android Studio\jre\bin;C:\Windows\SYSTEM32;C:\Windows\WinSxS\amd64_microsoft.windows.common-controls_6595b64144ccf1df_6.0.19041.488_none_ca04af081b815d21;C:\Program Files\Android\Android Studio\jre\bin\server;C:\Users\TECH TOOL\Downloads\gradle-7.5.1\native\e1d6ef7f7dcc3fd88c89a11ec53ec762bb8ba0a96d01ffa2cd45eb1d1d8dd5c5\windows-amd64;C:\Users\TECH TOOL\Downloads\gradle-7.5.1\native\5664cfc778a61ccfe75a443a1ab52a65af34e5dc3c78e0209fed803814484fcb\windows-amd64

VM Arguments:
jvm_args: --add-opens=java.base/java.util=ALL-UNNAMED --add-opens=java.base/java.lang=ALL-UNNAMED --add-opens=java.base/java.lang.invoke=ALL-UNNAMED --add-opens=java.base/java.util=ALL-UNNAMED --add-opens=java.prefs/java.util.prefs=ALL-UNNAMED --add-opens=java.prefs/java.util.prefs=ALL-UNNAMED --add-opens=java.base/java.nio.charset=ALL-UNNAMED --add-opens=java.base/java.net=ALL-UNNAMED --add-opens=java.base/java.util.concurrent.atomic=ALL-UNNAMED -Xmx2048m -Dfile.encoding=UTF-8 -Duser.country=US -Duser.language=en -Duser.variant 
java_command: org.gradle.launcher.daemon.bootstrap.GradleDaemon 7.3.3
java_class_path (initial): C:\Users\TECH TOOL\Downloads\gradle-7.5.1\wrapper\dists\gradle-7.3.3-bin\6a41zxkdtcxs8rphpq6y0069z\gradle-7.3.3\lib\gradle-launcher-7.3.3.jar
Launcher Type: SUN_STANDARD

[Global flags]
     intx CICompilerCount                          = 3                                         {product} {ergonomic}
     uint ConcGCThreads                            = 1                                         {product} {ergonomic}
     uint G1ConcRefinementThreads                  = 4                                         {product} {ergonomic}
   size_t G1HeapRegionSize                         = 1048576                                   {product} {ergonomic}
    uintx GCDrainStackTargetSize                   = 64                                        {product} {ergonomic}
   size_t InitialHeapSize                          = 199229440                                 {product} {ergonomic}
   size_t MarkStackSize                            = 4194304                                   {product} {ergonomic}
   size_t MaxHeapSize                              = 2147483648                                {product} {command line}
   size_t MaxNewSize                               = 1287651328                                {product} {ergonomic}
   size_t MinHeapDeltaBytes                        = 1048576                                   {product} {ergonomic}
    uintx NonNMethodCodeHeapSize                   = 5830732                                {pd product} {ergonomic}
    uintx NonProfiledCodeHeapSize                  = 122913754                              {pd product} {ergonomic}
    uintx ProfiledCodeHeapSize                     = 122913754                              {pd product} {ergonomic}
    uintx ReservedCodeCacheSize                    = 251658240                              {pd product} {ergonomic}
     bool SegmentedCodeCache                       = true                                      {product} {ergonomic}
     bool UseCompressedClassPointers               = true                                 {lp64_product} {ergonomic}
     bool UseCompressedOops                        = true                                 {lp64_product} {ergonomic}
     bool UseG1GC                                  = true                                      {product} {ergonomic}
     bool UseLargePagesIndividualAllocation        = false                                  {pd product} {ergonomic}

Logging:
Log output configuration:
 #0: stdout all=warning uptime,level,tags
 #1: stderr all=off uptime,level,tags

Environment Variables:
PATH=C:\Program Files\Common Files\Oracle\Java\javapath;C:\Windows\system32;C:\Windows;C:\Windows\System32\Wbem;C:\Windows\System32\WindowsPowerShell\v1.0\;C:\Windows\System32\OpenSSH\;C:\Program Files (x86)\Microsoft SQL Server\150\DTS\Binn\;C:\Program Files\Azure Data Studio\bin;C:\Program Files\Microsoft\Web Platform Installer\;C:\Program Files (x86)\Microsoft ASP.NET\ASP.NET Web Pages\v1.0\;C:\Program Files\Microsoft SQL Server\110\Tools\Binn\;C:\Program Files\dotnet\;C:\Program Files\Microsoft SQL Server\130\Tools\Binn\;C:\Program Files\Microsoft SQL Server\Client SDK\ODBC\170\Tools\Binn\;C:\Program Files (x86)\Microsoft SQL Server\110\DTS\Binn\;C:\Program Files (x86)\Microsoft SQL Server\120\DTS\Binn\;C:\Program Files (x86)\Microsoft SQL Server\130\DTS\Binn\;C:\Program Files (x86)\Microsoft SQL Server\140\DTS\Binn\;C:\Program Files (x86)\Microsoft SQL Server\160\DTS\Binn\;C:\Program Files\nodejs\;C:\xampp\php;C:\ProgramData\ComposerSetup\bin;C:\Program Files\Git\cmd;C:\Users\TECH TOOL\AppData\Local\Microsoft\WindowsApps;;C:\Users\TECH TOOL\AppData\Local\Programs\Microsoft VS Code\bin;C:\Program Files\Azure Data Studio\bin;C:\Users\TECH TOOL\.dotnet\tools;C:\Users\TECH TOOL\AppData\Roaming\npm;C:\Users\TECH TOOL\AppData\Roaming\Composer\vendor\bin
USERNAME=TECH TOOL
OS=Windows_NT
PROCESSOR_IDENTIFIER=Intel64 Family 6 Model 142 Stepping 12, GenuineIntel



---------------  S Y S T E M  ---------------

OS: Windows 10 , 64 bit Build 19041 (10.0.19041.546)
OS uptime: 21 days 13:12 hours

CPU:total 4 (initial active 4) (2 cores per cpu, 2 threads per core) family 6 model 142 stepping 12 microcode 0xc0, cmov, cx8, fxsr, mmx, sse, sse2, sse3, ssse3, sse4.1, sse4.2, popcnt, avx, avx2, aes, clmul, erms, 3dnowpref, lzcnt, ht, tsc, tscinvbit, bmi1, bmi2, adx, fma

Memory: 4k page, system-wide physical 12119M (705M free)
TotalPageFile size 27379M (AvailPageFile size 5M)
current process WorkingSet (physical memory assigned to process): 677M, peak: 677M
current process commit charge ("private bytes"): 711M, peak: 711M

vm_info: OpenJDK 64-Bit Server VM (11.0.12+7-b1504.28-7817840) for windows-amd64 JRE (11.0.12+7-b1504.28-7817840), built on Oct 13 2021 22:12:33 by "builder" with MS VC++ 14.0 (VS2015)

END.
