#
# There is insufficient memory for the Java Runtime Environment to continue.
# Native memory allocation (malloc) failed to allocate 1464496 bytes for Chunk::new
# Possible reasons:
#   The system is out of physical RAM or swap space
#   The process is running with CompressedOops enabled, and the Java Heap may be blocking the growth of the native heap
# Possible solutions:
#   Reduce memory load on the system
#   Increase physical memory or swap space
#   Check if swap backing store is full
#   Decrease Java heap size (-Xmx/-Xms)
#   Decrease number of Java threads
#   Decrease Java thread stack sizes (-Xss)
#   Set larger code cache with -XX:ReservedCodeCacheSize=
#   JVM is running with Unscaled Compressed Oops mode in which the Java heap is
#     placed in the first 4GB address space. The Java Heap base address is the
#     maximum limit for the native heap growth. Please use -XX:HeapBaseMinAddress
#     to set the Java Heap base and to place the Java Heap above 4GB virtual address.
# This output file may be truncated or incomplete.
#
#  Out of Memory Error (./src/hotspot/share/memory/arena.cpp:197), pid=4660, tid=9228
#
# JRE version: OpenJDK Runtime Environment (11.0.12+7) (build 11.0.12+7-b1504.28-7817840)
# Java VM: OpenJDK 64-Bit Server VM (11.0.12+7-b1504.28-7817840, mixed mode, tiered, compressed oops, g1 gc, windows-amd64)
# No core dump will be written. Minidumps are not enabled by default on client versions of Windows
#

---------------  S U M M A R Y ------------

Command Line: --add-opens=java.base/java.util=ALL-UNNAMED --add-opens=java.base/java.lang=ALL-UNNAMED --add-opens=java.base/java.lang.invoke=ALL-UNNAMED --add-opens=java.base/java.util=ALL-UNNAMED --add-opens=java.prefs/java.util.prefs=ALL-UNNAMED --add-opens=java.prefs/java.util.prefs=ALL-UNNAMED --add-opens=java.base/java.nio.charset=ALL-UNNAMED --add-opens=java.base/java.net=ALL-UNNAMED --add-opens=java.base/java.util.concurrent.atomic=ALL-UNNAMED -Xmx2048m -Dfile.encoding=UTF-8 -Duser.country=US -Duser.language=en -Duser.variant org.gradle.launcher.daemon.bootstrap.GradleDaemon 7.3.3

Host: Intel(R) Core(TM) i3-10110U CPU @ 2.10GHz, 4 cores, 11G,  Windows 10 , 64 bit Build 19041 (10.0.19041.546)
Time: Wed Sep  7 11:51:16 2022 Sri Lanka Standard Time elapsed time: 22.800789 seconds (0d 0h 0m 22s)

---------------  T H R E A D  ---------------

Current thread (0x000002186c80f800):  JavaThread "C2 CompilerThread0" daemon [_thread_in_native, id=9228, stack(0x000000e883d00000,0x000000e883e00000)]


Current CompileTask:
C2:  22801 14790 %     4       com.android.tools.r8.dex.j::a @ 313 (1042 bytes)

Stack: [0x000000e883d00000,0x000000e883e00000]
Native frames: (J=compiled Java code, j=interpreted, Vv=VM code, C=native code)
V  [jvm.dll+0x5fbcea]
V  [jvm.dll+0x731905]
V  [jvm.dll+0x732f1d]
V  [jvm.dll+0x7335d3]
V  [jvm.dll+0x247bf8]
V  [jvm.dll+0xc018c]
V  [jvm.dll+0xc06cc]
V  [jvm.dll+0x2bcc04]
V  [jvm.dll+0x5113a8]
V  [jvm.dll+0x208303]
V  [jvm.dll+0x201fe0]
V  [jvm.dll+0x1ff71f]
V  [jvm.dll+0x18868c]
V  [jvm.dll+0x20e0d7]
V  [jvm.dll+0x20c901]
V  [jvm.dll+0x6f9b7f]
V  [jvm.dll+0x6f26a5]
V  [jvm.dll+0x5fabf6]
C  [ucrtbase.dll+0x214c2]
C  [KERNEL32.DLL+0x17034]
C  [ntdll.dll+0x4cec1]


---------------  P R O C E S S  ---------------

Threads class SMR info:
_java_thread_list=0x000002186fac1e30, length=95, elements={
0x000002185041a800, 0x000002186c7b1800, 0x000002186c7ba800, 0x000002186bfab800,
0x000002186bfad800, 0x000002186c80b800, 0x000002186c80f800, 0x000002186c813800,
0x000002186c81c800, 0x000002186c974800, 0x000002186e100800, 0x000002186cad1000,
0x000002186ef6e800, 0x000002186f15b000, 0x000002186e29e000, 0x00000218700c0800,
0x0000021870037800, 0x000002186f14f800, 0x000002186f008800, 0x000002186e250800,
0x000002186e252000, 0x000002186e251800, 0x000002186e253000, 0x000002186e24e000,
0x000002186e253800, 0x000002186e254800, 0x000002186e24f000, 0x000002186e24f800,
0x000002186f24c800, 0x000002186f247800, 0x000002186f24b800, 0x000002186f247000,
0x000002186f24d800, 0x000002186f249000, 0x000002186f24e000, 0x000002186f250000,
0x000002186f24a000, 0x000002186f24f000, 0x000002186f250800, 0x000002186f251800,
0x000002186f252000, 0x000002186f253000, 0x000002186f254000, 0x000002186f254800,
0x000002186f255800, 0x0000021871eb3000, 0x0000021871eb6800, 0x0000021871eb5800,
0x0000021871eb4800, 0x0000021871eb0800, 0x0000021871eb7000, 0x0000021871eb4000,
0x0000021871eb1800, 0x0000021871eb8000, 0x0000021871eb2000, 0x0000021871eb9800,
0x0000021871ebd000, 0x0000021871ebd800, 0x0000021871ebc000, 0x0000021871ebe800,
0x0000021871eba800, 0x0000021871ebb000, 0x0000021871eb8800, 0x0000021871ebf000,
0x000002187239a800, 0x000002187239c800, 0x000002187239e000, 0x000002187239a000,
0x0000021872399000, 0x0000021872398800, 0x00000218723a0800, 0x000002187239d000,
0x000002187239f800, 0x000002187239f000, 0x00000218723a1800, 0x000002187239b800,
0x00000218723a2000, 0x00000218723a3000, 0x00000218723a3800, 0x00000218723a6000,
0x00000218723a7000, 0x00000218723a5800, 0x00000218723a4800, 0x000002186e8f1800,
0x000002186e8f4000, 0x000002186e8f6800, 0x000002186e123800, 0x000002186e8f2800,
0x000002186e8f3800, 0x000002186e8f5000, 0x000002186e8f1000, 0x000002186e8fa800,
0x000002186e8fb800, 0x000002186e8f8800, 0x000002186e8f6000
}

Java Threads: ( => current thread )
  0x000002185041a800 JavaThread "main" [_thread_blocked, id=16272, stack(0x000000e883100000,0x000000e883200000)]
  0x000002186c7b1800 JavaThread "Reference Handler" daemon [_thread_blocked, id=13632, stack(0x000000e883800000,0x000000e883900000)]
  0x000002186c7ba800 JavaThread "Finalizer" daemon [_thread_blocked, id=10416, stack(0x000000e883900000,0x000000e883a00000)]
  0x000002186bfab800 JavaThread "Signal Dispatcher" daemon [_thread_blocked, id=3100, stack(0x000000e883a00000,0x000000e883b00000)]
  0x000002186bfad800 JavaThread "Attach Listener" daemon [_thread_blocked, id=19564, stack(0x000000e883b00000,0x000000e883c00000)]
  0x000002186c80b800 JavaThread "Service Thread" daemon [_thread_blocked, id=17380, stack(0x000000e883c00000,0x000000e883d00000)]
=>0x000002186c80f800 JavaThread "C2 CompilerThread0" daemon [_thread_in_native, id=9228, stack(0x000000e883d00000,0x000000e883e00000)]
  0x000002186c813800 JavaThread "C1 CompilerThread0" daemon [_thread_blocked, id=12424, stack(0x000000e883e00000,0x000000e883f00000)]
  0x000002186c81c800 JavaThread "Sweeper thread" daemon [_thread_blocked, id=16304, stack(0x000000e883f00000,0x000000e884000000)]
  0x000002186c974800 JavaThread "Common-Cleaner" daemon [_thread_blocked, id=8656, stack(0x000000e884000000,0x000000e884100000)]
  0x000002186e100800 JavaThread "Daemon health stats" [_thread_blocked, id=13640, stack(0x000000e884600000,0x000000e884700000)]
  0x000002186cad1000 JavaThread "Incoming local TCP Connector on port 49438" [_thread_in_native, id=3636, stack(0x000000e884200000,0x000000e884300000)]
  0x000002186ef6e800 JavaThread "Daemon periodic checks" [_thread_blocked, id=14248, stack(0x000000e884700000,0x000000e884800000)]
  0x000002186f15b000 JavaThread "Daemon" [_thread_blocked, id=5692, stack(0x000000e884800000,0x000000e884900000)]
  0x000002186e29e000 JavaThread "Handler for socket connection from /127.0.0.1:49438 to /127.0.0.1:49439" [_thread_in_native, id=1444, stack(0x000000e884900000,0x000000e884a00000)]
  0x00000218700c0800 JavaThread "Cancel handler" [_thread_blocked, id=9304, stack(0x000000e884b00000,0x000000e884c00000)]
  0x0000021870037800 JavaThread "Daemon worker" [_thread_blocked, id=14364, stack(0x000000e884c00000,0x000000e884d00000)]
  0x000002186f14f800 JavaThread "Asynchronous log dispatcher for DefaultDaemonConnection: socket connection from /127.0.0.1:49438 to /127.0.0.1:49439" [_thread_blocked, id=17000, stack(0x000000e884d00000,0x000000e884e00000)]
  0x000002186f008800 JavaThread "Stdin handler" [_thread_blocked, id=524, stack(0x000000e884e00000,0x000000e884f00000)]
  0x000002186e250800 JavaThread "Daemon client event forwarder" [_thread_blocked, id=16648, stack(0x000000e884f00000,0x000000e885000000)]
  0x000002186e252000 JavaThread "Cache worker for journal cache (C:\Users\TECH TOOL\Downloads\gradle-7.5.1\caches\journal-1)" [_thread_blocked, id=6204, stack(0x000000e885000000,0x000000e885100000)]
  0x000002186e251800 JavaThread "File lock request listener" [_thread_in_native, id=8728, stack(0x000000e885100000,0x000000e885200000)]
  0x000002186e253000 JavaThread "Cache worker for file hash cache (C:\Users\TECH TOOL\Downloads\gradle-7.5.1\caches\7.3.3\fileHashes)" [_thread_blocked, id=9652, stack(0x000000e885200000,0x000000e885300000)]
  0x000002186e24e000 JavaThread "Cache worker for file hash cache (D:\Final Project HDSE\CyGo-App\.gradle\7.3.3\fileHashes)" [_thread_blocked, id=19368, stack(0x000000e885300000,0x000000e885400000)]
  0x000002186e253800 JavaThread "File watcher server" daemon [_thread_in_native, id=13008, stack(0x000000e885400000,0x000000e885500000)]
  0x000002186e254800 JavaThread "File watcher consumer" daemon [_thread_blocked, id=18636, stack(0x000000e885500000,0x000000e885600000)]
  0x000002186e24f000 JavaThread "Cache worker for checksums cache (D:\Final Project HDSE\CyGo-App\.gradle\7.3.3\checksums)" [_thread_blocked, id=2160, stack(0x000000e885600000,0x000000e885700000)]
  0x000002186e24f800 JavaThread "Cache worker for cache directory md-supplier (C:\Users\TECH TOOL\Downloads\gradle-7.5.1\caches\7.3.3\md-supplier)" [_thread_blocked, id=4188, stack(0x000000e885700000,0x000000e885800000)]
  0x000002186f24c800 JavaThread "Cache worker for cache directory md-rule (C:\Users\TECH TOOL\Downloads\gradle-7.5.1\caches\7.3.3\md-rule)" [_thread_blocked, id=19000, stack(0x000000e885800000,0x000000e885900000)]
  0x000002186f247800 JavaThread "Cache worker for execution history cache (C:\Users\TECH TOOL\Downloads\gradle-7.5.1\caches\7.3.3\executionHistory)" [_thread_blocked, id=16064, stack(0x000000e885900000,0x000000e885a00000)]
  0x000002186f24b800 JavaThread "jar transforms" [_thread_blocked, id=11128, stack(0x000000e885a00000,0x000000e885b00000)]
  0x000002186f247000 JavaThread "Cache worker for file content cache (C:\Users\TECH TOOL\Downloads\gradle-7.5.1\caches\7.3.3\fileContent)" [_thread_blocked, id=18548, stack(0x000000e885b00000,0x000000e885c00000)]
  0x000002186f24d800 JavaThread "jar transforms Thread 2" [_thread_blocked, id=15688, stack(0x000000e885c00000,0x000000e885d00000)]
  0x000002186f249000 JavaThread "Cache worker for dependencies-accessors (D:\Final Project HDSE\CyGo-App\.gradle\7.3.3\dependencies-accessors)" [_thread_blocked, id=12728, stack(0x000000e885d00000,0x000000e885e00000)]
  0x000002186f24e000 JavaThread "jar transforms Thread 3" [_thread_blocked, id=2096, stack(0x000000e885e00000,0x000000e885f00000)]
  0x000002186f250000 JavaThread "Cache worker for Build Output Cleanup Cache (D:\Final Project HDSE\CyGo-App\.gradle\buildOutputCleanup)" [_thread_blocked, id=3140, stack(0x000000e885f00000,0x000000e886000000)]
  0x000002186f24a000 JavaThread "Unconstrained build operations" [_thread_blocked, id=14072, stack(0x000000e886000000,0x000000e886100000)]
  0x000002186f24f000 JavaThread "Unconstrained build operations Thread 2" [_thread_blocked, id=10684, stack(0x000000e886100000,0x000000e886200000)]
  0x000002186f250800 JavaThread "Unconstrained build operations Thread 3" [_thread_blocked, id=16720, stack(0x000000e886200000,0x000000e886300000)]
  0x000002186f251800 JavaThread "Unconstrained build operations Thread 4" [_thread_blocked, id=9884, stack(0x000000e886300000,0x000000e886400000)]
  0x000002186f252000 JavaThread "Unconstrained build operations Thread 5" [_thread_blocked, id=17484, stack(0x000000e886400000,0x000000e886500000)]
  0x000002186f253000 JavaThread "Unconstrained build operations Thread 6" [_thread_blocked, id=12632, stack(0x000000e886500000,0x000000e886600000)]
  0x000002186f254000 JavaThread "Unconstrained build operations Thread 7" [_thread_blocked, id=3788, stack(0x000000e886600000,0x000000e886700000)]
  0x000002186f254800 JavaThread "Unconstrained build operations Thread 8" [_thread_blocked, id=14372, stack(0x000000e886700000,0x000000e886800000)]
  0x000002186f255800 JavaThread "Unconstrained build operations Thread 9" [_thread_blocked, id=16644, stack(0x000000e886800000,0x000000e886900000)]
  0x0000021871eb3000 JavaThread "Unconstrained build operations Thread 10" [_thread_blocked, id=13856, stack(0x000000e886900000,0x000000e886a00000)]
  0x0000021871eb6800 JavaThread "Unconstrained build operations Thread 11" [_thread_blocked, id=3808, stack(0x000000e886a00000,0x000000e886b00000)]
  0x0000021871eb5800 JavaThread "Unconstrained build operations Thread 12" [_thread_blocked, id=19056, stack(0x000000e886b00000,0x000000e886c00000)]
  0x0000021871eb4800 JavaThread "Unconstrained build operations Thread 13" [_thread_blocked, id=17740, stack(0x000000e886c00000,0x000000e886d00000)]
  0x0000021871eb0800 JavaThread "Unconstrained build operations Thread 14" [_thread_blocked, id=13140, stack(0x000000e886d00000,0x000000e886e00000)]
  0x0000021871eb7000 JavaThread "Unconstrained build operations Thread 15" [_thread_blocked, id=4236, stack(0x000000e886e00000,0x000000e886f00000)]
  0x0000021871eb4000 JavaThread "Unconstrained build operations Thread 16" [_thread_blocked, id=5696, stack(0x000000e886f00000,0x000000e887000000)]
  0x0000021871eb1800 JavaThread "Unconstrained build operations Thread 17" [_thread_blocked, id=4628, stack(0x000000e887000000,0x000000e887100000)]
  0x0000021871eb8000 JavaThread "Unconstrained build operations Thread 18" [_thread_blocked, id=11596, stack(0x000000e887100000,0x000000e887200000)]
  0x0000021871eb2000 JavaThread "Unconstrained build operations Thread 19" [_thread_blocked, id=17048, stack(0x000000e887200000,0x000000e887300000)]
  0x0000021871eb9800 JavaThread "Unconstrained build operations Thread 20" [_thread_blocked, id=1392, stack(0x000000e887300000,0x000000e887400000)]
  0x0000021871ebd000 JavaThread "Unconstrained build operations Thread 21" [_thread_blocked, id=676, stack(0x000000e887400000,0x000000e887500000)]
  0x0000021871ebd800 JavaThread "Unconstrained build operations Thread 22" [_thread_blocked, id=13188, stack(0x000000e887500000,0x000000e887600000)]
  0x0000021871ebc000 JavaThread "Unconstrained build operations Thread 23" [_thread_blocked, id=16240, stack(0x000000e887600000,0x000000e887700000)]
  0x0000021871ebe800 JavaThread "Unconstrained build operations Thread 24" [_thread_blocked, id=16868, stack(0x000000e887700000,0x000000e887800000)]
  0x0000021871eba800 JavaThread "Unconstrained build operations Thread 25" [_thread_blocked, id=4192, stack(0x000000e887800000,0x000000e887900000)]
  0x0000021871ebb000 JavaThread "Unconstrained build operations Thread 26" [_thread_blocked, id=18028, stack(0x000000e887900000,0x000000e887a00000)]
  0x0000021871eb8800 JavaThread "Unconstrained build operations Thread 27" [_thread_blocked, id=14720, stack(0x000000e887a00000,0x000000e887b00000)]
  0x0000021871ebf000 JavaThread "Unconstrained build operations Thread 28" [_thread_blocked, id=8368, stack(0x000000e887b00000,0x000000e887c00000)]
  0x000002187239a800 JavaThread "Unconstrained build operations Thread 29" [_thread_blocked, id=18276, stack(0x000000e887c00000,0x000000e887d00000)]
  0x000002187239c800 JavaThread "Unconstrained build operations Thread 30" [_thread_blocked, id=12276, stack(0x000000e887d00000,0x000000e887e00000)]
  0x000002187239e000 JavaThread "Unconstrained build operations Thread 31" [_thread_blocked, id=10344, stack(0x000000e887e00000,0x000000e887f00000)]
  0x000002187239a000 JavaThread "Unconstrained build operations Thread 32" [_thread_blocked, id=18588, stack(0x000000e887f00000,0x000000e888000000)]
  0x0000021872399000 JavaThread "Unconstrained build operations Thread 33" [_thread_blocked, id=14524, stack(0x000000e888000000,0x000000e888100000)]
  0x0000021872398800 JavaThread "Unconstrained build operations Thread 34" [_thread_blocked, id=14076, stack(0x000000e888100000,0x000000e888200000)]
  0x00000218723a0800 JavaThread "Unconstrained build operations Thread 35" [_thread_blocked, id=14000, stack(0x000000e888200000,0x000000e888300000)]
  0x000002187239d000 JavaThread "Unconstrained build operations Thread 36" [_thread_blocked, id=11924, stack(0x000000e888300000,0x000000e888400000)]
  0x000002187239f800 JavaThread "Unconstrained build operations Thread 37" [_thread_blocked, id=12788, stack(0x000000e888400000,0x000000e888500000)]
  0x000002187239f000 JavaThread "Unconstrained build operations Thread 38" [_thread_blocked, id=8292, stack(0x000000e888500000,0x000000e888600000)]
  0x00000218723a1800 JavaThread "Unconstrained build operations Thread 39" [_thread_blocked, id=15344, stack(0x000000e888600000,0x000000e888700000)]
  0x000002187239b800 JavaThread "Unconstrained build operations Thread 40" [_thread_blocked, id=18288, stack(0x000000e888700000,0x000000e888800000)]
  0x00000218723a2000 JavaThread "jar transforms Thread 4" [_thread_blocked, id=10724, stack(0x000000e888800000,0x000000e888900000)]
  0x00000218723a3000 JavaThread "Memory manager" [_thread_blocked, id=10072, stack(0x000000e888900000,0x000000e888a00000)]
  0x00000218723a3800 JavaThread "build event listener" [_thread_blocked, id=18892, stack(0x000000e888a00000,0x000000e888b00000)]
  0x00000218723a6000 JavaThread "Execution worker for ':'" [_thread_blocked, id=9616, stack(0x000000e888b00000,0x000000e888c00000)]
  0x00000218723a7000 JavaThread "Execution worker for ':' Thread 2" [_thread_blocked, id=15192, stack(0x000000e888c00000,0x000000e888d00000)]
  0x00000218723a5800 JavaThread "Execution worker for ':' Thread 3" [_thread_blocked, id=12284, stack(0x000000e888d00000,0x000000e888e00000)]
  0x00000218723a4800 JavaThread "Cache worker for execution history cache (D:\Final Project HDSE\CyGo-App\.gradle\7.3.3\executionHistory)" [_thread_blocked, id=1912, stack(0x000000e888e00000,0x000000e888f00000)]
  0x000002186e8f1800 JavaThread "WorkerExecutor Queue" [_thread_blocked, id=8736, stack(0x000000e888f00000,0x000000e889000000)]
  0x000002186e8f4000 JavaThread "WorkerExecutor Queue Thread 3" [_thread_in_native, id=12140, stack(0x000000e889100000,0x000000e889200000)]
  0x000002186e8f6800 JavaThread "WorkerExecutor Queue Thread 4" [_thread_in_Java, id=8912, stack(0x000000e889200000,0x000000e889300000)]
  0x000002186e123800 JavaThread "C2 CompilerThread1" daemon [_thread_in_native, id=7516, stack(0x000000e884a00000,0x000000e884b00000)]
  0x000002186e8f2800 JavaThread "WorkerExecutor Queue Thread 5" [_thread_blocked, id=11860, stack(0x000000e889300000,0x000000e889400000)]
  0x000002186e8f3800 JavaThread "pool-3-thread-1" [_thread_blocked, id=2672, stack(0x000000e889500000,0x000000e889600000)]
  0x000002186e8f5000 JavaThread "ForkJoinPool-1-worker-3" daemon [_thread_blocked, id=6592, stack(0x000000e889600000,0x000000e889700000)]
  0x000002186e8f1000 JavaThread "ForkJoinPool-1-worker-5" daemon [_thread_blocked, id=16792, stack(0x000000e889700000,0x000000e889800000)]
  0x000002186e8fa800 JavaThread "ForkJoinPool-1-worker-7" daemon [_thread_blocked, id=1408, stack(0x000000e889800000,0x000000e889900000)]
  0x000002186e8fb800 JavaThread "ForkJoinPool-1-worker-1" daemon [_thread_blocked, id=14048, stack(0x000000e889900000,0x000000e889a00000)]
  0x000002186e8f8800 JavaThread "stderr" [_thread_in_native, id=7476, stack(0x000000e889000000,0x000000e889100000)]
  0x000002186e8f6000 JavaThread "stdout" [_thread_in_native, id=2136, stack(0x000000e889a00000,0x000000e889b00000)]

Other Threads:
  0x000002186bfa4000 VMThread "VM Thread" [stack: 0x000000e883700000,0x000000e883800000] [id=11964]
  0x000002186c9aa800 WatcherThread [stack: 0x000000e884100000,0x000000e884200000] [id=6172]
  0x0000021850432800 GCTaskThread "GC Thread#0" [stack: 0x000000e883200000,0x000000e883300000] [id=9612]
  0x000002186d6ea000 GCTaskThread "GC Thread#1" [stack: 0x000000e884300000,0x000000e884400000] [id=13936]
  0x000002186d230000 GCTaskThread "GC Thread#2" [stack: 0x000000e884400000,0x000000e884500000] [id=6096]
  0x000002186d49d800 GCTaskThread "GC Thread#3" [stack: 0x000000e884500000,0x000000e884600000] [id=1748]
  0x0000021850463800 ConcurrentGCThread "G1 Main Marker" [stack: 0x000000e883300000,0x000000e883400000] [id=16080]
  0x0000021850465800 ConcurrentGCThread "G1 Conc#0" [stack: 0x000000e883400000,0x000000e883500000] [id=16312]
  0x00000218504ee000 ConcurrentGCThread "G1 Refine#0" [stack: 0x000000e883500000,0x000000e883600000] [id=12348]
  0x0000021874264800 ConcurrentGCThread "G1 Refine#1" [stack: 0x000000e889400000,0x000000e889500000] [id=18948]
  0x0000021878929000 ConcurrentGCThread "G1 Refine#2" [stack: 0x000000e889b00000,0x000000e889c00000] [id=10368]
  0x0000021876e8f000 ConcurrentGCThread "G1 Refine#3" [stack: 0x000000e889c00000,0x000000e889d00000] [id=8476]
  0x000002186bdee800 ConcurrentGCThread "G1 Young RemSet Sampling" [stack: 0x000000e883600000,0x000000e883700000] [id=11588]

Threads with active compile tasks:
C2 CompilerThread0  22844 14790 %     4       com.android.tools.r8.dex.j::a @ 313 (1042 bytes)
C2 CompilerThread1  22844 15449       4       com.android.tools.r8.graph.j3::a (59 bytes)

VM state:not at safepoint (normal execution)

VM Mutex/Monitor currently owned by a thread: None

Heap address: 0x0000000080000000, size: 2048 MB, Compressed Oops mode: 32-bit
Narrow klass base: 0x0000000000000000, Narrow klass shift: 3
Compressed class space size: 1073741824 Address: 0x0000000100000000

Heap:
 garbage-first heap   total 336896K, used 193549K [0x0000000080000000, 0x0000000100000000)
  region size 1024K, 3 young (3072K), 2 survivors (2048K)
 Metaspace       used 107594K, capacity 110276K, committed 110540K, reserved 1144832K
  class space    used 13720K, capacity 14728K, committed 14848K, reserved 1048576K
Heap Regions: E=young(eden), S=young(survivor), O=old, HS=humongous(starts), HC=humongous(continues), CS=collection set, F=free, A=archive, TAMS=top-at-mark-start (previous, next)
|   0|0x0000000080000000, 0x0000000080100000, 0x0000000080100000|100%|HS|  |TAMS 0x0000000080100000, 0x0000000080000000| Complete 
|   1|0x0000000080100000, 0x0000000080200000, 0x0000000080200000|100%|HC|  |TAMS 0x0000000080200000, 0x0000000080100000| Complete 
|   2|0x0000000080200000, 0x0000000080300000, 0x0000000080300000|100%|HC|  |TAMS 0x0000000080300000, 0x0000000080200000| Complete 
|   3|0x0000000080300000, 0x0000000080400000, 0x0000000080400000|100%| O|  |TAMS 0x0000000080400000, 0x0000000080300000| Untracked 
|   4|0x0000000080400000, 0x0000000080500000, 0x0000000080500000|100%| O|  |TAMS 0x0000000080500000, 0x0000000080400000| Untracked 
|   5|0x0000000080500000, 0x0000000080600000, 0x0000000080600000|100%| O|  |TAMS 0x0000000080600000, 0x0000000080500000| Untracked 
|   6|0x0000000080600000, 0x0000000080700000, 0x0000000080700000|100%| O|  |TAMS 0x0000000080700000, 0x0000000080600000| Untracked 
|   7|0x0000000080700000, 0x0000000080800000, 0x0000000080800000|100%| O|  |TAMS 0x0000000080800000, 0x0000000080700000| Untracked 
|   8|0x0000000080800000, 0x0000000080900000, 0x0000000080900000|100%| O|  |TAMS 0x0000000080900000, 0x0000000080800000| Untracked 
|   9|0x0000000080900000, 0x0000000080a00000, 0x0000000080a00000|100%| O|  |TAMS 0x0000000080a00000, 0x0000000080900000| Untracked 
|  10|0x0000000080a00000, 0x0000000080b00000, 0x0000000080b00000|100%| O|  |TAMS 0x0000000080b00000, 0x0000000080a00000| Untracked 
|  11|0x0000000080b00000, 0x0000000080c00000, 0x0000000080c00000|100%| O|  |TAMS 0x0000000080c00000, 0x0000000080b00000| Untracked 
|  12|0x0000000080c00000, 0x0000000080d00000, 0x0000000080d00000|100%| O|  |TAMS 0x0000000080d00000, 0x0000000080c00000| Untracked 
|  13|0x0000000080d00000, 0x0000000080e00000, 0x0000000080e00000|100%| O|  |TAMS 0x0000000080e00000, 0x0000000080d00000| Untracked 
|  14|0x0000000080e00000, 0x0000000080f00000, 0x0000000080f00000|100%| O|  |TAMS 0x0000000080f00000, 0x0000000080e00000| Untracked 
|  15|0x0000000080f00000, 0x0000000081000000, 0x0000000081000000|100%| O|  |TAMS 0x0000000081000000, 0x0000000080f00000| Untracked 
|  16|0x0000000081000000, 0x0000000081100000, 0x0000000081100000|100%| O|  |TAMS 0x0000000081100000, 0x0000000081000000| Untracked 
|  17|0x0000000081100000, 0x0000000081200000, 0x0000000081200000|100%| O|  |TAMS 0x0000000081200000, 0x0000000081100000| Untracked 
|  18|0x0000000081200000, 0x0000000081300000, 0x0000000081300000|100%|HS|  |TAMS 0x0000000081300000, 0x0000000081200000| Complete 
|  19|0x0000000081300000, 0x0000000081400000, 0x0000000081400000|100%|HS|  |TAMS 0x0000000081400000, 0x0000000081300000| Complete 
|  20|0x0000000081400000, 0x0000000081500000, 0x0000000081500000|100%|HS|  |TAMS 0x0000000081500000, 0x0000000081400000| Complete 
|  21|0x0000000081500000, 0x0000000081600000, 0x0000000081600000|100%|HC|  |TAMS 0x0000000081600000, 0x0000000081500000| Complete 
|  22|0x0000000081600000, 0x0000000081700000, 0x0000000081700000|100%| O|  |TAMS 0x0000000081700000, 0x0000000081600000| Untracked 
|  23|0x0000000081700000, 0x0000000081800000, 0x0000000081800000|100%| O|  |TAMS 0x0000000081800000, 0x0000000081700000| Untracked 
|  24|0x0000000081800000, 0x0000000081900000, 0x0000000081900000|100%| O|  |TAMS 0x0000000081900000, 0x0000000081800000| Untracked 
|  25|0x0000000081900000, 0x0000000081a00000, 0x0000000081a00000|100%| O|  |TAMS 0x0000000081a00000, 0x0000000081900000| Untracked 
|  26|0x0000000081a00000, 0x0000000081b00000, 0x0000000081b00000|100%| O|  |TAMS 0x0000000081b00000, 0x0000000081a00000| Untracked 
|  27|0x0000000081b00000, 0x0000000081c00000, 0x0000000081c00000|100%| O|  |TAMS 0x0000000081c00000, 0x0000000081b00000| Untracked 
|  28|0x0000000081c00000, 0x0000000081d00000, 0x0000000081d00000|100%| O|  |TAMS 0x0000000081d00000, 0x0000000081c00000| Untracked 
|  29|0x0000000081d00000, 0x0000000081e00000, 0x0000000081e00000|100%| O|  |TAMS 0x0000000081e00000, 0x0000000081d00000| Untracked 
|  30|0x0000000081e00000, 0x0000000081f00000, 0x0000000081f00000|100%| O|  |TAMS 0x0000000081f00000, 0x0000000081e00000| Untracked 
|  31|0x0000000081f00000, 0x0000000082000000, 0x0000000082000000|100%| O|  |TAMS 0x0000000082000000, 0x0000000081f00000| Untracked 
|  32|0x0000000082000000, 0x0000000082100000, 0x0000000082100000|100%| O|  |TAMS 0x0000000082100000, 0x0000000082000000| Untracked 
|  33|0x0000000082100000, 0x0000000082200000, 0x0000000082200000|100%| O|  |TAMS 0x0000000082200000, 0x0000000082100000| Untracked 
|  34|0x0000000082200000, 0x0000000082300000, 0x0000000082300000|100%| O|  |TAMS 0x0000000082300000, 0x0000000082200000| Untracked 
|  35|0x0000000082300000, 0x0000000082400000, 0x0000000082400000|100%| O|  |TAMS 0x0000000082400000, 0x0000000082300000| Untracked 
|  36|0x0000000082400000, 0x0000000082500000, 0x0000000082500000|100%| O|  |TAMS 0x0000000082500000, 0x0000000082400000| Untracked 
|  37|0x0000000082500000, 0x0000000082600000, 0x0000000082600000|100%| O|  |TAMS 0x0000000082600000, 0x0000000082500000| Untracked 
|  38|0x0000000082600000, 0x0000000082700000, 0x0000000082700000|100%| O|  |TAMS 0x0000000082700000, 0x0000000082600000| Untracked 
|  39|0x0000000082700000, 0x0000000082800000, 0x0000000082800000|100%| O|  |TAMS 0x0000000082800000, 0x0000000082700000| Untracked 
|  40|0x0000000082800000, 0x0000000082900000, 0x0000000082900000|100%| O|  |TAMS 0x0000000082900000, 0x0000000082800000| Untracked 
|  41|0x0000000082900000, 0x0000000082a00000, 0x0000000082a00000|100%| O|  |TAMS 0x0000000082a00000, 0x0000000082900000| Untracked 
|  42|0x0000000082a00000, 0x0000000082b00000, 0x0000000082b00000|100%| O|  |TAMS 0x0000000082b00000, 0x0000000082a00000| Untracked 
|  43|0x0000000082b00000, 0x0000000082c00000, 0x0000000082c00000|100%| O|  |TAMS 0x0000000082c00000, 0x0000000082b00000| Untracked 
|  44|0x0000000082c00000, 0x0000000082d00000, 0x0000000082d00000|100%| O|  |TAMS 0x0000000082d00000, 0x0000000082c00000| Untracked 
|  45|0x0000000082d00000, 0x0000000082e00000, 0x0000000082e00000|100%| O|  |TAMS 0x0000000082e00000, 0x0000000082d00000| Untracked 
|  46|0x0000000082e00000, 0x0000000082f00000, 0x0000000082f00000|100%| O|  |TAMS 0x0000000082f00000, 0x0000000082e00000| Untracked 
|  47|0x0000000082f00000, 0x0000000083000000, 0x0000000083000000|100%| O|  |TAMS 0x0000000083000000, 0x0000000082f00000| Untracked 
|  48|0x0000000083000000, 0x0000000083100000, 0x0000000083100000|100%| O|  |TAMS 0x0000000083100000, 0x0000000083000000| Untracked 
|  49|0x0000000083100000, 0x0000000083200000, 0x0000000083200000|100%| O|  |TAMS 0x0000000083200000, 0x0000000083100000| Untracked 
|  50|0x0000000083200000, 0x0000000083300000, 0x0000000083300000|100%| O|  |TAMS 0x0000000083300000, 0x0000000083200000| Untracked 
|  51|0x0000000083300000, 0x0000000083400000, 0x0000000083400000|100%| O|  |TAMS 0x0000000083400000, 0x0000000083300000| Untracked 
|  52|0x0000000083400000, 0x0000000083500000, 0x0000000083500000|100%| O|  |TAMS 0x0000000083500000, 0x0000000083400000| Untracked 
|  53|0x0000000083500000, 0x0000000083600000, 0x0000000083600000|100%| O|  |TAMS 0x0000000083600000, 0x0000000083500000| Untracked 
|  54|0x0000000083600000, 0x0000000083700000, 0x0000000083700000|100%| O|  |TAMS 0x0000000083600000, 0x0000000083600000| Untracked 
|  55|0x0000000083700000, 0x0000000083800000, 0x0000000083800000|100%| O|  |TAMS 0x0000000083700000, 0x0000000083700000| Untracked 
|  56|0x0000000083800000, 0x0000000083900000, 0x0000000083900000|100%| O|  |TAMS 0x0000000083800000, 0x0000000083800000| Untracked 
|  57|0x0000000083900000, 0x0000000083a00000, 0x0000000083a00000|100%| O|  |TAMS 0x0000000083a00000, 0x0000000083900000| Untracked 
|  58|0x0000000083a00000, 0x0000000083a00000, 0x0000000083b00000|  0%| F|  |TAMS 0x0000000083a00000, 0x0000000083a00000| Untracked 
|  59|0x0000000083b00000, 0x0000000083c00000, 0x0000000083c00000|100%| O|  |TAMS 0x0000000083c00000, 0x0000000083b00000| Untracked 
|  60|0x0000000083c00000, 0x0000000083d00000, 0x0000000083d00000|100%| O|  |TAMS 0x0000000083d00000, 0x0000000083c00000| Untracked 
|  61|0x0000000083d00000, 0x0000000083d00000, 0x0000000083e00000|  0%| F|  |TAMS 0x0000000083d00000, 0x0000000083d00000| Untracked 
|  62|0x0000000083e00000, 0x0000000083f00000, 0x0000000083f00000|100%| O|  |TAMS 0x0000000083e00000, 0x0000000083e00000| Untracked 
|  63|0x0000000083f00000, 0x0000000083f00000, 0x0000000084000000|  0%| F|  |TAMS 0x0000000083f00000, 0x0000000083f00000| Untracked 
|  64|0x0000000084000000, 0x0000000084100000, 0x0000000084100000|100%| O|  |TAMS 0x0000000084100000, 0x0000000084000000| Untracked 
|  65|0x0000000084100000, 0x0000000084200000, 0x0000000084200000|100%| O|  |TAMS 0x0000000084200000, 0x0000000084100000| Untracked 
|  66|0x0000000084200000, 0x0000000084300000, 0x0000000084300000|100%| O|  |TAMS 0x0000000084300000, 0x0000000084200000| Untracked 
|  67|0x0000000084300000, 0x0000000084400000, 0x0000000084400000|100%|HS|  |TAMS 0x0000000084400000, 0x0000000084300000| Complete 
|  68|0x0000000084400000, 0x0000000084500000, 0x0000000084500000|100%|HC|  |TAMS 0x0000000084500000, 0x0000000084400000| Complete 
|  69|0x0000000084500000, 0x0000000084600000, 0x0000000084600000|100%|HS|  |TAMS 0x0000000084600000, 0x0000000084500000| Complete 
|  70|0x0000000084600000, 0x0000000084700000, 0x0000000084700000|100%|HS|  |TAMS 0x0000000084700000, 0x0000000084600000| Complete 
|  71|0x0000000084700000, 0x0000000084800000, 0x0000000084800000|100%|HS|  |TAMS 0x0000000084800000, 0x0000000084700000| Complete 
|  72|0x0000000084800000, 0x0000000084900000, 0x0000000084900000|100%|HC|  |TAMS 0x0000000084900000, 0x0000000084800000| Complete 
|  73|0x0000000084900000, 0x0000000084a00000, 0x0000000084a00000|100%|HS|  |TAMS 0x0000000084a00000, 0x0000000084900000| Complete 
|  74|0x0000000084a00000, 0x0000000084b00000, 0x0000000084b00000|100%|HC|  |TAMS 0x0000000084b00000, 0x0000000084a00000| Complete 
|  75|0x0000000084b00000, 0x0000000084c00000, 0x0000000084c00000|100%|HS|  |TAMS 0x0000000084c00000, 0x0000000084b00000| Complete 
|  76|0x0000000084c00000, 0x0000000084d00000, 0x0000000084d00000|100%|HC|  |TAMS 0x0000000084d00000, 0x0000000084c00000| Complete 
|  77|0x0000000084d00000, 0x0000000084e00000, 0x0000000084e00000|100%|HC|  |TAMS 0x0000000084e00000, 0x0000000084d00000| Complete 
|  78|0x0000000084e00000, 0x0000000084f00000, 0x0000000084f00000|100%|HS|  |TAMS 0x0000000084f00000, 0x0000000084e00000| Complete 
|  79|0x0000000084f00000, 0x0000000085000000, 0x0000000085000000|100%| O|  |TAMS 0x0000000085000000, 0x0000000084f00000| Untracked 
|  80|0x0000000085000000, 0x0000000085100000, 0x0000000085100000|100%| O|  |TAMS 0x0000000085100000, 0x0000000085000000| Untracked 
|  81|0x0000000085100000, 0x0000000085200000, 0x0000000085200000|100%| O|  |TAMS 0x0000000085200000, 0x0000000085100000| Untracked 
|  82|0x0000000085200000, 0x0000000085300000, 0x0000000085300000|100%| O|  |TAMS 0x0000000085300000, 0x0000000085200000| Untracked 
|  83|0x0000000085300000, 0x0000000085400000, 0x0000000085400000|100%| O|  |TAMS 0x0000000085400000, 0x0000000085300000| Untracked 
|  84|0x0000000085400000, 0x0000000085500000, 0x0000000085500000|100%| O|  |TAMS 0x0000000085500000, 0x0000000085400000| Untracked 
|  85|0x0000000085500000, 0x0000000085600000, 0x0000000085600000|100%| O|  |TAMS 0x0000000085600000, 0x0000000085500000| Untracked 
|  86|0x0000000085600000, 0x0000000085700000, 0x0000000085700000|100%| O|  |TAMS 0x0000000085700000, 0x0000000085600000| Untracked 
|  87|0x0000000085700000, 0x0000000085800000, 0x0000000085800000|100%| O|  |TAMS 0x0000000085800000, 0x0000000085700000| Untracked 
|  88|0x0000000085800000, 0x0000000085900000, 0x0000000085900000|100%| O|  |TAMS 0x0000000085900000, 0x0000000085800000| Untracked 
|  89|0x0000000085900000, 0x0000000085a00000, 0x0000000085a00000|100%| O|  |TAMS 0x0000000085a00000, 0x0000000085900000| Untracked 
|  90|0x0000000085a00000, 0x0000000085b00000, 0x0000000085b00000|100%| O|  |TAMS 0x0000000085b00000, 0x0000000085a00000| Untracked 
|  91|0x0000000085b00000, 0x0000000085c00000, 0x0000000085c00000|100%| O|  |TAMS 0x0000000085b00000, 0x0000000085b00000| Untracked 
|  92|0x0000000085c00000, 0x0000000085c00000, 0x0000000085d00000|  0%| F|  |TAMS 0x0000000085c00000, 0x0000000085c00000| Untracked 
|  93|0x0000000085d00000, 0x0000000085e00000, 0x0000000085e00000|100%| O|  |TAMS 0x0000000085e00000, 0x0000000085d00000| Untracked 
|  94|0x0000000085e00000, 0x0000000085f00000, 0x0000000085f00000|100%| O|  |TAMS 0x0000000085f00000, 0x0000000085e00000| Untracked 
|  95|0x0000000085f00000, 0x0000000086000000, 0x0000000086000000|100%| O|  |TAMS 0x0000000086000000, 0x0000000085f00000| Untracked 
|  96|0x0000000086000000, 0x0000000086100000, 0x0000000086100000|100%| O|  |TAMS 0x0000000086100000, 0x0000000086000000| Untracked 
|  97|0x0000000086100000, 0x0000000086200000, 0x0000000086200000|100%| O|  |TAMS 0x0000000086100000, 0x0000000086100000| Untracked 
|  98|0x0000000086200000, 0x0000000086300000, 0x0000000086300000|100%| O|  |TAMS 0x0000000086300000, 0x0000000086200000| Untracked 
|  99|0x0000000086300000, 0x0000000086400000, 0x0000000086400000|100%| O|  |TAMS 0x0000000086400000, 0x0000000086300000| Untracked 
| 100|0x0000000086400000, 0x0000000086500000, 0x0000000086500000|100%| O|  |TAMS 0x0000000086500000, 0x0000000086400000| Untracked 
| 101|0x0000000086500000, 0x0000000086600000, 0x0000000086600000|100%| O|  |TAMS 0x0000000086600000, 0x0000000086500000| Untracked 
| 102|0x0000000086600000, 0x0000000086700000, 0x0000000086700000|100%|HS|  |TAMS 0x0000000086700000, 0x0000000086600000| Complete 
| 103|0x0000000086700000, 0x0000000086800000, 0x0000000086800000|100%|HC|  |TAMS 0x0000000086800000, 0x0000000086700000| Complete 
| 104|0x0000000086800000, 0x0000000086900000, 0x0000000086900000|100%| O|  |TAMS 0x0000000086900000, 0x0000000086800000| Untracked 
| 105|0x0000000086900000, 0x0000000086a00000, 0x0000000086a00000|100%|HS|  |TAMS 0x0000000086a00000, 0x0000000086900000| Complete 
| 106|0x0000000086a00000, 0x0000000086b00000, 0x0000000086b00000|100%| O|  |TAMS 0x0000000086b00000, 0x0000000086a00000| Untracked 
| 107|0x0000000086b00000, 0x0000000086c00000, 0x0000000086c00000|100%|HS|  |TAMS 0x0000000086c00000, 0x0000000086b00000| Complete 
| 108|0x0000000086c00000, 0x0000000086d00000, 0x0000000086d00000|100%| O|  |TAMS 0x0000000086d00000, 0x0000000086c00000| Untracked 
| 109|0x0000000086d00000, 0x0000000086e00000, 0x0000000086e00000|100%| O|  |TAMS 0x0000000086e00000, 0x0000000086d00000| Untracked 
| 110|0x0000000086e00000, 0x0000000086f00000, 0x0000000086f00000|100%| O|  |TAMS 0x0000000086f00000, 0x0000000086e00000| Untracked 
| 111|0x0000000086f00000, 0x0000000087000000, 0x0000000087000000|100%|HS|  |TAMS 0x0000000087000000, 0x0000000086f00000| Complete 
| 112|0x0000000087000000, 0x0000000087100000, 0x0000000087100000|100%|HC|  |TAMS 0x0000000087100000, 0x0000000087000000| Complete 
| 113|0x0000000087100000, 0x0000000087200000, 0x0000000087200000|100%| O|  |TAMS 0x0000000087200000, 0x0000000087100000| Untracked 
| 114|0x0000000087200000, 0x0000000087300000, 0x0000000087300000|100%| O|  |TAMS 0x0000000087300000, 0x0000000087200000| Untracked 
| 115|0x0000000087300000, 0x0000000087400000, 0x0000000087400000|100%| O|  |TAMS 0x0000000087400000, 0x0000000087300000| Untracked 
| 116|0x0000000087400000, 0x0000000087500000, 0x0000000087500000|100%|HS|  |TAMS 0x0000000087500000, 0x0000000087400000| Complete 
| 117|0x0000000087500000, 0x0000000087600000, 0x0000000087600000|100%|HC|  |TAMS 0x0000000087600000, 0x0000000087500000| Complete 
| 118|0x0000000087600000, 0x0000000087700000, 0x0000000087700000|100%| O|  |TAMS 0x0000000087700000, 0x0000000087600000| Untracked 
| 119|0x0000000087700000, 0x0000000087800000, 0x0000000087800000|100%| O|  |TAMS 0x0000000087800000, 0x0000000087700000| Untracked 
| 120|0x0000000087800000, 0x0000000087900000, 0x0000000087900000|100%| O|  |TAMS 0x0000000087900000, 0x0000000087800000| Untracked 
| 121|0x0000000087900000, 0x0000000087a00000, 0x0000000087a00000|100%| O|  |TAMS 0x0000000087a00000, 0x0000000087900000| Untracked 
| 122|0x0000000087a00000, 0x0000000087b00000, 0x0000000087b00000|100%| O|  |TAMS 0x0000000087b00000, 0x0000000087a00000| Untracked 
| 123|0x0000000087b00000, 0x0000000087c00000, 0x0000000087c00000|100%| O|  |TAMS 0x0000000087c00000, 0x0000000087b00000| Untracked 
| 124|0x0000000087c00000, 0x0000000087d00000, 0x0000000087d00000|100%|HS|  |TAMS 0x0000000087d00000, 0x0000000087c00000| Complete 
| 125|0x0000000087d00000, 0x0000000087e00000, 0x0000000087e00000|100%|HC|  |TAMS 0x0000000087e00000, 0x0000000087d00000| Complete 
| 126|0x0000000087e00000, 0x0000000087f00000, 0x0000000087f00000|100%|HC|  |TAMS 0x0000000087f00000, 0x0000000087e00000| Complete 
| 127|0x0000000087f00000, 0x0000000088000000, 0x0000000088000000|100%|HS|  |TAMS 0x0000000088000000, 0x0000000087f00000| Complete 
| 128|0x0000000088000000, 0x0000000088100000, 0x0000000088100000|100%| O|  |TAMS 0x0000000088100000, 0x0000000088000000| Untracked 
| 129|0x0000000088100000, 0x0000000088200000, 0x0000000088200000|100%| O|  |TAMS 0x0000000088200000, 0x0000000088100000| Untracked 
| 130|0x0000000088200000, 0x0000000088300000, 0x0000000088300000|100%| O|  |TAMS 0x0000000088300000, 0x0000000088200000| Untracked 
| 131|0x0000000088300000, 0x0000000088400000, 0x0000000088400000|100%| O|  |TAMS 0x0000000088400000, 0x0000000088300000| Untracked 
| 132|0x0000000088400000, 0x0000000088500000, 0x0000000088500000|100%| O|  |TAMS 0x0000000088500000, 0x0000000088400000| Untracked 
| 133|0x0000000088500000, 0x0000000088600000, 0x0000000088600000|100%| O|  |TAMS 0x0000000088600000, 0x0000000088500000| Untracked 
| 134|0x0000000088600000, 0x0000000088700000, 0x0000000088700000|100%| O|  |TAMS 0x0000000088700000, 0x0000000088600000| Untracked 
| 135|0x0000000088700000, 0x0000000088800000, 0x0000000088800000|100%| O|  |TAMS 0x0000000088800000, 0x0000000088700000| Untracked 
| 136|0x0000000088800000, 0x0000000088900000, 0x0000000088900000|100%| O|  |TAMS 0x0000000088900000, 0x0000000088800000| Untracked 
| 137|0x0000000088900000, 0x0000000088a00000, 0x0000000088a00000|100%| O|  |TAMS 0x0000000088a00000, 0x0000000088900000| Untracked 
| 138|0x0000000088a00000, 0x0000000088b00000, 0x0000000088b00000|100%| O|  |TAMS 0x0000000088b00000, 0x0000000088a00000| Untracked 
| 139|0x0000000088b00000, 0x0000000088c00000, 0x0000000088c00000|100%| O|  |TAMS 0x0000000088c00000, 0x0000000088b00000| Untracked 
| 140|0x0000000088c00000, 0x0000000088d00000, 0x0000000088d00000|100%| O|  |TAMS 0x0000000088d00000, 0x0000000088c00000| Untracked 
| 141|0x0000000088d00000, 0x0000000088e00000, 0x0000000088e00000|100%| O|  |TAMS 0x0000000088e00000, 0x0000000088d00000| Untracked 
| 142|0x0000000088e00000, 0x0000000088f00000, 0x0000000088f00000|100%| O|  |TAMS 0x0000000088f00000, 0x0000000088e00000| Untracked 
| 143|0x0000000088f00000, 0x0000000089000000, 0x0000000089000000|100%| O|  |TAMS 0x0000000089000000, 0x0000000088f00000| Untracked 
| 144|0x0000000089000000, 0x0000000089100000, 0x0000000089100000|100%| O|  |TAMS 0x0000000089100000, 0x0000000089000000| Untracked 
| 145|0x0000000089100000, 0x0000000089200000, 0x0000000089200000|100%| O|  |TAMS 0x0000000089200000, 0x0000000089100000| Untracked 
| 146|0x0000000089200000, 0x0000000089300000, 0x0000000089300000|100%| O|  |TAMS 0x0000000089300000, 0x0000000089200000| Untracked 
| 147|0x0000000089300000, 0x0000000089400000, 0x0000000089400000|100%| O|  |TAMS 0x0000000089400000, 0x0000000089300000| Untracked 
| 148|0x0000000089400000, 0x0000000089500000, 0x0000000089500000|100%| O|  |TAMS 0x0000000089500000, 0x0000000089400000| Untracked 
| 149|0x0000000089500000, 0x0000000089600000, 0x0000000089600000|100%| O|  |TAMS 0x0000000089600000, 0x0000000089500000| Untracked 
| 150|0x0000000089600000, 0x0000000089700000, 0x0000000089700000|100%| O|  |TAMS 0x0000000089700000, 0x0000000089600000| Untracked 
| 151|0x0000000089700000, 0x0000000089800000, 0x0000000089800000|100%| O|  |TAMS 0x0000000089800000, 0x0000000089700000| Untracked 
| 152|0x0000000089800000, 0x0000000089900000, 0x0000000089900000|100%| O|  |TAMS 0x0000000089900000, 0x0000000089800000| Untracked 
| 153|0x0000000089900000, 0x0000000089a00000, 0x0000000089a00000|100%| O|  |TAMS 0x0000000089a00000, 0x0000000089900000| Untracked 
| 154|0x0000000089a00000, 0x0000000089b00000, 0x0000000089b00000|100%| O|  |TAMS 0x0000000089b00000, 0x0000000089a00000| Untracked 
| 155|0x0000000089b00000, 0x0000000089c00000, 0x0000000089c00000|100%| O|  |TAMS 0x0000000089c00000, 0x0000000089b00000| Untracked 
| 156|0x0000000089c00000, 0x0000000089d00000, 0x0000000089d00000|100%| O|  |TAMS 0x0000000089d00000, 0x0000000089c00000| Untracked 
| 157|0x0000000089d00000, 0x0000000089e00000, 0x0000000089e00000|100%| O|  |TAMS 0x0000000089e00000, 0x0000000089d00000| Untracked 
| 158|0x0000000089e00000, 0x0000000089f00000, 0x0000000089f00000|100%| O|  |TAMS 0x0000000089f00000, 0x0000000089e00000| Untracked 
| 159|0x0000000089f00000, 0x000000008a000000, 0x000000008a000000|100%| O|  |TAMS 0x000000008a000000, 0x0000000089f00000| Untracked 
| 160|0x000000008a000000, 0x000000008a100000, 0x000000008a100000|100%| O|  |TAMS 0x000000008a100000, 0x000000008a000000| Untracked 
| 161|0x000000008a100000, 0x000000008a200000, 0x000000008a200000|100%| O|  |TAMS 0x000000008a200000, 0x000000008a100000| Untracked 
| 162|0x000000008a200000, 0x000000008a300000, 0x000000008a300000|100%| O|  |TAMS 0x000000008a300000, 0x000000008a200000| Untracked 
| 163|0x000000008a300000, 0x000000008a400000, 0x000000008a400000|100%| O|  |TAMS 0x000000008a300000, 0x000000008a300000| Untracked 
| 164|0x000000008a400000, 0x000000008a500000, 0x000000008a500000|100%| O|  |TAMS 0x000000008a400000, 0x000000008a400000| Untracked 
| 165|0x000000008a500000, 0x000000008a600000, 0x000000008a600000|100%| O|  |TAMS 0x000000008a500000, 0x000000008a500000| Untracked 
| 166|0x000000008a600000, 0x000000008a700000, 0x000000008a700000|100%| O|  |TAMS 0x000000008a700000, 0x000000008a600000| Untracked 
| 167|0x000000008a700000, 0x000000008a800000, 0x000000008a800000|100%| O|  |TAMS 0x000000008a800000, 0x000000008a700000| Untracked 
| 168|0x000000008a800000, 0x000000008a900000, 0x000000008a900000|100%| O|  |TAMS 0x000000008a900000, 0x000000008a800000| Untracked 
| 169|0x000000008a900000, 0x000000008aa00000, 0x000000008aa00000|100%| O|  |TAMS 0x000000008aa00000, 0x000000008a900000| Untracked 
| 170|0x000000008aa00000, 0x000000008ab00000, 0x000000008ab00000|100%| O|  |TAMS 0x000000008ab00000, 0x000000008aa00000| Untracked 
| 171|0x000000008ab00000, 0x000000008ac00000, 0x000000008ac00000|100%| O|  |TAMS 0x000000008ac00000, 0x000000008ab00000| Untracked 
| 172|0x000000008ac00000, 0x000000008ad00000, 0x000000008ad00000|100%| O|  |TAMS 0x000000008ad00000, 0x000000008ac00000| Untracked 
| 173|0x000000008ad00000, 0x000000008ae00000, 0x000000008ae00000|100%| O|  |TAMS 0x000000008ae00000, 0x000000008ad00000| Untracked 
| 174|0x000000008ae00000, 0x000000008af00000, 0x000000008af00000|100%| O|  |TAMS 0x000000008af00000, 0x000000008ae00000| Untracked 
| 175|0x000000008af00000, 0x000000008b000000, 0x000000008b000000|100%| O|  |TAMS 0x000000008b000000, 0x000000008af00000| Untracked 
| 176|0x000000008b000000, 0x000000008b100000, 0x000000008b100000|100%| O|  |TAMS 0x000000008b100000, 0x000000008b000000| Untracked 
| 177|0x000000008b100000, 0x000000008b200000, 0x000000008b200000|100%| O|  |TAMS 0x000000008b200000, 0x000000008b100000| Untracked 
| 178|0x000000008b200000, 0x000000008b300000, 0x000000008b300000|100%| O|  |TAMS 0x000000008b300000, 0x000000008b200000| Untracked 
| 179|0x000000008b300000, 0x000000008b400000, 0x000000008b400000|100%| O|  |TAMS 0x000000008b400000, 0x000000008b300000| Untracked 
| 180|0x000000008b400000, 0x000000008b500000, 0x000000008b500000|100%| O|  |TAMS 0x000000008b500000, 0x000000008b400000| Untracked 
| 181|0x000000008b500000, 0x000000008b600000, 0x000000008b600000|100%| O|  |TAMS 0x000000008b600000, 0x000000008b500000| Untracked 
| 182|0x000000008b600000, 0x000000008b700000, 0x000000008b700000|100%| O|  |TAMS 0x000000008b700000, 0x000000008b600000| Untracked 
| 183|0x000000008b700000, 0x000000008b800000, 0x000000008b800000|100%| O|  |TAMS 0x000000008b800000, 0x000000008b700000| Untracked 
| 184|0x000000008b800000, 0x000000008b900000, 0x000000008b900000|100%| O|  |TAMS 0x000000008b900000, 0x000000008b800000| Untracked 
| 185|0x000000008b900000, 0x000000008ba00000, 0x000000008ba00000|100%| O|  |TAMS 0x000000008ba00000, 0x000000008b900000| Untracked 
| 186|0x000000008ba00000, 0x000000008bb00000, 0x000000008bb00000|100%| O|  |TAMS 0x000000008bb00000, 0x000000008ba00000| Untracked 
| 187|0x000000008bb00000, 0x000000008bc00000, 0x000000008bc00000|100%| O|  |TAMS 0x000000008bc00000, 0x000000008bb00000| Untracked 
| 188|0x000000008bc00000, 0x000000008bd00000, 0x000000008bd00000|100%| O|  |TAMS 0x000000008bd00000, 0x000000008bc00000| Untracked 
| 189|0x000000008bd00000, 0x000000008be00000, 0x000000008be00000|100%| O|  |TAMS 0x000000008be00000, 0x000000008bd00000| Untracked 
| 190|0x000000008be00000, 0x000000008bf00000, 0x000000008bf00000|100%| O|  |TAMS 0x000000008be00000, 0x000000008be00000| Untracked 
| 191|0x000000008bf00000, 0x000000008bf56600, 0x000000008c000000| 33%| O|  |TAMS 0x000000008bf00000, 0x000000008bf00000| Untracked 
| 192|0x000000008c000000, 0x000000008c000000, 0x000000008c100000|  0%| F|  |TAMS 0x000000008c000000, 0x000000008c000000| Untracked 
| 193|0x000000008c100000, 0x000000008c100000, 0x000000008c200000|  0%| F|  |TAMS 0x000000008c100000, 0x000000008c100000| Untracked 
| 194|0x000000008c200000, 0x000000008c200000, 0x000000008c300000|  0%| F|  |TAMS 0x000000008c200000, 0x000000008c200000| Untracked 
| 195|0x000000008c300000, 0x000000008c300000, 0x000000008c400000|  0%| F|  |TAMS 0x000000008c300000, 0x000000008c300000| Untracked 
| 196|0x000000008c400000, 0x000000008c400000, 0x000000008c500000|  0%| F|  |TAMS 0x000000008c400000, 0x000000008c400000| Untracked 
| 197|0x000000008c500000, 0x000000008c500000, 0x000000008c600000|  0%| F|  |TAMS 0x000000008c500000, 0x000000008c500000| Untracked 
| 198|0x000000008c600000, 0x000000008c600000, 0x000000008c700000|  0%| F|  |TAMS 0x000000008c600000, 0x000000008c600000| Untracked 
| 199|0x000000008c700000, 0x000000008c700000, 0x000000008c800000|  0%| F|  |TAMS 0x000000008c700000, 0x000000008c700000| Untracked 
| 200|0x000000008c800000, 0x000000008c800000, 0x000000008c900000|  0%| F|  |TAMS 0x000000008c800000, 0x000000008c800000| Untracked 
| 201|0x000000008c900000, 0x000000008c900000, 0x000000008ca00000|  0%| F|  |TAMS 0x000000008c900000, 0x000000008c900000| Untracked 
| 202|0x000000008ca00000, 0x000000008ca00000, 0x000000008cb00000|  0%| F|  |TAMS 0x000000008ca00000, 0x000000008ca00000| Untracked 
| 203|0x000000008cb00000, 0x000000008cb00000, 0x000000008cc00000|  0%| F|  |TAMS 0x000000008cb00000, 0x000000008cb00000| Untracked 
| 204|0x000000008cc00000, 0x000000008cc00000, 0x000000008cd00000|  0%| F|  |TAMS 0x000000008cc00000, 0x000000008cc00000| Untracked 
| 205|0x000000008cd00000, 0x000000008cd00000, 0x000000008ce00000|  0%| F|  |TAMS 0x000000008cd00000, 0x000000008cd00000| Untracked 
| 206|0x000000008ce00000, 0x000000008ce00000, 0x000000008cf00000|  0%| F|  |TAMS 0x000000008ce00000, 0x000000008ce00000| Untracked 
| 207|0x000000008cf00000, 0x000000008cf00000, 0x000000008d000000|  0%| F|  |TAMS 0x000000008cf00000, 0x000000008cf00000| Untracked 
| 208|0x000000008d000000, 0x000000008d000000, 0x000000008d100000|  0%| F|  |TAMS 0x000000008d000000, 0x000000008d000000| Untracked 
| 209|0x000000008d100000, 0x000000008d100000, 0x000000008d200000|  0%| F|  |TAMS 0x000000008d100000, 0x000000008d100000| Untracked 
| 210|0x000000008d200000, 0x000000008d200000, 0x000000008d300000|  0%| F|  |TAMS 0x000000008d200000, 0x000000008d200000| Untracked 
| 211|0x000000008d300000, 0x000000008d300000, 0x000000008d400000|  0%| F|  |TAMS 0x000000008d300000, 0x000000008d300000| Untracked 
| 212|0x000000008d400000, 0x000000008d400000, 0x000000008d500000|  0%| F|  |TAMS 0x000000008d400000, 0x000000008d400000| Untracked 
| 213|0x000000008d500000, 0x000000008d500000, 0x000000008d600000|  0%| F|  |TAMS 0x000000008d500000, 0x000000008d500000| Untracked 
| 214|0x000000008d600000, 0x000000008d600000, 0x000000008d700000|  0%| F|  |TAMS 0x000000008d600000, 0x000000008d600000| Untracked 
| 215|0x000000008d700000, 0x000000008d700000, 0x000000008d800000|  0%| F|  |TAMS 0x000000008d700000, 0x000000008d700000| Untracked 
| 216|0x000000008d800000, 0x000000008d800000, 0x000000008d900000|  0%| F|  |TAMS 0x000000008d800000, 0x000000008d800000| Untracked 
| 217|0x000000008d900000, 0x000000008d900000, 0x000000008da00000|  0%| F|  |TAMS 0x000000008d900000, 0x000000008d900000| Untracked 
| 218|0x000000008da00000, 0x000000008da00000, 0x000000008db00000|  0%| F|  |TAMS 0x000000008da00000, 0x000000008da00000| Untracked 
| 219|0x000000008db00000, 0x000000008db00000, 0x000000008dc00000|  0%| F|  |TAMS 0x000000008db00000, 0x000000008db00000| Untracked 
| 220|0x000000008dc00000, 0x000000008dc00000, 0x000000008dd00000|  0%| F|  |TAMS 0x000000008dc00000, 0x000000008dc00000| Untracked 
| 221|0x000000008dd00000, 0x000000008dd00000, 0x000000008de00000|  0%| F|  |TAMS 0x000000008dd00000, 0x000000008dd00000| Untracked 
| 222|0x000000008de00000, 0x000000008de00000, 0x000000008df00000|  0%| F|  |TAMS 0x000000008de00000, 0x000000008de00000| Untracked 
| 223|0x000000008df00000, 0x000000008df00000, 0x000000008e000000|  0%| F|  |TAMS 0x000000008df00000, 0x000000008df00000| Untracked 
| 224|0x000000008e000000, 0x000000008e000000, 0x000000008e100000|  0%| F|  |TAMS 0x000000008e000000, 0x000000008e000000| Untracked 
| 225|0x000000008e100000, 0x000000008e100000, 0x000000008e200000|  0%| F|  |TAMS 0x000000008e100000, 0x000000008e100000| Untracked 
| 226|0x000000008e200000, 0x000000008e200000, 0x000000008e300000|  0%| F|  |TAMS 0x000000008e200000, 0x000000008e200000| Untracked 
| 227|0x000000008e300000, 0x000000008e300000, 0x000000008e400000|  0%| F|  |TAMS 0x000000008e300000, 0x000000008e300000| Untracked 
| 228|0x000000008e400000, 0x000000008e400000, 0x000000008e500000|  0%| F|  |TAMS 0x000000008e400000, 0x000000008e400000| Untracked 
| 229|0x000000008e500000, 0x000000008e500000, 0x000000008e600000|  0%| F|  |TAMS 0x000000008e500000, 0x000000008e500000| Untracked 
| 230|0x000000008e600000, 0x000000008e600000, 0x000000008e700000|  0%| F|  |TAMS 0x000000008e600000, 0x000000008e600000| Untracked 
| 231|0x000000008e700000, 0x000000008e700000, 0x000000008e800000|  0%| F|  |TAMS 0x000000008e700000, 0x000000008e700000| Untracked 
| 232|0x000000008e800000, 0x000000008e800000, 0x000000008e900000|  0%| F|  |TAMS 0x000000008e800000, 0x000000008e800000| Untracked 
| 233|0x000000008e900000, 0x000000008e900000, 0x000000008ea00000|  0%| F|  |TAMS 0x000000008e900000, 0x000000008e900000| Untracked 
| 234|0x000000008ea00000, 0x000000008ea00000, 0x000000008eb00000|  0%| F|  |TAMS 0x000000008ea00000, 0x000000008ea00000| Untracked 
| 235|0x000000008eb00000, 0x000000008eb00000, 0x000000008ec00000|  0%| F|  |TAMS 0x000000008eb00000, 0x000000008eb00000| Untracked 
| 236|0x000000008ec00000, 0x000000008ec00000, 0x000000008ed00000|  0%| F|  |TAMS 0x000000008ec00000, 0x000000008ec00000| Untracked 
| 237|0x000000008ed00000, 0x000000008ed00000, 0x000000008ee00000|  0%| F|  |TAMS 0x000000008ed00000, 0x000000008ed00000| Untracked 
| 238|0x000000008ee00000, 0x000000008ee00000, 0x000000008ef00000|  0%| F|  |TAMS 0x000000008ee00000, 0x000000008ee00000| Untracked 
| 239|0x000000008ef00000, 0x000000008ef00000, 0x000000008f000000|  0%| F|  |TAMS 0x000000008ef00000, 0x000000008ef00000| Untracked 
| 240|0x000000008f000000, 0x000000008f000000, 0x000000008f100000|  0%| F|  |TAMS 0x000000008f000000, 0x000000008f000000| Untracked 
| 241|0x000000008f100000, 0x000000008f100000, 0x000000008f200000|  0%| F|  |TAMS 0x000000008f100000, 0x000000008f100000| Untracked 
| 242|0x000000008f200000, 0x000000008f200000, 0x000000008f300000|  0%| F|  |TAMS 0x000000008f200000, 0x000000008f200000| Untracked 
| 243|0x000000008f300000, 0x000000008f300000, 0x000000008f400000|  0%| F|  |TAMS 0x000000008f300000, 0x000000008f300000| Untracked 
| 244|0x000000008f400000, 0x000000008f400000, 0x000000008f500000|  0%| F|  |TAMS 0x000000008f400000, 0x000000008f400000| Untracked 
| 245|0x000000008f500000, 0x000000008f500000, 0x000000008f600000|  0%| F|  |TAMS 0x000000008f500000, 0x000000008f500000| Untracked 
| 246|0x000000008f600000, 0x000000008f600000, 0x000000008f700000|  0%| F|  |TAMS 0x000000008f600000, 0x000000008f600000| Untracked 
| 247|0x000000008f700000, 0x000000008f700000, 0x000000008f800000|  0%| F|  |TAMS 0x000000008f700000, 0x000000008f700000| Untracked 
| 248|0x000000008f800000, 0x000000008f800000, 0x000000008f900000|  0%| F|  |TAMS 0x000000008f800000, 0x000000008f800000| Untracked 
| 249|0x000000008f900000, 0x000000008f900000, 0x000000008fa00000|  0%| F|  |TAMS 0x000000008f900000, 0x000000008f900000| Untracked 
| 250|0x000000008fa00000, 0x000000008fa00000, 0x000000008fb00000|  0%| F|  |TAMS 0x000000008fa00000, 0x000000008fa00000| Untracked 
| 251|0x000000008fb00000, 0x000000008fb00000, 0x000000008fc00000|  0%| F|  |TAMS 0x000000008fb00000, 0x000000008fb00000| Untracked 
| 252|0x000000008fc00000, 0x000000008fc00000, 0x000000008fd00000|  0%| F|  |TAMS 0x000000008fc00000, 0x000000008fc00000| Untracked 
| 253|0x000000008fd00000, 0x000000008fd00000, 0x000000008fe00000|  0%| F|  |TAMS 0x000000008fd00000, 0x000000008fd00000| Untracked 
| 254|0x000000008fe00000, 0x000000008fe00000, 0x000000008ff00000|  0%| F|  |TAMS 0x000000008fe00000, 0x000000008fe00000| Untracked 
| 255|0x000000008ff00000, 0x000000008ff00000, 0x0000000090000000|  0%| F|  |TAMS 0x000000008ff00000, 0x000000008ff00000| Untracked 
| 256|0x0000000090000000, 0x0000000090000000, 0x0000000090100000|  0%| F|  |TAMS 0x0000000090000000, 0x0000000090000000| Untracked 
| 257|0x0000000090100000, 0x0000000090100000, 0x0000000090200000|  0%| F|  |TAMS 0x0000000090100000, 0x0000000090100000| Untracked 
| 258|0x0000000090200000, 0x0000000090200000, 0x0000000090300000|  0%| F|  |TAMS 0x0000000090200000, 0x0000000090200000| Untracked 
| 259|0x0000000090300000, 0x0000000090300000, 0x0000000090400000|  0%| F|  |TAMS 0x0000000090300000, 0x0000000090300000| Untracked 
| 260|0x0000000090400000, 0x0000000090400000, 0x0000000090500000|  0%| F|  |TAMS 0x0000000090400000, 0x0000000090400000| Untracked 
| 261|0x0000000090500000, 0x0000000090500000, 0x0000000090600000|  0%| F|  |TAMS 0x0000000090500000, 0x0000000090500000| Untracked 
| 262|0x0000000090600000, 0x0000000090600000, 0x0000000090700000|  0%| F|  |TAMS 0x0000000090600000, 0x0000000090600000| Untracked 
| 263|0x0000000090700000, 0x0000000090700000, 0x0000000090800000|  0%| F|  |TAMS 0x0000000090700000, 0x0000000090700000| Untracked 
| 264|0x0000000090800000, 0x0000000090800000, 0x0000000090900000|  0%| F|  |TAMS 0x0000000090800000, 0x0000000090800000| Untracked 
| 265|0x0000000090900000, 0x0000000090900000, 0x0000000090a00000|  0%| F|  |TAMS 0x0000000090900000, 0x0000000090900000| Untracked 
| 266|0x0000000090a00000, 0x0000000090a00000, 0x0000000090b00000|  0%| F|  |TAMS 0x0000000090a00000, 0x0000000090a00000| Untracked 
| 267|0x0000000090b00000, 0x0000000090b00000, 0x0000000090c00000|  0%| F|  |TAMS 0x0000000090b00000, 0x0000000090b00000| Untracked 
| 268|0x0000000090c00000, 0x0000000090c00000, 0x0000000090d00000|  0%| F|  |TAMS 0x0000000090c00000, 0x0000000090c00000| Untracked 
| 269|0x0000000090d00000, 0x0000000090d00000, 0x0000000090e00000|  0%| F|  |TAMS 0x0000000090d00000, 0x0000000090d00000| Untracked 
| 270|0x0000000090e00000, 0x0000000090e00000, 0x0000000090f00000|  0%| F|  |TAMS 0x0000000090e00000, 0x0000000090e00000| Untracked 
| 271|0x0000000090f00000, 0x0000000090f00000, 0x0000000091000000|  0%| F|  |TAMS 0x0000000090f00000, 0x0000000090f00000| Untracked 
| 272|0x0000000091000000, 0x0000000091000000, 0x0000000091100000|  0%| F|  |TAMS 0x0000000091000000, 0x0000000091000000| Untracked 
| 273|0x0000000091100000, 0x0000000091100000, 0x0000000091200000|  0%| F|  |TAMS 0x0000000091100000, 0x0000000091100000| Untracked 
| 274|0x0000000091200000, 0x0000000091200000, 0x0000000091300000|  0%| F|  |TAMS 0x0000000091200000, 0x0000000091200000| Untracked 
| 275|0x0000000091300000, 0x0000000091300000, 0x0000000091400000|  0%| F|  |TAMS 0x0000000091300000, 0x0000000091300000| Untracked 
| 276|0x0000000091400000, 0x0000000091400000, 0x0000000091500000|  0%| F|  |TAMS 0x0000000091400000, 0x0000000091400000| Untracked 
| 277|0x0000000091500000, 0x0000000091500000, 0x0000000091600000|  0%| F|  |TAMS 0x0000000091500000, 0x0000000091500000| Untracked 
| 278|0x0000000091600000, 0x0000000091600000, 0x0000000091700000|  0%| F|  |TAMS 0x0000000091600000, 0x0000000091600000| Untracked 
| 279|0x0000000091700000, 0x0000000091700000, 0x0000000091800000|  0%| F|  |TAMS 0x0000000091700000, 0x0000000091700000| Untracked 
| 280|0x0000000091800000, 0x0000000091800000, 0x0000000091900000|  0%| F|  |TAMS 0x0000000091800000, 0x0000000091800000| Untracked 
| 281|0x0000000091900000, 0x0000000091900000, 0x0000000091a00000|  0%| F|  |TAMS 0x0000000091900000, 0x0000000091900000| Untracked 
| 282|0x0000000091a00000, 0x0000000091a00000, 0x0000000091b00000|  0%| F|  |TAMS 0x0000000091a00000, 0x0000000091a00000| Untracked 
| 283|0x0000000091b00000, 0x0000000091b00000, 0x0000000091c00000|  0%| F|  |TAMS 0x0000000091b00000, 0x0000000091b00000| Untracked 
| 284|0x0000000091c00000, 0x0000000091c00000, 0x0000000091d00000|  0%| F|  |TAMS 0x0000000091c00000, 0x0000000091c00000| Untracked 
| 285|0x0000000091d00000, 0x0000000091d00000, 0x0000000091e00000|  0%| F|  |TAMS 0x0000000091d00000, 0x0000000091d00000| Untracked 
| 286|0x0000000091e00000, 0x0000000091e00000, 0x0000000091f00000|  0%| F|  |TAMS 0x0000000091e00000, 0x0000000091e00000| Untracked 
| 287|0x0000000091f00000, 0x0000000091f00000, 0x0000000092000000|  0%| F|  |TAMS 0x0000000091f00000, 0x0000000091f00000| Untracked 
| 288|0x0000000092000000, 0x0000000092000000, 0x0000000092100000|  0%| F|  |TAMS 0x0000000092000000, 0x0000000092000000| Untracked 
| 289|0x0000000092100000, 0x0000000092100000, 0x0000000092200000|  0%| F|  |TAMS 0x0000000092100000, 0x0000000092100000| Untracked 
| 290|0x0000000092200000, 0x0000000092200000, 0x0000000092300000|  0%| F|  |TAMS 0x0000000092200000, 0x0000000092200000| Untracked 
| 291|0x0000000092300000, 0x0000000092300000, 0x0000000092400000|  0%| F|  |TAMS 0x0000000092300000, 0x0000000092300000| Untracked 
| 292|0x0000000092400000, 0x0000000092400000, 0x0000000092500000|  0%| F|  |TAMS 0x0000000092400000, 0x0000000092400000| Untracked 
| 293|0x0000000092500000, 0x0000000092500000, 0x0000000092600000|  0%| F|  |TAMS 0x0000000092500000, 0x0000000092500000| Untracked 
| 294|0x0000000092600000, 0x0000000092600000, 0x0000000092700000|  0%| F|  |TAMS 0x0000000092600000, 0x0000000092600000| Untracked 
| 295|0x0000000092700000, 0x0000000092700000, 0x0000000092800000|  0%| F|  |TAMS 0x0000000092700000, 0x0000000092700000| Untracked 
| 296|0x0000000092800000, 0x0000000092800000, 0x0000000092900000|  0%| F|  |TAMS 0x0000000092800000, 0x0000000092800000| Untracked 
| 297|0x0000000092900000, 0x0000000092900000, 0x0000000092a00000|  0%| F|  |TAMS 0x0000000092900000, 0x0000000092900000| Untracked 
| 298|0x0000000092a00000, 0x0000000092a00000, 0x0000000092b00000|  0%| F|  |TAMS 0x0000000092a00000, 0x0000000092a00000| Untracked 
| 299|0x0000000092b00000, 0x0000000092b00000, 0x0000000092c00000|  0%| F|  |TAMS 0x0000000092b00000, 0x0000000092b00000| Untracked 
| 300|0x0000000092c00000, 0x0000000092c00000, 0x0000000092d00000|  0%| F|  |TAMS 0x0000000092c00000, 0x0000000092c00000| Untracked 
| 301|0x0000000092d00000, 0x0000000092d00000, 0x0000000092e00000|  0%| F|  |TAMS 0x0000000092d00000, 0x0000000092d00000| Untracked 
| 302|0x0000000092e00000, 0x0000000092e00000, 0x0000000092f00000|  0%| F|  |TAMS 0x0000000092e00000, 0x0000000092e00000| Untracked 
| 303|0x0000000092f00000, 0x0000000092f00000, 0x0000000093000000|  0%| F|  |TAMS 0x0000000092f00000, 0x0000000092f00000| Untracked 
| 304|0x0000000093000000, 0x0000000093000000, 0x0000000093100000|  0%| F|  |TAMS 0x0000000093000000, 0x0000000093000000| Untracked 
| 305|0x0000000093100000, 0x0000000093100000, 0x0000000093200000|  0%| F|  |TAMS 0x0000000093100000, 0x0000000093100000| Untracked 
| 306|0x0000000093200000, 0x0000000093200000, 0x0000000093300000|  0%| F|  |TAMS 0x0000000093200000, 0x0000000093200000| Untracked 
| 307|0x0000000093300000, 0x0000000093300000, 0x0000000093400000|  0%| F|  |TAMS 0x0000000093300000, 0x0000000093300000| Untracked 
| 308|0x0000000093400000, 0x0000000093400000, 0x0000000093500000|  0%| F|  |TAMS 0x0000000093400000, 0x0000000093400000| Untracked 
| 309|0x0000000093500000, 0x0000000093500000, 0x0000000093600000|  0%| F|  |TAMS 0x0000000093500000, 0x0000000093500000| Untracked 
| 310|0x0000000093600000, 0x0000000093600000, 0x0000000093700000|  0%| F|  |TAMS 0x0000000093600000, 0x0000000093600000| Untracked 
| 311|0x0000000093700000, 0x0000000093700000, 0x0000000093800000|  0%| F|  |TAMS 0x0000000093700000, 0x0000000093700000| Untracked 
| 312|0x0000000093800000, 0x0000000093800000, 0x0000000093900000|  0%| F|  |TAMS 0x0000000093800000, 0x0000000093800000| Untracked 
| 313|0x0000000093900000, 0x0000000093900000, 0x0000000093a00000|  0%| F|  |TAMS 0x0000000093900000, 0x0000000093900000| Untracked 
| 314|0x0000000093a00000, 0x0000000093a00000, 0x0000000093b00000|  0%| F|  |TAMS 0x0000000093a00000, 0x0000000093a00000| Untracked 
| 315|0x0000000093b00000, 0x0000000093b00000, 0x0000000093c00000|  0%| F|  |TAMS 0x0000000093b00000, 0x0000000093b00000| Untracked 
| 316|0x0000000093c00000, 0x0000000093c00000, 0x0000000093d00000|  0%| F|  |TAMS 0x0000000093c00000, 0x0000000093c00000| Untracked 
| 317|0x0000000093d00000, 0x0000000093d00000, 0x0000000093e00000|  0%| F|  |TAMS 0x0000000093d00000, 0x0000000093d00000| Untracked 
| 318|0x0000000093e00000, 0x0000000093eacf20, 0x0000000093f00000| 67%| S|CS|TAMS 0x0000000093e00000, 0x0000000093e00000| Complete 
| 319|0x0000000093f00000, 0x0000000094000000, 0x0000000094000000|100%| S|CS|TAMS 0x0000000093f00000, 0x0000000093f00000| Complete 
| 320|0x0000000094000000, 0x0000000094000000, 0x0000000094100000|  0%| F|  |TAMS 0x0000000094000000, 0x0000000094000000| Untracked 
| 321|0x0000000094100000, 0x0000000094100000, 0x0000000094200000|  0%| F|  |TAMS 0x0000000094100000, 0x0000000094100000| Untracked 
| 322|0x0000000094200000, 0x0000000094200000, 0x0000000094300000|  0%| F|  |TAMS 0x0000000094200000, 0x0000000094200000| Untracked 
| 323|0x0000000094300000, 0x0000000094300000, 0x0000000094400000|  0%| F|  |TAMS 0x0000000094300000, 0x0000000094300000| Untracked 
| 324|0x0000000094400000, 0x0000000094400000, 0x0000000094500000|  0%| F|  |TAMS 0x0000000094400000, 0x0000000094400000| Untracked 
| 325|0x0000000094500000, 0x0000000094500000, 0x0000000094600000|  0%| F|  |TAMS 0x0000000094500000, 0x0000000094500000| Untracked 
| 326|0x0000000094600000, 0x0000000094600000, 0x0000000094700000|  0%| F|  |TAMS 0x0000000094600000, 0x0000000094600000| Untracked 
| 327|0x0000000094700000, 0x000000009477f4c0, 0x0000000094800000| 49%| E|  |TAMS 0x0000000094700000, 0x0000000094700000| Complete 
| 328|0x0000000094800000, 0x0000000094900000, 0x0000000094900000|100%| E|CS|TAMS 0x0000000094800000, 0x0000000094800000| Complete 

Card table byte_map: [0x0000021865170000,0x0000021865570000] _byte_map_base: 0x0000021864d70000

Marking Bits (Prev, Next): (CMBitMap*) 0x000002185045a910, (CMBitMap*) 0x000002185045a8d8
 Prev Bits: [0x0000021867970000, 0x0000021869970000)
 Next Bits: [0x0000021865970000, 0x0000021867970000)

Polling page: 0x0000021850210000

Metaspace:

Usage:
  Non-class:     93.31 MB capacity,    91.67 MB ( 98%) used,     1.32 MB (  1%) free+waste,   323.38 KB ( <1%) overhead. 
      Class:     14.38 MB capacity,    13.40 MB ( 93%) used,   863.37 KB (  6%) free+waste,   143.69 KB ( <1%) overhead. 
       Both:    107.69 MB capacity,   105.07 MB ( 98%) used,     2.16 MB (  2%) free+waste,   467.06 KB ( <1%) overhead. 

Virtual space:
  Non-class space:       94.00 MB reserved,      93.45 MB (>99%) committed 
      Class space:        1.00 GB reserved,      14.50 MB (  1%) committed 
             Both:        1.09 GB reserved,     107.95 MB ( 10%) committed 

Chunk freelists:
   Non-Class:  16.00 KB
       Class:  0 bytes
        Both:  16.00 KB

MaxMetaspaceSize: 17179869184.00 GB
CompressedClassSpaceSize: 1.00 GB
Initial GC threshold: 20.80 MB
Current GC threshold: 178.25 MB
CDS: off

CodeHeap 'non-profiled nmethods': size=120064Kb used=8921Kb max_used=8921Kb free=111142Kb
 bounds [0x000002185d210000, 0x000002185dad0000, 0x0000021864750000]
CodeHeap 'profiled nmethods': size=120000Kb used=32742Kb max_used=32742Kb free=87257Kb
 bounds [0x0000021855ce0000, 0x0000021857ce0000, 0x000002185d210000]
CodeHeap 'non-nmethods': size=5696Kb used=2423Kb max_used=2479Kb free=3273Kb
 bounds [0x0000021855750000, 0x00000218559d0000, 0x0000021855ce0000]
 total_blobs=16194 nmethods=15249 adapters=857
 compilation: enabled
              stopped_count=0, restarted_count=0
 full_count=0

Compilation events (20 events):
Event: 22.750 Thread 0x000002186c813800 15454       3       com.android.tools.r8.graph.L2::a (37 bytes)
Event: 22.750 Thread 0x000002186c813800 nmethod 15454 0x0000021857ccd610 code [0x0000021857ccd7e0, 0x0000021857ccda28]
Event: 22.750 Thread 0x000002186c813800 15455       3       com.android.tools.r8.graph.Z0::a (54 bytes)
Event: 22.750 Thread 0x000002186c813800 nmethod 15455 0x0000021857ccdb10 code [0x0000021857ccdcc0, 0x0000021857ccde38]
Event: 22.751 Thread 0x000002186c813800 15456       3       com.android.tools.r8.graph.j3::a (381 bytes)
Event: 22.753 Thread 0x000002186c813800 nmethod 15456 0x0000021857ccdf10 code [0x0000021857cce320, 0x0000021857cd0418]
Event: 22.753 Thread 0x000002186c813800 15457       3       com.android.tools.r8.internal.co::<init> (46 bytes)
Event: 22.753 Thread 0x000002186c813800 nmethod 15457 0x0000021857cd1090 code [0x0000021857cd1260, 0x0000021857cd14d8]
Event: 22.760 Thread 0x000002186c813800 15458       3       com.android.tools.r8.graph.N2$$Lambda$1421/0x0000000100e60840::test (12 bytes)
Event: 22.761 Thread 0x000002186c813800 nmethod 15458 0x0000021857cd1590 code [0x0000021857cd1760, 0x0000021857cd1a48]
Event: 22.761 Thread 0x000002186c813800 15459       3       com.android.tools.r8.graph.Z0::<init> (114 bytes)
Event: 22.761 Thread 0x000002186c813800 nmethod 15459 0x0000021857cd1b90 code [0x0000021857cd1d60, 0x0000021857cd21c8]
Event: 22.761 Thread 0x000002186c813800 15460       3       com.android.tools.r8.graph.L2::<init> (72 bytes)
Event: 22.762 Thread 0x000002186c813800 nmethod 15460 0x0000021857cd2390 code [0x0000021857cd2600, 0x0000021857cd30a8]
Event: 22.764 Thread 0x000002186c813800 15461       3       com.android.tools.r8.graph.J::<init> (354 bytes)
Event: 22.766 Thread 0x000002186c813800 nmethod 15461 0x0000021857cd3410 code [0x0000021857cd39c0, 0x0000021857cd6468]
Event: 22.768 Thread 0x000002186c813800 15462       3       com.android.tools.r8.graph.K2::c (32 bytes)
Event: 22.769 Thread 0x000002186c813800 nmethod 15462 0x0000021857cd7410 code [0x0000021857cd7600, 0x0000021857cd7b08]
Event: 22.770 Thread 0x000002186c813800 15463       3       com.android.tools.r8.graph.j3::a (55 bytes)
Event: 22.771 Thread 0x000002186c813800 nmethod 15463 0x0000021857cd7d10 code [0x0000021857cd7fa0, 0x0000021857cd9038]

GC Heap History (20 events):
Event: 7.612 GC heap before
{Heap before GC invocations=13 (full 0):
 garbage-first heap   total 233472K, used 144867K [0x0000000080000000, 0x0000000100000000)
  region size 1024K, 101 young (103424K), 4 survivors (4096K)
 Metaspace       used 65304K, capacity 66881K, committed 67020K, reserved 1107968K
  class space    used 8333K, capacity 8931K, committed 8960K, reserved 1048576K
}
Event: 7.628 GC heap after
{Heap after GC invocations=14 (full 0):
 garbage-first heap   total 280576K, used 52733K [0x0000000080000000, 0x0000000100000000)
  region size 1024K, 11 young (11264K), 11 survivors (11264K)
 Metaspace       used 65304K, capacity 66881K, committed 67020K, reserved 1107968K
  class space    used 8333K, capacity 8931K, committed 8960K, reserved 1048576K
}
Event: 9.254 GC heap before
{Heap before GC invocations=15 (full 0):
 garbage-first heap   total 280576K, used 174589K [0x0000000080000000, 0x0000000100000000)
  region size 1024K, 130 young (133120K), 11 survivors (11264K)
 Metaspace       used 77931K, capacity 79731K, committed 80076K, reserved 1118208K
  class space    used 10204K, capacity 10891K, committed 11008K, reserved 1048576K
}
Event: 9.276 GC heap after
{Heap after GC invocations=16 (full 0):
 garbage-first heap   total 280576K, used 60309K [0x0000000080000000, 0x0000000100000000)
  region size 1024K, 15 young (15360K), 15 survivors (15360K)
 Metaspace       used 77931K, capacity 79731K, committed 80076K, reserved 1118208K
  class space    used 10204K, capacity 10891K, committed 11008K, reserved 1048576K
}
Event: 11.855 GC heap before
{Heap before GC invocations=16 (full 0):
 garbage-first heap   total 280576K, used 193429K [0x0000000080000000, 0x0000000100000000)
  region size 1024K, 146 young (149504K), 15 survivors (15360K)
 Metaspace       used 83459K, capacity 85532K, committed 85708K, reserved 1124352K
  class space    used 10891K, capacity 11705K, committed 11776K, reserved 1048576K
}
Event: 11.889 GC heap after
{Heap after GC invocations=17 (full 0):
 garbage-first heap   total 280576K, used 73113K [0x0000000080000000, 0x0000000100000000)
  region size 1024K, 19 young (19456K), 19 survivors (19456K)
 Metaspace       used 83459K, capacity 85532K, committed 85708K, reserved 1124352K
  class space    used 10891K, capacity 11705K, committed 11776K, reserved 1048576K
}
Event: 13.785 GC heap before
{Heap before GC invocations=17 (full 0):
 garbage-first heap   total 280576K, used 225689K [0x0000000080000000, 0x0000000100000000)
  region size 1024K, 143 young (146432K), 19 survivors (19456K)
 Metaspace       used 87198K, capacity 89367K, committed 89548K, reserved 1126400K
  class space    used 11197K, capacity 12021K, committed 12032K, reserved 1048576K
}
Event: 13.834 GC heap after
{Heap after GC invocations=18 (full 0):
 garbage-first heap   total 280576K, used 94555K [0x0000000080000000, 0x0000000100000000)
  region size 1024K, 18 young (18432K), 18 survivors (18432K)
 Metaspace       used 87198K, capacity 89367K, committed 89548K, reserved 1126400K
  class space    used 11197K, capacity 12021K, committed 12032K, reserved 1048576K
}
Event: 15.993 GC heap before
{Heap before GC invocations=18 (full 0):
 garbage-first heap   total 280576K, used 205147K [0x0000000080000000, 0x0000000100000000)
  region size 1024K, 127 young (130048K), 18 survivors (18432K)
 Metaspace       used 90448K, capacity 92579K, committed 92748K, reserved 1130496K
  class space    used 11447K, capacity 12296K, committed 12416K, reserved 1048576K
}
Event: 16.014 GC heap after
{Heap after GC invocations=19 (full 0):
 garbage-first heap   total 336896K, used 91648K [0x0000000080000000, 0x0000000100000000)
  region size 1024K, 2 young (2048K), 2 survivors (2048K)
 Metaspace       used 90448K, capacity 92579K, committed 92748K, reserved 1130496K
  class space    used 11447K, capacity 12296K, committed 12416K, reserved 1048576K
}
Event: 18.517 GC heap before
{Heap before GC invocations=19 (full 0):
 garbage-first heap   total 336896K, used 235008K [0x0000000080000000, 0x0000000100000000)
  region size 1024K, 143 young (146432K), 2 survivors (2048K)
 Metaspace       used 97414K, capacity 99698K, committed 99916K, reserved 1136640K
  class space    used 12258K, capacity 13088K, committed 13184K, reserved 1048576K
}
Event: 18.532 GC heap after
{Heap after GC invocations=20 (full 0):
 garbage-first heap   total 336896K, used 98307K [0x0000000080000000, 0x0000000100000000)
  region size 1024K, 9 young (9216K), 9 survivors (9216K)
 Metaspace       used 97414K, capacity 99698K, committed 99916K, reserved 1136640K
  class space    used 12258K, capacity 13088K, committed 13184K, reserved 1048576K
}
Event: 19.945 GC heap before
{Heap before GC invocations=20 (full 0):
 garbage-first heap   total 336896K, used 295939K [0x0000000080000000, 0x0000000100000000)
  region size 1024K, 163 young (166912K), 9 survivors (9216K)
 Metaspace       used 101409K, capacity 103726K, committed 104012K, reserved 1140736K
  class space    used 12754K, capacity 13614K, committed 13696K, reserved 1048576K
}
Event: 20.012 GC heap after
{Heap after GC invocations=21 (full 0):
 garbage-first heap   total 336896K, used 146772K [0x0000000080000000, 0x0000000100000000)
  region size 1024K, 21 young (21504K), 21 survivors (21504K)
 Metaspace       used 101409K, capacity 103726K, committed 104012K, reserved 1140736K
  class space    used 12754K, capacity 13614K, committed 13696K, reserved 1048576K
}
Event: 21.320 GC heap before
{Heap before GC invocations=21 (full 0):
 garbage-first heap   total 336896K, used 262484K [0x0000000080000000, 0x0000000100000000)
  region size 1024K, 134 young (137216K), 21 survivors (21504K)
 Metaspace       used 104567K, capacity 107048K, committed 107212K, reserved 1142784K
  class space    used 13304K, capacity 14222K, committed 14336K, reserved 1048576K
}
Event: 21.449 GC heap after
{Heap after GC invocations=22 (full 0):
 garbage-first heap   total 336896K, used 190464K [0x0000000080000000, 0x0000000100000000)
  region size 1024K, 17 young (17408K), 17 survivors (17408K)
 Metaspace       used 104567K, capacity 107048K, committed 107212K, reserved 1142784K
  class space    used 13304K, capacity 14222K, committed 14336K, reserved 1048576K
}
Event: 21.531 GC heap before
{Heap before GC invocations=22 (full 0):
 garbage-first heap   total 336896K, used 194560K [0x0000000080000000, 0x0000000100000000)
  region size 1024K, 22 young (22528K), 17 survivors (17408K)
 Metaspace       used 104569K, capacity 107050K, committed 107212K, reserved 1142784K
  class space    used 13305K, capacity 14223K, committed 14336K, reserved 1048576K
}
Event: 21.591 GC heap after
{Heap after GC invocations=23 (full 0):
 garbage-first heap   total 336896K, used 195072K [0x0000000080000000, 0x0000000100000000)
  region size 1024K, 4 young (4096K), 4 survivors (4096K)
 Metaspace       used 104569K, capacity 107050K, committed 107212K, reserved 1142784K
  class space    used 13305K, capacity 14223K, committed 14336K, reserved 1048576K
}
Event: 22.677 GC heap before
{Heap before GC invocations=24 (full 0):
 garbage-first heap   total 336896K, used 237056K [0x0000000080000000, 0x0000000100000000)
  region size 1024K, 50 young (51200K), 4 survivors (4096K)
 Metaspace       used 107545K, capacity 110198K, committed 110540K, reserved 1144832K
  class space    used 13712K, capacity 14723K, committed 14848K, reserved 1048576K
}
Event: 22.697 GC heap after
{Heap after GC invocations=25 (full 0):
 garbage-first heap   total 336896K, used 195072K [0x0000000080000000, 0x0000000100000000)
  region size 1024K, 7 young (7168K), 7 survivors (7168K)
 Metaspace       used 107545K, capacity 110198K, committed 110540K, reserved 1144832K
  class space    used 13712K, capacity 14723K, committed 14848K, reserved 1048576K
}

Deoptimization events (20 events):
Event: 22.464 Thread 0x000002186e8f6800 Uncommon trap: trap_request=0xffffffde fr.pc=0x000002185da9da10 relative=0x00000000000009f0
Event: 22.464 Thread 0x000002186e8f6800 Uncommon trap: reason=class_check action=maybe_recompile pc=0x000002185da9da10 method=com.android.tools.r8.internal.xt.hasNext()Z @ 31 c2
Event: 22.464 Thread 0x000002186e8f6800 DEOPT PACKING pc=0x000002185da9da10 sp=0x000000e8892fd3d0
Event: 22.464 Thread 0x000002186e8f6800 DEOPT UNPACKING pc=0x000002185579a1af sp=0x000000e8892fd3a0 mode 2
Event: 22.464 Thread 0x000002186e8f6800 Uncommon trap: trap_request=0xffffffde fr.pc=0x000002185da9da10 relative=0x00000000000009f0
Event: 22.464 Thread 0x000002186e8f6800 Uncommon trap: reason=class_check action=maybe_recompile pc=0x000002185da9da10 method=com.android.tools.r8.internal.xt.hasNext()Z @ 31 c2
Event: 22.464 Thread 0x000002186e8f6800 DEOPT PACKING pc=0x000002185da9da10 sp=0x000000e8892fd3d0
Event: 22.464 Thread 0x000002186e8f6800 DEOPT UNPACKING pc=0x000002185579a1af sp=0x000000e8892fd3a0 mode 2
Event: 22.464 Thread 0x000002186e8f6800 Uncommon trap: trap_request=0xffffffde fr.pc=0x000002185da9da10 relative=0x00000000000009f0
Event: 22.464 Thread 0x000002186e8f6800 Uncommon trap: reason=class_check action=maybe_recompile pc=0x000002185da9da10 method=com.android.tools.r8.internal.xt.hasNext()Z @ 31 c2
Event: 22.464 Thread 0x000002186e8f6800 DEOPT PACKING pc=0x000002185da9da10 sp=0x000000e8892fd3d0
Event: 22.464 Thread 0x000002186e8f6800 DEOPT UNPACKING pc=0x000002185579a1af sp=0x000000e8892fd3a0 mode 2
Event: 22.538 Thread 0x000002186e8f6800 DEOPT PACKING pc=0x0000021857ba5913 sp=0x000000e8892fcb60
Event: 22.538 Thread 0x000002186e8f6800 DEOPT UNPACKING pc=0x000002185579a95e sp=0x000000e8892fc0e0 mode 0
Event: 22.544 Thread 0x000002186e8f6800 DEOPT PACKING pc=0x0000021857ba5913 sp=0x000000e8892fcb60
Event: 22.544 Thread 0x000002186e8f6800 DEOPT UNPACKING pc=0x000002185579a95e sp=0x000000e8892fc0e0 mode 0
Event: 22.552 Thread 0x000002186e8f6800 DEOPT PACKING pc=0x0000021857ba5913 sp=0x000000e8892fcc00
Event: 22.552 Thread 0x000002186e8f6800 DEOPT UNPACKING pc=0x000002185579a95e sp=0x000000e8892fc180 mode 0
Event: 22.575 Thread 0x000002186e8f6800 DEOPT PACKING pc=0x0000021857ba5913 sp=0x000000e8892fcc00
Event: 22.575 Thread 0x000002186e8f6800 DEOPT UNPACKING pc=0x000002185579a95e sp=0x000000e8892fc180 mode 0

Classes redefined (0 events):
No events

Internal exceptions (20 events):
Event: 19.382 Thread 0x000002186e8f6800 Exception <a 'java/lang/NoSuchMethodError'{0x000000008ea196c8}: 'java.lang.Object java.lang.invoke.DirectMethodHandle$Holder.invokeStaticInit(java.lang.Object, java.lang.Object, java.lang.Object, java.lang.Object, java.lang.Object, java.lang.Object, java.lang.Object, java.lang.Object, java.lang.Object, java.lang.Object, java.lang.Object, java.lang.Object, java.lang.Object, java.lang.Object, java.lang.Object, java.lang.Object, java.lang.Object, java.lang.Object, int, java.lang.Object, java.lang.Object)'> (0
Event: 20.060 Thread 0x0000021870037800 Exception <a 'java/lang/NoSuchMethodError'{0x0000000094419d18}: <clinit>> (0x0000000094419d18) thrown at [./src/hotspot/share/prims/jni.cpp, line 1365]
Event: 20.066 Thread 0x0000021870037800 Exception <a 'java/lang/NoSuchMethodError'{0x000000009446e8c0}: <clinit>> (0x000000009446e8c0) thrown at [./src/hotspot/share/prims/jni.cpp, line 1365]
Event: 20.067 Thread 0x0000021870037800 Exception <a 'java/lang/NoSuchMethodError'{0x0000000094487a78}: <clinit>> (0x0000000094487a78) thrown at [./src/hotspot/share/prims/jni.cpp, line 1365]
Event: 20.430 Thread 0x000002186e8fb800 Exception <a 'java/lang/IncompatibleClassChangeError'{0x00000000938cca68}: Found class java.lang.Object, but interface was expected> (0x00000000938cca68) thrown at [./src/hotspot/share/interpreter/linkResolver.cpp, line 839]
Event: 20.430 Thread 0x000002186e8fa800 Exception <a 'java/lang/NoSuchMethodError'{0x00000000938673a0}: 'java.lang.Object java.lang.invoke.DirectMethodHandle$Holder.newInvokeSpecial(java.lang.Object, int)'> (0x00000000938673a0) thrown at [./src/hotspot/share/interpreter/linkResolver.cpp, line 773]
Event: 20.689 Thread 0x000002186e8f5000 Exception <a 'java/lang/IncompatibleClassChangeError'{0x0000000092af2408}: Found class java.lang.Object, but interface was expected> (0x0000000092af2408) thrown at [./src/hotspot/share/interpreter/linkResolver.cpp, line 839]
Event: 20.689 Thread 0x000002186e8f5000 Exception <a 'java/lang/IncompatibleClassChangeError'{0x0000000092af81b0}: Found class java.lang.Object, but interface was expected> (0x0000000092af81b0) thrown at [./src/hotspot/share/interpreter/linkResolver.cpp, line 839]
Event: 20.871 Thread 0x00000218723a5800 Exception <a 'sun/nio/fs/WindowsException'{0x000000009252bbd8}> (0x000000009252bbd8) thrown at [./src/hotspot/share/prims/jni.cpp, line 615]
Event: 21.226 Thread 0x000002186e8f2800 Exception <a 'java/lang/NoSuchMethodError'{0x0000000093a95998}: 'void java.lang.invoke.DirectMethodHandle$Holder.invokeStatic(java.lang.Object, long)'> (0x0000000093a95998) thrown at [./src/hotspot/share/interpreter/linkResolver.cpp, line 773]
Event: 21.226 Thread 0x000002186e8f2800 Exception <a 'java/lang/NoSuchMethodError'{0x000000008e510260}: 'java.lang.Object java.lang.invoke.DirectMethodHandle$Holder.invokeStatic(java.lang.Object, long)'> (0x000000008e510260) thrown at [./src/hotspot/share/interpreter/linkResolver.cpp, line 773]
Event: 21.229 Thread 0x000002186e8f2800 Exception <a 'java/lang/NoSuchMethodError'{0x000000008e51e748}: 'java.lang.Object java.lang.invoke.DirectMethodHandle$Holder.invokeStaticInit(java.lang.Object, java.lang.Object, long, java.lang.Object)'> (0x000000008e51e748) thrown at [./src/hotspot/share/interpreter/linkResolver.cpp, line 773]
Event: 21.229 Thread 0x000002186e8f2800 Exception <a 'java/lang/NoSuchMethodError'{0x000000008e524c80}: 'java.lang.Object java.lang.invoke.DirectMethodHandle$Holder.invokeStatic(java.lang.Object, java.lang.Object, long)'> (0x000000008e524c80) thrown at [./src/hotspot/share/interpreter/linkResolver.cpp, line 773]
Event: 21.229 Thread 0x000002186e8f2800 Exception <a 'java/lang/NoSuchMethodError'{0x000000008e52b448}: 'java.lang.Object java.lang.invoke.Invokers$Holder.linkToTargetMethod(java.lang.Object, long, java.lang.Object)'> (0x000000008e52b448) thrown at [./src/hotspot/share/interpreter/linkResolver.cpp, line 773]
Event: 21.852 Thread 0x000002186e8f6800 Exception <a 'java/lang/IncompatibleClassChangeError'{0x0000000093c21cf0}: Found class java.lang.Object, but interface was expected> (0x0000000093c21cf0) thrown at [./src/hotspot/share/interpreter/linkResolver.cpp, line 839]
Event: 22.430 Thread 0x000002186e8f6800 Exception <a 'java/lang/IncompatibleClassChangeError'{0x0000000091ea90e8}: Found class java.lang.Object, but interface was expected> (0x0000000091ea90e8) thrown at [./src/hotspot/share/interpreter/linkResolver.cpp, line 839]
Event: 22.444 Thread 0x000002186e8f6800 Exception <a 'java/lang/NoSuchMethodError'{0x0000000091d1a1b0}: 'java.lang.Object java.lang.invoke.Invokers$Holder.linkToTargetMethod(java.lang.Object, int, java.lang.Object, java.lang.Object, java.lang.Object, java.lang.Object)'> (0x0000000091d1a1b0) thrown at [./src/hotspot/share/interpreter/linkResolver.cpp, line 773]
Event: 22.459 Thread 0x000002186e8f6800 Exception <a 'java/lang/NoSuchMethodError'{0x0000000091d9ff18}: 'java.lang.Object java.lang.invoke.Invokers$Holder.linkToTargetMethod(java.lang.Object, java.lang.Object, java.lang.Object, int, java.lang.Object, java.lang.Object, java.lang.Object)'> (0x0000000091d9ff18) thrown at [./src/hotspot/share/interpreter/linkResolver.cpp, line 773]
Event: 22.500 Thread 0x000002186e8f6800 Exception <a 'java/lang/NoSuchMethodError'{0x0000000091b04838}: 'void java.lang.invoke.DirectMethodHandle$Holder.invokeStatic(java.lang.Object, java.lang.Object, java.lang.Object, java.lang.Object, java.lang.Object, java.lang.Object, java.lang.Object, java.lang.Object)'> (0x0000000091b04838) thrown at [./src/hotspot/share/interpreter/linkResolver.cpp, line 773]
Event: 22.771 Thread 0x000002186e8f2800 Exception <a 'java/lang/NoSuchMethodError'{0x00000000944fe7c0}: 'int java.lang.invoke.DirectMethodHandle$Holder.invokeSpecialIFC(java.lang.Object, java.lang.Object, java.lang.Object)'> (0x00000000944fe7c0) thrown at [./src/hotspot/share/interpreter/linkResolver.cpp, line 773]

Events (20 events):
Event: 22.528 loading class com/android/tools/r8/graph/N2
Event: 22.528 loading class com/android/tools/r8/graph/N2 done
Event: 22.677 Executing VM operation: G1CollectForAllocation
Event: 22.697 Executing VM operation: G1CollectForAllocation done
Event: 22.759 loading class com/android/builder/internal/aapt/AaptUtils
Event: 22.759 loading class com/android/builder/internal/aapt/AaptUtils done
Event: 22.760 loading class com/google/common/collect/Iterables$4
Event: 22.760 loading class com/google/common/collect/Iterables$4 done
Event: 22.762 loading class com/google/common/collect/FluentIterable
Event: 22.762 loading class com/google/common/collect/FluentIterable done
Event: 22.767 loading class com/google/common/collect/FluentIterable$2
Event: 22.767 loading class com/google/common/collect/FluentIterable$2 done
Event: 22.768 loading class com/google/common/collect/FluentIterable$1
Event: 22.768 loading class com/google/common/collect/FluentIterable$1 done
Event: 22.768 loading class com/google/common/collect/FluentIterable$3
Event: 22.768 loading class com/google/common/collect/FluentIterable$3 done
Event: 22.768 loading class com/google/common/collect/AbstractIterator$State
Event: 22.768 loading class com/google/common/collect/AbstractIterator$State done
Event: 22.770 loading class com/google/common/collect/AbstractIterator$1
Event: 22.770 loading class com/google/common/collect/AbstractIterator$1 done


Dynamic libraries:
0x00007ff6aedc0000 - 0x00007ff6aedca000 	C:\Program Files\Android\Android Studio\jre\bin\java.exe
0x00007ffa1f3b0000 - 0x00007ffa1f5a6000 	C:\Windows\SYSTEM32\ntdll.dll
0x00007ffa1e010000 - 0x00007ffa1e0cd000 	C:\Windows\System32\KERNEL32.DLL
0x00007ffa1ced0000 - 0x00007ffa1d198000 	C:\Windows\System32\KERNELBASE.dll
0x00007ffa16fc0000 - 0x00007ffa17050000 	C:\Windows\SYSTEM32\apphelp.dll
0x00007ffa1caf0000 - 0x00007ffa1cbf0000 	C:\Windows\System32\ucrtbase.dll
0x00007ffa04af0000 - 0x00007ffa04b07000 	C:\Program Files\Android\Android Studio\jre\bin\VCRUNTIME140.dll
0x00007ffa04ad0000 - 0x00007ffa04ae9000 	C:\Program Files\Android\Android Studio\jre\bin\jli.dll
0x00007ffa1eaa0000 - 0x00007ffa1ec40000 	C:\Windows\System32\USER32.dll
0x00007ffa1ccc0000 - 0x00007ffa1cce2000 	C:\Windows\System32\win32u.dll
0x00007ffa1d4d0000 - 0x00007ffa1d4fa000 	C:\Windows\System32\GDI32.dll
0x00007ffa1d300000 - 0x00007ffa1d409000 	C:\Windows\System32\gdi32full.dll
0x00007ffa1cbf0000 - 0x00007ffa1cc8d000 	C:\Windows\System32\msvcp_win.dll
0x00007ff9ff6c0000 - 0x00007ff9ff95b000 	C:\Windows\WinSxS\amd64_microsoft.windows.common-controls_6595b64144ccf1df_6.0.19041.488_none_ca04af081b815d21\COMCTL32.dll
0x00007ffa1e520000 - 0x00007ffa1e5be000 	C:\Windows\System32\msvcrt.dll
0x00007ffa1e2c0000 - 0x00007ffa1e2f0000 	C:\Windows\System32\IMM32.DLL
0x00007ff9f4020000 - 0x00007ff9f40bd000 	C:\Program Files\Android\Android Studio\jre\bin\msvcp140.dll
0x00007ff9b8e20000 - 0x00007ff9b9905000 	C:\Program Files\Android\Android Studio\jre\bin\server\jvm.dll
0x00007ffa1e9f0000 - 0x00007ffa1ea9c000 	C:\Windows\System32\ADVAPI32.dll
0x00007ffa1f240000 - 0x00007ffa1f2db000 	C:\Windows\System32\sechost.dll
0x00007ffa1eca0000 - 0x00007ffa1edc4000 	C:\Windows\System32\RPCRT4.dll
0x00007ffa1d4c0000 - 0x00007ffa1d4c8000 	C:\Windows\System32\PSAPI.DLL
0x00007ffa14480000 - 0x00007ffa14489000 	C:\Windows\SYSTEM32\WSOCK32.dll
0x00007ffa1e5c0000 - 0x00007ffa1e62b000 	C:\Windows\System32\WS2_32.dll
0x00007ffa09fe0000 - 0x00007ffa0a007000 	C:\Windows\SYSTEM32\WINMM.dll
0x00007ffa137a0000 - 0x00007ffa137aa000 	C:\Windows\SYSTEM32\VERSION.dll
0x00007ffa1b420000 - 0x00007ffa1b432000 	C:\Windows\SYSTEM32\kernel.appcore.dll
0x00007ffa12980000 - 0x00007ffa12991000 	C:\Program Files\Android\Android Studio\jre\bin\verify.dll
0x00007ffa177a0000 - 0x00007ffa17984000 	C:\Windows\SYSTEM32\DBGHELP.DLL
0x00007ffa07c20000 - 0x00007ffa07c4c000 	C:\Windows\SYSTEM32\dbgcore.DLL
0x00007ffa1ce50000 - 0x00007ffa1cecf000 	C:\Windows\System32\bcryptPrimitives.dll
0x00007ffa07060000 - 0x00007ffa07089000 	C:\Program Files\Android\Android Studio\jre\bin\java.dll
0x00007ffa15370000 - 0x00007ffa1537b000 	C:\Program Files\Android\Android Studio\jre\bin\jimage.dll
0x00007ffa04a10000 - 0x00007ffa04a28000 	C:\Program Files\Android\Android Studio\jre\bin\zip.dll
0x00007ffa1d7e0000 - 0x00007ffa1df21000 	C:\Windows\System32\SHELL32.dll
0x00007ffa1ac20000 - 0x00007ffa1b3b5000 	C:\Windows\SYSTEM32\windows.storage.dll
0x00007ffa1e690000 - 0x00007ffa1e9e5000 	C:\Windows\System32\combase.dll
0x00007ffa1c4f0000 - 0x00007ffa1c51c000 	C:\Windows\SYSTEM32\Wldp.dll
0x00007ffa1d410000 - 0x00007ffa1d4be000 	C:\Windows\System32\SHCORE.dll
0x00007ffa1e260000 - 0x00007ffa1e2b5000 	C:\Windows\System32\shlwapi.dll
0x00007ffa1ca20000 - 0x00007ffa1ca46000 	C:\Windows\SYSTEM32\profapi.dll
0x00007ffa02c20000 - 0x00007ffa02c3a000 	C:\Program Files\Android\Android Studio\jre\bin\net.dll
0x00007ffa12e90000 - 0x00007ffa12f90000 	C:\Windows\SYSTEM32\WINHTTP.dll
0x00007ffa1c270000 - 0x00007ffa1c2da000 	C:\Windows\system32\mswsock.dll
0x00007ffa02c00000 - 0x00007ffa02c14000 	C:\Program Files\Android\Android Studio\jre\bin\nio.dll
0x00007ff9ef030000 - 0x00007ff9ef057000 	C:\Users\TECH TOOL\Downloads\gradle-7.5.1\native\e1d6ef7f7dcc3fd88c89a11ec53ec762bb8ba0a96d01ffa2cd45eb1d1d8dd5c5\windows-amd64\native-platform.dll
0x00007ff9e3580000 - 0x00007ff9e36c4000 	C:\Users\TECH TOOL\Downloads\gradle-7.5.1\native\5664cfc778a61ccfe75a443a1ab52a65af34e5dc3c78e0209fed803814484fcb\windows-amd64\native-platform-file-events.dll
0x00007ffa14260000 - 0x00007ffa1426a000 	C:\Program Files\Android\Android Studio\jre\bin\management.dll
0x00007ffa14240000 - 0x00007ffa1424d000 	C:\Program Files\Android\Android Studio\jre\bin\management_ext.dll
0x00007ffa1c440000 - 0x00007ffa1c458000 	C:\Windows\SYSTEM32\CRYPTSP.dll
0x00007ffa1bba0000 - 0x00007ffa1bbd4000 	C:\Windows\system32\rsaenh.dll
0x00007ffa1cc90000 - 0x00007ffa1ccb7000 	C:\Windows\System32\bcrypt.dll
0x00007ffa1c9e0000 - 0x00007ffa1ca0e000 	C:\Windows\SYSTEM32\USERENV.dll
0x00007ffa1c460000 - 0x00007ffa1c46c000 	C:\Windows\SYSTEM32\CRYPTBASE.dll
0x00007ffa1bf60000 - 0x00007ffa1bf9b000 	C:\Windows\SYSTEM32\IPHLPAPI.DLL
0x00007ffa1d630000 - 0x00007ffa1d638000 	C:\Windows\System32\NSI.dll
0x00007ffa13030000 - 0x00007ffa13047000 	C:\Windows\SYSTEM32\dhcpcsvc6.DLL
0x00007ffa13190000 - 0x00007ffa131ad000 	C:\Windows\SYSTEM32\dhcpcsvc.DLL
0x00007ffa1bfa0000 - 0x00007ffa1c06b000 	C:\Windows\SYSTEM32\DNSAPI.dll
0x00007ffa1b830000 - 0x00007ffa1b863000 	C:\Windows\SYSTEM32\ntmarta.dll

dbghelp: loaded successfully - version: 4.0.5 - missing functions: none
symbol engine: initialized successfully - sym options: 0x614 - pdb path: .;C:\Program Files\Android\Android Studio\jre\bin;C:\Windows\SYSTEM32;C:\Windows\WinSxS\amd64_microsoft.windows.common-controls_6595b64144ccf1df_6.0.19041.488_none_ca04af081b815d21;C:\Program Files\Android\Android Studio\jre\bin\server;C:\Users\TECH TOOL\Downloads\gradle-7.5.1\native\e1d6ef7f7dcc3fd88c89a11ec53ec762bb8ba0a96d01ffa2cd45eb1d1d8dd5c5\windows-amd64;C:\Users\TECH TOOL\Downloads\gradle-7.5.1\native\5664cfc778a61ccfe75a443a1ab52a65af34e5dc3c78e0209fed803814484fcb\windows-amd64

VM Arguments:
jvm_args: --add-opens=java.base/java.util=ALL-UNNAMED --add-opens=java.base/java.lang=ALL-UNNAMED --add-opens=java.base/java.lang.invoke=ALL-UNNAMED --add-opens=java.base/java.util=ALL-UNNAMED --add-opens=java.prefs/java.util.prefs=ALL-UNNAMED --add-opens=java.prefs/java.util.prefs=ALL-UNNAMED --add-opens=java.base/java.nio.charset=ALL-UNNAMED --add-opens=java.base/java.net=ALL-UNNAMED --add-opens=java.base/java.util.concurrent.atomic=ALL-UNNAMED -Xmx2048m -Dfile.encoding=UTF-8 -Duser.country=US -Duser.language=en -Duser.variant 
java_command: org.gradle.launcher.daemon.bootstrap.GradleDaemon 7.3.3
java_class_path (initial): C:\Users\TECH TOOL\Downloads\gradle-7.5.1\wrapper\dists\gradle-7.3.3-bin\6a41zxkdtcxs8rphpq6y0069z\gradle-7.3.3\lib\gradle-launcher-7.3.3.jar
Launcher Type: SUN_STANDARD

[Global flags]
     intx CICompilerCount                          = 3                                         {product} {ergonomic}
     uint ConcGCThreads                            = 1                                         {product} {ergonomic}
     uint G1ConcRefinementThreads                  = 4                                         {product} {ergonomic}
   size_t G1HeapRegionSize                         = 1048576                                   {product} {ergonomic}
    uintx GCDrainStackTargetSize                   = 64                                        {product} {ergonomic}
   size_t InitialHeapSize                          = 199229440                                 {product} {ergonomic}
   size_t MarkStackSize                            = 4194304                                   {product} {ergonomic}
   size_t MaxHeapSize                              = 2147483648                                {product} {command line}
   size_t MaxNewSize                               = 1287651328                                {product} {ergonomic}
   size_t MinHeapDeltaBytes                        = 1048576                                   {product} {ergonomic}
    uintx NonNMethodCodeHeapSize                   = 5830732                                {pd product} {ergonomic}
    uintx NonProfiledCodeHeapSize                  = 122913754                              {pd product} {ergonomic}
    uintx ProfiledCodeHeapSize                     = 122913754                              {pd product} {ergonomic}
    uintx ReservedCodeCacheSize                    = 251658240                              {pd product} {ergonomic}
     bool SegmentedCodeCache                       = true                                      {product} {ergonomic}
     bool UseCompressedClassPointers               = true                                 {lp64_product} {ergonomic}
     bool UseCompressedOops                        = true                                 {lp64_product} {ergonomic}
     bool UseG1GC                                  = true                                      {product} {ergonomic}
     bool UseLargePagesIndividualAllocation        = false                                  {pd product} {ergonomic}

Logging:
Log output configuration:
 #0: stdout all=warning uptime,level,tags
 #1: stderr all=off uptime,level,tags

Environment Variables:
PATH=C:\Program Files\Common Files\Oracle\Java\javapath;C:\Windows\system32;C:\Windows;C:\Windows\System32\Wbem;C:\Windows\System32\WindowsPowerShell\v1.0\;C:\Windows\System32\OpenSSH\;C:\Program Files (x86)\Microsoft SQL Server\150\DTS\Binn\;C:\Program Files\Azure Data Studio\bin;C:\Program Files\Microsoft\Web Platform Installer\;C:\Program Files (x86)\Microsoft ASP.NET\ASP.NET Web Pages\v1.0\;C:\Program Files\Microsoft SQL Server\110\Tools\Binn\;C:\Program Files\dotnet\;C:\Program Files\Microsoft SQL Server\130\Tools\Binn\;C:\Program Files\Microsoft SQL Server\Client SDK\ODBC\170\Tools\Binn\;C:\Program Files (x86)\Microsoft SQL Server\110\DTS\Binn\;C:\Program Files (x86)\Microsoft SQL Server\120\DTS\Binn\;C:\Program Files (x86)\Microsoft SQL Server\130\DTS\Binn\;C:\Program Files (x86)\Microsoft SQL Server\140\DTS\Binn\;C:\Program Files (x86)\Microsoft SQL Server\160\DTS\Binn\;C:\Program Files\nodejs\;C:\xampp\php;C:\ProgramData\ComposerSetup\bin;C:\Program Files\Git\cmd;C:\Users\TECH TOOL\AppData\Local\Microsoft\WindowsApps;;C:\Users\TECH TOOL\AppData\Local\Programs\Microsoft VS Code\bin;C:\Program Files\Azure Data Studio\bin;C:\Users\TECH TOOL\.dotnet\tools;C:\Users\TECH TOOL\AppData\Roaming\npm;C:\Users\TECH TOOL\AppData\Roaming\Composer\vendor\bin
USERNAME=TECH TOOL
OS=Windows_NT
PROCESSOR_IDENTIFIER=Intel64 Family 6 Model 142 Stepping 12, GenuineIntel



---------------  S Y S T E M  ---------------

OS: Windows 10 , 64 bit Build 19041 (10.0.19041.546)
OS uptime: 21 days 13:08 hours

CPU:total 4 (initial active 4) (2 cores per cpu, 2 threads per core) family 6 model 142 stepping 12 microcode 0xc0, cmov, cx8, fxsr, mmx, sse, sse2, sse3, ssse3, sse4.1, sse4.2, popcnt, avx, avx2, aes, clmul, erms, 3dnowpref, lzcnt, ht, tsc, tscinvbit, bmi1, bmi2, adx, fma

Memory: 4k page, system-wide physical 12119M (327M free)
TotalPageFile size 27379M (AvailPageFile size 5M)
current process WorkingSet (physical memory assigned to process): 608M, peak: 622M
current process commit charge ("private bytes"): 683M, peak: 685M

vm_info: OpenJDK 64-Bit Server VM (11.0.12+7-b1504.28-7817840) for windows-amd64 JRE (11.0.12+7-b1504.28-7817840), built on Oct 13 2021 22:12:33 by "builder" with MS VC++ 14.0 (VS2015)

END.
