#
# There is insufficient memory for the Java Runtime Environment to continue.
# Native memory allocation (mmap) failed to map 49283072 bytes for Failed to commit area from 0x000000008ea00000 to 0x0000000091900000 of length 49283072.
# Possible reasons:
#   The system is out of physical RAM or swap space
#   The process is running with CompressedOops enabled, and the Java Heap may be blocking the growth of the native heap
# Possible solutions:
#   Reduce memory load on the system
#   Increase physical memory or swap space
#   Check if swap backing store is full
#   Decrease Java heap size (-Xmx/-Xms)
#   Decrease number of Java threads
#   Decrease Java thread stack sizes (-Xss)
#   Set larger code cache with -XX:ReservedCodeCacheSize=
#   JVM is running with Unscaled Compressed Oops mode in which the Java heap is
#     placed in the first 4GB address space. The Java Heap base address is the
#     maximum limit for the native heap growth. Please use -XX:HeapBaseMinAddress
#     to set the Java Heap base and to place the Java Heap above 4GB virtual address.
# This output file may be truncated or incomplete.
#
#  Out of Memory Error (./src/hotspot/os/windows/os_windows.cpp:3521), pid=17500, tid=18424
#
# JRE version: OpenJDK Runtime Environment (11.0.12+7) (build 11.0.12+7-b1504.28-7817840)
# Java VM: OpenJDK 64-Bit Server VM (11.0.12+7-b1504.28-7817840, mixed mode, tiered, compressed oops, g1 gc, windows-amd64)
# No core dump will be written. Minidumps are not enabled by default on client versions of Windows
#

---------------  S U M M A R Y ------------

Command Line: --add-opens=java.base/java.util=ALL-UNNAMED --add-opens=java.base/java.lang=ALL-UNNAMED --add-opens=java.base/java.lang.invoke=ALL-UNNAMED --add-opens=java.base/java.util=ALL-UNNAMED --add-opens=java.prefs/java.util.prefs=ALL-UNNAMED --add-opens=java.prefs/java.util.prefs=ALL-UNNAMED --add-opens=java.base/java.nio.charset=ALL-UNNAMED --add-opens=java.base/java.net=ALL-UNNAMED --add-opens=java.base/java.util.concurrent.atomic=ALL-UNNAMED -Xmx2048m -Dfile.encoding=UTF-8 -Duser.country=US -Duser.language=en -Duser.variant org.gradle.launcher.daemon.bootstrap.GradleDaemon 7.3.3

Host: Intel(R) Core(TM) i3-10110U CPU @ 2.10GHz, 4 cores, 11G,  Windows 10 , 64 bit Build 19041 (10.0.19041.546)
Time: Wed Sep  7 11:50:33 2022 Sri Lanka Standard Time elapsed time: 944.965054 seconds (0d 0h 15m 44s)

---------------  T H R E A D  ---------------

Current thread (0x0000019ed5915800):  VMThread "VM Thread" [stack: 0x000000149eb00000,0x000000149ec00000] [id=18424]

Stack: [0x000000149eb00000,0x000000149ec00000]
[error occurred during error reporting (printing stack bounds), id 0xc0000005, EXCEPTION_ACCESS_VIOLATION (0xc0000005) at pc=0x0000019ebf7e112d]

Native frames: (J=compiled Java code, j=interpreted, Vv=VM code, C=native code)
V  [jvm.dll+0x5fbcea]
V  [jvm.dll+0x731905]
V  [jvm.dll+0x732f1d]
V  [jvm.dll+0x733535]
V  [jvm.dll+0x7334eb]
V  [jvm.dll+0x5fb080]
V  [jvm.dll+0x5fb818]
C  [ntdll.dll+0xa10ff]
C  [ntdll.dll+0x4b474]
C  [ntdll.dll+0x9fc2e]
C  0x0000019ebf7e112d

VM_Operation (0x00000014a43fd670): G1CollectForAllocation, mode: safepoint, requested by thread 0x0000019ed8175000


---------------  P R O C E S S  ---------------

Threads class SMR info:
_java_thread_list=0x0000019ee16dfdd0, length=92, elements={
0x0000019ebbcdb800, 0x0000019ed5919000, 0x0000019ed591a800, 0x0000019ed6179800,
0x0000019ed617b800, 0x0000019ed617c800, 0x0000019ed6180000, 0x0000019ed618d000,
0x0000019ed6196000, 0x0000019ed62e4800, 0x0000019ed7ab4800, 0x0000019ed812c800,
0x0000019ed7c38000, 0x0000019ed8174000, 0x0000019ed8176800, 0x0000019ed8177800,
0x0000019ed8172800, 0x0000019ed8179000, 0x0000019eda8cc000, 0x0000019eda8ca800,
0x0000019eda8cb000, 0x0000019eda8d0000, 0x0000019eda8d6000, 0x0000019edae8c000,
0x0000019edae87000, 0x0000019edbfe1800, 0x0000019eda8d2000, 0x0000019edbfe4000,
0x0000019edbfe5000, 0x0000019edd656800, 0x0000019edd651000, 0x0000019edd654000,
0x0000019edd653800, 0x0000019edd650000, 0x0000019edd655000, 0x0000019edd657800,
0x0000019edd651800, 0x0000019edd655800, 0x0000019edd658000, 0x0000019edd652800,
0x0000019edd65a800, 0x0000019edd65b800, 0x0000019edd65d000, 0x0000019edd65a000,
0x0000019edd65e000, 0x0000019edd65e800, 0x0000019edd659000, 0x0000019edbfe0000,
0x0000019edbfe1000, 0x0000019edbfe2800, 0x0000019edbfe3000, 0x0000019edbfdf000,
0x0000019edbfe9800, 0x0000019edbfe8000, 0x0000019edbfe7800, 0x0000019edbfe9000,
0x0000019edbfea800, 0x0000019edbfeb800, 0x0000019edbfe5800, 0x0000019edbfec000,
0x0000019edbfe6800, 0x0000019edbfee000, 0x0000019edbfed000, 0x0000019edae7f000,
0x0000019edae82000, 0x0000019edae7f800, 0x0000019edae81800, 0x0000019edae7e000,
0x0000019edae7d800, 0x0000019edae85800, 0x0000019edae86800, 0x0000019edae80800,
0x0000019edae84000, 0x0000019edae88000, 0x0000019edae83000, 0x0000019edae89800,
0x0000019edae8a800, 0x0000019edae8b000, 0x0000019eda8d1000, 0x0000019eda8ce800,
0x0000019eda8d2800, 0x0000019eda8cd000, 0x0000019eda8d7800, 0x0000019eda8d8800,
0x0000019eda8d3800, 0x0000019eda8d4000, 0x0000019ed8178000, 0x0000019ed8175000,
0x0000019ed8175800, 0x0000019ed8173800, 0x0000019edd65c800, 0x0000019eda8d9000
}

Java Threads: ( => current thread )
  0x0000019ebbcdb800 JavaThread "main" [_thread_blocked, id=13660, stack(0x000000149e500000,0x000000149e600000)]
  0x0000019ed5919000 JavaThread "Reference Handler" daemon [_thread_blocked, id=18040, stack(0x000000149ec00000,0x000000149ed00000)]
  0x0000019ed591a800 JavaThread "Finalizer" daemon [_thread_blocked, id=17592, stack(0x000000149ed00000,0x000000149ee00000)]
  0x0000019ed6179800 JavaThread "Signal Dispatcher" daemon [_thread_blocked, id=18008, stack(0x000000149ef00000,0x000000149f000000)]
  0x0000019ed617b800 JavaThread "Attach Listener" daemon [_thread_blocked, id=8220, stack(0x000000149f000000,0x000000149f100000)]
  0x0000019ed617c800 JavaThread "Service Thread" daemon [_thread_blocked, id=13076, stack(0x000000149f100000,0x000000149f200000)]
  0x0000019ed6180000 JavaThread "C2 CompilerThread0" daemon [_thread_in_native, id=19904, stack(0x000000149f200000,0x000000149f300000)]
  0x0000019ed618d000 JavaThread "C1 CompilerThread0" daemon [_thread_blocked, id=8308, stack(0x000000149f300000,0x000000149f400000)]
  0x0000019ed6196000 JavaThread "Sweeper thread" daemon [_thread_blocked, id=10860, stack(0x000000149f400000,0x000000149f500000)]
  0x0000019ed62e4800 JavaThread "Common-Cleaner" daemon [_thread_blocked, id=6240, stack(0x000000149f500000,0x000000149f600000)]
  0x0000019ed7ab4800 JavaThread "Daemon health stats" [_thread_blocked, id=3596, stack(0x000000149fb00000,0x000000149fc00000)]
  0x0000019ed812c800 JavaThread "Incoming local TCP Connector on port 65042" [_thread_in_native, id=4576, stack(0x000000149f700000,0x000000149f800000)]
  0x0000019ed7c38000 JavaThread "Daemon periodic checks" [_thread_blocked, id=16968, stack(0x000000149fc00000,0x000000149fd00000)]
  0x0000019ed8174000 JavaThread "Cache worker for journal cache (C:\Users\TECH TOOL\Downloads\gradle-7.5.1\caches\journal-1)" [_thread_blocked, id=16348, stack(0x00000014a0400000,0x00000014a0500000)]
  0x0000019ed8176800 JavaThread "File lock request listener" [_thread_in_native, id=19768, stack(0x00000014a0500000,0x00000014a0600000)]
  0x0000019ed8177800 JavaThread "Cache worker for file hash cache (C:\Users\TECH TOOL\Downloads\gradle-7.5.1\caches\7.3.3\fileHashes)" [_thread_blocked, id=1624, stack(0x00000014a0600000,0x00000014a0700000)]
  0x0000019ed8172800 JavaThread "File watcher server" daemon [_thread_blocked, id=108, stack(0x00000014a0900000,0x00000014a0a00000)]
  0x0000019ed8179000 JavaThread "File watcher consumer" daemon [_thread_blocked, id=5912, stack(0x00000014a0a00000,0x00000014a0b00000)]
  0x0000019eda8cc000 JavaThread "Cache worker for execution history cache (C:\Users\TECH TOOL\Downloads\gradle-7.5.1\caches\7.3.3\executionHistory)" [_thread_blocked, id=7972, stack(0x00000014a0e00000,0x00000014a0f00000)]
  0x0000019eda8ca800 JavaThread "jar transforms" [_thread_blocked, id=9548, stack(0x00000014a0f00000,0x00000014a1000000)]
  0x0000019eda8cb000 JavaThread "Cache worker for file content cache (C:\Users\TECH TOOL\Downloads\gradle-7.5.1\caches\7.3.3\fileContent)" [_thread_blocked, id=5364, stack(0x00000014a1000000,0x00000014a1100000)]
  0x0000019eda8d0000 JavaThread "jar transforms Thread 2" [_thread_blocked, id=15440, stack(0x00000014a1100000,0x00000014a1200000)]
  0x0000019eda8d6000 JavaThread "jar transforms Thread 3" [_thread_blocked, id=2108, stack(0x00000014a1300000,0x00000014a1400000)]
  0x0000019edae8c000 JavaThread "jar transforms Thread 4" [_thread_blocked, id=16600, stack(0x00000014a3d00000,0x00000014a3e00000)]
  0x0000019edae87000 JavaThread "Memory manager" [_thread_blocked, id=17700, stack(0x00000014a3f00000,0x00000014a4000000)]
  0x0000019edbfe1800 JavaThread "Cache worker for Java compile cache (C:\Users\TECH TOOL\Downloads\gradle-7.5.1\caches\7.3.3\javaCompile)" [_thread_blocked, id=11388, stack(0x00000014a4200000,0x00000014a4300000)]
  0x0000019eda8d2000 JavaThread "ForkJoinPool.commonPool-worker-5" daemon [_thread_blocked, id=16976, stack(0x00000014a4d00000,0x00000014a4e00000)]
  0x0000019edbfe4000 JavaThread "Daemon Thread 5" [_thread_blocked, id=19336, stack(0x000000149e300000,0x000000149e400000)]
  0x0000019edbfe5000 JavaThread "Daemon worker Thread 5" [_thread_blocked, id=19432, stack(0x000000149fd00000,0x000000149fe00000)]
  0x0000019edd656800 JavaThread "ForkJoinPool.commonPool-worker-7" daemon [_thread_blocked, id=8316, stack(0x00000014a4c00000,0x00000014a4d00000)]
  0x0000019edd651000 JavaThread "ForkJoinPool.commonPool-worker-1" daemon [_thread_blocked, id=12884, stack(0x00000014a4e00000,0x00000014a4f00000)]
  0x0000019edd654000 JavaThread "Handler for socket connection from /127.0.0.1:65042 to /127.0.0.1:49427" [_thread_in_native, id=880, stack(0x000000149e400000,0x000000149e500000)]
  0x0000019edd653800 JavaThread "Cancel handler" [_thread_blocked, id=15296, stack(0x000000149ee00000,0x000000149ef00000)]
  0x0000019edd650000 JavaThread "Asynchronous log dispatcher for DefaultDaemonConnection: socket connection from /127.0.0.1:65042 to /127.0.0.1:49427" [_thread_blocked, id=15372, stack(0x000000149fe00000,0x000000149ff00000)]
  0x0000019edd655000 JavaThread "Stdin handler" [_thread_blocked, id=12004, stack(0x000000149ff00000,0x00000014a0000000)]
  0x0000019edd657800 JavaThread "Daemon client event forwarder" [_thread_blocked, id=18924, stack(0x00000014a0000000,0x00000014a0100000)]
  0x0000019edd651800 JavaThread "Cache worker for file hash cache (D:\Final Project HDSE\CyGo-App\.gradle\7.3.3\fileHashes)" [_thread_blocked, id=1236, stack(0x00000014a0100000,0x00000014a0200000)]
  0x0000019edd655800 JavaThread "Cache worker for checksums cache (D:\Final Project HDSE\CyGo-App\.gradle\7.3.3\checksums)" [_thread_blocked, id=1332, stack(0x00000014a0200000,0x00000014a0300000)]
  0x0000019edd658000 JavaThread "Cache worker for cache directory md-supplier (C:\Users\TECH TOOL\Downloads\gradle-7.5.1\caches\7.3.3\md-supplier)" [_thread_blocked, id=6556, stack(0x00000014a0300000,0x00000014a0400000)]
  0x0000019edd652800 JavaThread "Cache worker for cache directory md-rule (C:\Users\TECH TOOL\Downloads\gradle-7.5.1\caches\7.3.3\md-rule)" [_thread_blocked, id=7196, stack(0x00000014a0700000,0x00000014a0800000)]
  0x0000019edd65a800 JavaThread "Cache worker for dependencies-accessors (D:\Final Project HDSE\CyGo-App\.gradle\7.3.3\dependencies-accessors)" [_thread_blocked, id=11000, stack(0x00000014a0800000,0x00000014a0900000)]
  0x0000019edd65b800 JavaThread "Cache worker for Build Output Cleanup Cache (D:\Final Project HDSE\CyGo-App\.gradle\buildOutputCleanup)" [_thread_blocked, id=18880, stack(0x00000014a0c00000,0x00000014a0d00000)]
  0x0000019edd65d000 JavaThread "Unconstrained build operations" [_thread_blocked, id=10392, stack(0x00000014a0d00000,0x00000014a0e00000)]
  0x0000019edd65a000 JavaThread "Unconstrained build operations Thread 2" [_thread_blocked, id=14008, stack(0x00000014a1200000,0x00000014a1300000)]
  0x0000019edd65e000 JavaThread "Unconstrained build operations Thread 3" [_thread_blocked, id=10868, stack(0x00000014a1400000,0x00000014a1500000)]
  0x0000019edd65e800 JavaThread "Unconstrained build operations Thread 4" [_thread_blocked, id=18184, stack(0x00000014a1500000,0x00000014a1600000)]
  0x0000019edd659000 JavaThread "Unconstrained build operations Thread 5" [_thread_blocked, id=1388, stack(0x00000014a1600000,0x00000014a1700000)]
  0x0000019edbfe0000 JavaThread "Unconstrained build operations Thread 6" [_thread_blocked, id=9656, stack(0x00000014a1700000,0x00000014a1800000)]
  0x0000019edbfe1000 JavaThread "Unconstrained build operations Thread 7" [_thread_blocked, id=11888, stack(0x00000014a1800000,0x00000014a1900000)]
  0x0000019edbfe2800 JavaThread "Unconstrained build operations Thread 8" [_thread_blocked, id=17872, stack(0x00000014a1900000,0x00000014a1a00000)]
  0x0000019edbfe3000 JavaThread "Unconstrained build operations Thread 9" [_thread_blocked, id=4808, stack(0x00000014a1a00000,0x00000014a1b00000)]
  0x0000019edbfdf000 JavaThread "Unconstrained build operations Thread 10" [_thread_blocked, id=20408, stack(0x00000014a1b00000,0x00000014a1c00000)]
  0x0000019edbfe9800 JavaThread "Unconstrained build operations Thread 11" [_thread_blocked, id=1304, stack(0x00000014a1c00000,0x00000014a1d00000)]
  0x0000019edbfe8000 JavaThread "Unconstrained build operations Thread 12" [_thread_blocked, id=3088, stack(0x00000014a1d00000,0x00000014a1e00000)]
  0x0000019edbfe7800 JavaThread "Unconstrained build operations Thread 13" [_thread_blocked, id=12416, stack(0x00000014a1e00000,0x00000014a1f00000)]
  0x0000019edbfe9000 JavaThread "Unconstrained build operations Thread 14" [_thread_blocked, id=19724, stack(0x00000014a1f00000,0x00000014a2000000)]
  0x0000019edbfea800 JavaThread "Unconstrained build operations Thread 15" [_thread_blocked, id=18716, stack(0x00000014a2000000,0x00000014a2100000)]
  0x0000019edbfeb800 JavaThread "Unconstrained build operations Thread 16" [_thread_blocked, id=2476, stack(0x00000014a2100000,0x00000014a2200000)]
  0x0000019edbfe5800 JavaThread "Unconstrained build operations Thread 17" [_thread_blocked, id=8420, stack(0x00000014a2200000,0x00000014a2300000)]
  0x0000019edbfec000 JavaThread "Unconstrained build operations Thread 18" [_thread_blocked, id=9900, stack(0x00000014a2300000,0x00000014a2400000)]
  0x0000019edbfe6800 JavaThread "Unconstrained build operations Thread 19" [_thread_blocked, id=1592, stack(0x00000014a2400000,0x00000014a2500000)]
  0x0000019edbfee000 JavaThread "Unconstrained build operations Thread 20" [_thread_blocked, id=11896, stack(0x00000014a2500000,0x00000014a2600000)]
  0x0000019edbfed000 JavaThread "Unconstrained build operations Thread 21" [_thread_blocked, id=3924, stack(0x00000014a2600000,0x00000014a2700000)]
  0x0000019edae7f000 JavaThread "Unconstrained build operations Thread 22" [_thread_blocked, id=15808, stack(0x00000014a2700000,0x00000014a2800000)]
  0x0000019edae82000 JavaThread "Unconstrained build operations Thread 23" [_thread_blocked, id=13528, stack(0x00000014a2800000,0x00000014a2900000)]
  0x0000019edae7f800 JavaThread "Unconstrained build operations Thread 24" [_thread_blocked, id=11068, stack(0x00000014a2900000,0x00000014a2a00000)]
  0x0000019edae81800 JavaThread "Unconstrained build operations Thread 25" [_thread_blocked, id=8720, stack(0x00000014a2a00000,0x00000014a2b00000)]
  0x0000019edae7e000 JavaThread "Unconstrained build operations Thread 26" [_thread_blocked, id=19096, stack(0x00000014a2b00000,0x00000014a2c00000)]
  0x0000019edae7d800 JavaThread "Unconstrained build operations Thread 27" [_thread_blocked, id=9384, stack(0x00000014a2c00000,0x00000014a2d00000)]
  0x0000019edae85800 JavaThread "Unconstrained build operations Thread 28" [_thread_blocked, id=12196, stack(0x00000014a2d00000,0x00000014a2e00000)]
  0x0000019edae86800 JavaThread "Unconstrained build operations Thread 29" [_thread_blocked, id=11024, stack(0x00000014a2e00000,0x00000014a2f00000)]
  0x0000019edae80800 JavaThread "Unconstrained build operations Thread 30" [_thread_blocked, id=456, stack(0x00000014a2f00000,0x00000014a3000000)]
  0x0000019edae84000 JavaThread "Unconstrained build operations Thread 31" [_thread_blocked, id=12556, stack(0x00000014a3000000,0x00000014a3100000)]
  0x0000019edae88000 JavaThread "Unconstrained build operations Thread 32" [_thread_blocked, id=3920, stack(0x00000014a3100000,0x00000014a3200000)]
  0x0000019edae83000 JavaThread "Unconstrained build operations Thread 33" [_thread_blocked, id=4148, stack(0x00000014a3200000,0x00000014a3300000)]
  0x0000019edae89800 JavaThread "Unconstrained build operations Thread 34" [_thread_blocked, id=13408, stack(0x00000014a3300000,0x00000014a3400000)]
  0x0000019edae8a800 JavaThread "Unconstrained build operations Thread 35" [_thread_blocked, id=11592, stack(0x00000014a3400000,0x00000014a3500000)]
  0x0000019edae8b000 JavaThread "Unconstrained build operations Thread 36" [_thread_blocked, id=10636, stack(0x00000014a3500000,0x00000014a3600000)]
  0x0000019eda8d1000 JavaThread "Unconstrained build operations Thread 37" [_thread_blocked, id=9420, stack(0x00000014a3600000,0x00000014a3700000)]
  0x0000019eda8ce800 JavaThread "Unconstrained build operations Thread 38" [_thread_blocked, id=19484, stack(0x00000014a3700000,0x00000014a3800000)]
  0x0000019eda8d2800 JavaThread "Unconstrained build operations Thread 39" [_thread_blocked, id=10476, stack(0x00000014a3800000,0x00000014a3900000)]
  0x0000019eda8cd000 JavaThread "Unconstrained build operations Thread 40" [_thread_blocked, id=9352, stack(0x00000014a3900000,0x00000014a3a00000)]
  0x0000019eda8d7800 JavaThread "build event listener" [_thread_blocked, id=7996, stack(0x00000014a3a00000,0x00000014a3b00000)]
  0x0000019eda8d8800 JavaThread "Execution worker for ':'" [_thread_blocked, id=7908, stack(0x00000014a3b00000,0x00000014a3c00000)]
  0x0000019eda8d3800 JavaThread "Execution worker for ':' Thread 2" [_thread_blocked, id=1352, stack(0x00000014a3c00000,0x00000014a3d00000)]
  0x0000019eda8d4000 JavaThread "Execution worker for ':' Thread 3" [_thread_blocked, id=15132, stack(0x00000014a4000000,0x00000014a4100000)]
  0x0000019ed8178000 JavaThread "Cache worker for execution history cache (D:\Final Project HDSE\CyGo-App\.gradle\7.3.3\executionHistory)" [_thread_blocked, id=3384, stack(0x00000014a4100000,0x00000014a4200000)]
  0x0000019ed8175000 JavaThread "WorkerExecutor Queue" [_thread_blocked, id=14768, stack(0x00000014a4300000,0x00000014a4400000)]
  0x0000019ed8175800 JavaThread "WorkerExecutor Queue Thread 2" [_thread_blocked, id=17660, stack(0x00000014a4400000,0x00000014a4500000)]
  0x0000019ed8173800 JavaThread "C2 CompilerThread1" daemon [_thread_blocked, id=9404, stack(0x00000014a0b00000,0x00000014a0c00000)]
  0x0000019edd65c800 JavaThread "WorkerExecutor Queue Thread 3" [_thread_in_native, id=20232, stack(0x00000014a4500000,0x00000014a4600000)]
  0x0000019eda8d9000 JavaThread "WorkerExecutor Queue Thread 4" [_thread_blocked, id=9748, stack(0x00000014a4600000,0x00000014a4700000)]

Other Threads:
=>0x0000019ed5915800 VMThread "VM Thread" [stack: 0x000000149eb00000,0x000000149ec00000] [id=18424]
  0x0000019ed6331800 WatcherThread [stack: 0x000000149f600000,0x000000149f700000] [id=9436]
  0x0000019ebbcf3800 GCTaskThread "GC Thread#0" [stack: 0x000000149e600000,0x000000149e700000] [id=3232]
  0x0000019ed644a800 GCTaskThread "GC Thread#1" [stack: 0x000000149f800000,0x000000149f900000] [id=15332]
  0x0000019ed644b000 GCTaskThread "GC Thread#2" [stack: 0x000000149f900000,0x000000149fa00000] [id=10808]
  0x0000019ed68e8000 GCTaskThread "GC Thread#3" [stack: 0x000000149fa00000,0x000000149fb00000] [id=15376]
  0x0000019ebbd24000 ConcurrentGCThread "G1 Main Marker" [stack: 0x000000149e700000,0x000000149e800000] [id=7368]
  0x0000019ebbd26800 ConcurrentGCThread "G1 Conc#0" [stack: 0x000000149e800000,0x000000149e900000] [id=896]
  0x0000019ed5762800 ConcurrentGCThread "G1 Refine#0" [stack: 0x000000149e900000,0x000000149ea00000] [id=5852]
  0x0000019edc36e800 ConcurrentGCThread "G1 Refine#1" [stack: 0x00000014a3e00000,0x00000014a3f00000] [id=12152]
  0x0000019ed5763000 ConcurrentGCThread "G1 Young RemSet Sampling" [stack: 0x000000149ea00000,0x000000149eb00000] [id=19296]

Threads with active compile tasks:
C2 CompilerThread0 944980 25905       4       com.android.aaptcompiler.TableExtractor::parseXml (564 bytes)
C2 CompilerThread1 944980 25977       4       com.ctc.wstx.sr.StreamScanner::parseLocalName (135 bytes)

VM state:at safepoint (normal execution)

VM Mutex/Monitor currently owned by a thread:  ([mutex/lock_event])
[0x0000019ebbcd92e0] Threads_lock - owner thread: 0x0000019ed5915800
[0x0000019ebbcd7b40] Heap_lock - owner thread: 0x0000019ed8175000

Heap address: 0x0000000080000000, size: 2048 MB, Compressed Oops mode: 32-bit
Narrow klass base: 0x0000000000000000, Narrow klass shift: 3
Compressed class space size: 1073741824 Address: 0x0000000100000000

Heap:
 garbage-first heap   total 287744K, used 126962K [0x0000000080000000, 0x0000000100000000)
  region size 1024K, 1 young (1024K), 1 survivors (1024K)
 Metaspace       used 154293K, capacity 158381K, committed 158668K, reserved 1187840K
  class space    used 19204K, capacity 20735K, committed 20736K, reserved 1048576K
Heap Regions: E=young(eden), S=young(survivor), O=old, HS=humongous(starts), HC=humongous(continues), CS=collection set, F=free, A=archive, TAMS=top-at-mark-start (previous, next)
|   0|0x0000000080000000, 0x0000000080100000, 0x0000000080100000|100%|HS|  |TAMS 0x0000000080100000, 0x0000000080000000| Complete 
|   1|0x0000000080100000, 0x0000000080200000, 0x0000000080200000|100%|HC|  |TAMS 0x0000000080200000, 0x0000000080100000| Complete 
|   2|0x0000000080200000, 0x0000000080300000, 0x0000000080300000|100%|HC|  |TAMS 0x0000000080300000, 0x0000000080200000| Complete 
|   3|0x0000000080300000, 0x0000000080400000, 0x0000000080400000|100%| O|  |TAMS 0x0000000080400000, 0x0000000080300000| Untracked 
|   4|0x0000000080400000, 0x0000000080500000, 0x0000000080500000|100%| O|  |TAMS 0x0000000080500000, 0x0000000080400000| Untracked 
|   5|0x0000000080500000, 0x0000000080600000, 0x0000000080600000|100%| O|  |TAMS 0x0000000080600000, 0x0000000080500000| Untracked 
|   6|0x0000000080600000, 0x0000000080700000, 0x0000000080700000|100%| O|  |TAMS 0x0000000080700000, 0x0000000080600000| Untracked 
|   7|0x0000000080700000, 0x0000000080800000, 0x0000000080800000|100%| O|  |TAMS 0x0000000080800000, 0x0000000080700000| Untracked 
|   8|0x0000000080800000, 0x0000000080900000, 0x0000000080900000|100%| O|  |TAMS 0x0000000080900000, 0x0000000080800000| Untracked 
|   9|0x0000000080900000, 0x0000000080a00000, 0x0000000080a00000|100%| O|  |TAMS 0x0000000080a00000, 0x0000000080900000| Untracked 
|  10|0x0000000080a00000, 0x0000000080b00000, 0x0000000080b00000|100%| O|  |TAMS 0x0000000080b00000, 0x0000000080a00000| Complete 
|  11|0x0000000080b00000, 0x0000000080c00000, 0x0000000080c00000|100%| O|  |TAMS 0x0000000080c00000, 0x0000000080b00000| Untracked 
|  12|0x0000000080c00000, 0x0000000080d00000, 0x0000000080d00000|100%| O|  |TAMS 0x0000000080d00000, 0x0000000080c00000| Untracked 
|  13|0x0000000080d00000, 0x0000000080e00000, 0x0000000080e00000|100%| O|  |TAMS 0x0000000080e00000, 0x0000000080d00000| Untracked 
|  14|0x0000000080e00000, 0x0000000080f00000, 0x0000000080f00000|100%| O|  |TAMS 0x0000000080f00000, 0x0000000080e00000| Untracked 
|  15|0x0000000080f00000, 0x0000000081000000, 0x0000000081000000|100%| O|  |TAMS 0x0000000081000000, 0x0000000080f00000| Untracked 
|  16|0x0000000081000000, 0x0000000081100000, 0x0000000081100000|100%| O|  |TAMS 0x0000000081100000, 0x0000000081000000| Untracked 
|  17|0x0000000081100000, 0x0000000081200000, 0x0000000081200000|100%|HS|  |TAMS 0x0000000081200000, 0x0000000081100000| Complete 
|  18|0x0000000081200000, 0x0000000081300000, 0x0000000081300000|100%|HS|  |TAMS 0x0000000081300000, 0x0000000081200000| Complete 
|  19|0x0000000081300000, 0x0000000081400000, 0x0000000081400000|100%|HS|  |TAMS 0x0000000081400000, 0x0000000081300000| Complete 
|  20|0x0000000081400000, 0x0000000081500000, 0x0000000081500000|100%|HC|  |TAMS 0x0000000081500000, 0x0000000081400000| Complete 
|  21|0x0000000081500000, 0x0000000081600000, 0x0000000081600000|100%| O|  |TAMS 0x0000000081600000, 0x0000000081500000| Untracked 
|  22|0x0000000081600000, 0x0000000081700000, 0x0000000081700000|100%| O|  |TAMS 0x0000000081700000, 0x0000000081600000| Untracked 
|  23|0x0000000081700000, 0x0000000081800000, 0x0000000081800000|100%| O|  |TAMS 0x0000000081800000, 0x0000000081700000| Untracked 
|  24|0x0000000081800000, 0x0000000081900000, 0x0000000081900000|100%| O|  |TAMS 0x0000000081900000, 0x0000000081800000| Untracked 
|  25|0x0000000081900000, 0x0000000081a00000, 0x0000000081a00000|100%| O|  |TAMS 0x0000000081a00000, 0x0000000081900000| Untracked 
|  26|0x0000000081a00000, 0x0000000081b00000, 0x0000000081b00000|100%| O|  |TAMS 0x0000000081b00000, 0x0000000081a00000| Untracked 
|  27|0x0000000081b00000, 0x0000000081c00000, 0x0000000081c00000|100%| O|  |TAMS 0x0000000081c00000, 0x0000000081b00000| Untracked 
|  28|0x0000000081c00000, 0x0000000081d00000, 0x0000000081d00000|100%| O|  |TAMS 0x0000000081d00000, 0x0000000081c00000| Untracked 
|  29|0x0000000081d00000, 0x0000000081e00000, 0x0000000081e00000|100%| O|  |TAMS 0x0000000081e00000, 0x0000000081d00000| Untracked 
|  30|0x0000000081e00000, 0x0000000081f00000, 0x0000000081f00000|100%| O|  |TAMS 0x0000000081f00000, 0x0000000081e00000| Untracked 
|  31|0x0000000081f00000, 0x0000000082000000, 0x0000000082000000|100%| O|  |TAMS 0x0000000082000000, 0x0000000081f00000| Untracked 
|  32|0x0000000082000000, 0x0000000082100000, 0x0000000082100000|100%| O|  |TAMS 0x0000000082100000, 0x0000000082000000| Untracked 
|  33|0x0000000082100000, 0x0000000082200000, 0x0000000082200000|100%| O|  |TAMS 0x0000000082200000, 0x0000000082100000| Complete 
|  34|0x0000000082200000, 0x0000000082300000, 0x0000000082300000|100%| O|  |TAMS 0x0000000082300000, 0x0000000082200000| Untracked 
|  35|0x0000000082300000, 0x0000000082400000, 0x0000000082400000|100%| O|  |TAMS 0x0000000082400000, 0x0000000082300000| Untracked 
|  36|0x0000000082400000, 0x0000000082500000, 0x0000000082500000|100%| O|  |TAMS 0x0000000082500000, 0x0000000082400000| Untracked 
|  37|0x0000000082500000, 0x0000000082600000, 0x0000000082600000|100%| O|  |TAMS 0x0000000082600000, 0x0000000082500000| Untracked 
|  38|0x0000000082600000, 0x0000000082700000, 0x0000000082700000|100%| O|  |TAMS 0x0000000082700000, 0x0000000082600000| Complete 
|  39|0x0000000082700000, 0x0000000082800000, 0x0000000082800000|100%| O|  |TAMS 0x0000000082800000, 0x0000000082700000| Complete 
|  40|0x0000000082800000, 0x0000000082900000, 0x0000000082900000|100%| O|  |TAMS 0x0000000082900000, 0x0000000082800000| Complete 
|  41|0x0000000082900000, 0x0000000082a00000, 0x0000000082a00000|100%| O|  |TAMS 0x0000000082a00000, 0x0000000082900000| Untracked 
|  42|0x0000000082a00000, 0x0000000082b00000, 0x0000000082b00000|100%| O|  |TAMS 0x0000000082b00000, 0x0000000082a00000| Untracked 
|  43|0x0000000082b00000, 0x0000000082c00000, 0x0000000082c00000|100%| O|  |TAMS 0x0000000082c00000, 0x0000000082b00000| Untracked 
|  44|0x0000000082c00000, 0x0000000082d00000, 0x0000000082d00000|100%| O|  |TAMS 0x0000000082d00000, 0x0000000082c00000| Complete 
|  45|0x0000000082d00000, 0x0000000082e00000, 0x0000000082e00000|100%| O|  |TAMS 0x0000000082e00000, 0x0000000082d00000| Complete 
|  46|0x0000000082e00000, 0x0000000082f00000, 0x0000000082f00000|100%| O|  |TAMS 0x0000000082f00000, 0x0000000082e00000| Untracked 
|  47|0x0000000082f00000, 0x0000000083000000, 0x0000000083000000|100%| O|  |TAMS 0x0000000083000000, 0x0000000082f00000| Untracked 
|  48|0x0000000083000000, 0x0000000083100000, 0x0000000083100000|100%| O|  |TAMS 0x0000000083100000, 0x0000000083000000| Untracked 
|  49|0x0000000083100000, 0x0000000083200000, 0x0000000083200000|100%| O|  |TAMS 0x0000000083200000, 0x0000000083100000| Complete 
|  50|0x0000000083200000, 0x0000000083300000, 0x0000000083300000|100%| O|  |TAMS 0x0000000083300000, 0x0000000083200000| Complete 
|  51|0x0000000083300000, 0x0000000083400000, 0x0000000083400000|100%| O|  |TAMS 0x0000000083400000, 0x0000000083300000| Complete 
|  52|0x0000000083400000, 0x0000000083500000, 0x0000000083500000|100%| O|  |TAMS 0x0000000083500000, 0x0000000083400000| Complete 
|  53|0x0000000083500000, 0x0000000083600000, 0x0000000083600000|100%| O|  |TAMS 0x0000000083600000, 0x0000000083500000| Untracked 
|  54|0x0000000083600000, 0x0000000083700000, 0x0000000083700000|100%| O|  |TAMS 0x0000000083700000, 0x0000000083600000| Untracked 
|  55|0x0000000083700000, 0x0000000083700000, 0x0000000083800000|  0%| F|  |TAMS 0x0000000083700000, 0x0000000083700000| Untracked 
|  56|0x0000000083800000, 0x0000000083900000, 0x0000000083900000|100%| O|  |TAMS 0x0000000083900000, 0x0000000083800000| Untracked 
|  57|0x0000000083900000, 0x0000000083a00000, 0x0000000083a00000|100%| O|  |TAMS 0x0000000083a00000, 0x0000000083900000| Untracked 
|  58|0x0000000083a00000, 0x0000000083b00000, 0x0000000083b00000|100%| O|  |TAMS 0x0000000083b00000, 0x0000000083a00000| Untracked 
|  59|0x0000000083b00000, 0x0000000083c00000, 0x0000000083c00000|100%| O|  |TAMS 0x0000000083c00000, 0x0000000083b00000| Untracked 
|  60|0x0000000083c00000, 0x0000000083d00000, 0x0000000083d00000|100%| O|  |TAMS 0x0000000083d00000, 0x0000000083c00000| Complete 
|  61|0x0000000083d00000, 0x0000000083e00000, 0x0000000083e00000|100%| O|  |TAMS 0x0000000083e00000, 0x0000000083d00000| Complete 
|  62|0x0000000083e00000, 0x0000000083f00000, 0x0000000083f00000|100%| O|  |TAMS 0x0000000083f00000, 0x0000000083e00000| Untracked 
|  63|0x0000000083f00000, 0x0000000084000000, 0x0000000084000000|100%| O|  |TAMS 0x0000000084000000, 0x0000000083f00000| Complete 
|  64|0x0000000084000000, 0x0000000084100000, 0x0000000084100000|100%| O|  |TAMS 0x0000000084100000, 0x0000000084000000| Complete 
|  65|0x0000000084100000, 0x0000000084200000, 0x0000000084200000|100%| O|  |TAMS 0x0000000084200000, 0x0000000084100000| Untracked 
|  66|0x0000000084200000, 0x0000000084300000, 0x0000000084300000|100%| O|  |TAMS 0x0000000084300000, 0x0000000084200000| Complete 
|  67|0x0000000084300000, 0x0000000084400000, 0x0000000084400000|100%| O|  |TAMS 0x0000000084400000, 0x0000000084300000| Complete 
|  68|0x0000000084400000, 0x0000000084500000, 0x0000000084500000|100%| O|  |TAMS 0x0000000084500000, 0x0000000084400000| Complete 
|  69|0x0000000084500000, 0x0000000084600000, 0x0000000084600000|100%| O|  |TAMS 0x0000000084600000, 0x0000000084500000| Complete 
|  70|0x0000000084600000, 0x0000000084700000, 0x0000000084700000|100%| O|  |TAMS 0x0000000084700000, 0x0000000084600000| Untracked 
|  71|0x0000000084700000, 0x0000000084800000, 0x0000000084800000|100%| O|  |TAMS 0x0000000084800000, 0x0000000084700000| Complete 
|  72|0x0000000084800000, 0x0000000084900000, 0x0000000084900000|100%| O|  |TAMS 0x0000000084900000, 0x0000000084800000| Complete 
|  73|0x0000000084900000, 0x0000000084a00000, 0x0000000084a00000|100%| O|  |TAMS 0x0000000084a00000, 0x0000000084900000| Untracked 
|  74|0x0000000084a00000, 0x0000000084b00000, 0x0000000084b00000|100%| O|  |TAMS 0x0000000084b00000, 0x0000000084a00000| Untracked 
|  75|0x0000000084b00000, 0x0000000084c00000, 0x0000000084c00000|100%| O|  |TAMS 0x0000000084c00000, 0x0000000084b00000| Complete 
|  76|0x0000000084c00000, 0x0000000084d00000, 0x0000000084d00000|100%| O|  |TAMS 0x0000000084d00000, 0x0000000084c00000| Untracked 
|  77|0x0000000084d00000, 0x0000000084e00000, 0x0000000084e00000|100%| O|  |TAMS 0x0000000084e00000, 0x0000000084d00000| Untracked 
|  78|0x0000000084e00000, 0x0000000084f00000, 0x0000000084f00000|100%| O|  |TAMS 0x0000000084f00000, 0x0000000084e00000| Untracked 
|  79|0x0000000084f00000, 0x0000000085000000, 0x0000000085000000|100%| O|  |TAMS 0x0000000085000000, 0x0000000084f00000| Untracked 
|  80|0x0000000085000000, 0x0000000085100000, 0x0000000085100000|100%| O|  |TAMS 0x0000000085100000, 0x0000000085000000| Untracked 
|  81|0x0000000085100000, 0x0000000085200000, 0x0000000085200000|100%| O|  |TAMS 0x0000000085100000, 0x0000000085100000| Untracked 
|  82|0x0000000085200000, 0x0000000085300000, 0x0000000085300000|100%| O|  |TAMS 0x0000000085300000, 0x0000000085200000| Complete 
|  83|0x0000000085300000, 0x0000000085400000, 0x0000000085400000|100%| O|  |TAMS 0x0000000085400000, 0x0000000085300000| Untracked 
|  84|0x0000000085400000, 0x0000000085500000, 0x0000000085500000|100%| O|  |TAMS 0x0000000085500000, 0x0000000085400000| Untracked 
|  85|0x0000000085500000, 0x0000000085600000, 0x0000000085600000|100%| O|  |TAMS 0x0000000085600000, 0x0000000085500000| Untracked 
|  86|0x0000000085600000, 0x0000000085700000, 0x0000000085700000|100%| O|  |TAMS 0x0000000085700000, 0x0000000085600000| Complete 
|  87|0x0000000085700000, 0x0000000085800000, 0x0000000085800000|100%| O|  |TAMS 0x0000000085700000, 0x0000000085700000| Untracked 
|  88|0x0000000085800000, 0x0000000085900000, 0x0000000085900000|100%| O|  |TAMS 0x0000000085900000, 0x0000000085800000| Untracked 
|  89|0x0000000085900000, 0x0000000085a00000, 0x0000000085a00000|100%| O|  |TAMS 0x0000000085a00000, 0x0000000085900000| Untracked 
|  90|0x0000000085a00000, 0x0000000085b00000, 0x0000000085b00000|100%| O|  |TAMS 0x0000000085b00000, 0x0000000085a00000| Complete 
|  91|0x0000000085b00000, 0x0000000085c00000, 0x0000000085c00000|100%| O|  |TAMS 0x0000000085c00000, 0x0000000085b00000| Untracked 
|  92|0x0000000085c00000, 0x0000000085d00000, 0x0000000085d00000|100%| O|  |TAMS 0x0000000085d00000, 0x0000000085c00000| Untracked 
|  93|0x0000000085d00000, 0x0000000085e00000, 0x0000000085e00000|100%| O|  |TAMS 0x0000000085e00000, 0x0000000085d00000| Complete 
|  94|0x0000000085e00000, 0x0000000085f00000, 0x0000000085f00000|100%| O|  |TAMS 0x0000000085f00000, 0x0000000085e00000| Untracked 
|  95|0x0000000085f00000, 0x0000000086000000, 0x0000000086000000|100%| O|  |TAMS 0x0000000086000000, 0x0000000085f00000| Complete 
|  96|0x0000000086000000, 0x0000000086100000, 0x0000000086100000|100%| O|  |TAMS 0x0000000086100000, 0x0000000086000000| Complete 
|  97|0x0000000086100000, 0x0000000086200000, 0x0000000086200000|100%| O|  |TAMS 0x0000000086200000, 0x0000000086100000| Untracked 
|  98|0x0000000086200000, 0x0000000086300000, 0x0000000086300000|100%| O|  |TAMS 0x0000000086300000, 0x0000000086200000| Complete 
|  99|0x0000000086300000, 0x0000000086400000, 0x0000000086400000|100%| O|  |TAMS 0x0000000086400000, 0x0000000086300000| Untracked 
| 100|0x0000000086400000, 0x0000000086400000, 0x0000000086500000|  0%| F|  |TAMS 0x0000000086400000, 0x0000000086400000| Untracked 
| 101|0x0000000086500000, 0x0000000086600000, 0x0000000086600000|100%| O|  |TAMS 0x0000000086600000, 0x0000000086500000| Complete 
| 102|0x0000000086600000, 0x0000000086700000, 0x0000000086700000|100%| O|  |TAMS 0x0000000086600000, 0x0000000086600000| Untracked 
| 103|0x0000000086700000, 0x0000000086800000, 0x0000000086800000|100%| O|  |TAMS 0x0000000086700000, 0x0000000086700000| Untracked 
| 104|0x0000000086800000, 0x0000000086800000, 0x0000000086900000|  0%| F|  |TAMS 0x0000000086800000, 0x0000000086800000| Untracked 
| 105|0x0000000086900000, 0x0000000086a00000, 0x0000000086a00000|100%| O|  |TAMS 0x0000000086a00000, 0x0000000086900000| Complete 
| 106|0x0000000086a00000, 0x0000000086a00000, 0x0000000086b00000|  0%| F|  |TAMS 0x0000000086a00000, 0x0000000086a00000| Untracked 
| 107|0x0000000086b00000, 0x0000000086c00000, 0x0000000086c00000|100%| O|  |TAMS 0x0000000086c00000, 0x0000000086b00000| Complete 
| 108|0x0000000086c00000, 0x0000000086d00000, 0x0000000086d00000|100%| O|  |TAMS 0x0000000086d00000, 0x0000000086c00000| Complete 
| 109|0x0000000086d00000, 0x0000000086e00000, 0x0000000086e00000|100%| O|  |TAMS 0x0000000086e00000, 0x0000000086d00000| Untracked 
| 110|0x0000000086e00000, 0x0000000086e00000, 0x0000000086f00000|  0%| F|  |TAMS 0x0000000086e00000, 0x0000000086e00000| Untracked 
| 111|0x0000000086f00000, 0x0000000087000000, 0x0000000087000000|100%| O|  |TAMS 0x0000000087000000, 0x0000000086f00000| Untracked 
| 112|0x0000000087000000, 0x0000000087000000, 0x0000000087100000|  0%| F|  |TAMS 0x0000000087000000, 0x0000000087000000| Untracked 
| 113|0x0000000087100000, 0x0000000087200000, 0x0000000087200000|100%| O|  |TAMS 0x0000000087200000, 0x0000000087100000| Untracked 
| 114|0x0000000087200000, 0x0000000087253e00, 0x0000000087300000| 32%| O|  |TAMS 0x0000000087200000, 0x0000000087200000| Untracked 
| 115|0x0000000087300000, 0x0000000087300000, 0x0000000087400000|  0%| F|  |TAMS 0x0000000087300000, 0x0000000087300000| Untracked 
| 116|0x0000000087400000, 0x0000000087500000, 0x0000000087500000|100%| O|  |TAMS 0x0000000087500000, 0x0000000087400000| Complete 
| 117|0x0000000087500000, 0x0000000087600000, 0x0000000087600000|100%| O|  |TAMS 0x0000000087600000, 0x0000000087500000| Untracked 
| 118|0x0000000087600000, 0x0000000087600000, 0x0000000087700000|  0%| F|  |TAMS 0x0000000087600000, 0x0000000087600000| Untracked 
| 119|0x0000000087700000, 0x0000000087700000, 0x0000000087800000|  0%| F|  |TAMS 0x0000000087700000, 0x0000000087700000| Untracked 
| 120|0x0000000087800000, 0x0000000087800000, 0x0000000087900000|  0%| F|  |TAMS 0x0000000087800000, 0x0000000087800000| Untracked 
| 121|0x0000000087900000, 0x0000000087900000, 0x0000000087a00000|  0%| F|  |TAMS 0x0000000087900000, 0x0000000087900000| Untracked 
| 122|0x0000000087a00000, 0x0000000087b00000, 0x0000000087b00000|100%| O|  |TAMS 0x0000000087b00000, 0x0000000087a00000| Complete 
| 123|0x0000000087b00000, 0x0000000087c00000, 0x0000000087c00000|100%| O|  |TAMS 0x0000000087c00000, 0x0000000087b00000| Complete 
| 124|0x0000000087c00000, 0x0000000087c00000, 0x0000000087d00000|  0%| F|  |TAMS 0x0000000087c00000, 0x0000000087c00000| Untracked 
| 125|0x0000000087d00000, 0x0000000087d00000, 0x0000000087e00000|  0%| F|  |TAMS 0x0000000087d00000, 0x0000000087d00000| Untracked 
| 126|0x0000000087e00000, 0x0000000087e00000, 0x0000000087f00000|  0%| F|  |TAMS 0x0000000087e00000, 0x0000000087e00000| Untracked 
| 127|0x0000000087f00000, 0x0000000087f00000, 0x0000000088000000|  0%| F|  |TAMS 0x0000000087f00000, 0x0000000087f00000| Untracked 
| 128|0x0000000088000000, 0x0000000088100000, 0x0000000088100000|100%| O|  |TAMS 0x0000000088100000, 0x0000000088000000| Complete 
| 129|0x0000000088100000, 0x0000000088100000, 0x0000000088200000|  0%| F|  |TAMS 0x0000000088100000, 0x0000000088100000| Untracked 
| 130|0x0000000088200000, 0x0000000088300000, 0x0000000088300000|100%| O|  |TAMS 0x0000000088300000, 0x0000000088200000| Complete 
| 131|0x0000000088300000, 0x0000000088400000, 0x0000000088400000|100%| O|  |TAMS 0x0000000088400000, 0x0000000088300000| Untracked 
| 132|0x0000000088400000, 0x0000000088500000, 0x0000000088500000|100%| O|  |TAMS 0x0000000088500000, 0x0000000088400000| Complete 
| 133|0x0000000088500000, 0x0000000088500000, 0x0000000088600000|  0%| F|  |TAMS 0x0000000088500000, 0x0000000088500000| Untracked 
| 134|0x0000000088600000, 0x0000000088600000, 0x0000000088700000|  0%| F|  |TAMS 0x0000000088600000, 0x0000000088600000| Untracked 
| 135|0x0000000088700000, 0x0000000088700000, 0x0000000088800000|  0%| F|  |TAMS 0x0000000088700000, 0x0000000088700000| Untracked 
| 136|0x0000000088800000, 0x0000000088800000, 0x0000000088900000|  0%| F|  |TAMS 0x0000000088800000, 0x0000000088800000| Untracked 
| 137|0x0000000088900000, 0x0000000088900000, 0x0000000088a00000|  0%| F|  |TAMS 0x0000000088900000, 0x0000000088900000| Untracked 
| 138|0x0000000088a00000, 0x0000000088a00000, 0x0000000088b00000|  0%| F|  |TAMS 0x0000000088a00000, 0x0000000088a00000| Untracked 
| 139|0x0000000088b00000, 0x0000000088c00000, 0x0000000088c00000|100%| O|  |TAMS 0x0000000088c00000, 0x0000000088b00000| Untracked 
| 140|0x0000000088c00000, 0x0000000088d00000, 0x0000000088d00000|100%| O|  |TAMS 0x0000000088d00000, 0x0000000088c00000| Untracked 
| 141|0x0000000088d00000, 0x0000000088e00000, 0x0000000088e00000|100%| O|  |TAMS 0x0000000088e00000, 0x0000000088d00000| Untracked 
| 142|0x0000000088e00000, 0x0000000088f00000, 0x0000000088f00000|100%| O|  |TAMS 0x0000000088f00000, 0x0000000088e00000| Untracked 
| 143|0x0000000088f00000, 0x0000000089000000, 0x0000000089000000|100%| O|  |TAMS 0x0000000089000000, 0x0000000088f00000| Untracked 
| 144|0x0000000089000000, 0x0000000089100000, 0x0000000089100000|100%| O|  |TAMS 0x000000008907e800, 0x0000000089000000| Untracked 
| 145|0x0000000089100000, 0x0000000089100000, 0x0000000089200000|  0%| F|  |TAMS 0x0000000089100000, 0x0000000089100000| Untracked 
| 146|0x0000000089200000, 0x0000000089200000, 0x0000000089300000|  0%| F|  |TAMS 0x0000000089200000, 0x0000000089200000| Untracked 
| 147|0x0000000089300000, 0x0000000089300000, 0x0000000089400000|  0%| F|  |TAMS 0x0000000089300000, 0x0000000089300000| Untracked 
| 148|0x0000000089400000, 0x0000000089400000, 0x0000000089500000|  0%| F|  |TAMS 0x0000000089400000, 0x0000000089400000| Untracked 
| 149|0x0000000089500000, 0x0000000089500000, 0x0000000089600000|  0%| F|  |TAMS 0x0000000089500000, 0x0000000089500000| Untracked 
| 150|0x0000000089600000, 0x0000000089600000, 0x0000000089700000|  0%| F|  |TAMS 0x0000000089600000, 0x0000000089600000| Untracked 
| 151|0x0000000089700000, 0x0000000089700000, 0x0000000089800000|  0%| F|  |TAMS 0x0000000089700000, 0x0000000089700000| Untracked 
| 152|0x0000000089800000, 0x0000000089800000, 0x0000000089900000|  0%| F|  |TAMS 0x0000000089800000, 0x0000000089800000| Untracked 
| 153|0x0000000089900000, 0x0000000089a00000, 0x0000000089a00000|100%| O|  |TAMS 0x0000000089a00000, 0x0000000089900000| Complete 
| 154|0x0000000089a00000, 0x0000000089a00000, 0x0000000089b00000|  0%| F|  |TAMS 0x0000000089a00000, 0x0000000089a00000| Untracked 
| 155|0x0000000089b00000, 0x0000000089b00000, 0x0000000089c00000|  0%| F|  |TAMS 0x0000000089b00000, 0x0000000089b00000| Untracked 
| 156|0x0000000089c00000, 0x0000000089c00000, 0x0000000089d00000|  0%| F|  |TAMS 0x0000000089c00000, 0x0000000089c00000| Untracked 
| 157|0x0000000089d00000, 0x0000000089d00000, 0x0000000089e00000|  0%| F|  |TAMS 0x0000000089d00000, 0x0000000089d00000| Untracked 
| 158|0x0000000089e00000, 0x0000000089e00000, 0x0000000089f00000|  0%| F|  |TAMS 0x0000000089e00000, 0x0000000089e00000| Untracked 
| 159|0x0000000089f00000, 0x0000000089f00000, 0x000000008a000000|  0%| F|  |TAMS 0x0000000089f00000, 0x0000000089f00000| Untracked 
| 160|0x000000008a000000, 0x000000008a000000, 0x000000008a100000|  0%| F|  |TAMS 0x000000008a000000, 0x000000008a000000| Untracked 
| 161|0x000000008a100000, 0x000000008a100000, 0x000000008a200000|  0%| F|  |TAMS 0x000000008a100000, 0x000000008a100000| Untracked 
| 162|0x000000008a200000, 0x000000008a200000, 0x000000008a300000|  0%| F|  |TAMS 0x000000008a200000, 0x000000008a200000| Untracked 
| 163|0x000000008a300000, 0x000000008a300000, 0x000000008a400000|  0%| F|  |TAMS 0x000000008a300000, 0x000000008a300000| Untracked 
| 164|0x000000008a400000, 0x000000008a400000, 0x000000008a500000|  0%| F|  |TAMS 0x000000008a400000, 0x000000008a400000| Untracked 
| 165|0x000000008a500000, 0x000000008a500000, 0x000000008a600000|  0%| F|  |TAMS 0x000000008a500000, 0x000000008a500000| Untracked 
| 166|0x000000008a600000, 0x000000008a600000, 0x000000008a700000|  0%| F|  |TAMS 0x000000008a600000, 0x000000008a600000| Untracked 
| 167|0x000000008a700000, 0x000000008a700000, 0x000000008a800000|  0%| F|  |TAMS 0x000000008a700000, 0x000000008a700000| Untracked 
| 168|0x000000008a800000, 0x000000008a800000, 0x000000008a900000|  0%| F|  |TAMS 0x000000008a800000, 0x000000008a800000| Untracked 
| 169|0x000000008a900000, 0x000000008a900000, 0x000000008aa00000|  0%| F|  |TAMS 0x000000008a900000, 0x000000008a900000| Untracked 
| 170|0x000000008aa00000, 0x000000008aa00000, 0x000000008ab00000|  0%| F|  |TAMS 0x000000008aa00000, 0x000000008aa00000| Untracked 
| 171|0x000000008ab00000, 0x000000008ab00000, 0x000000008ac00000|  0%| F|  |TAMS 0x000000008ab00000, 0x000000008ab00000| Untracked 
| 172|0x000000008ac00000, 0x000000008ac00000, 0x000000008ad00000|  0%| F|  |TAMS 0x000000008ac00000, 0x000000008ac00000| Untracked 
| 173|0x000000008ad00000, 0x000000008ad00000, 0x000000008ae00000|  0%| F|  |TAMS 0x000000008ad00000, 0x000000008ad00000| Untracked 
| 174|0x000000008ae00000, 0x000000008ae00000, 0x000000008af00000|  0%| F|  |TAMS 0x000000008ae00000, 0x000000008ae00000| Untracked 
| 175|0x000000008af00000, 0x000000008af00000, 0x000000008b000000|  0%| F|  |TAMS 0x000000008af00000, 0x000000008af00000| Untracked 
| 176|0x000000008b000000, 0x000000008b000000, 0x000000008b100000|  0%| F|  |TAMS 0x000000008b000000, 0x000000008b000000| Untracked 
| 177|0x000000008b100000, 0x000000008b100000, 0x000000008b200000|  0%| F|  |TAMS 0x000000008b100000, 0x000000008b100000| Untracked 
| 178|0x000000008b200000, 0x000000008b200000, 0x000000008b300000|  0%| F|  |TAMS 0x000000008b200000, 0x000000008b200000| Untracked 
| 179|0x000000008b300000, 0x000000008b300000, 0x000000008b400000|  0%| F|  |TAMS 0x000000008b300000, 0x000000008b300000| Untracked 
| 180|0x000000008b400000, 0x000000008b400000, 0x000000008b500000|  0%| F|  |TAMS 0x000000008b400000, 0x000000008b400000| Untracked 
| 181|0x000000008b500000, 0x000000008b500000, 0x000000008b600000|  0%| F|  |TAMS 0x000000008b500000, 0x000000008b500000| Untracked 
| 182|0x000000008b600000, 0x000000008b600000, 0x000000008b700000|  0%| F|  |TAMS 0x000000008b600000, 0x000000008b600000| Untracked 
| 183|0x000000008b700000, 0x000000008b700000, 0x000000008b800000|  0%| F|  |TAMS 0x000000008b700000, 0x000000008b700000| Untracked 
| 184|0x000000008b800000, 0x000000008b800000, 0x000000008b900000|  0%| F|  |TAMS 0x000000008b800000, 0x000000008b800000| Untracked 
| 185|0x000000008b900000, 0x000000008b900000, 0x000000008ba00000|  0%| F|  |TAMS 0x000000008b900000, 0x000000008b900000| Untracked 
| 186|0x000000008ba00000, 0x000000008ba00000, 0x000000008bb00000|  0%| F|  |TAMS 0x000000008ba00000, 0x000000008ba00000| Untracked 
| 187|0x000000008bb00000, 0x000000008bb00000, 0x000000008bc00000|  0%| F|  |TAMS 0x000000008bb00000, 0x000000008bb00000| Untracked 
| 188|0x000000008bc00000, 0x000000008bc00000, 0x000000008bd00000|  0%| F|  |TAMS 0x000000008bc00000, 0x000000008bc00000| Untracked 
| 189|0x000000008bd00000, 0x000000008bd00000, 0x000000008be00000|  0%| F|  |TAMS 0x000000008bd00000, 0x000000008bd00000| Untracked 
| 190|0x000000008be00000, 0x000000008be00000, 0x000000008bf00000|  0%| F|  |TAMS 0x000000008be00000, 0x000000008be00000| Untracked 
| 191|0x000000008bf00000, 0x000000008bf00000, 0x000000008c000000|  0%| F|  |TAMS 0x000000008bf00000, 0x000000008bf00000| Untracked 
| 192|0x000000008c000000, 0x000000008c000000, 0x000000008c100000|  0%| F|  |TAMS 0x000000008c000000, 0x000000008c000000| Untracked 
| 193|0x000000008c100000, 0x000000008c100000, 0x000000008c200000|  0%| F|  |TAMS 0x000000008c100000, 0x000000008c100000| Untracked 
| 194|0x000000008c200000, 0x000000008c200000, 0x000000008c300000|  0%| F|  |TAMS 0x000000008c200000, 0x000000008c200000| Untracked 
| 195|0x000000008c300000, 0x000000008c300000, 0x000000008c400000|  0%| F|  |TAMS 0x000000008c300000, 0x000000008c300000| Untracked 
| 196|0x000000008c400000, 0x000000008c400000, 0x000000008c500000|  0%| F|  |TAMS 0x000000008c400000, 0x000000008c400000| Untracked 
| 197|0x000000008c500000, 0x000000008c500000, 0x000000008c600000|  0%| F|  |TAMS 0x000000008c500000, 0x000000008c500000| Untracked 
| 198|0x000000008c600000, 0x000000008c600000, 0x000000008c700000|  0%| F|  |TAMS 0x000000008c600000, 0x000000008c600000| Untracked 
| 199|0x000000008c700000, 0x000000008c700000, 0x000000008c800000|  0%| F|  |TAMS 0x000000008c700000, 0x000000008c700000| Untracked 
| 200|0x000000008c800000, 0x000000008c800000, 0x000000008c900000|  0%| F|  |TAMS 0x000000008c800000, 0x000000008c800000| Untracked 
| 201|0x000000008c900000, 0x000000008c900000, 0x000000008ca00000|  0%| F|  |TAMS 0x000000008c900000, 0x000000008c900000| Untracked 
| 202|0x000000008ca00000, 0x000000008ca00000, 0x000000008cb00000|  0%| F|  |TAMS 0x000000008ca00000, 0x000000008ca00000| Untracked 
| 203|0x000000008cb00000, 0x000000008cb00000, 0x000000008cc00000|  0%| F|  |TAMS 0x000000008cb00000, 0x000000008cb00000| Untracked 
| 204|0x000000008cc00000, 0x000000008cc00000, 0x000000008cd00000|  0%| F|  |TAMS 0x000000008cc00000, 0x000000008cc00000| Untracked 
| 205|0x000000008cd00000, 0x000000008cd00000, 0x000000008ce00000|  0%| F|  |TAMS 0x000000008cd00000, 0x000000008cd00000| Untracked 
| 206|0x000000008ce00000, 0x000000008ce00000, 0x000000008cf00000|  0%| F|  |TAMS 0x000000008ce00000, 0x000000008ce00000| Untracked 
| 207|0x000000008cf00000, 0x000000008cf00000, 0x000000008d000000|  0%| F|  |TAMS 0x000000008cf00000, 0x000000008cf00000| Untracked 
| 208|0x000000008d000000, 0x000000008d000000, 0x000000008d100000|  0%| F|  |TAMS 0x000000008d000000, 0x000000008d000000| Untracked 
| 209|0x000000008d100000, 0x000000008d100000, 0x000000008d200000|  0%| F|  |TAMS 0x000000008d100000, 0x000000008d100000| Untracked 
| 210|0x000000008d200000, 0x000000008d200000, 0x000000008d300000|  0%| F|  |TAMS 0x000000008d200000, 0x000000008d200000| Untracked 
| 211|0x000000008d300000, 0x000000008d300000, 0x000000008d400000|  0%| F|  |TAMS 0x000000008d300000, 0x000000008d300000| Untracked 
| 212|0x000000008d400000, 0x000000008d400000, 0x000000008d500000|  0%| F|  |TAMS 0x000000008d400000, 0x000000008d400000| Untracked 
| 213|0x000000008d500000, 0x000000008d500000, 0x000000008d600000|  0%| F|  |TAMS 0x000000008d500000, 0x000000008d500000| Untracked 
| 214|0x000000008d600000, 0x000000008d600000, 0x000000008d700000|  0%| F|  |TAMS 0x000000008d600000, 0x000000008d600000| Untracked 
| 215|0x000000008d700000, 0x000000008d700000, 0x000000008d800000|  0%| F|  |TAMS 0x000000008d700000, 0x000000008d700000| Untracked 
| 216|0x000000008d800000, 0x000000008d800000, 0x000000008d900000|  0%| F|  |TAMS 0x000000008d800000, 0x000000008d800000| Untracked 
| 217|0x000000008d900000, 0x000000008d900000, 0x000000008da00000|  0%| F|  |TAMS 0x000000008d900000, 0x000000008d900000| Untracked 
| 218|0x000000008da00000, 0x000000008da00000, 0x000000008db00000|  0%| F|  |TAMS 0x000000008da00000, 0x000000008da00000| Untracked 
| 219|0x000000008db00000, 0x000000008db00000, 0x000000008dc00000|  0%| F|  |TAMS 0x000000008db00000, 0x000000008db00000| Untracked 
| 220|0x000000008dc00000, 0x000000008dc00000, 0x000000008dd00000|  0%| F|  |TAMS 0x000000008dc00000, 0x000000008dc00000| Untracked 
| 221|0x000000008dd00000, 0x000000008dd00000, 0x000000008de00000|  0%| F|  |TAMS 0x000000008dd00000, 0x000000008dd00000| Untracked 
| 222|0x000000008de00000, 0x000000008de00000, 0x000000008df00000|  0%| F|  |TAMS 0x000000008de00000, 0x000000008de00000| Untracked 
| 223|0x000000008df00000, 0x000000008dfa8c78, 0x000000008e000000| 65%| S|CS|TAMS 0x000000008df00000, 0x000000008df00000| Complete 
| 224|0x000000008e000000, 0x000000008e000000, 0x000000008e100000|  0%| F|  |TAMS 0x000000008e000000, 0x000000008e000000| Untracked 
| 225|0x000000008e100000, 0x000000008e100000, 0x000000008e200000|  0%| F|  |TAMS 0x000000008e100000, 0x000000008e100000| Untracked 
| 226|0x000000008e200000, 0x000000008e200000, 0x000000008e300000|  0%| F|  |TAMS 0x000000008e200000, 0x000000008e200000| Untracked 
| 227|0x000000008e300000, 0x000000008e300000, 0x000000008e400000|  0%| F|  |TAMS 0x000000008e300000, 0x000000008e300000| Untracked 
| 228|0x000000008e400000, 0x000000008e400000, 0x000000008e500000|  0%| F|  |TAMS 0x000000008e400000, 0x000000008e400000| Untracked 
| 229|0x000000008e500000, 0x000000008e500000, 0x000000008e600000|  0%| F|  |TAMS 0x000000008e500000, 0x000000008e500000| Untracked 
| 230|0x000000008e600000, 0x000000008e600000, 0x000000008e700000|  0%| F|  |TAMS 0x000000008e600000, 0x000000008e600000| Untracked 
| 231|0x000000008e700000, 0x000000008e700000, 0x000000008e800000|  0%| F|  |TAMS 0x000000008e700000, 0x000000008e700000| Untracked 
| 232|0x000000008e800000, 0x000000008e800000, 0x000000008e900000|  0%| F|  |TAMS 0x000000008e800000, 0x000000008e800000| Untracked 
| 233|0x000000008e900000, 0x000000008e900000, 0x000000008ea00000|  0%| F|  |TAMS 0x000000008e900000, 0x000000008e900000| Untracked 

Card table byte_map: [0x0000019ecebe0000,0x0000019ecefe0000] _byte_map_base: 0x0000019ece7e0000

Marking Bits (Prev, Next): (CMBitMap*) 0x0000019ebbd1ae30, (CMBitMap*) 0x0000019ebbd1adf8
 Prev Bits: [0x0000019ed13e0000, 0x0000019ed33e0000)
 Next Bits: [0x0000019ecf3e0000, 0x0000019ed13e0000)

Polling page: 0x0000019eb9c00000

Metaspace:

Usage:
  Non-class:    134.42 MB capacity,   131.92 MB ( 98%) used,     2.00 MB (  1%) free+waste,   508.06 KB ( <1%) overhead. 
      Class:     20.25 MB capacity,    18.75 MB ( 93%) used,     1.28 MB (  6%) free+waste,   222.38 KB (  1%) overhead. 
       Both:    154.67 MB capacity,   150.68 MB ( 97%) used,     3.28 MB (  2%) free+waste,   730.44 KB ( <1%) overhead. 

Virtual space:
  Non-class space:      136.00 MB reserved,     134.70 MB (>99%) committed 
      Class space:        1.00 GB reserved,      20.25 MB (  2%) committed 
             Both:        1.13 GB reserved,     154.95 MB ( 13%) committed 

Chunk freelists:
   Non-Class:  94.00 KB
       Class:  1.00 KB
        Both:  95.00 KB

MaxMetaspaceSize: 17179869184.00 GB
CompressedClassSpaceSize: 1.00 GB
Initial GC threshold: 20.80 MB
Current GC threshold: 257.42 MB
CDS: off

CodeHeap 'non-profiled nmethods': size=120064Kb used=18556Kb max_used=18556Kb free=101508Kb
 bounds [0x0000019ec72a0000, 0x0000019ec84c0000, 0x0000019ece7e0000]
CodeHeap 'profiled nmethods': size=120000Kb used=52001Kb max_used=52001Kb free=67998Kb
 bounds [0x0000019ebfd70000, 0x0000019ec3040000, 0x0000019ec72a0000]
CodeHeap 'non-nmethods': size=5696Kb used=2458Kb max_used=2520Kb free=3237Kb
 bounds [0x0000019ebf7e0000, 0x0000019ebfa70000, 0x0000019ebfd70000]
 total_blobs=24336 nmethods=23353 adapters=894
 compilation: enabled
              stopped_count=0, restarted_count=0
 full_count=0

Compilation events (20 events):
Event: 944.926 Thread 0x0000019ed618d000 25971  s    1       com.ctc.wstx.io.BufferRecycler::returnFullBBuffer (6 bytes)
Event: 944.926 Thread 0x0000019ed618d000 nmethod 25971 0x0000019ec84b7a90 code [0x0000019ec84b7c40, 0x0000019ec84b7eb8]
Event: 944.927 Thread 0x0000019ed618d000 25972       3       org.gradle.internal.logging.slf4j.OutputEventListenerBackedLogger::isEnabled (6 bytes)
Event: 944.927 Thread 0x0000019ed618d000 nmethod 25972 0x0000019ec3038390 code [0x0000019ec3038580, 0x0000019ec3038968]
Event: 944.927 Thread 0x0000019ed618d000 25973       3       org.gradle.internal.logging.slf4j.BuildOperationAwareLogger::isEnabled (6 bytes)
Event: 944.927 Thread 0x0000019ed618d000 nmethod 25973 0x0000019ec3038b10 code [0x0000019ec3038cc0, 0x0000019ec3038e68]
Event: 944.939 Thread 0x0000019ed618d000 25974       3       com.ctc.wstx.io.StreamBootstrapper::checkKeyword (34 bytes)
Event: 944.939 Thread 0x0000019ed8173800 nmethod 25809 0x0000019ec84b7f90 code [0x0000019ec84b8420, 0x0000019ec84bcc58]
Event: 944.939 Thread 0x0000019ed8173800 25901       4       org.codehaus.stax2.ri.evt.AttributeEventImpl::<init> (80 bytes)
Event: 944.939 Thread 0x0000019ed618d000 nmethod 25974 0x0000019ec3038f10 code [0x0000019ec30390e0, 0x0000019ec3039308]
Event: 944.939 Thread 0x0000019ed618d000 25975       3       com.ctc.wstx.io.StreamBootstrapper::checkSbKeyword (86 bytes)
Event: 944.940 Thread 0x0000019ed618d000 nmethod 25975 0x0000019ec3039410 code [0x0000019ec30396a0, 0x0000019ec303a2e8]
Event: 944.940 Thread 0x0000019ed618d000 25976       3       com.ctc.wstx.io.InputBootstrapper::handleEq (90 bytes)
Event: 944.941 Thread 0x0000019ed618d000 nmethod 25976 0x0000019ec303a910 code [0x0000019ec303aba0, 0x0000019ec303b2f8]
Event: 944.947 Thread 0x0000019ed8173800 nmethod 25901 0x0000019ec84be490 code [0x0000019ec84be640, 0x0000019ec84bedf8]
Event: 944.947 Thread 0x0000019ed8173800 25977       4       com.ctc.wstx.sr.StreamScanner::parseLocalName (135 bytes)
Event: 944.951 Thread 0x0000019ed618d000 25979       3       com.android.aaptcompiler.XmlProcessor$process$$inlined$sortedBy$1::compare (48 bytes)
Event: 944.951 Thread 0x0000019ed618d000 nmethod 25979 0x0000019ec303b590 code [0x0000019ec303b780, 0x0000019ec303bc48]
Event: 944.951 Thread 0x0000019ed618d000 25980       3       com.android.aaptcompiler.ResourceName::compareTo (9 bytes)
Event: 944.951 Thread 0x0000019ed618d000 nmethod 25980 0x0000019ec303be10 code [0x0000019ec303bfe0, 0x0000019ec303c1e8]

GC Heap History (20 events):
Event: 941.542 GC heap after
{Heap after GC invocations=85 (full 0):
 garbage-first heap   total 194560K, used 120218K [0x0000000080000000, 0x0000000100000000)
  region size 1024K, 7 young (7168K), 7 survivors (7168K)
 Metaspace       used 148284K, capacity 152339K, committed 152652K, reserved 1181696K
  class space    used 18747K, capacity 20273K, committed 20352K, reserved 1048576K
}
Event: 941.562 GC heap before
{Heap before GC invocations=85 (full 0):
 garbage-first heap   total 194560K, used 124314K [0x0000000080000000, 0x0000000100000000)
  region size 1024K, 9 young (9216K), 7 survivors (7168K)
 Metaspace       used 148284K, capacity 152339K, committed 152652K, reserved 1181696K
  class space    used 18747K, capacity 20273K, committed 20352K, reserved 1048576K
}
Event: 941.576 GC heap after
{Heap after GC invocations=86 (full 0):
 garbage-first heap   total 194560K, used 122310K [0x0000000080000000, 0x0000000100000000)
  region size 1024K, 2 young (2048K), 2 survivors (2048K)
 Metaspace       used 148284K, capacity 152339K, committed 152652K, reserved 1181696K
  class space    used 18747K, capacity 20273K, committed 20352K, reserved 1048576K
}
Event: 942.027 GC heap before
{Heap before GC invocations=86 (full 0):
 garbage-first heap   total 194560K, used 160198K [0x0000000080000000, 0x0000000100000000)
  region size 1024K, 39 young (39936K), 2 survivors (2048K)
 Metaspace       used 148687K, capacity 152822K, committed 152908K, reserved 1181696K
  class space    used 18772K, capacity 20306K, committed 20352K, reserved 1048576K
}
Event: 942.044 GC heap after
{Heap after GC invocations=87 (full 0):
 garbage-first heap   total 194560K, used 133479K [0x0000000080000000, 0x0000000100000000)
  region size 1024K, 5 young (5120K), 5 survivors (5120K)
 Metaspace       used 148687K, capacity 152822K, committed 152908K, reserved 1181696K
  class space    used 18772K, capacity 20306K, committed 20352K, reserved 1048576K
}
Event: 942.764 GC heap before
{Heap before GC invocations=88 (full 0):
 garbage-first heap   total 194560K, used 168295K [0x0000000080000000, 0x0000000100000000)
  region size 1024K, 31 young (31744K), 5 survivors (5120K)
 Metaspace       used 148859K, capacity 152954K, committed 153164K, reserved 1181696K
  class space    used 18787K, capacity 20307K, committed 20352K, reserved 1048576K
}
Event: 942.784 GC heap after
{Heap after GC invocations=89 (full 0):
 garbage-first heap   total 194560K, used 137641K [0x0000000080000000, 0x0000000100000000)
  region size 1024K, 4 young (4096K), 4 survivors (4096K)
 Metaspace       used 148859K, capacity 152954K, committed 153164K, reserved 1181696K
  class space    used 18787K, capacity 20307K, committed 20352K, reserved 1048576K
}
Event: 942.872 GC heap before
{Heap before GC invocations=89 (full 0):
 garbage-first heap   total 194560K, used 142761K [0x0000000080000000, 0x0000000100000000)
  region size 1024K, 9 young (9216K), 4 survivors (4096K)
 Metaspace       used 148883K, capacity 153024K, committed 153164K, reserved 1181696K
  class space    used 18790K, capacity 20309K, committed 20352K, reserved 1048576K
}
Event: 942.885 GC heap after
{Heap after GC invocations=90 (full 0):
 garbage-first heap   total 194560K, used 139059K [0x0000000080000000, 0x0000000100000000)
  region size 1024K, 2 young (2048K), 2 survivors (2048K)
 Metaspace       used 148883K, capacity 153024K, committed 153164K, reserved 1181696K
  class space    used 18790K, capacity 20309K, committed 20352K, reserved 1048576K
}
Event: 942.947 GC heap before
{Heap before GC invocations=90 (full 0):
 garbage-first heap   total 194560K, used 142131K [0x0000000080000000, 0x0000000100000000)
  region size 1024K, 7 young (7168K), 2 survivors (2048K)
 Metaspace       used 148888K, capacity 153024K, committed 153164K, reserved 1181696K
  class space    used 18790K, capacity 20309K, committed 20352K, reserved 1048576K
}
Event: 942.957 GC heap after
{Heap after GC invocations=91 (full 0):
 garbage-first heap   total 194560K, used 142200K [0x0000000080000000, 0x0000000100000000)
  region size 1024K, 4 young (4096K), 4 survivors (4096K)
 Metaspace       used 148888K, capacity 153024K, committed 153164K, reserved 1181696K
  class space    used 18790K, capacity 20309K, committed 20352K, reserved 1048576K
}
Event: 943.109 GC heap before
{Heap before GC invocations=91 (full 0):
 garbage-first heap   total 194560K, used 172920K [0x0000000080000000, 0x0000000100000000)
  region size 1024K, 20 young (20480K), 4 survivors (4096K)
 Metaspace       used 149149K, capacity 153296K, committed 153420K, reserved 1181696K
  class space    used 18810K, capacity 20350K, committed 20352K, reserved 1048576K
}
Event: 943.122 GC heap after
{Heap after GC invocations=92 (full 0):
 garbage-first heap   total 239616K, used 144882K [0x0000000080000000, 0x0000000100000000)
  region size 1024K, 3 young (3072K), 3 survivors (3072K)
 Metaspace       used 149149K, capacity 153296K, committed 153420K, reserved 1181696K
  class space    used 18810K, capacity 20350K, committed 20352K, reserved 1048576K
}
Event: 943.700 GC heap before
{Heap before GC invocations=93 (full 0):
 garbage-first heap   total 239616K, used 178674K [0x0000000080000000, 0x0000000100000000)
  region size 1024K, 37 young (37888K), 3 survivors (3072K)
 Metaspace       used 152686K, capacity 156813K, committed 157132K, reserved 1185792K
  class space    used 19102K, capacity 20639K, committed 20736K, reserved 1048576K
}
Event: 943.712 GC heap after
{Heap after GC invocations=94 (full 0):
 garbage-first heap   total 239616K, used 149814K [0x0000000080000000, 0x0000000100000000)
  region size 1024K, 5 young (5120K), 5 survivors (5120K)
 Metaspace       used 152686K, capacity 156813K, committed 157132K, reserved 1185792K
  class space    used 19102K, capacity 20639K, committed 20736K, reserved 1048576K
}
Event: 944.058 GC heap before
{Heap before GC invocations=94 (full 0):
 garbage-first heap   total 239616K, used 184630K [0x0000000080000000, 0x0000000100000000)
  region size 1024K, 39 young (39936K), 5 survivors (5120K)
 Metaspace       used 153570K, capacity 157709K, committed 157900K, reserved 1185792K
  class space    used 19155K, capacity 20703K, committed 20736K, reserved 1048576K
}
Event: 944.072 GC heap after
{Heap after GC invocations=95 (full 0):
 garbage-first heap   total 239616K, used 156154K [0x0000000080000000, 0x0000000100000000)
  region size 1024K, 5 young (5120K), 5 survivors (5120K)
 Metaspace       used 153570K, capacity 157709K, committed 157900K, reserved 1185792K
  class space    used 19155K, capacity 20703K, committed 20736K, reserved 1048576K
}
Event: 944.633 GC heap before
{Heap before GC invocations=96 (full 0):
 garbage-first heap   total 239616K, used 176634K [0x0000000080000000, 0x0000000100000000)
  region size 1024K, 37 young (37888K), 5 survivors (5120K)
 Metaspace       used 153876K, capacity 157965K, committed 158156K, reserved 1187840K
  class space    used 19176K, capacity 20703K, committed 20736K, reserved 1048576K
}
Event: 944.643 GC heap after
{Heap after GC invocations=97 (full 0):
 garbage-first heap   total 239616K, used 144314K [0x0000000080000000, 0x0000000100000000)
  region size 1024K, 1 young (1024K), 1 survivors (1024K)
 Metaspace       used 153876K, capacity 157965K, committed 158156K, reserved 1187840K
  class space    used 19176K, capacity 20703K, committed 20736K, reserved 1048576K
}
Event: 944.952 GC heap before
{Heap before GC invocations=97 (full 0):
 garbage-first heap   total 239616K, used 153530K [0x0000000080000000, 0x0000000100000000)
  region size 1024K, 11 young (11264K), 1 survivors (1024K)
 Metaspace       used 154293K, capacity 158381K, committed 158668K, reserved 1187840K
  class space    used 19204K, capacity 20735K, committed 20736K, reserved 1048576K
}

Deoptimization events (20 events):
Event: 944.743 Thread 0x0000019ed8175000 Uncommon trap: trap_request=0xffffffde fr.pc=0x0000019ec8429020 relative=0x0000000000000220
Event: 944.743 Thread 0x0000019ed8175000 Uncommon trap: reason=class_check action=maybe_recompile pc=0x0000019ec8429020 method=kotlin.collections.CollectionsKt___CollectionsKt.toList(Ljava/lang/Iterable;)Ljava/util/List; @ 88 c2
Event: 944.743 Thread 0x0000019ed8175000 DEOPT PACKING pc=0x0000019ec8429020 sp=0x00000014a43fda00
Event: 944.743 Thread 0x0000019ed8175000 DEOPT UNPACKING pc=0x0000019ebf82a1af sp=0x00000014a43fd9a0 mode 2
Event: 944.810 Thread 0x0000019ed8175000 Uncommon trap: trap_request=0xffffff4d fr.pc=0x0000019ec847a4e8 relative=0x0000000000000ee8
Event: 944.810 Thread 0x0000019ed8175000 Uncommon trap: reason=unstable_if action=reinterpret pc=0x0000019ec847a4e8 method=com.ctc.wstx.sr.BasicStreamReader.readTextPrimary(C)Z @ 37 c2
Event: 944.810 Thread 0x0000019ed8175000 DEOPT PACKING pc=0x0000019ec847a4e8 sp=0x00000014a43fd6d0
Event: 944.810 Thread 0x0000019ed8175000 DEOPT UNPACKING pc=0x0000019ebf82a1af sp=0x00000014a43fd680 mode 2
Event: 944.863 Thread 0x0000019ed8175000 Uncommon trap: trap_request=0xffffffde fr.pc=0x0000019ec842900c relative=0x000000000000020c
Event: 944.863 Thread 0x0000019ed8175000 Uncommon trap: reason=class_check action=maybe_recompile pc=0x0000019ec842900c method=kotlin.collections.CollectionsKt___CollectionsKt.toList(Ljava/lang/Iterable;)Ljava/util/List; @ 51 c2
Event: 944.863 Thread 0x0000019ed8175000 DEOPT PACKING pc=0x0000019ec842900c sp=0x00000014a43fda00
Event: 944.863 Thread 0x0000019ed8175000 DEOPT UNPACKING pc=0x0000019ebf82a1af sp=0x00000014a43fd9a0 mode 2
Event: 944.863 Thread 0x0000019ed8175000 Uncommon trap: trap_request=0xffffffde fr.pc=0x0000019ec842900c relative=0x000000000000020c
Event: 944.863 Thread 0x0000019ed8175000 Uncommon trap: reason=class_check action=maybe_recompile pc=0x0000019ec842900c method=kotlin.collections.CollectionsKt___CollectionsKt.toList(Ljava/lang/Iterable;)Ljava/util/List; @ 51 c2
Event: 944.863 Thread 0x0000019ed8175000 DEOPT PACKING pc=0x0000019ec842900c sp=0x00000014a43fd970
Event: 944.863 Thread 0x0000019ed8175000 DEOPT UNPACKING pc=0x0000019ebf82a1af sp=0x00000014a43fd910 mode 2
Event: 944.951 Thread 0x0000019ed8175000 Uncommon trap: trap_request=0xffffff45 fr.pc=0x0000019ec8474474 relative=0x0000000000000994
Event: 944.951 Thread 0x0000019ed8175000 Uncommon trap: reason=unstable_fused_if action=reinterpret pc=0x0000019ec8474474 method=com.ctc.wstx.io.WstxInputData.isNameStartChar(C)Z @ 3 c2
Event: 944.951 Thread 0x0000019ed8175000 DEOPT PACKING pc=0x0000019ec8474474 sp=0x00000014a43fd700
Event: 944.951 Thread 0x0000019ed8175000 DEOPT UNPACKING pc=0x0000019ebf82a1af sp=0x00000014a43fd618 mode 2

Classes redefined (0 events):
No events

Internal exceptions (20 events):
Event: 939.318 Thread 0x0000019edbfe5000 Exception <a 'java/lang/NoClassDefFoundError'{0x00000000889419a0}: org/jetbrains/kotlin/gradle/plugin/KotlinBasePluginWrapper> (0x00000000889419a0) thrown at [./src/hotspot/share/classfile/systemDictionary.cpp, line 220]
Event: 939.420 Thread 0x0000019edbfe5000 Implicit null exception at 0x0000019ec78c196e to 0x0000019ec78c20e0
Event: 939.469 Thread 0x0000019edbfe5000 Implicit null exception at 0x0000019ec78502b9 to 0x0000019ec78503f1
Event: 939.647 Thread 0x0000019edbfe5000 Exception <a 'sun/nio/fs/WindowsException'{0x000000008a55b6c8}> (0x000000008a55b6c8) thrown at [./src/hotspot/share/prims/jni.cpp, line 615]
Event: 939.647 Thread 0x0000019edbfe5000 Exception <a 'sun/nio/fs/WindowsException'{0x000000008a55bad0}> (0x000000008a55bad0) thrown at [./src/hotspot/share/prims/jni.cpp, line 615]
Event: 939.717 Thread 0x0000019edbfe5000 Exception <a 'java/lang/NullPointerException'{0x0000000089e6f3d0}> (0x0000000089e6f3d0) thrown at [./src/hotspot/share/interpreter/linkResolver.cpp, line 1440]
Event: 939.893 Thread 0x0000019edbfe5000 Exception <a 'sun/nio/fs/WindowsException'{0x00000000891a38d0}> (0x00000000891a38d0) thrown at [./src/hotspot/share/prims/jni.cpp, line 615]
Event: 939.893 Thread 0x0000019edbfe5000 Exception <a 'sun/nio/fs/WindowsException'{0x00000000891a4c58}> (0x00000000891a4c58) thrown at [./src/hotspot/share/prims/jni.cpp, line 615]
Event: 939.893 Thread 0x0000019edbfe5000 Exception <a 'sun/nio/fs/WindowsException'{0x00000000891a6030}> (0x00000000891a6030) thrown at [./src/hotspot/share/prims/jni.cpp, line 615]
Event: 939.893 Thread 0x0000019edbfe5000 Exception <a 'sun/nio/fs/WindowsException'{0x00000000891a7408}> (0x00000000891a7408) thrown at [./src/hotspot/share/prims/jni.cpp, line 615]
Event: 940.019 Thread 0x0000019eda8d7800 Exception <a 'java/lang/NoSuchMethodError'{0x000000008b78a700}: <clinit>> (0x000000008b78a700) thrown at [./src/hotspot/share/prims/jni.cpp, line 1365]
Event: 940.020 Thread 0x0000019eda8d7800 Exception <a 'java/lang/NoSuchMethodError'{0x000000008b7980c0}: <clinit>> (0x000000008b7980c0) thrown at [./src/hotspot/share/prims/jni.cpp, line 1365]
Event: 940.164 Thread 0x0000019ed8175000 Exception <a 'sun/nio/fs/WindowsException'{0x000000008b35bad8}> (0x000000008b35bad8) thrown at [./src/hotspot/share/prims/jni.cpp, line 615]
Event: 940.437 Thread 0x0000019eda8d4000 Exception <a 'java/lang/NoSuchMethodError'{0x0000000088d5b230}: <clinit>> (0x0000000088d5b230) thrown at [./src/hotspot/share/prims/jni.cpp, line 1365]
Event: 941.889 Thread 0x0000019eda8d3800 Implicit null exception at 0x0000019ec83827e8 to 0x0000019ec8382a18
Event: 941.932 Thread 0x0000019eda8d3800 Implicit null exception at 0x0000019ec8370e18 to 0x0000019ec8371bd7
Event: 942.940 Thread 0x0000019eda8d3800 Implicit null exception at 0x0000019ec83caa35 to 0x0000019ec83cf26c
Event: 942.940 Thread 0x0000019eda8d3800 Implicit null exception at 0x0000019ec83caa35 to 0x0000019ec83cf26c
Event: 942.985 Thread 0x0000019eda8d3800 Implicit null exception at 0x0000019ec83caa35 to 0x0000019ec83cf26c
Event: 943.026 Thread 0x0000019eda8d3800 Exception <a 'java/lang/NoSuchMethodError'{0x000000008bb54c70}: <clinit>> (0x000000008bb54c70) thrown at [./src/hotspot/share/prims/jni.cpp, line 1365]

Events (20 events):
Event: 944.677 loading class com/android/aaptcompiler/SourcedResourceName done
Event: 944.678 loading class com/ctc/wstx/util/DataUtil$EI
Event: 944.678 loading class com/ctc/wstx/util/DataUtil$EI done
Event: 944.679 loading class com/android/aapt/Resources$XmlNode$1
Event: 944.679 loading class com/android/aapt/Resources$XmlNode$1 done
Event: 944.679 loading class com/android/aapt/Resources$XmlNode$Builder
Event: 944.679 loading class com/android/aapt/Resources$XmlNode$Builder done
Event: 944.687 loading class com/android/aaptcompiler/XmlResource
Event: 944.687 loading class com/android/aaptcompiler/XmlResource done
Event: 944.687 loading class com/android/aaptcompiler/XmlProcessor$process$$inlined$sortedBy$1
Event: 944.687 loading class com/android/aaptcompiler/XmlProcessor$process$$inlined$sortedBy$1 done
Event: 944.688 loading class com/android/aaptcompiler/XmlProcessor$process$3
Event: 944.688 loading class com/android/aaptcompiler/XmlProcessor$process$3 done
Event: 944.706 loading class android/aapt/pb/internal/ResourcesInternal$CompiledFile$Symbol$1
Event: 944.706 loading class android/aapt/pb/internal/ResourcesInternal$CompiledFile$Symbol$1 done
Event: 944.707 loading class android/aapt/pb/internal/ResourcesInternal$CompiledFile$Symbol$Builder
Event: 944.707 loading class android/aapt/pb/internal/ResourcesInternal$CompiledFile$Symbol$Builder done
Event: 944.810 loading class org/codehaus/stax2/ri/SingletonIterator
Event: 944.810 loading class org/codehaus/stax2/ri/SingletonIterator done
Event: 944.952 Executing VM operation: G1CollectForAllocation


Dynamic libraries:
0x00007ff6aedc0000 - 0x00007ff6aedca000 	C:\Program Files\Android\Android Studio\jre\bin\java.exe
0x00007ffa1f3b0000 - 0x00007ffa1f5a6000 	C:\Windows\SYSTEM32\ntdll.dll
0x00007ffa1e010000 - 0x00007ffa1e0cd000 	C:\Windows\System32\KERNEL32.DLL
0x00007ffa1ced0000 - 0x00007ffa1d198000 	C:\Windows\System32\KERNELBASE.dll
0x00007ffa16fc0000 - 0x00007ffa17050000 	C:\Windows\SYSTEM32\apphelp.dll
0x00007ffa1caf0000 - 0x00007ffa1cbf0000 	C:\Windows\System32\ucrtbase.dll
0x00007ffa04af0000 - 0x00007ffa04b09000 	C:\Program Files\Android\Android Studio\jre\bin\jli.dll
0x00007ffa04ad0000 - 0x00007ffa04ae7000 	C:\Program Files\Android\Android Studio\jre\bin\VCRUNTIME140.dll
0x00007ffa1eaa0000 - 0x00007ffa1ec40000 	C:\Windows\System32\USER32.dll
0x00007ffa1ccc0000 - 0x00007ffa1cce2000 	C:\Windows\System32\win32u.dll
0x00007ffa1d4d0000 - 0x00007ffa1d4fa000 	C:\Windows\System32\GDI32.dll
0x00007ffa1d300000 - 0x00007ffa1d409000 	C:\Windows\System32\gdi32full.dll
0x00007ffa1cbf0000 - 0x00007ffa1cc8d000 	C:\Windows\System32\msvcp_win.dll
0x00007ff9ff6c0000 - 0x00007ff9ff95b000 	C:\Windows\WinSxS\amd64_microsoft.windows.common-controls_6595b64144ccf1df_6.0.19041.488_none_ca04af081b815d21\COMCTL32.dll
0x00007ffa1e520000 - 0x00007ffa1e5be000 	C:\Windows\System32\msvcrt.dll
0x00007ffa1e2c0000 - 0x00007ffa1e2f0000 	C:\Windows\System32\IMM32.DLL
0x00007ff9f4020000 - 0x00007ff9f40bd000 	C:\Program Files\Android\Android Studio\jre\bin\msvcp140.dll
0x00007ff9b8e20000 - 0x00007ff9b9905000 	C:\Program Files\Android\Android Studio\jre\bin\server\jvm.dll
0x00007ffa1e9f0000 - 0x00007ffa1ea9c000 	C:\Windows\System32\ADVAPI32.dll
0x00007ffa1f240000 - 0x00007ffa1f2db000 	C:\Windows\System32\sechost.dll
0x00007ffa1eca0000 - 0x00007ffa1edc4000 	C:\Windows\System32\RPCRT4.dll
0x00007ffa1d4c0000 - 0x00007ffa1d4c8000 	C:\Windows\System32\PSAPI.DLL
0x00007ffa14480000 - 0x00007ffa14489000 	C:\Windows\SYSTEM32\WSOCK32.dll
0x00007ffa1e5c0000 - 0x00007ffa1e62b000 	C:\Windows\System32\WS2_32.dll
0x00007ffa09fe0000 - 0x00007ffa0a007000 	C:\Windows\SYSTEM32\WINMM.dll
0x00007ffa137a0000 - 0x00007ffa137aa000 	C:\Windows\SYSTEM32\VERSION.dll
0x00007ffa1b420000 - 0x00007ffa1b432000 	C:\Windows\SYSTEM32\kernel.appcore.dll
0x00007ffa12980000 - 0x00007ffa12991000 	C:\Program Files\Android\Android Studio\jre\bin\verify.dll
0x00007ffa177a0000 - 0x00007ffa17984000 	C:\Windows\SYSTEM32\DBGHELP.DLL
0x00007ffa07c20000 - 0x00007ffa07c4c000 	C:\Windows\SYSTEM32\dbgcore.DLL
0x00007ffa1ce50000 - 0x00007ffa1cecf000 	C:\Windows\System32\bcryptPrimitives.dll
0x00007ffa07060000 - 0x00007ffa07089000 	C:\Program Files\Android\Android Studio\jre\bin\java.dll
0x00007ffa15370000 - 0x00007ffa1537b000 	C:\Program Files\Android\Android Studio\jre\bin\jimage.dll
0x00007ffa04a10000 - 0x00007ffa04a28000 	C:\Program Files\Android\Android Studio\jre\bin\zip.dll
0x00007ffa1d7e0000 - 0x00007ffa1df21000 	C:\Windows\System32\SHELL32.dll
0x00007ffa1ac20000 - 0x00007ffa1b3b5000 	C:\Windows\SYSTEM32\windows.storage.dll
0x00007ffa1e690000 - 0x00007ffa1e9e5000 	C:\Windows\System32\combase.dll
0x00007ffa1c4f0000 - 0x00007ffa1c51c000 	C:\Windows\SYSTEM32\Wldp.dll
0x00007ffa1d410000 - 0x00007ffa1d4be000 	C:\Windows\System32\SHCORE.dll
0x00007ffa1e260000 - 0x00007ffa1e2b5000 	C:\Windows\System32\shlwapi.dll
0x00007ffa1ca20000 - 0x00007ffa1ca46000 	C:\Windows\SYSTEM32\profapi.dll
0x00007ffa02c20000 - 0x00007ffa02c3a000 	C:\Program Files\Android\Android Studio\jre\bin\net.dll
0x00007ffa12e90000 - 0x00007ffa12f90000 	C:\Windows\SYSTEM32\WINHTTP.dll
0x00007ffa1c270000 - 0x00007ffa1c2da000 	C:\Windows\system32\mswsock.dll
0x00007ffa02c00000 - 0x00007ffa02c14000 	C:\Program Files\Android\Android Studio\jre\bin\nio.dll
0x00007ff9ef030000 - 0x00007ff9ef057000 	C:\Users\TECH TOOL\Downloads\gradle-7.5.1\native\e1d6ef7f7dcc3fd88c89a11ec53ec762bb8ba0a96d01ffa2cd45eb1d1d8dd5c5\windows-amd64\native-platform.dll
0x00007ff9e3580000 - 0x00007ff9e36c4000 	C:\Users\TECH TOOL\Downloads\gradle-7.5.1\native\5664cfc778a61ccfe75a443a1ab52a65af34e5dc3c78e0209fed803814484fcb\windows-amd64\native-platform-file-events.dll
0x00007ffa14260000 - 0x00007ffa1426a000 	C:\Program Files\Android\Android Studio\jre\bin\management.dll
0x00007ffa14240000 - 0x00007ffa1424d000 	C:\Program Files\Android\Android Studio\jre\bin\management_ext.dll
0x00007ffa1c440000 - 0x00007ffa1c458000 	C:\Windows\SYSTEM32\CRYPTSP.dll
0x00007ffa1bba0000 - 0x00007ffa1bbd4000 	C:\Windows\system32\rsaenh.dll
0x00007ffa1cc90000 - 0x00007ffa1ccb7000 	C:\Windows\System32\bcrypt.dll
0x00007ffa1c9e0000 - 0x00007ffa1ca0e000 	C:\Windows\SYSTEM32\USERENV.dll
0x00007ffa1c460000 - 0x00007ffa1c46c000 	C:\Windows\SYSTEM32\CRYPTBASE.dll
0x00007ffa1bf60000 - 0x00007ffa1bf9b000 	C:\Windows\SYSTEM32\IPHLPAPI.DLL
0x00007ffa1d630000 - 0x00007ffa1d638000 	C:\Windows\System32\NSI.dll
0x00007ffa13030000 - 0x00007ffa13047000 	C:\Windows\SYSTEM32\dhcpcsvc6.DLL
0x00007ffa13190000 - 0x00007ffa131ad000 	C:\Windows\SYSTEM32\dhcpcsvc.DLL
0x00007ffa1bfa0000 - 0x00007ffa1c06b000 	C:\Windows\SYSTEM32\DNSAPI.dll
0x00007ffa1b830000 - 0x00007ffa1b863000 	C:\Windows\SYSTEM32\ntmarta.dll
0x00007ff9fae30000 - 0x00007ff9fae57000 	C:\Program Files\Android\Android Studio\jre\bin\sunec.dll

dbghelp: loaded successfully - version: 4.0.5 - missing functions: none
symbol engine: initialized successfully - sym options: 0x614 - pdb path: .;C:\Program Files\Android\Android Studio\jre\bin;C:\Windows\SYSTEM32;C:\Windows\WinSxS\amd64_microsoft.windows.common-controls_6595b64144ccf1df_6.0.19041.488_none_ca04af081b815d21;C:\Program Files\Android\Android Studio\jre\bin\server;C:\Users\TECH TOOL\Downloads\gradle-7.5.1\native\e1d6ef7f7dcc3fd88c89a11ec53ec762bb8ba0a96d01ffa2cd45eb1d1d8dd5c5\windows-amd64;C:\Users\TECH TOOL\Downloads\gradle-7.5.1\native\5664cfc778a61ccfe75a443a1ab52a65af34e5dc3c78e0209fed803814484fcb\windows-amd64

VM Arguments:
jvm_args: --add-opens=java.base/java.util=ALL-UNNAMED --add-opens=java.base/java.lang=ALL-UNNAMED --add-opens=java.base/java.lang.invoke=ALL-UNNAMED --add-opens=java.base/java.util=ALL-UNNAMED --add-opens=java.prefs/java.util.prefs=ALL-UNNAMED --add-opens=java.prefs/java.util.prefs=ALL-UNNAMED --add-opens=java.base/java.nio.charset=ALL-UNNAMED --add-opens=java.base/java.net=ALL-UNNAMED --add-opens=java.base/java.util.concurrent.atomic=ALL-UNNAMED -Xmx2048m -Dfile.encoding=UTF-8 -Duser.country=US -Duser.language=en -Duser.variant 
java_command: org.gradle.launcher.daemon.bootstrap.GradleDaemon 7.3.3
java_class_path (initial): C:\Users\TECH TOOL\Downloads\gradle-7.5.1\wrapper\dists\gradle-7.3.3-bin\6a41zxkdtcxs8rphpq6y0069z\gradle-7.3.3\lib\gradle-launcher-7.3.3.jar
Launcher Type: SUN_STANDARD

[Global flags]
     intx CICompilerCount                          = 3                                         {product} {ergonomic}
     uint ConcGCThreads                            = 1                                         {product} {ergonomic}
     uint G1ConcRefinementThreads                  = 4                                         {product} {ergonomic}
   size_t G1HeapRegionSize                         = 1048576                                   {product} {ergonomic}
    uintx GCDrainStackTargetSize                   = 64                                        {product} {ergonomic}
   size_t InitialHeapSize                          = 199229440                                 {product} {ergonomic}
   size_t MarkStackSize                            = 4194304                                   {product} {ergonomic}
   size_t MaxHeapSize                              = 2147483648                                {product} {command line}
   size_t MaxNewSize                               = 1287651328                                {product} {ergonomic}
   size_t MinHeapDeltaBytes                        = 1048576                                   {product} {ergonomic}
    uintx NonNMethodCodeHeapSize                   = 5830732                                {pd product} {ergonomic}
    uintx NonProfiledCodeHeapSize                  = 122913754                              {pd product} {ergonomic}
    uintx ProfiledCodeHeapSize                     = 122913754                              {pd product} {ergonomic}
    uintx ReservedCodeCacheSize                    = 251658240                              {pd product} {ergonomic}
     bool SegmentedCodeCache                       = true                                      {product} {ergonomic}
     bool UseCompressedClassPointers               = true                                 {lp64_product} {ergonomic}
     bool UseCompressedOops                        = true                                 {lp64_product} {ergonomic}
     bool UseG1GC                                  = true                                      {product} {ergonomic}
     bool UseLargePagesIndividualAllocation        = false                                  {pd product} {ergonomic}

Logging:
Log output configuration:
 #0: stdout all=warning uptime,level,tags
 #1: stderr all=off uptime,level,tags

Environment Variables:
PATH=C:\Program Files\Common Files\Oracle\Java\javapath;C:\Windows\system32;C:\Windows;C:\Windows\System32\Wbem;C:\Windows\System32\WindowsPowerShell\v1.0\;C:\Windows\System32\OpenSSH\;C:\Program Files (x86)\Microsoft SQL Server\150\DTS\Binn\;C:\Program Files\Azure Data Studio\bin;C:\Program Files\Microsoft\Web Platform Installer\;C:\Program Files (x86)\Microsoft ASP.NET\ASP.NET Web Pages\v1.0\;C:\Program Files\Microsoft SQL Server\110\Tools\Binn\;C:\Program Files\dotnet\;C:\Program Files\Microsoft SQL Server\130\Tools\Binn\;C:\Program Files\Microsoft SQL Server\Client SDK\ODBC\170\Tools\Binn\;C:\Program Files (x86)\Microsoft SQL Server\110\DTS\Binn\;C:\Program Files (x86)\Microsoft SQL Server\120\DTS\Binn\;C:\Program Files (x86)\Microsoft SQL Server\130\DTS\Binn\;C:\Program Files (x86)\Microsoft SQL Server\140\DTS\Binn\;C:\Program Files (x86)\Microsoft SQL Server\160\DTS\Binn\;C:\Program Files\nodejs\;C:\xampp\php;C:\ProgramData\ComposerSetup\bin;C:\Program Files\Git\cmd;C:\Users\TECH TOOL\AppData\Local\Microsoft\WindowsApps;;C:\Users\TECH TOOL\AppData\Local\Programs\Microsoft VS Code\bin;C:\Program Files\Azure Data Studio\bin;C:\Users\TECH TOOL\.dotnet\tools;C:\Users\TECH TOOL\AppData\Roaming\npm;C:\Users\TECH TOOL\AppData\Roaming\Composer\vendor\bin
USERNAME=TECH TOOL
OS=Windows_NT
PROCESSOR_IDENTIFIER=Intel64 Family 6 Model 142 Stepping 12, GenuineIntel



---------------  S Y S T E M  ---------------

OS: Windows 10 , 64 bit Build 19041 (10.0.19041.546)
OS uptime: 21 days 13:07 hours

CPU:total 4 (initial active 4) (2 cores per cpu, 2 threads per core) family 6 model 142 stepping 12 microcode 0xc0, cmov, cx8, fxsr, mmx, sse, sse2, sse3, ssse3, sse4.1, sse4.2, popcnt, avx, avx2, aes, clmul, erms, 3dnowpref, lzcnt, ht, tsc, tscinvbit, bmi1, bmi2, adx, fma

Memory: 4k page, system-wide physical 12119M (346M free)
TotalPageFile size 27379M (AvailPageFile size 36M)
current process WorkingSet (physical memory assigned to process): 567M, peak: 569M
current process commit charge ("private bytes"): 658M, peak: 708M

vm_info: OpenJDK 64-Bit Server VM (11.0.12+7-b1504.28-7817840) for windows-amd64 JRE (11.0.12+7-b1504.28-7817840), built on Oct 13 2021 22:12:33 by "builder" with MS VC++ 14.0 (VS2015)

END.
