#
# There is insufficient memory for the Java Runtime Environment to continue.
# Native memory allocation (malloc) failed to allocate 1791216 bytes for Chunk::new
# Possible reasons:
#   The system is out of physical RAM or swap space
#   The process is running with CompressedOops enabled, and the Java Heap may be blocking the growth of the native heap
# Possible solutions:
#   Reduce memory load on the system
#   Increase physical memory or swap space
#   Check if swap backing store is full
#   Decrease Java heap size (-Xmx/-Xms)
#   Decrease number of Java threads
#   Decrease Java thread stack sizes (-Xss)
#   Set larger code cache with -XX:ReservedCodeCacheSize=
#   JVM is running with Unscaled Compressed Oops mode in which the Java heap is
#     placed in the first 4GB address space. The Java Heap base address is the
#     maximum limit for the native heap growth. Please use -XX:HeapBaseMinAddress
#     to set the Java Heap base and to place the Java Heap above 4GB virtual address.
# This output file may be truncated or incomplete.
#
#  Out of Memory Error (./src/hotspot/share/memory/arena.cpp:197), pid=8168, tid=11048
#
# JRE version: OpenJDK Runtime Environment (11.0.12+7) (build 11.0.12+7-b1504.28-7817840)
# Java VM: OpenJDK 64-Bit Server VM (11.0.12+7-b1504.28-7817840, mixed mode, tiered, compressed oops, g1 gc, windows-amd64)
# No core dump will be written. Minidumps are not enabled by default on client versions of Windows
#

---------------  S U M M A R Y ------------

Command Line: --add-opens=java.base/java.util=ALL-UNNAMED --add-opens=java.base/java.lang=ALL-UNNAMED --add-opens=java.base/java.lang.invoke=ALL-UNNAMED --add-opens=java.base/java.util=ALL-UNNAMED --add-opens=java.prefs/java.util.prefs=ALL-UNNAMED --add-opens=java.prefs/java.util.prefs=ALL-UNNAMED --add-opens=java.base/java.nio.charset=ALL-UNNAMED --add-opens=java.base/java.net=ALL-UNNAMED --add-opens=java.base/java.util.concurrent.atomic=ALL-UNNAMED -Xmx2048m -Dfile.encoding=UTF-8 -Duser.country=US -Duser.language=en -Duser.variant org.gradle.launcher.daemon.bootstrap.GradleDaemon 7.3.3

Host: Intel(R) Core(TM) i3-10110U CPU @ 2.10GHz, 4 cores, 11G,  Windows 10 , 64 bit Build 19041 (10.0.19041.546)
Time: Wed Sep  7 11:53:09 2022 Sri Lanka Standard Time elapsed time: 27.653763 seconds (0d 0h 0m 27s)

---------------  T H R E A D  ---------------

Current thread (0x000001f3593be000):  JavaThread "C2 CompilerThread1" daemon [_thread_in_native, id=11048, stack(0x0000006fbe300000,0x0000006fbe400000)]


Current CompileTask:
C2:  27653 13912       4       com.android.tools.r8.code.y1::a (4129 bytes)

Stack: [0x0000006fbe300000,0x0000006fbe400000]
Native frames: (J=compiled Java code, j=interpreted, Vv=VM code, C=native code)
V  [jvm.dll+0x5fbcea]
V  [jvm.dll+0x731905]
V  [jvm.dll+0x732f1d]
V  [jvm.dll+0x7335d3]
V  [jvm.dll+0x247bf8]
V  [jvm.dll+0xc018c]
V  [jvm.dll+0xc06cc]
V  [jvm.dll+0x35b2db]
V  [jvm.dll+0x328803]
V  [jvm.dll+0x327cfa]
V  [jvm.dll+0x200602]
V  [jvm.dll+0x1ff794]
V  [jvm.dll+0x18868c]
V  [jvm.dll+0x20e0d7]
V  [jvm.dll+0x20c901]
V  [jvm.dll+0x6f9b7f]
V  [jvm.dll+0x6f26a5]
V  [jvm.dll+0x5fabf6]
C  [ucrtbase.dll+0x214c2]
C  [KERNEL32.DLL+0x17034]
C  [ntdll.dll+0x4cec1]


---------------  P R O C E S S  ---------------

Threads class SMR info:
_java_thread_list=0x000001f3610f9020, length=95, elements={
0x000001f33d71f800, 0x000001f35734c800, 0x000001f357347000, 0x000001f357ba5800,
0x000001f357ba6800, 0x000001f357ba8800, 0x000001f357bac000, 0x000001f357bb1000,
0x000001f357bb2800, 0x000001f357d32800, 0x000001f359c55800, 0x000001f359787800,
0x000001f35aef1800, 0x000001f359684800, 0x000001f35a500000, 0x000001f35a502800,
0x000001f35a4fc800, 0x000001f35a503800, 0x000001f35bb0b000, 0x000001f35bb06000,
0x000001f35bb08800, 0x000001f35bb07000, 0x000001f35bb09800, 0x000001f35bb0c800,
0x000001f35bb0e000, 0x000001f35bb10000, 0x000001f35e6d4800, 0x000001f35e6d6000,
0x000001f35e6d5800, 0x000001f35e6d7000, 0x000001f35e6d8000, 0x000001f35e6d3800,
0x000001f35e6da800, 0x000001f35e6d9800, 0x000001f35e6db000, 0x000001f35e6dc000,
0x000001f35e6dc800, 0x000001f35e6dd800, 0x000001f35e6d8800, 0x000001f35e6e0000,
0x000001f35e6e1000, 0x000001f35e6e1800, 0x000001f35e6e2800, 0x000001f35bb0b800,
0x000001f35bb0d800, 0x000001f35bb07800, 0x000001f35bb13000, 0x000001f35bb10800,
0x000001f35bb14000, 0x000001f35bb11800, 0x000001f35bb14800, 0x000001f35bb12800,
0x000001f35a4fd800, 0x000001f35a4fe800, 0x000001f35a4ff000, 0x000001f35a501000,
0x000001f35a501800, 0x000001f35e7fe800, 0x000001f35e7fe000, 0x000001f35e7ff800,
0x000001f35e800800, 0x000001f35e7fa800, 0x000001f35e7fd000, 0x000001f35e801000,
0x000001f35e7fb800, 0x000001f35e7fc000, 0x000001f361030800, 0x000001f36102b000,
0x000001f36102c800, 0x000001f36102f000, 0x000001f36102d800, 0x000001f361031800,
0x000001f361030000, 0x000001f36102b800, 0x000001f36102e000, 0x000001f35b6f4800,
0x000001f35b6f3000, 0x000001f35b6f7000, 0x000001f35b6f4000, 0x000001f35b6f5800,
0x000001f35b6f6800, 0x000001f35b6f2000, 0x000001f35b6f8800, 0x000001f35b6f8000,
0x000001f35b6ff000, 0x000001f35b6f9800, 0x000001f35b700000, 0x000001f3593be000,
0x000001f35b6fa800, 0x000001f35b6fc000, 0x000001f35b701000, 0x000001f35b6fb000,
0x000001f35b6fd800, 0x000001f35b6fe800, 0x000001f36118b000
}

Java Threads: ( => current thread )
  0x000001f33d71f800 JavaThread "main" [_thread_blocked, id=2620, stack(0x0000006fbc100000,0x0000006fbc200000)]
  0x000001f35734c800 JavaThread "Reference Handler" daemon [_thread_blocked, id=16776, stack(0x0000006fbc800000,0x0000006fbc900000)]
  0x000001f357347000 JavaThread "Finalizer" daemon [_thread_blocked, id=17316, stack(0x0000006fbc900000,0x0000006fbca00000)]
  0x000001f357ba5800 JavaThread "Signal Dispatcher" daemon [_thread_blocked, id=248, stack(0x0000006fbca00000,0x0000006fbcb00000)]
  0x000001f357ba6800 JavaThread "Attach Listener" daemon [_thread_blocked, id=11392, stack(0x0000006fbcb00000,0x0000006fbcc00000)]
  0x000001f357ba8800 JavaThread "Service Thread" daemon [_thread_blocked, id=8356, stack(0x0000006fbcc00000,0x0000006fbcd00000)]
  0x000001f357bac000 JavaThread "C2 CompilerThread0" daemon [_thread_in_native, id=19832, stack(0x0000006fbcd00000,0x0000006fbce00000)]
  0x000001f357bb1000 JavaThread "C1 CompilerThread0" daemon [_thread_in_native, id=9732, stack(0x0000006fbce00000,0x0000006fbcf00000)]
  0x000001f357bb2800 JavaThread "Sweeper thread" daemon [_thread_blocked, id=17988, stack(0x0000006fbcf00000,0x0000006fbd000000)]
  0x000001f357d32800 JavaThread "Common-Cleaner" daemon [_thread_blocked, id=6208, stack(0x0000006fbd000000,0x0000006fbd100000)]
  0x000001f359c55800 JavaThread "Daemon health stats" [_thread_blocked, id=1172, stack(0x0000006fbd600000,0x0000006fbd700000)]
  0x000001f359787800 JavaThread "Incoming local TCP Connector on port 49491" [_thread_in_native, id=17480, stack(0x0000006fbd200000,0x0000006fbd300000)]
  0x000001f35aef1800 JavaThread "Daemon periodic checks" [_thread_blocked, id=19388, stack(0x0000006fbd700000,0x0000006fbd800000)]
  0x000001f359684800 JavaThread "Daemon" [_thread_blocked, id=4816, stack(0x0000006fbd800000,0x0000006fbd900000)]
  0x000001f35a500000 JavaThread "Daemon worker" [_thread_blocked, id=18148, stack(0x0000006fbdc00000,0x0000006fbdd00000)]
  0x000001f35a502800 JavaThread "Cache worker for journal cache (C:\Users\TECH TOOL\Downloads\gradle-7.5.1\caches\journal-1)" [_thread_blocked, id=8360, stack(0x0000006fbe000000,0x0000006fbe100000)]
  0x000001f35a4fc800 JavaThread "File lock request listener" [_thread_in_native, id=20344, stack(0x0000006fbe100000,0x0000006fbe200000)]
  0x000001f35a503800 JavaThread "Cache worker for file hash cache (C:\Users\TECH TOOL\Downloads\gradle-7.5.1\caches\7.3.3\fileHashes)" [_thread_blocked, id=10544, stack(0x0000006fbe200000,0x0000006fbe300000)]
  0x000001f35bb0b000 JavaThread "File watcher server" daemon [_thread_in_native, id=6940, stack(0x0000006fbe400000,0x0000006fbe500000)]
  0x000001f35bb06000 JavaThread "File watcher consumer" daemon [_thread_blocked, id=17844, stack(0x0000006fbe500000,0x0000006fbe600000)]
  0x000001f35bb08800 JavaThread "jar transforms" [_thread_blocked, id=17028, stack(0x0000006fbe600000,0x0000006fbe700000)]
  0x000001f35bb07000 JavaThread "jar transforms Thread 2" [_thread_blocked, id=8344, stack(0x0000006fbe700000,0x0000006fbe800000)]
  0x000001f35bb09800 JavaThread "jar transforms Thread 3" [_thread_blocked, id=9476, stack(0x0000006fbe800000,0x0000006fbe900000)]
  0x000001f35bb0c800 JavaThread "jar transforms Thread 4" [_thread_blocked, id=17900, stack(0x0000006fbe900000,0x0000006fbea00000)]
  0x000001f35bb0e000 JavaThread "Cache worker for execution history cache (C:\Users\TECH TOOL\Downloads\gradle-7.5.1\caches\7.3.3\executionHistory)" [_thread_blocked, id=8208, stack(0x0000006fbed00000,0x0000006fbee00000)]
  0x000001f35bb10000 JavaThread "Cache worker for file content cache (C:\Users\TECH TOOL\Downloads\gradle-7.5.1\caches\7.3.3\fileContent)" [_thread_blocked, id=8348, stack(0x0000006fbee00000,0x0000006fbef00000)]
  0x000001f35e6d4800 JavaThread "Memory manager" [_thread_blocked, id=12968, stack(0x0000006fc1900000,0x0000006fc1a00000)]
  0x000001f35e6d6000 JavaThread "Handler for socket connection from /127.0.0.1:49491 to /127.0.0.1:49506" [_thread_in_native, id=3632, stack(0x0000006fbd900000,0x0000006fbda00000)]
  0x000001f35e6d5800 JavaThread "Cancel handler" [_thread_blocked, id=13984, stack(0x0000006fbda00000,0x0000006fbdb00000)]
  0x000001f35e6d7000 JavaThread "Asynchronous log dispatcher for DefaultDaemonConnection: socket connection from /127.0.0.1:49491 to /127.0.0.1:49506" [_thread_blocked, id=11144, stack(0x0000006fbdb00000,0x0000006fbdc00000)]
  0x000001f35e6d8000 JavaThread "Stdin handler" [_thread_blocked, id=12080, stack(0x0000006fbdd00000,0x0000006fbde00000)]
  0x000001f35e6d3800 JavaThread "Daemon client event forwarder" [_thread_blocked, id=20212, stack(0x0000006fbde00000,0x0000006fbdf00000)]
  0x000001f35e6da800 JavaThread "Cache worker for file hash cache (D:\Final Project HDSE\CyGo-App\.gradle\7.3.3\fileHashes)" [_thread_blocked, id=5288, stack(0x0000006fbdf00000,0x0000006fbe000000)]
  0x000001f35e6d9800 JavaThread "Cache worker for checksums cache (D:\Final Project HDSE\CyGo-App\.gradle\7.3.3\checksums)" [_thread_blocked, id=6332, stack(0x0000006fbea00000,0x0000006fbeb00000)]
  0x000001f35e6db000 JavaThread "Cache worker for cache directory md-supplier (C:\Users\TECH TOOL\Downloads\gradle-7.5.1\caches\7.3.3\md-supplier)" [_thread_blocked, id=1916, stack(0x0000006fbeb00000,0x0000006fbec00000)]
  0x000001f35e6dc000 JavaThread "Cache worker for cache directory md-rule (C:\Users\TECH TOOL\Downloads\gradle-7.5.1\caches\7.3.3\md-rule)" [_thread_blocked, id=8172, stack(0x0000006fbec00000,0x0000006fbed00000)]
  0x000001f35e6dc800 JavaThread "Cache worker for dependencies-accessors (D:\Final Project HDSE\CyGo-App\.gradle\7.3.3\dependencies-accessors)" [_thread_blocked, id=8732, stack(0x0000006fbef00000,0x0000006fbf000000)]
  0x000001f35e6dd800 JavaThread "Cache worker for Build Output Cleanup Cache (D:\Final Project HDSE\CyGo-App\.gradle\buildOutputCleanup)" [_thread_blocked, id=12272, stack(0x0000006fbf000000,0x0000006fbf100000)]
  0x000001f35e6d8800 JavaThread "Unconstrained build operations" [_thread_blocked, id=17556, stack(0x0000006fbf100000,0x0000006fbf200000)]
  0x000001f35e6e0000 JavaThread "Unconstrained build operations Thread 2" [_thread_blocked, id=9944, stack(0x0000006fbf200000,0x0000006fbf300000)]
  0x000001f35e6e1000 JavaThread "Unconstrained build operations Thread 3" [_thread_blocked, id=15952, stack(0x0000006fbf300000,0x0000006fbf400000)]
  0x000001f35e6e1800 JavaThread "Unconstrained build operations Thread 4" [_thread_blocked, id=12656, stack(0x0000006fbf400000,0x0000006fbf500000)]
  0x000001f35e6e2800 JavaThread "Unconstrained build operations Thread 5" [_thread_blocked, id=10580, stack(0x0000006fbf500000,0x0000006fbf600000)]
  0x000001f35bb0b800 JavaThread "Unconstrained build operations Thread 6" [_thread_blocked, id=11436, stack(0x0000006fbf600000,0x0000006fbf700000)]
  0x000001f35bb0d800 JavaThread "Unconstrained build operations Thread 7" [_thread_blocked, id=13012, stack(0x0000006fbf700000,0x0000006fbf800000)]
  0x000001f35bb07800 JavaThread "Unconstrained build operations Thread 8" [_thread_blocked, id=8372, stack(0x0000006fbf800000,0x0000006fbf900000)]
  0x000001f35bb13000 JavaThread "Unconstrained build operations Thread 9" [_thread_blocked, id=11036, stack(0x0000006fbf900000,0x0000006fbfa00000)]
  0x000001f35bb10800 JavaThread "Unconstrained build operations Thread 10" [_thread_blocked, id=11748, stack(0x0000006fbfa00000,0x0000006fbfb00000)]
  0x000001f35bb14000 JavaThread "Unconstrained build operations Thread 11" [_thread_blocked, id=10836, stack(0x0000006fbfb00000,0x0000006fbfc00000)]
  0x000001f35bb11800 JavaThread "Unconstrained build operations Thread 12" [_thread_blocked, id=14152, stack(0x0000006fbfc00000,0x0000006fbfd00000)]
  0x000001f35bb14800 JavaThread "Unconstrained build operations Thread 13" [_thread_blocked, id=12984, stack(0x0000006fbfd00000,0x0000006fbfe00000)]
  0x000001f35bb12800 JavaThread "Unconstrained build operations Thread 14" [_thread_blocked, id=17764, stack(0x0000006fbfe00000,0x0000006fbff00000)]
  0x000001f35a4fd800 JavaThread "Unconstrained build operations Thread 15" [_thread_blocked, id=11040, stack(0x0000006fbff00000,0x0000006fc0000000)]
  0x000001f35a4fe800 JavaThread "Unconstrained build operations Thread 16" [_thread_blocked, id=3956, stack(0x0000006fc0000000,0x0000006fc0100000)]
  0x000001f35a4ff000 JavaThread "Unconstrained build operations Thread 17" [_thread_blocked, id=19460, stack(0x0000006fc0100000,0x0000006fc0200000)]
  0x000001f35a501000 JavaThread "Unconstrained build operations Thread 18" [_thread_blocked, id=14176, stack(0x0000006fc0200000,0x0000006fc0300000)]
  0x000001f35a501800 JavaThread "Unconstrained build operations Thread 19" [_thread_blocked, id=1192, stack(0x0000006fc0300000,0x0000006fc0400000)]
  0x000001f35e7fe800 JavaThread "Unconstrained build operations Thread 20" [_thread_blocked, id=6664, stack(0x0000006fc0400000,0x0000006fc0500000)]
  0x000001f35e7fe000 JavaThread "Unconstrained build operations Thread 21" [_thread_blocked, id=9460, stack(0x0000006fc0500000,0x0000006fc0600000)]
  0x000001f35e7ff800 JavaThread "Unconstrained build operations Thread 22" [_thread_blocked, id=4868, stack(0x0000006fc0600000,0x0000006fc0700000)]
  0x000001f35e800800 JavaThread "Unconstrained build operations Thread 23" [_thread_blocked, id=2780, stack(0x0000006fc0700000,0x0000006fc0800000)]
  0x000001f35e7fa800 JavaThread "Unconstrained build operations Thread 24" [_thread_blocked, id=10408, stack(0x0000006fc0800000,0x0000006fc0900000)]
  0x000001f35e7fd000 JavaThread "Unconstrained build operations Thread 25" [_thread_blocked, id=12392, stack(0x0000006fc0900000,0x0000006fc0a00000)]
  0x000001f35e801000 JavaThread "Unconstrained build operations Thread 26" [_thread_blocked, id=2320, stack(0x0000006fc0a00000,0x0000006fc0b00000)]
  0x000001f35e7fb800 JavaThread "Unconstrained build operations Thread 27" [_thread_blocked, id=12916, stack(0x0000006fc0b00000,0x0000006fc0c00000)]
  0x000001f35e7fc000 JavaThread "Unconstrained build operations Thread 28" [_thread_blocked, id=19092, stack(0x0000006fc0c00000,0x0000006fc0d00000)]
  0x000001f361030800 JavaThread "Unconstrained build operations Thread 29" [_thread_blocked, id=11880, stack(0x0000006fc0d00000,0x0000006fc0e00000)]
  0x000001f36102b000 JavaThread "Unconstrained build operations Thread 30" [_thread_blocked, id=16132, stack(0x0000006fc0e00000,0x0000006fc0f00000)]
  0x000001f36102c800 JavaThread "Unconstrained build operations Thread 31" [_thread_blocked, id=11112, stack(0x0000006fc0f00000,0x0000006fc1000000)]
  0x000001f36102f000 JavaThread "Unconstrained build operations Thread 32" [_thread_blocked, id=1284, stack(0x0000006fc1000000,0x0000006fc1100000)]
  0x000001f36102d800 JavaThread "Unconstrained build operations Thread 33" [_thread_blocked, id=20376, stack(0x0000006fc1100000,0x0000006fc1200000)]
  0x000001f361031800 JavaThread "Unconstrained build operations Thread 34" [_thread_blocked, id=13804, stack(0x0000006fc1200000,0x0000006fc1300000)]
  0x000001f361030000 JavaThread "Unconstrained build operations Thread 35" [_thread_blocked, id=20108, stack(0x0000006fc1300000,0x0000006fc1400000)]
  0x000001f36102b800 JavaThread "Unconstrained build operations Thread 36" [_thread_blocked, id=6668, stack(0x0000006fc1400000,0x0000006fc1500000)]
  0x000001f36102e000 JavaThread "Unconstrained build operations Thread 37" [_thread_blocked, id=12776, stack(0x0000006fc1500000,0x0000006fc1600000)]
  0x000001f35b6f4800 JavaThread "Unconstrained build operations Thread 38" [_thread_blocked, id=13424, stack(0x0000006fc1600000,0x0000006fc1700000)]
  0x000001f35b6f3000 JavaThread "Unconstrained build operations Thread 39" [_thread_blocked, id=12956, stack(0x0000006fc1700000,0x0000006fc1800000)]
  0x000001f35b6f7000 JavaThread "Unconstrained build operations Thread 40" [_thread_blocked, id=10356, stack(0x0000006fc1800000,0x0000006fc1900000)]
  0x000001f35b6f4000 JavaThread "build event listener" [_thread_blocked, id=4184, stack(0x0000006fc1a00000,0x0000006fc1b00000)]
  0x000001f35b6f5800 JavaThread "Execution worker for ':'" [_thread_blocked, id=16860, stack(0x0000006fc1b00000,0x0000006fc1c00000)]
  0x000001f35b6f6800 JavaThread "Execution worker for ':' Thread 2" [_thread_blocked, id=10020, stack(0x0000006fc1c00000,0x0000006fc1d00000)]
  0x000001f35b6f2000 JavaThread "Execution worker for ':' Thread 3" [_thread_blocked, id=10308, stack(0x0000006fc1d00000,0x0000006fc1e00000)]
  0x000001f35b6f8800 JavaThread "Cache worker for execution history cache (D:\Final Project HDSE\CyGo-App\.gradle\7.3.3\executionHistory)" [_thread_blocked, id=4960, stack(0x0000006fc1e00000,0x0000006fc1f00000)]
  0x000001f35b6f8000 JavaThread "WorkerExecutor Queue" [_thread_blocked, id=20196, stack(0x0000006fc1f00000,0x0000006fc2000000)]
  0x000001f35b6ff000 JavaThread "pool-4-thread-1" [_thread_blocked, id=6432, stack(0x0000006fc2000000,0x0000006fc2100000)]
  0x000001f35b6f9800 JavaThread "stderr" [_thread_in_native, id=10404, stack(0x0000006fc2100000,0x0000006fc2200000)]
  0x000001f35b700000 JavaThread "stdout" [_thread_in_native, id=18160, stack(0x0000006fc2200000,0x0000006fc2300000)]
=>0x000001f3593be000 JavaThread "C2 CompilerThread1" daemon [_thread_in_native, id=11048, stack(0x0000006fbe300000,0x0000006fbe400000)]
  0x000001f35b6fa800 JavaThread "WorkerExecutor Queue Thread 2" [_thread_in_native, id=8888, stack(0x0000006fc2300000,0x0000006fc2400000)]
  0x000001f35b6fc000 JavaThread "WorkerExecutor Queue Thread 3" [_thread_blocked, id=10652, stack(0x0000006fc2400000,0x0000006fc2500000)]
  0x000001f35b701000 JavaThread "WorkerExecutor Queue Thread 4" [_thread_blocked, id=12428, stack(0x0000006fc2500000,0x0000006fc2600000)]
  0x000001f35b6fb000 JavaThread "ForkJoinPool-1-worker-3" daemon [_thread_in_vm, id=9864, stack(0x0000006fc2700000,0x0000006fc2800000)]
  0x000001f35b6fd800 JavaThread "ForkJoinPool-1-worker-5" daemon [_thread_in_Java, id=2516, stack(0x0000006fc2800000,0x0000006fc2900000)]
  0x000001f35b6fe800 JavaThread "ForkJoinPool-1-worker-7" daemon [_thread_in_Java, id=8444, stack(0x0000006fc2900000,0x0000006fc2a00000)]
  0x000001f36118b000 JavaThread "ForkJoinPool-1-worker-1" daemon [_thread_in_Java, id=9672, stack(0x0000006fc2a00000,0x0000006fc2b00000)]

Other Threads:
  0x000001f357b55000 VMThread "VM Thread" [stack: 0x0000006fbc700000,0x0000006fbc800000] [id=19748]
  0x000001f357d3b800 WatcherThread [stack: 0x0000006fbd100000,0x0000006fbd200000] [id=6976]
  0x000001f33b5ac800 GCTaskThread "GC Thread#0" [stack: 0x0000006fbc200000,0x0000006fbc300000] [id=11872]
  0x000001f357e05800 GCTaskThread "GC Thread#1" [stack: 0x0000006fbd300000,0x0000006fbd400000] [id=15992]
  0x000001f358638000 GCTaskThread "GC Thread#2" [stack: 0x0000006fbd400000,0x0000006fbd500000] [id=6732]
  0x000001f358639000 GCTaskThread "GC Thread#3" [stack: 0x0000006fbd500000,0x0000006fbd600000] [id=11944]
  0x000001f33d764000 ConcurrentGCThread "G1 Main Marker" [stack: 0x0000006fbc300000,0x0000006fbc400000] [id=13980]
  0x000001f33d766800 ConcurrentGCThread "G1 Conc#0" [stack: 0x0000006fbc400000,0x0000006fbc500000] [id=9068]
  0x000001f33d7ed800 ConcurrentGCThread "G1 Refine#0" [stack: 0x0000006fbc500000,0x0000006fbc600000] [id=12356]
  0x000001f35718e800 ConcurrentGCThread "G1 Young RemSet Sampling" [stack: 0x0000006fbc600000,0x0000006fbc700000] [id=1600]

Threads with active compile tasks:
C2 CompilerThread0  27678 14029 %     4       com.android.tools.r8.dex.j::a @ 313 (1042 bytes)
C2 CompilerThread1  27678 13912       4       com.android.tools.r8.code.y1::a (4129 bytes)

VM state:not at safepoint (normal execution)

VM Mutex/Monitor currently owned by a thread: None

Heap address: 0x0000000080000000, size: 2048 MB, Compressed Oops mode: 32-bit
Narrow klass base: 0x0000000000000000, Narrow klass shift: 3
Compressed class space size: 1073741824 Address: 0x0000000100000000

Heap:
 garbage-first heap   total 280576K, used 204963K [0x0000000080000000, 0x0000000100000000)
  region size 1024K, 17 young (17408K), 3 survivors (3072K)
 Metaspace       used 109165K, capacity 112160K, committed 112512K, reserved 1146880K
  class space    used 14133K, capacity 15208K, committed 15308K, reserved 1048576K
Heap Regions: E=young(eden), S=young(survivor), O=old, HS=humongous(starts), HC=humongous(continues), CS=collection set, F=free, A=archive, TAMS=top-at-mark-start (previous, next)
|   0|0x0000000080000000, 0x0000000080100000, 0x0000000080100000|100%|HS|  |TAMS 0x0000000080100000, 0x0000000080000000| Complete 
|   1|0x0000000080100000, 0x0000000080200000, 0x0000000080200000|100%|HC|  |TAMS 0x0000000080200000, 0x0000000080100000| Complete 
|   2|0x0000000080200000, 0x0000000080300000, 0x0000000080300000|100%|HC|  |TAMS 0x0000000080300000, 0x0000000080200000| Complete 
|   3|0x0000000080300000, 0x0000000080400000, 0x0000000080400000|100%| O|  |TAMS 0x0000000080400000, 0x0000000080300000| Untracked 
|   4|0x0000000080400000, 0x0000000080500000, 0x0000000080500000|100%| O|  |TAMS 0x0000000080500000, 0x0000000080400000| Untracked 
|   5|0x0000000080500000, 0x0000000080600000, 0x0000000080600000|100%| O|  |TAMS 0x0000000080600000, 0x0000000080500000| Untracked 
|   6|0x0000000080600000, 0x0000000080700000, 0x0000000080700000|100%| O|  |TAMS 0x0000000080700000, 0x0000000080600000| Untracked 
|   7|0x0000000080700000, 0x0000000080800000, 0x0000000080800000|100%|HS|  |TAMS 0x0000000080800000, 0x0000000080700000| Complete 
|   8|0x0000000080800000, 0x0000000080900000, 0x0000000080900000|100%|HC|  |TAMS 0x0000000080900000, 0x0000000080800000| Complete 
|   9|0x0000000080900000, 0x0000000080a00000, 0x0000000080a00000|100%|HS|  |TAMS 0x0000000080a00000, 0x0000000080900000| Complete 
|  10|0x0000000080a00000, 0x0000000080b00000, 0x0000000080b00000|100%|HC|  |TAMS 0x0000000080b00000, 0x0000000080a00000| Complete 
|  11|0x0000000080b00000, 0x0000000080c00000, 0x0000000080c00000|100%|HC|  |TAMS 0x0000000080c00000, 0x0000000080b00000| Complete 
|  12|0x0000000080c00000, 0x0000000080d00000, 0x0000000080d00000|100%|HS|  |TAMS 0x0000000080d00000, 0x0000000080c00000| Complete 
|  13|0x0000000080d00000, 0x0000000080e00000, 0x0000000080e00000|100%|HS|  |TAMS 0x0000000080e00000, 0x0000000080d00000| Complete 
|  14|0x0000000080e00000, 0x0000000080f00000, 0x0000000080f00000|100%|HC|  |TAMS 0x0000000080f00000, 0x0000000080e00000| Complete 
|  15|0x0000000080f00000, 0x0000000081000000, 0x0000000081000000|100%|HC|  |TAMS 0x0000000081000000, 0x0000000080f00000| Complete 
|  16|0x0000000081000000, 0x0000000081100000, 0x0000000081100000|100%|HC|  |TAMS 0x0000000081100000, 0x0000000081000000| Complete 
|  17|0x0000000081100000, 0x0000000081200000, 0x0000000081200000|100%| O|  |TAMS 0x0000000081200000, 0x0000000081100000| Untracked 
|  18|0x0000000081200000, 0x0000000081300000, 0x0000000081300000|100%| O|  |TAMS 0x0000000081300000, 0x0000000081200000| Untracked 
|  19|0x0000000081300000, 0x0000000081400000, 0x0000000081400000|100%| O|  |TAMS 0x0000000081400000, 0x0000000081300000| Untracked 
|  20|0x0000000081400000, 0x0000000081500000, 0x0000000081500000|100%| O|  |TAMS 0x0000000081500000, 0x0000000081400000| Untracked 
|  21|0x0000000081500000, 0x0000000081600000, 0x0000000081600000|100%| O|  |TAMS 0x0000000081600000, 0x0000000081500000| Untracked 
|  22|0x0000000081600000, 0x0000000081700000, 0x0000000081700000|100%| O|  |TAMS 0x0000000081700000, 0x0000000081600000| Untracked 
|  23|0x0000000081700000, 0x0000000081800000, 0x0000000081800000|100%| O|  |TAMS 0x0000000081800000, 0x0000000081700000| Untracked 
|  24|0x0000000081800000, 0x0000000081900000, 0x0000000081900000|100%| O|  |TAMS 0x0000000081900000, 0x0000000081800000| Untracked 
|  25|0x0000000081900000, 0x0000000081a00000, 0x0000000081a00000|100%| O|  |TAMS 0x0000000081a00000, 0x0000000081900000| Untracked 
|  26|0x0000000081a00000, 0x0000000081b00000, 0x0000000081b00000|100%| O|  |TAMS 0x0000000081b00000, 0x0000000081a00000| Untracked 
|  27|0x0000000081b00000, 0x0000000081c00000, 0x0000000081c00000|100%|HS|  |TAMS 0x0000000081c00000, 0x0000000081b00000| Complete 
|  28|0x0000000081c00000, 0x0000000081d00000, 0x0000000081d00000|100%|HS|  |TAMS 0x0000000081d00000, 0x0000000081c00000| Complete 
|  29|0x0000000081d00000, 0x0000000081e00000, 0x0000000081e00000|100%| O|  |TAMS 0x0000000081e00000, 0x0000000081d00000| Untracked 
|  30|0x0000000081e00000, 0x0000000081f00000, 0x0000000081f00000|100%| O|  |TAMS 0x0000000081f00000, 0x0000000081e00000| Untracked 
|  31|0x0000000081f00000, 0x0000000082000000, 0x0000000082000000|100%| O|  |TAMS 0x0000000082000000, 0x0000000081f00000| Untracked 
|  32|0x0000000082000000, 0x0000000082100000, 0x0000000082100000|100%| O|  |TAMS 0x0000000082100000, 0x0000000082000000| Untracked 
|  33|0x0000000082100000, 0x0000000082200000, 0x0000000082200000|100%| O|  |TAMS 0x0000000082200000, 0x0000000082100000| Untracked 
|  34|0x0000000082200000, 0x0000000082300000, 0x0000000082300000|100%| O|  |TAMS 0x0000000082300000, 0x0000000082200000| Untracked 
|  35|0x0000000082300000, 0x0000000082400000, 0x0000000082400000|100%| O|  |TAMS 0x0000000082400000, 0x0000000082300000| Untracked 
|  36|0x0000000082400000, 0x0000000082500000, 0x0000000082500000|100%|HS|  |TAMS 0x0000000082500000, 0x0000000082400000| Complete 
|  37|0x0000000082500000, 0x0000000082600000, 0x0000000082600000|100%|HC|  |TAMS 0x0000000082600000, 0x0000000082500000| Complete 
|  38|0x0000000082600000, 0x0000000082700000, 0x0000000082700000|100%|HC|  |TAMS 0x0000000082700000, 0x0000000082600000| Complete 
|  39|0x0000000082700000, 0x0000000082800000, 0x0000000082800000|100%|HS|  |TAMS 0x0000000082800000, 0x0000000082700000| Complete 
|  40|0x0000000082800000, 0x0000000082900000, 0x0000000082900000|100%|HC|  |TAMS 0x0000000082900000, 0x0000000082800000| Complete 
|  41|0x0000000082900000, 0x0000000082a00000, 0x0000000082a00000|100%|HC|  |TAMS 0x0000000082a00000, 0x0000000082900000| Complete 
|  42|0x0000000082a00000, 0x0000000082b00000, 0x0000000082b00000|100%|HC|  |TAMS 0x0000000082b00000, 0x0000000082a00000| Complete 
|  43|0x0000000082b00000, 0x0000000082c00000, 0x0000000082c00000|100%| O|  |TAMS 0x0000000082c00000, 0x0000000082b00000| Untracked 
|  44|0x0000000082c00000, 0x0000000082d00000, 0x0000000082d00000|100%|HS|  |TAMS 0x0000000082d00000, 0x0000000082c00000| Complete 
|  45|0x0000000082d00000, 0x0000000082e00000, 0x0000000082e00000|100%|HS|  |TAMS 0x0000000082e00000, 0x0000000082d00000| Complete 
|  46|0x0000000082e00000, 0x0000000082f00000, 0x0000000082f00000|100%|HC|  |TAMS 0x0000000082f00000, 0x0000000082e00000| Complete 
|  47|0x0000000082f00000, 0x0000000083000000, 0x0000000083000000|100%| O|  |TAMS 0x0000000083000000, 0x0000000082f00000| Untracked 
|  48|0x0000000083000000, 0x0000000083100000, 0x0000000083100000|100%| O|  |TAMS 0x0000000083100000, 0x0000000083000000| Untracked 
|  49|0x0000000083100000, 0x0000000083200000, 0x0000000083200000|100%| O|  |TAMS 0x0000000083200000, 0x0000000083100000| Untracked 
|  50|0x0000000083200000, 0x0000000083300000, 0x0000000083300000|100%| O|  |TAMS 0x0000000083300000, 0x0000000083200000| Untracked 
|  51|0x0000000083300000, 0x0000000083400000, 0x0000000083400000|100%| O|  |TAMS 0x0000000083400000, 0x0000000083300000| Untracked 
|  52|0x0000000083400000, 0x0000000083500000, 0x0000000083500000|100%| O|  |TAMS 0x0000000083500000, 0x0000000083400000| Untracked 
|  53|0x0000000083500000, 0x0000000083600000, 0x0000000083600000|100%| O|  |TAMS 0x0000000083600000, 0x0000000083500000| Untracked 
|  54|0x0000000083600000, 0x0000000083700000, 0x0000000083700000|100%| O|  |TAMS 0x0000000083700000, 0x0000000083600000| Untracked 
|  55|0x0000000083700000, 0x0000000083800000, 0x0000000083800000|100%| O|  |TAMS 0x0000000083800000, 0x0000000083700000| Untracked 
|  56|0x0000000083800000, 0x0000000083900000, 0x0000000083900000|100%| O|  |TAMS 0x0000000083900000, 0x0000000083800000| Untracked 
|  57|0x0000000083900000, 0x0000000083a00000, 0x0000000083a00000|100%| O|  |TAMS 0x0000000083a00000, 0x0000000083900000| Untracked 
|  58|0x0000000083a00000, 0x0000000083b00000, 0x0000000083b00000|100%| O|  |TAMS 0x0000000083b00000, 0x0000000083a00000| Untracked 
|  59|0x0000000083b00000, 0x0000000083c00000, 0x0000000083c00000|100%| O|  |TAMS 0x0000000083c00000, 0x0000000083b00000| Untracked 
|  60|0x0000000083c00000, 0x0000000083d00000, 0x0000000083d00000|100%| O|  |TAMS 0x0000000083d00000, 0x0000000083c00000| Untracked 
|  61|0x0000000083d00000, 0x0000000083e00000, 0x0000000083e00000|100%| O|  |TAMS 0x0000000083e00000, 0x0000000083d00000| Untracked 
|  62|0x0000000083e00000, 0x0000000083f00000, 0x0000000083f00000|100%| O|  |TAMS 0x0000000083f00000, 0x0000000083e00000| Untracked 
|  63|0x0000000083f00000, 0x0000000084000000, 0x0000000084000000|100%| O|  |TAMS 0x0000000084000000, 0x0000000083f00000| Untracked 
|  64|0x0000000084000000, 0x0000000084100000, 0x0000000084100000|100%| O|  |TAMS 0x0000000084100000, 0x0000000084000000| Untracked 
|  65|0x0000000084100000, 0x0000000084200000, 0x0000000084200000|100%| O|  |TAMS 0x0000000084200000, 0x0000000084100000| Untracked 
|  66|0x0000000084200000, 0x0000000084300000, 0x0000000084300000|100%| O|  |TAMS 0x0000000084300000, 0x0000000084200000| Untracked 
|  67|0x0000000084300000, 0x0000000084400000, 0x0000000084400000|100%| O|  |TAMS 0x0000000084400000, 0x0000000084300000| Untracked 
|  68|0x0000000084400000, 0x0000000084500000, 0x0000000084500000|100%| O|  |TAMS 0x0000000084500000, 0x0000000084400000| Untracked 
|  69|0x0000000084500000, 0x0000000084600000, 0x0000000084600000|100%|HS|  |TAMS 0x0000000084600000, 0x0000000084500000| Complete 
|  70|0x0000000084600000, 0x0000000084700000, 0x0000000084700000|100%|HC|  |TAMS 0x0000000084700000, 0x0000000084600000| Complete 
|  71|0x0000000084700000, 0x0000000084800000, 0x0000000084800000|100%|HS|  |TAMS 0x0000000084800000, 0x0000000084700000| Complete 
|  72|0x0000000084800000, 0x0000000084900000, 0x0000000084900000|100%|HC|  |TAMS 0x0000000084900000, 0x0000000084800000| Complete 
|  73|0x0000000084900000, 0x0000000084a00000, 0x0000000084a00000|100%|HC|  |TAMS 0x0000000084a00000, 0x0000000084900000| Complete 
|  74|0x0000000084a00000, 0x0000000084b00000, 0x0000000084b00000|100%|HS|  |TAMS 0x0000000084b00000, 0x0000000084a00000| Complete 
|  75|0x0000000084b00000, 0x0000000084c00000, 0x0000000084c00000|100%|HS|  |TAMS 0x0000000084c00000, 0x0000000084b00000| Complete 
|  76|0x0000000084c00000, 0x0000000084d00000, 0x0000000084d00000|100%|HC|  |TAMS 0x0000000084d00000, 0x0000000084c00000| Complete 
|  77|0x0000000084d00000, 0x0000000084e00000, 0x0000000084e00000|100%|HC|  |TAMS 0x0000000084e00000, 0x0000000084d00000| Complete 
|  78|0x0000000084e00000, 0x0000000084f00000, 0x0000000084f00000|100%|HC|  |TAMS 0x0000000084f00000, 0x0000000084e00000| Complete 
|  79|0x0000000084f00000, 0x0000000085000000, 0x0000000085000000|100%| O|  |TAMS 0x0000000085000000, 0x0000000084f00000| Untracked 
|  80|0x0000000085000000, 0x0000000085100000, 0x0000000085100000|100%| O|  |TAMS 0x0000000085100000, 0x0000000085000000| Untracked 
|  81|0x0000000085100000, 0x0000000085200000, 0x0000000085200000|100%| O|  |TAMS 0x0000000085200000, 0x0000000085100000| Untracked 
|  82|0x0000000085200000, 0x0000000085300000, 0x0000000085300000|100%| O|  |TAMS 0x0000000085300000, 0x0000000085200000| Untracked 
|  83|0x0000000085300000, 0x0000000085400000, 0x0000000085400000|100%| O|  |TAMS 0x0000000085400000, 0x0000000085300000| Untracked 
|  84|0x0000000085400000, 0x0000000085500000, 0x0000000085500000|100%| O|  |TAMS 0x0000000085500000, 0x0000000085400000| Untracked 
|  85|0x0000000085500000, 0x0000000085600000, 0x0000000085600000|100%| O|  |TAMS 0x0000000085600000, 0x0000000085500000| Untracked 
|  86|0x0000000085600000, 0x0000000085700000, 0x0000000085700000|100%| O|  |TAMS 0x0000000085700000, 0x0000000085600000| Untracked 
|  87|0x0000000085700000, 0x0000000085800000, 0x0000000085800000|100%| O|  |TAMS 0x0000000085800000, 0x0000000085700000| Untracked 
|  88|0x0000000085800000, 0x0000000085900000, 0x0000000085900000|100%| O|  |TAMS 0x0000000085900000, 0x0000000085800000| Untracked 
|  89|0x0000000085900000, 0x0000000085a00000, 0x0000000085a00000|100%| O|  |TAMS 0x0000000085a00000, 0x0000000085900000| Untracked 
|  90|0x0000000085a00000, 0x0000000085b00000, 0x0000000085b00000|100%| O|  |TAMS 0x0000000085b00000, 0x0000000085a00000| Untracked 
|  91|0x0000000085b00000, 0x0000000085c00000, 0x0000000085c00000|100%| O|  |TAMS 0x0000000085c00000, 0x0000000085b00000| Untracked 
|  92|0x0000000085c00000, 0x0000000085d00000, 0x0000000085d00000|100%| O|  |TAMS 0x0000000085d00000, 0x0000000085c00000| Untracked 
|  93|0x0000000085d00000, 0x0000000085e00000, 0x0000000085e00000|100%| O|  |TAMS 0x0000000085e00000, 0x0000000085d00000| Untracked 
|  94|0x0000000085e00000, 0x0000000085f00000, 0x0000000085f00000|100%| O|  |TAMS 0x0000000085f00000, 0x0000000085e00000| Untracked 
|  95|0x0000000085f00000, 0x0000000086000000, 0x0000000086000000|100%| O|  |TAMS 0x0000000086000000, 0x0000000085f00000| Untracked 
|  96|0x0000000086000000, 0x0000000086100000, 0x0000000086100000|100%| O|  |TAMS 0x0000000086100000, 0x0000000086000000| Untracked 
|  97|0x0000000086100000, 0x0000000086200000, 0x0000000086200000|100%| O|  |TAMS 0x0000000086200000, 0x0000000086100000| Untracked 
|  98|0x0000000086200000, 0x0000000086300000, 0x0000000086300000|100%| O|  |TAMS 0x0000000086300000, 0x0000000086200000| Untracked 
|  99|0x0000000086300000, 0x0000000086400000, 0x0000000086400000|100%| O|  |TAMS 0x0000000086400000, 0x0000000086300000| Untracked 
| 100|0x0000000086400000, 0x0000000086500000, 0x0000000086500000|100%| O|  |TAMS 0x0000000086500000, 0x0000000086400000| Untracked 
| 101|0x0000000086500000, 0x0000000086600000, 0x0000000086600000|100%| O|  |TAMS 0x0000000086600000, 0x0000000086500000| Untracked 
| 102|0x0000000086600000, 0x0000000086700000, 0x0000000086700000|100%| O|  |TAMS 0x0000000086700000, 0x0000000086600000| Untracked 
| 103|0x0000000086700000, 0x0000000086800000, 0x0000000086800000|100%| O|  |TAMS 0x0000000086800000, 0x0000000086700000| Untracked 
| 104|0x0000000086800000, 0x0000000086900000, 0x0000000086900000|100%| O|  |TAMS 0x0000000086900000, 0x0000000086800000| Untracked 
| 105|0x0000000086900000, 0x0000000086a00000, 0x0000000086a00000|100%| O|  |TAMS 0x0000000086a00000, 0x0000000086900000| Untracked 
| 106|0x0000000086a00000, 0x0000000086b00000, 0x0000000086b00000|100%| O|  |TAMS 0x0000000086b00000, 0x0000000086a00000| Untracked 
| 107|0x0000000086b00000, 0x0000000086c00000, 0x0000000086c00000|100%| O|  |TAMS 0x0000000086c00000, 0x0000000086b00000| Untracked 
| 108|0x0000000086c00000, 0x0000000086d00000, 0x0000000086d00000|100%| O|  |TAMS 0x0000000086d00000, 0x0000000086c00000| Untracked 
| 109|0x0000000086d00000, 0x0000000086e00000, 0x0000000086e00000|100%| O|  |TAMS 0x0000000086e00000, 0x0000000086d00000| Untracked 
| 110|0x0000000086e00000, 0x0000000086f00000, 0x0000000086f00000|100%| O|  |TAMS 0x0000000086f00000, 0x0000000086e00000| Untracked 
| 111|0x0000000086f00000, 0x0000000087000000, 0x0000000087000000|100%| O|  |TAMS 0x0000000087000000, 0x0000000086f00000| Untracked 
| 112|0x0000000087000000, 0x0000000087100000, 0x0000000087100000|100%| O|  |TAMS 0x0000000087100000, 0x0000000087000000| Untracked 
| 113|0x0000000087100000, 0x0000000087200000, 0x0000000087200000|100%| O|  |TAMS 0x0000000087200000, 0x0000000087100000| Untracked 
| 114|0x0000000087200000, 0x0000000087300000, 0x0000000087300000|100%| O|  |TAMS 0x0000000087300000, 0x0000000087200000| Untracked 
| 115|0x0000000087300000, 0x0000000087400000, 0x0000000087400000|100%| O|  |TAMS 0x0000000087400000, 0x0000000087300000| Untracked 
| 116|0x0000000087400000, 0x0000000087500000, 0x0000000087500000|100%| O|  |TAMS 0x0000000087500000, 0x0000000087400000| Untracked 
| 117|0x0000000087500000, 0x0000000087600000, 0x0000000087600000|100%| O|  |TAMS 0x0000000087600000, 0x0000000087500000| Untracked 
| 118|0x0000000087600000, 0x0000000087700000, 0x0000000087700000|100%|HS|  |TAMS 0x0000000087700000, 0x0000000087600000| Complete 
| 119|0x0000000087700000, 0x0000000087800000, 0x0000000087800000|100%|HC|  |TAMS 0x0000000087800000, 0x0000000087700000| Complete 
| 120|0x0000000087800000, 0x0000000087900000, 0x0000000087900000|100%|HS|  |TAMS 0x0000000087900000, 0x0000000087800000| Complete 
| 121|0x0000000087900000, 0x0000000087a00000, 0x0000000087a00000|100%|HS|  |TAMS 0x0000000087a00000, 0x0000000087900000| Complete 
| 122|0x0000000087a00000, 0x0000000087b00000, 0x0000000087b00000|100%|HS|  |TAMS 0x0000000087b00000, 0x0000000087a00000| Complete 
| 123|0x0000000087b00000, 0x0000000087c00000, 0x0000000087c00000|100%|HC|  |TAMS 0x0000000087c00000, 0x0000000087b00000| Complete 
| 124|0x0000000087c00000, 0x0000000087d00000, 0x0000000087d00000|100%| O|  |TAMS 0x0000000087d00000, 0x0000000087c00000| Untracked 
| 125|0x0000000087d00000, 0x0000000087e00000, 0x0000000087e00000|100%| O|  |TAMS 0x0000000087e00000, 0x0000000087d00000| Untracked 
| 126|0x0000000087e00000, 0x0000000087f00000, 0x0000000087f00000|100%|HS|  |TAMS 0x0000000087f00000, 0x0000000087e00000| Complete 
| 127|0x0000000087f00000, 0x0000000088000000, 0x0000000088000000|100%|HC|  |TAMS 0x0000000088000000, 0x0000000087f00000| Complete 
| 128|0x0000000088000000, 0x0000000088100000, 0x0000000088100000|100%|HS|  |TAMS 0x0000000088100000, 0x0000000088000000| Complete 
| 129|0x0000000088100000, 0x0000000088200000, 0x0000000088200000|100%|HC|  |TAMS 0x0000000088200000, 0x0000000088100000| Complete 
| 130|0x0000000088200000, 0x0000000088300000, 0x0000000088300000|100%|HC|  |TAMS 0x0000000088300000, 0x0000000088200000| Complete 
| 131|0x0000000088300000, 0x0000000088400000, 0x0000000088400000|100%| O|  |TAMS 0x0000000088400000, 0x0000000088300000| Untracked 
| 132|0x0000000088400000, 0x0000000088500000, 0x0000000088500000|100%| O|  |TAMS 0x0000000088500000, 0x0000000088400000| Untracked 
| 133|0x0000000088500000, 0x0000000088600000, 0x0000000088600000|100%| O|  |TAMS 0x0000000088600000, 0x0000000088500000| Untracked 
| 134|0x0000000088600000, 0x0000000088700000, 0x0000000088700000|100%| O|  |TAMS 0x0000000088700000, 0x0000000088600000| Untracked 
| 135|0x0000000088700000, 0x0000000088800000, 0x0000000088800000|100%| O|  |TAMS 0x0000000088800000, 0x0000000088700000| Untracked 
| 136|0x0000000088800000, 0x0000000088900000, 0x0000000088900000|100%| O|  |TAMS 0x0000000088900000, 0x0000000088800000| Untracked 
| 137|0x0000000088900000, 0x0000000088a00000, 0x0000000088a00000|100%| O|  |TAMS 0x0000000088a00000, 0x0000000088900000| Untracked 
| 138|0x0000000088a00000, 0x0000000088b00000, 0x0000000088b00000|100%| O|  |TAMS 0x0000000088b00000, 0x0000000088a00000| Untracked 
| 139|0x0000000088b00000, 0x0000000088c00000, 0x0000000088c00000|100%| O|  |TAMS 0x0000000088c00000, 0x0000000088b00000| Untracked 
| 140|0x0000000088c00000, 0x0000000088d00000, 0x0000000088d00000|100%| O|  |TAMS 0x0000000088d00000, 0x0000000088c00000| Untracked 
| 141|0x0000000088d00000, 0x0000000088e00000, 0x0000000088e00000|100%| O|  |TAMS 0x0000000088e00000, 0x0000000088d00000| Untracked 
| 142|0x0000000088e00000, 0x0000000088f00000, 0x0000000088f00000|100%| O|  |TAMS 0x0000000088f00000, 0x0000000088e00000| Untracked 
| 143|0x0000000088f00000, 0x0000000089000000, 0x0000000089000000|100%| O|  |TAMS 0x0000000089000000, 0x0000000088f00000| Untracked 
| 144|0x0000000089000000, 0x0000000089100000, 0x0000000089100000|100%| O|  |TAMS 0x0000000089100000, 0x0000000089000000| Untracked 
| 145|0x0000000089100000, 0x0000000089200000, 0x0000000089200000|100%| O|  |TAMS 0x0000000089200000, 0x0000000089100000| Untracked 
| 146|0x0000000089200000, 0x0000000089300000, 0x0000000089300000|100%| O|  |TAMS 0x0000000089300000, 0x0000000089200000| Untracked 
| 147|0x0000000089300000, 0x0000000089400000, 0x0000000089400000|100%| O|  |TAMS 0x0000000089400000, 0x0000000089300000| Untracked 
| 148|0x0000000089400000, 0x0000000089500000, 0x0000000089500000|100%|HS|  |TAMS 0x0000000089500000, 0x0000000089400000| Complete 
| 149|0x0000000089500000, 0x0000000089600000, 0x0000000089600000|100%|HC|  |TAMS 0x0000000089600000, 0x0000000089500000| Complete 
| 150|0x0000000089600000, 0x0000000089700000, 0x0000000089700000|100%| O|  |TAMS 0x0000000089700000, 0x0000000089600000| Untracked 
| 151|0x0000000089700000, 0x0000000089800000, 0x0000000089800000|100%|HS|  |TAMS 0x0000000089800000, 0x0000000089700000| Complete 
| 152|0x0000000089800000, 0x0000000089900000, 0x0000000089900000|100%| O|  |TAMS 0x0000000089900000, 0x0000000089800000| Untracked 
| 153|0x0000000089900000, 0x0000000089a00000, 0x0000000089a00000|100%|HS|  |TAMS 0x0000000089a00000, 0x0000000089900000| Complete 
| 154|0x0000000089a00000, 0x0000000089b00000, 0x0000000089b00000|100%| O|  |TAMS 0x0000000089b00000, 0x0000000089a00000| Untracked 
| 155|0x0000000089b00000, 0x0000000089c00000, 0x0000000089c00000|100%| O|  |TAMS 0x0000000089c00000, 0x0000000089b00000| Untracked 
| 156|0x0000000089c00000, 0x0000000089d00000, 0x0000000089d00000|100%| O|  |TAMS 0x0000000089d00000, 0x0000000089c00000| Untracked 
| 157|0x0000000089d00000, 0x0000000089e00000, 0x0000000089e00000|100%|HS|  |TAMS 0x0000000089e00000, 0x0000000089d00000| Complete 
| 158|0x0000000089e00000, 0x0000000089f00000, 0x0000000089f00000|100%|HC|  |TAMS 0x0000000089f00000, 0x0000000089e00000| Complete 
| 159|0x0000000089f00000, 0x000000008a000000, 0x000000008a000000|100%| O|  |TAMS 0x000000008a000000, 0x0000000089f00000| Untracked 
| 160|0x000000008a000000, 0x000000008a100000, 0x000000008a100000|100%|HS|  |TAMS 0x000000008a000000, 0x000000008a000000| Complete 
| 161|0x000000008a100000, 0x000000008a200000, 0x000000008a200000|100%| O|  |TAMS 0x000000008a100000, 0x000000008a100000| Untracked 
| 162|0x000000008a200000, 0x000000008a300000, 0x000000008a300000|100%|HS|  |TAMS 0x000000008a300000, 0x000000008a200000| Complete 
| 163|0x000000008a300000, 0x000000008a400000, 0x000000008a400000|100%|HC|  |TAMS 0x000000008a400000, 0x000000008a300000| Complete 
| 164|0x000000008a400000, 0x000000008a500000, 0x000000008a500000|100%| O|  |TAMS 0x000000008a400000, 0x000000008a400000| Untracked 
| 165|0x000000008a500000, 0x000000008a600000, 0x000000008a600000|100%| O|  |TAMS 0x000000008a500000, 0x000000008a500000| Untracked 
| 166|0x000000008a600000, 0x000000008a700000, 0x000000008a700000|100%|HS|  |TAMS 0x000000008a600000, 0x000000008a600000| Complete 
| 167|0x000000008a700000, 0x000000008a700000, 0x000000008a800000|  0%| F|  |TAMS 0x000000008a700000, 0x000000008a700000| Untracked 
| 168|0x000000008a800000, 0x000000008a800000, 0x000000008a900000|  0%| F|  |TAMS 0x000000008a800000, 0x000000008a800000| Untracked 
| 169|0x000000008a900000, 0x000000008aa00000, 0x000000008aa00000|100%| O|  |TAMS 0x000000008a900000, 0x000000008a900000| Untracked 
| 170|0x000000008aa00000, 0x000000008ab00000, 0x000000008ab00000|100%|HS|  |TAMS 0x000000008ab00000, 0x000000008aa00000| Complete 
| 171|0x000000008ab00000, 0x000000008ac00000, 0x000000008ac00000|100%|HC|  |TAMS 0x000000008ac00000, 0x000000008ab00000| Complete 
| 172|0x000000008ac00000, 0x000000008ad00000, 0x000000008ad00000|100%|HC|  |TAMS 0x000000008ad00000, 0x000000008ac00000| Complete 
| 173|0x000000008ad00000, 0x000000008ae00000, 0x000000008ae00000|100%| O|  |TAMS 0x000000008ae00000, 0x000000008ad00000| Untracked 
| 174|0x000000008ae00000, 0x000000008af00000, 0x000000008af00000|100%| O|  |TAMS 0x000000008af00000, 0x000000008ae00000| Untracked 
| 175|0x000000008af00000, 0x000000008b000000, 0x000000008b000000|100%| O|  |TAMS 0x000000008b000000, 0x000000008af00000| Untracked 
| 176|0x000000008b000000, 0x000000008b100000, 0x000000008b100000|100%| O|  |TAMS 0x000000008b100000, 0x000000008b000000| Untracked 
| 177|0x000000008b100000, 0x000000008b200000, 0x000000008b200000|100%| O|  |TAMS 0x000000008b200000, 0x000000008b100000| Untracked 
| 178|0x000000008b200000, 0x000000008b300000, 0x000000008b300000|100%| O|  |TAMS 0x000000008b300000, 0x000000008b200000| Untracked 
| 179|0x000000008b300000, 0x000000008b400000, 0x000000008b400000|100%| O|  |TAMS 0x000000008b400000, 0x000000008b300000| Untracked 
| 180|0x000000008b400000, 0x000000008b500000, 0x000000008b500000|100%| O|  |TAMS 0x000000008b500000, 0x000000008b400000| Untracked 
| 181|0x000000008b500000, 0x000000008b600000, 0x000000008b600000|100%| O|  |TAMS 0x000000008b600000, 0x000000008b500000| Untracked 
| 182|0x000000008b600000, 0x000000008b700000, 0x000000008b700000|100%| O|  |TAMS 0x000000008b600000, 0x000000008b600000| Untracked 
| 183|0x000000008b700000, 0x000000008b800000, 0x000000008b800000|100%| O|  |TAMS 0x000000008b700000, 0x000000008b700000| Untracked 
| 184|0x000000008b800000, 0x000000008b900000, 0x000000008b900000|100%| O|  |TAMS 0x000000008b800000, 0x000000008b800000| Untracked 
| 185|0x000000008b900000, 0x000000008ba00000, 0x000000008ba00000|100%| O|  |TAMS 0x000000008b900000, 0x000000008b900000| Untracked 
| 186|0x000000008ba00000, 0x000000008ba28e00, 0x000000008bb00000| 15%| O|  |TAMS 0x000000008ba00000, 0x000000008ba00000| Untracked 
| 187|0x000000008bb00000, 0x000000008bb00000, 0x000000008bc00000|  0%| F|  |TAMS 0x000000008bb00000, 0x000000008bb00000| Untracked 
| 188|0x000000008bc00000, 0x000000008bc00000, 0x000000008bd00000|  0%| F|  |TAMS 0x000000008bc00000, 0x000000008bc00000| Untracked 
| 189|0x000000008bd00000, 0x000000008bd00000, 0x000000008be00000|  0%| F|  |TAMS 0x000000008bd00000, 0x000000008bd00000| Untracked 
| 190|0x000000008be00000, 0x000000008be00000, 0x000000008bf00000|  0%| F|  |TAMS 0x000000008be00000, 0x000000008be00000| Untracked 
| 191|0x000000008bf00000, 0x000000008bf00000, 0x000000008c000000|  0%| F|  |TAMS 0x000000008bf00000, 0x000000008bf00000| Untracked 
| 192|0x000000008c000000, 0x000000008c000000, 0x000000008c100000|  0%| F|  |TAMS 0x000000008c000000, 0x000000008c000000| Untracked 
| 193|0x000000008c100000, 0x000000008c100000, 0x000000008c200000|  0%| F|  |TAMS 0x000000008c100000, 0x000000008c100000| Untracked 
| 194|0x000000008c200000, 0x000000008c200000, 0x000000008c300000|  0%| F|  |TAMS 0x000000008c200000, 0x000000008c200000| Untracked 
| 195|0x000000008c300000, 0x000000008c300000, 0x000000008c400000|  0%| F|  |TAMS 0x000000008c300000, 0x000000008c300000| Untracked 
| 196|0x000000008c400000, 0x000000008c400000, 0x000000008c500000|  0%| F|  |TAMS 0x000000008c400000, 0x000000008c400000| Untracked 
| 197|0x000000008c500000, 0x000000008c500000, 0x000000008c600000|  0%| F|  |TAMS 0x000000008c500000, 0x000000008c500000| Untracked 
| 198|0x000000008c600000, 0x000000008c600000, 0x000000008c700000|  0%| F|  |TAMS 0x000000008c600000, 0x000000008c600000| Untracked 
| 199|0x000000008c700000, 0x000000008c700000, 0x000000008c800000|  0%| F|  |TAMS 0x000000008c700000, 0x000000008c700000| Untracked 
| 200|0x000000008c800000, 0x000000008c800000, 0x000000008c900000|  0%| F|  |TAMS 0x000000008c800000, 0x000000008c800000| Untracked 
| 201|0x000000008c900000, 0x000000008c900000, 0x000000008ca00000|  0%| F|  |TAMS 0x000000008c900000, 0x000000008c900000| Untracked 
| 202|0x000000008ca00000, 0x000000008ca00000, 0x000000008cb00000|  0%| F|  |TAMS 0x000000008ca00000, 0x000000008ca00000| Untracked 
| 203|0x000000008cb00000, 0x000000008cb00000, 0x000000008cc00000|  0%| F|  |TAMS 0x000000008cb00000, 0x000000008cb00000| Untracked 
| 204|0x000000008cc00000, 0x000000008cc00000, 0x000000008cd00000|  0%| F|  |TAMS 0x000000008cc00000, 0x000000008cc00000| Untracked 
| 205|0x000000008cd00000, 0x000000008cd00000, 0x000000008ce00000|  0%| F|  |TAMS 0x000000008cd00000, 0x000000008cd00000| Untracked 
| 206|0x000000008ce00000, 0x000000008ce00000, 0x000000008cf00000|  0%| F|  |TAMS 0x000000008ce00000, 0x000000008ce00000| Untracked 
| 207|0x000000008cf00000, 0x000000008cf00000, 0x000000008d000000|  0%| F|  |TAMS 0x000000008cf00000, 0x000000008cf00000| Untracked 
| 208|0x000000008d000000, 0x000000008d000000, 0x000000008d100000|  0%| F|  |TAMS 0x000000008d000000, 0x000000008d000000| Untracked 
| 209|0x000000008d100000, 0x000000008d100000, 0x000000008d200000|  0%| F|  |TAMS 0x000000008d100000, 0x000000008d100000| Untracked 
| 210|0x000000008d200000, 0x000000008d200000, 0x000000008d300000|  0%| F|  |TAMS 0x000000008d200000, 0x000000008d200000| Untracked 
| 211|0x000000008d300000, 0x000000008d300000, 0x000000008d400000|  0%| F|  |TAMS 0x000000008d300000, 0x000000008d300000| Untracked 
| 212|0x000000008d400000, 0x000000008d400000, 0x000000008d500000|  0%| F|  |TAMS 0x000000008d400000, 0x000000008d400000| Untracked 
| 213|0x000000008d500000, 0x000000008d500000, 0x000000008d600000|  0%| F|  |TAMS 0x000000008d500000, 0x000000008d500000| Untracked 
| 214|0x000000008d600000, 0x000000008d600000, 0x000000008d700000|  0%| F|  |TAMS 0x000000008d600000, 0x000000008d600000| Untracked 
| 215|0x000000008d700000, 0x000000008d700000, 0x000000008d800000|  0%| F|  |TAMS 0x000000008d700000, 0x000000008d700000| Untracked 
| 216|0x000000008d800000, 0x000000008d800000, 0x000000008d900000|  0%| F|  |TAMS 0x000000008d800000, 0x000000008d800000| Untracked 
| 217|0x000000008d900000, 0x000000008d900000, 0x000000008da00000|  0%| F|  |TAMS 0x000000008d900000, 0x000000008d900000| Untracked 
| 218|0x000000008da00000, 0x000000008da00000, 0x000000008db00000|  0%| F|  |TAMS 0x000000008da00000, 0x000000008da00000| Untracked 
| 219|0x000000008db00000, 0x000000008db00000, 0x000000008dc00000|  0%| F|  |TAMS 0x000000008db00000, 0x000000008db00000| Untracked 
| 220|0x000000008dc00000, 0x000000008dc00000, 0x000000008dd00000|  0%| F|  |TAMS 0x000000008dc00000, 0x000000008dc00000| Untracked 
| 221|0x000000008dd00000, 0x000000008dd00000, 0x000000008de00000|  0%| F|  |TAMS 0x000000008dd00000, 0x000000008dd00000| Untracked 
| 222|0x000000008de00000, 0x000000008de00000, 0x000000008df00000|  0%| F|  |TAMS 0x000000008de00000, 0x000000008de00000| Untracked 
| 223|0x000000008df00000, 0x000000008df00000, 0x000000008e000000|  0%| F|  |TAMS 0x000000008df00000, 0x000000008df00000| Untracked 
| 224|0x000000008e000000, 0x000000008e000000, 0x000000008e100000|  0%| F|  |TAMS 0x000000008e000000, 0x000000008e000000| Untracked 
| 225|0x000000008e100000, 0x000000008e100000, 0x000000008e200000|  0%| F|  |TAMS 0x000000008e100000, 0x000000008e100000| Untracked 
| 226|0x000000008e200000, 0x000000008e200000, 0x000000008e300000|  0%| F|  |TAMS 0x000000008e200000, 0x000000008e200000| Untracked 
| 227|0x000000008e300000, 0x000000008e300000, 0x000000008e400000|  0%| F|  |TAMS 0x000000008e300000, 0x000000008e300000| Untracked 
| 228|0x000000008e400000, 0x000000008e400000, 0x000000008e500000|  0%| F|  |TAMS 0x000000008e400000, 0x000000008e400000| Untracked 
| 229|0x000000008e500000, 0x000000008e500000, 0x000000008e600000|  0%| F|  |TAMS 0x000000008e500000, 0x000000008e500000| Untracked 
| 230|0x000000008e600000, 0x000000008e600000, 0x000000008e700000|  0%| F|  |TAMS 0x000000008e600000, 0x000000008e600000| Untracked 
| 231|0x000000008e700000, 0x000000008e700000, 0x000000008e800000|  0%| F|  |TAMS 0x000000008e700000, 0x000000008e700000| Untracked 
| 232|0x000000008e800000, 0x000000008e800000, 0x000000008e900000|  0%| F|  |TAMS 0x000000008e800000, 0x000000008e800000| Untracked 
| 233|0x000000008e900000, 0x000000008e900000, 0x000000008ea00000|  0%| F|  |TAMS 0x000000008e900000, 0x000000008e900000| Untracked 
| 234|0x000000008ea00000, 0x000000008ea00000, 0x000000008eb00000|  0%| F|  |TAMS 0x000000008ea00000, 0x000000008ea00000| Untracked 
| 235|0x000000008eb00000, 0x000000008eb00000, 0x000000008ec00000|  0%| F|  |TAMS 0x000000008eb00000, 0x000000008eb00000| Untracked 
| 236|0x000000008ec00000, 0x000000008ec00000, 0x000000008ed00000|  0%| F|  |TAMS 0x000000008ec00000, 0x000000008ec00000| Untracked 
| 237|0x000000008ed00000, 0x000000008ed00000, 0x000000008ee00000|  0%| F|  |TAMS 0x000000008ed00000, 0x000000008ed00000| Untracked 
| 238|0x000000008ee00000, 0x000000008ee00000, 0x000000008ef00000|  0%| F|  |TAMS 0x000000008ee00000, 0x000000008ee00000| Untracked 
| 239|0x000000008ef00000, 0x000000008ef00000, 0x000000008f000000|  0%| F|  |TAMS 0x000000008ef00000, 0x000000008ef00000| Untracked 
| 240|0x000000008f000000, 0x000000008f000000, 0x000000008f100000|  0%| F|  |TAMS 0x000000008f000000, 0x000000008f000000| Untracked 
| 241|0x000000008f100000, 0x000000008f100000, 0x000000008f200000|  0%| F|  |TAMS 0x000000008f100000, 0x000000008f100000| Untracked 
| 242|0x000000008f200000, 0x000000008f200000, 0x000000008f300000|  0%| F|  |TAMS 0x000000008f200000, 0x000000008f200000| Untracked 
| 243|0x000000008f300000, 0x000000008f300000, 0x000000008f400000|  0%| F|  |TAMS 0x000000008f300000, 0x000000008f300000| Untracked 
| 244|0x000000008f400000, 0x000000008f400000, 0x000000008f500000|  0%| F|  |TAMS 0x000000008f400000, 0x000000008f400000| Untracked 
| 245|0x000000008f500000, 0x000000008f500000, 0x000000008f600000|  0%| F|  |TAMS 0x000000008f500000, 0x000000008f500000| Untracked 
| 246|0x000000008f600000, 0x000000008f600000, 0x000000008f700000|  0%| F|  |TAMS 0x000000008f600000, 0x000000008f600000| Untracked 
| 247|0x000000008f700000, 0x000000008f700000, 0x000000008f800000|  0%| F|  |TAMS 0x000000008f700000, 0x000000008f700000| Untracked 
| 248|0x000000008f800000, 0x000000008f900000, 0x000000008f900000|100%| S|CS|TAMS 0x000000008f800000, 0x000000008f800000| Complete 
| 249|0x000000008f900000, 0x000000008f900000, 0x000000008fa00000|  0%| F|  |TAMS 0x000000008f900000, 0x000000008f900000| Untracked 
| 250|0x000000008fa00000, 0x000000008fa00000, 0x000000008fb00000|  0%| F|  |TAMS 0x000000008fa00000, 0x000000008fa00000| Untracked 
| 251|0x000000008fb00000, 0x000000008fb00000, 0x000000008fc00000|  0%| F|  |TAMS 0x000000008fb00000, 0x000000008fb00000| Untracked 
| 252|0x000000008fc00000, 0x000000008fd00000, 0x000000008fd00000|100%| S|CS|TAMS 0x000000008fc00000, 0x000000008fc00000| Complete 
| 253|0x000000008fd00000, 0x000000008fe00000, 0x000000008fe00000|100%| S|CS|TAMS 0x000000008fd00000, 0x000000008fd00000| Complete 
| 254|0x000000008fe00000, 0x000000008fe00000, 0x000000008ff00000|  0%| F|  |TAMS 0x000000008fe00000, 0x000000008fe00000| Untracked 
| 255|0x000000008ff00000, 0x000000008ff00000, 0x0000000090000000|  0%| F|  |TAMS 0x000000008ff00000, 0x000000008ff00000| Untracked 
| 256|0x0000000090000000, 0x0000000090000000, 0x0000000090100000|  0%| F|  |TAMS 0x0000000090000000, 0x0000000090000000| Untracked 
| 257|0x0000000090100000, 0x0000000090100000, 0x0000000090200000|  0%| F|  |TAMS 0x0000000090100000, 0x0000000090100000| Untracked 
| 258|0x0000000090200000, 0x0000000090230560, 0x0000000090300000| 18%| E|  |TAMS 0x0000000090200000, 0x0000000090200000| Complete 
| 259|0x0000000090300000, 0x0000000090400000, 0x0000000090400000|100%| E|CS|TAMS 0x0000000090300000, 0x0000000090300000| Complete 
| 260|0x0000000090400000, 0x0000000090500000, 0x0000000090500000|100%| E|CS|TAMS 0x0000000090400000, 0x0000000090400000| Complete 
| 261|0x0000000090500000, 0x0000000090600000, 0x0000000090600000|100%| E|CS|TAMS 0x0000000090500000, 0x0000000090500000| Complete 
| 262|0x0000000090600000, 0x0000000090700000, 0x0000000090700000|100%| E|CS|TAMS 0x0000000090600000, 0x0000000090600000| Complete 
| 263|0x0000000090700000, 0x0000000090800000, 0x0000000090800000|100%| E|CS|TAMS 0x0000000090700000, 0x0000000090700000| Complete 
| 264|0x0000000090800000, 0x0000000090900000, 0x0000000090900000|100%| E|CS|TAMS 0x0000000090800000, 0x0000000090800000| Complete 
| 265|0x0000000090900000, 0x0000000090a00000, 0x0000000090a00000|100%| E|CS|TAMS 0x0000000090900000, 0x0000000090900000| Complete 
| 266|0x0000000090a00000, 0x0000000090b00000, 0x0000000090b00000|100%| E|CS|TAMS 0x0000000090a00000, 0x0000000090a00000| Complete 
| 267|0x0000000090b00000, 0x0000000090c00000, 0x0000000090c00000|100%| E|CS|TAMS 0x0000000090b00000, 0x0000000090b00000| Complete 
| 268|0x0000000090c00000, 0x0000000090d00000, 0x0000000090d00000|100%| E|CS|TAMS 0x0000000090c00000, 0x0000000090c00000| Complete 
| 269|0x0000000090d00000, 0x0000000090e00000, 0x0000000090e00000|100%| E|CS|TAMS 0x0000000090d00000, 0x0000000090d00000| Complete 
| 270|0x0000000090e00000, 0x0000000090f00000, 0x0000000090f00000|100%| E|CS|TAMS 0x0000000090e00000, 0x0000000090e00000| Complete 
| 271|0x0000000090f00000, 0x0000000091000000, 0x0000000091000000|100%| E|CS|TAMS 0x0000000090f00000, 0x0000000090f00000| Complete 
| 272|0x0000000091000000, 0x0000000091100000, 0x0000000091100000|100%| E|CS|TAMS 0x0000000091000000, 0x0000000091000000| Complete 
| 273|0x0000000091100000, 0x0000000091200000, 0x0000000091200000|100%| E|CS|TAMS 0x0000000091100000, 0x0000000091100000| Complete 

Card table byte_map: [0x000001f350620000,0x000001f350a20000] _byte_map_base: 0x000001f350220000

Marking Bits (Prev, Next): (CMBitMap*) 0x000001f33d75b630, (CMBitMap*) 0x000001f33d75b5f8
 Prev Bits: [0x000001f352e20000, 0x000001f354e20000)
 Next Bits: [0x000001f350e20000, 0x000001f352e20000)

Polling page: 0x000001f33b6d0000

Metaspace:

Usage:
  Non-class:     94.68 MB capacity,    92.81 MB ( 98%) used,     1.55 MB (  2%) free+waste,   333.44 KB ( <1%) overhead. 
      Class:     14.85 MB capacity,    13.80 MB ( 93%) used,   925.36 KB (  6%) free+waste,   149.56 KB ( <1%) overhead. 
       Both:    109.53 MB capacity,   106.61 MB ( 97%) used,     2.45 MB (  2%) free+waste,   483.00 KB ( <1%) overhead. 

Virtual space:
  Non-class space:       96.00 MB reserved,      94.93 MB ( 99%) committed 
      Class space:        1.00 GB reserved,      14.95 MB (  1%) committed 
             Both:        1.09 GB reserved,     109.88 MB ( 10%) committed 

Chunk freelists:
   Non-Class:  60.00 KB
       Class:  0 bytes
        Both:  60.00 KB

MaxMetaspaceSize: 17179869184.00 GB
CompressedClassSpaceSize: 1.00 GB
Initial GC threshold: 20.80 MB
Current GC threshold: 178.96 MB
CDS: off

CodeHeap 'non-profiled nmethods': size=120064Kb used=8618Kb max_used=8618Kb free=111446Kb
 bounds [0x000001f348ce0000, 0x000001f349550000, 0x000001f350220000]
CodeHeap 'profiled nmethods': size=120000Kb used=30746Kb max_used=30746Kb free=89253Kb
 bounds [0x000001f3417b0000, 0x000001f3435c0000, 0x000001f348ce0000]
CodeHeap 'non-nmethods': size=5696Kb used=2446Kb max_used=2492Kb free=3249Kb
 bounds [0x000001f341220000, 0x000001f3414a0000, 0x000001f3417b0000]
 total_blobs=14992 nmethods=14026 adapters=878
 compilation: enabled
              stopped_count=0, restarted_count=0
 full_count=0

Compilation events (20 events):
Event: 27.646 Thread 0x000001f357bb1000 nmethod 14118 0x000001f3435a4e10 code [0x000001f3435a4fc0, 0x000001f3435a5118]
Event: 27.647 Thread 0x000001f357bb1000 14119       3       com.android.tools.r8.graph.f1$$Lambda$1287/0x0000000100ecb840::apply (8 bytes)
Event: 27.647 Thread 0x000001f357bb1000 nmethod 14119 0x000001f3435a5190 code [0x000001f3435a5340, 0x000001f3435a5538]
Event: 27.648 Thread 0x000001f357bb1000 14120       3       com.android.tools.r8.graph.W::hashCode (11 bytes)
Event: 27.648 Thread 0x000001f357bb1000 nmethod 14120 0x000001f3435a5610 code [0x000001f3435a57c0, 0x000001f3435a58d8]
Event: 27.649 Thread 0x000001f357bb1000 14121       3       com.android.tools.r8.graph.j1$k::w0 (2 bytes)
Event: 27.649 Thread 0x000001f357bb1000 nmethod 14121 0x000001f3435a5990 code [0x000001f3435a5b40, 0x000001f3435a5c38]
Event: 27.650 Thread 0x000001f357bb1000 14122       3       com.android.tools.r8.graph.C::isEmpty (14 bytes)
Event: 27.650 Thread 0x000001f357bb1000 nmethod 14122 0x000001f3435a5d10 code [0x000001f3435a5ec0, 0x000001f3435a6018]
Event: 27.650 Thread 0x000001f357bb1000 14124       2       com.android.tools.r8.code.I0::hashCode (21 bytes)
Event: 27.650 Thread 0x000001f357bb1000 nmethod 14124 0x000001f3435a6110 code [0x000001f3435a62c0, 0x000001f3435a6408]
Event: 27.650 Thread 0x000001f357bb1000 14125       2       com.android.tools.r8.graph.a1::J (2 bytes)
Event: 27.650 Thread 0x000001f357bb1000 nmethod 14125 0x000001f3435a6490 code [0x000001f3435a6640, 0x000001f3435a6738]
Event: 27.650 Thread 0x000001f357bb1000 14129       2       com.android.tools.r8.graph.a1$$Lambda$1283/0x0000000100eca840::apply (8 bytes)
Event: 27.651 Thread 0x000001f357bb1000 nmethod 14129 0x000001f3435a6810 code [0x000001f3435a69c0, 0x000001f3435a6af8]
Event: 27.651 Thread 0x000001f357bb1000 14126       2       com.android.tools.r8.graph.a1::n (6 bytes)
Event: 27.651 Thread 0x000001f357bb1000 nmethod 14126 0x000001f3435a6c10 code [0x000001f3435a6dc0, 0x000001f3435a6eb8]
Event: 27.651 Thread 0x000001f357bb1000 14127       2       com.android.tools.r8.graph.a1$$Lambda$1282/0x0000000100eca040::a (5 bytes)
Event: 27.651 Thread 0x000001f357bb1000 nmethod 14127 0x000001f3435a6f90 code [0x000001f3435a7180, 0x000001f3435a73a8]
Event: 27.651 Thread 0x000001f357bb1000 14128       2       com.android.tools.r8.graph.a1::a (27 bytes)

GC Heap History (20 events):
Event: 12.713 GC heap before
{Heap before GC invocations=17 (full 0):
 garbage-first heap   total 280576K, used 194626K [0x0000000080000000, 0x0000000100000000)
  region size 1024K, 107 young (109568K), 14 survivors (14336K)
 Metaspace       used 89628K, capacity 91971K, committed 92032K, reserved 1128448K
  class space    used 11659K, capacity 12471K, committed 12492K, reserved 1048576K
}
Event: 12.736 GC heap after
{Heap after GC invocations=18 (full 0):
 garbage-first heap   total 280576K, used 106367K [0x0000000080000000, 0x0000000100000000)
  region size 1024K, 7 young (7168K), 7 survivors (7168K)
 Metaspace       used 89628K, capacity 91971K, committed 92032K, reserved 1128448K
  class space    used 11659K, capacity 12471K, committed 12492K, reserved 1048576K
}
Event: 14.506 GC heap before
{Heap before GC invocations=18 (full 0):
 garbage-first heap   total 280576K, used 202623K [0x0000000080000000, 0x0000000100000000)
  region size 1024K, 102 young (104448K), 7 survivors (7168K)
 Metaspace       used 92374K, capacity 94823K, committed 94976K, reserved 1132544K
  class space    used 11902K, capacity 12815K, committed 12876K, reserved 1048576K
}
Event: 14.525 GC heap after
{Heap after GC invocations=19 (full 0):
 garbage-first heap   total 280576K, used 111876K [0x0000000080000000, 0x0000000100000000)
  region size 1024K, 13 young (13312K), 13 survivors (13312K)
 Metaspace       used 92374K, capacity 94823K, committed 94976K, reserved 1132544K
  class space    used 11902K, capacity 12815K, committed 12876K, reserved 1048576K
}
Event: 22.084 GC heap before
{Heap before GC invocations=19 (full 0):
 garbage-first heap   total 280576K, used 209156K [0x0000000080000000, 0x0000000100000000)
  region size 1024K, 109 young (111616K), 13 survivors (13312K)
 Metaspace       used 96680K, capacity 99477K, committed 99712K, reserved 1136640K
  class space    used 12431K, capacity 13439K, committed 13516K, reserved 1048576K
}
Event: 22.114 GC heap after
{Heap after GC invocations=20 (full 0):
 garbage-first heap   total 280576K, used 120312K [0x0000000080000000, 0x0000000100000000)
  region size 1024K, 14 young (14336K), 14 survivors (14336K)
 Metaspace       used 96680K, capacity 99477K, committed 99712K, reserved 1136640K
  class space    used 12431K, capacity 13439K, committed 13516K, reserved 1048576K
}
Event: 23.679 GC heap before
{Heap before GC invocations=20 (full 0):
 garbage-first heap   total 280576K, used 213496K [0x0000000080000000, 0x0000000100000000)
  region size 1024K, 106 young (108544K), 14 survivors (14336K)
 Metaspace       used 101164K, capacity 103975K, committed 104064K, reserved 1138688K
  class space    used 12959K, capacity 13971K, committed 14028K, reserved 1048576K
}
Event: 23.705 GC heap after
{Heap after GC invocations=21 (full 0):
 garbage-first heap   total 280576K, used 126549K [0x0000000080000000, 0x0000000100000000)
  region size 1024K, 6 young (6144K), 6 survivors (6144K)
 Metaspace       used 101164K, capacity 103975K, committed 104064K, reserved 1138688K
  class space    used 12959K, capacity 13971K, committed 14028K, reserved 1048576K
}
Event: 25.440 GC heap before
{Heap before GC invocations=21 (full 0):
 garbage-first heap   total 280576K, used 218709K [0x0000000080000000, 0x0000000100000000)
  region size 1024K, 92 young (94208K), 6 survivors (6144K)
 Metaspace       used 103413K, capacity 106208K, committed 106368K, reserved 1140736K
  class space    used 13206K, capacity 14216K, committed 14284K, reserved 1048576K
}
Event: 25.466 GC heap after
{Heap after GC invocations=22 (full 0):
 garbage-first heap   total 280576K, used 142336K [0x0000000080000000, 0x0000000100000000)
  region size 1024K, 13 young (13312K), 13 survivors (13312K)
 Metaspace       used 103413K, capacity 106208K, committed 106368K, reserved 1140736K
  class space    used 13206K, capacity 14216K, committed 14284K, reserved 1048576K
}
Event: 26.002 GC heap before
{Heap before GC invocations=23 (full 0):
 garbage-first heap   total 280576K, used 168960K [0x0000000080000000, 0x0000000100000000)
  region size 1024K, 36 young (36864K), 13 survivors (13312K)
 Metaspace       used 105768K, capacity 108613K, committed 108800K, reserved 1142784K
  class space    used 13527K, capacity 14549K, committed 14668K, reserved 1048576K
}
Event: 26.031 GC heap after
{Heap after GC invocations=24 (full 0):
 garbage-first heap   total 280576K, used 153129K [0x0000000080000000, 0x0000000100000000)
  region size 1024K, 5 young (5120K), 5 survivors (5120K)
 Metaspace       used 105768K, capacity 108613K, committed 108800K, reserved 1142784K
  class space    used 13527K, capacity 14549K, committed 14668K, reserved 1048576K
}
Event: 26.789 GC heap before
{Heap before GC invocations=25 (full 0):
 garbage-first heap   total 280576K, used 236073K [0x0000000080000000, 0x0000000100000000)
  region size 1024K, 59 young (60416K), 5 survivors (5120K)
 Metaspace       used 106636K, capacity 109507K, committed 109696K, reserved 1144832K
  class space    used 13655K, capacity 14677K, committed 14796K, reserved 1048576K
}
Event: 26.813 GC heap after
{Heap after GC invocations=26 (full 0):
 garbage-first heap   total 280576K, used 177152K [0x0000000080000000, 0x0000000100000000)
  region size 1024K, 8 young (8192K), 8 survivors (8192K)
 Metaspace       used 106636K, capacity 109507K, committed 109696K, reserved 1144832K
  class space    used 13655K, capacity 14677K, committed 14796K, reserved 1048576K
}
Event: 26.866 GC heap before
{Heap before GC invocations=26 (full 0):
 garbage-first heap   total 280576K, used 186368K [0x0000000080000000, 0x0000000100000000)
  region size 1024K, 18 young (18432K), 8 survivors (8192K)
 Metaspace       used 106651K, capacity 109507K, committed 109696K, reserved 1144832K
  class space    used 13655K, capacity 14677K, committed 14796K, reserved 1048576K
}
Event: 26.890 GC heap after
{Heap after GC invocations=27 (full 0):
 garbage-first heap   total 280576K, used 180606K [0x0000000080000000, 0x0000000100000000)
  region size 1024K, 3 young (3072K), 3 survivors (3072K)
 Metaspace       used 106651K, capacity 109507K, committed 109696K, reserved 1144832K
  class space    used 13655K, capacity 14677K, committed 14796K, reserved 1048576K
}
Event: 27.068 GC heap before
{Heap before GC invocations=27 (full 0):
 garbage-first heap   total 280576K, used 200062K [0x0000000080000000, 0x0000000100000000)
  region size 1024K, 22 young (22528K), 3 survivors (3072K)
 Metaspace       used 106684K, capacity 109577K, committed 109696K, reserved 1144832K
  class space    used 13656K, capacity 14679K, committed 14796K, reserved 1048576K
}
Event: 27.081 GC heap after
{Heap after GC invocations=28 (full 0):
 garbage-first heap   total 280576K, used 185045K [0x0000000080000000, 0x0000000100000000)
  region size 1024K, 3 young (3072K), 3 survivors (3072K)
 Metaspace       used 106684K, capacity 109577K, committed 109696K, reserved 1144832K
  class space    used 13656K, capacity 14679K, committed 14796K, reserved 1048576K
}
Event: 27.497 GC heap before
{Heap before GC invocations=29 (full 0):
 garbage-first heap   total 280576K, used 207573K [0x0000000080000000, 0x0000000100000000)
  region size 1024K, 23 young (23552K), 3 survivors (3072K)
 Metaspace       used 109029K, capacity 112018K, committed 112256K, reserved 1146880K
  class space    used 14133K, capacity 15208K, committed 15308K, reserved 1048576K
}
Event: 27.518 GC heap after
{Heap after GC invocations=30 (full 0):
 garbage-first heap   total 280576K, used 191651K [0x0000000080000000, 0x0000000100000000)
  region size 1024K, 3 young (3072K), 3 survivors (3072K)
 Metaspace       used 109029K, capacity 112018K, committed 112256K, reserved 1146880K
  class space    used 14133K, capacity 15208K, committed 15308K, reserved 1048576K
}

Deoptimization events (20 events):
Event: 27.401 Thread 0x000001f35b6fa800 Uncommon trap: trap_request=0xffffff4d fr.pc=0x000001f349341e58 relative=0x0000000000000498
Event: 27.401 Thread 0x000001f35b6fa800 Uncommon trap: reason=unstable_if action=reinterpret pc=0x000001f349341e58 method=java.io.ObjectOutputStream$BlockDataOutputStream.writeBytes(Ljava/lang/String;)V @ 22 c2
Event: 27.401 Thread 0x000001f35b6fa800 DEOPT PACKING pc=0x000001f349341e58 sp=0x0000006fc23fd280
Event: 27.402 Thread 0x000001f35b6fa800 DEOPT UNPACKING pc=0x000001f34126a1af sp=0x0000006fc23fd228 mode 2
Event: 27.418 Thread 0x000001f35b6fe800 Uncommon trap: trap_request=0xffffff4d fr.pc=0x000001f34950bd04 relative=0x0000000000000144
Event: 27.418 Thread 0x000001f35b6fe800 Uncommon trap: reason=unstable_if action=reinterpret pc=0x000001f34950bd04 method=com.android.tools.r8.internal.Iq.get(I)Ljava/lang/Object; @ 1 c2
Event: 27.418 Thread 0x000001f35b6fe800 DEOPT PACKING pc=0x000001f34950bd04 sp=0x0000006fc29fedf0
Event: 27.418 Thread 0x000001f35b6fe800 DEOPT UNPACKING pc=0x000001f34126a1af sp=0x0000006fc29fed88 mode 2
Event: 27.462 Thread 0x000001f35b6fa800 Uncommon trap: trap_request=0xffffff4d fr.pc=0x000001f3490502f8 relative=0x0000000000000958
Event: 27.462 Thread 0x000001f35b6fa800 Uncommon trap: reason=unstable_if action=reinterpret pc=0x000001f3490502f8 method=java.lang.StringCoding.decode(Ljava/nio/charset/Charset;[BII)Ljava/lang/StringCoding$Result; @ 19 c2
Event: 27.462 Thread 0x000001f35b6fa800 DEOPT PACKING pc=0x000001f3490502f8 sp=0x0000006fc23fdd60
Event: 27.462 Thread 0x000001f35b6fa800 DEOPT UNPACKING pc=0x000001f34126a1af sp=0x0000006fc23fdc70 mode 2
Event: 27.467 Thread 0x000001f35b6fa800 Uncommon trap: trap_request=0xffffff4d fr.pc=0x000001f3490519bc relative=0x000000000000073c
Event: 27.467 Thread 0x000001f35b6fa800 Uncommon trap: reason=unstable_if action=reinterpret pc=0x000001f3490519bc method=java.lang.StringCoding.decode(Ljava/nio/charset/Charset;[BII)Ljava/lang/StringCoding$Result; @ 19 c2
Event: 27.467 Thread 0x000001f35b6fa800 DEOPT PACKING pc=0x000001f3490519bc sp=0x0000006fc23fdcc0
Event: 27.467 Thread 0x000001f35b6fa800 DEOPT UNPACKING pc=0x000001f34126a1af sp=0x0000006fc23fdc68 mode 2
Event: 27.560 Thread 0x000001f35b6fe800 Uncommon trap: trap_request=0xffffff4d fr.pc=0x000001f349455f10 relative=0x0000000000000350
Event: 27.560 Thread 0x000001f35b6fe800 Uncommon trap: reason=unstable_if action=reinterpret pc=0x000001f349455f10 method=java.util.concurrent.ConcurrentLinkedQueue.offer(Ljava/lang/Object;)Z @ 42 c2
Event: 27.561 Thread 0x000001f35b6fe800 DEOPT PACKING pc=0x000001f349455f10 sp=0x0000006fc29fee80
Event: 27.561 Thread 0x000001f35b6fe800 DEOPT UNPACKING pc=0x000001f34126a1af sp=0x0000006fc29fee20 mode 2

Classes redefined (0 events):
No events

Internal exceptions (20 events):
Event: 23.152 Thread 0x000001f35b6f2000 Exception <a 'sun/nio/fs/WindowsException'{0x000000008e66e528}> (0x000000008e66e528) thrown at [./src/hotspot/share/prims/jni.cpp, line 615]
Event: 23.152 Thread 0x000001f35b6f2000 Exception <a 'sun/nio/fs/WindowsException'{0x000000008e66f3c0}> (0x000000008e66f3c0) thrown at [./src/hotspot/share/prims/jni.cpp, line 615]
Event: 23.171 Thread 0x000001f35b6f2000 Exception <a 'java/lang/NoSuchMethodError'{0x000000008e42bc38}: <clinit>> (0x000000008e42bc38) thrown at [./src/hotspot/share/prims/jni.cpp, line 1365]
Event: 23.175 Thread 0x000001f35b6f2000 Exception <a 'java/lang/NoSuchMethodError'{0x000000008e45f680}: <clinit>> (0x000000008e45f680) thrown at [./src/hotspot/share/prims/jni.cpp, line 1365]
Event: 23.178 Thread 0x000001f35b6f2000 Exception <a 'java/lang/NoSuchMethodError'{0x000000008e48dcb8}: <clinit>> (0x000000008e48dcb8) thrown at [./src/hotspot/share/prims/jni.cpp, line 1365]
Event: 23.179 Thread 0x000001f35b6f2000 Exception <a 'java/lang/NoSuchMethodError'{0x000000008e4a06a0}: <clinit>> (0x000000008e4a06a0) thrown at [./src/hotspot/share/prims/jni.cpp, line 1365]
Event: 23.936 Thread 0x000001f35b6f8000 Exception <a 'java/lang/NoSuchMethodError'{0x0000000090683178}: 'void java.lang.invoke.DirectMethodHandle$Holder.invokeStatic(java.lang.Object, long)'> (0x0000000090683178) thrown at [./src/hotspot/share/interpreter/linkResolver.cpp, line 773]
Event: 23.936 Thread 0x000001f35b6f8000 Exception <a 'java/lang/NoSuchMethodError'{0x0000000090688390}: 'java.lang.Object java.lang.invoke.DirectMethodHandle$Holder.invokeStatic(java.lang.Object, long)'> (0x0000000090688390) thrown at [./src/hotspot/share/interpreter/linkResolver.cpp, line 773]
Event: 23.939 Thread 0x000001f35b6f8000 Exception <a 'java/lang/NoSuchMethodError'{0x00000000906966f8}: 'java.lang.Object java.lang.invoke.DirectMethodHandle$Holder.invokeStaticInit(java.lang.Object, java.lang.Object, long, java.lang.Object)'> (0x00000000906966f8) thrown at [./src/hotspot/share/interpreter/linkResolver.cpp, line 773]
Event: 23.939 Thread 0x000001f35b6f8000 Exception <a 'java/lang/NoSuchMethodError'{0x000000009069c890}: 'java.lang.Object java.lang.invoke.DirectMethodHandle$Holder.invokeStatic(java.lang.Object, java.lang.Object, long)'> (0x000000009069c890) thrown at [./src/hotspot/share/interpreter/linkResolver.cpp, line 773]
Event: 23.940 Thread 0x000001f35b6f8000 Exception <a 'java/lang/NoSuchMethodError'{0x00000000906a2e08}: 'java.lang.Object java.lang.invoke.Invokers$Holder.linkToTargetMethod(java.lang.Object, long, java.lang.Object)'> (0x00000000906a2e08) thrown at [./src/hotspot/share/interpreter/linkResolver.cpp, line 773]
Event: 24.559 Thread 0x000001f35b6f5800 Exception <a 'java/lang/NoSuchMethodError'{0x000000008f957c58}: 'int java.lang.invoke.DirectMethodHandle$Holder.invokeSpecial(java.lang.Object, java.lang.Object, java.lang.Object, java.lang.Object, java.lang.Object)'> (0x000000008f957c58) thrown at [./src/hotspot/share/interpreter/linkResolver.cpp, line 773]
Event: 24.599 Thread 0x000001f35b6fa800 Exception <a 'sun/nio/fs/WindowsException'{0x000000008f8e9828}> (0x000000008f8e9828) thrown at [./src/hotspot/share/prims/jni.cpp, line 615]
Event: 25.643 Thread 0x000001f35b701000 Exception <a 'sun/nio/fs/WindowsException'{0x0000000090aad568}> (0x0000000090aad568) thrown at [./src/hotspot/share/prims/jni.cpp, line 615]
Event: 26.056 Thread 0x000001f35b701000 Exception <a 'java/lang/NoSuchMethodError'{0x0000000090f5d488}: 'java.lang.Object java.lang.invoke.DirectMethodHandle$Holder.invokeStaticInit(java.lang.Object, java.lang.Object, java.lang.Object, java.lang.Object, java.lang.Object, java.lang.Object, java.lang.Object, java.lang.Object, java.lang.Object, java.lang.Object, java.lang.Object, java.lang.Object, java.lang.Object, java.lang.Object, java.lang.Object, java.lang.Object, java.lang.Object, java.lang.Object, int, java.lang.Object, java.lang.Object)'> (0
Event: 26.546 Thread 0x000001f35b6fa800 Exception <a 'java/lang/NoSuchMethodError'{0x000000008e9916f0}: 'java.lang.Object java.lang.invoke.DirectMethodHandle$Holder.invokeVirtual(java.lang.Object, java.lang.Object, int)'> (0x000000008e9916f0) thrown at [./src/hotspot/share/interpreter/linkResolver.cpp, line 773]
Event: 27.275 Thread 0x000001f36118b000 Exception <a 'java/lang/IncompatibleClassChangeError'{0x0000000090849ba8}: Found class java.lang.Object, but interface was expected> (0x0000000090849ba8) thrown at [./src/hotspot/share/interpreter/linkResolver.cpp, line 839]
Event: 27.306 Thread 0x000001f35b6fd800 Exception <a 'java/lang/NoSuchMethodError'{0x00000000908de5f0}: 'java.lang.Object java.lang.invoke.DirectMethodHandle$Holder.newInvokeSpecial(java.lang.Object, int)'> (0x00000000908de5f0) thrown at [./src/hotspot/share/interpreter/linkResolver.cpp, line 773]
Event: 27.409 Thread 0x000001f35b6fe800 Exception <a 'java/lang/IncompatibleClassChangeError'{0x0000000090345c10}: Found class java.lang.Object, but interface was expected> (0x0000000090345c10) thrown at [./src/hotspot/share/interpreter/linkResolver.cpp, line 839]
Event: 27.409 Thread 0x000001f35b6fe800 Exception <a 'java/lang/IncompatibleClassChangeError'{0x0000000090377670}: Found class java.lang.Object, but interface was expected> (0x0000000090377670) thrown at [./src/hotspot/share/interpreter/linkResolver.cpp, line 839]

Events (20 events):
Event: 27.466 loading class com/android/tools/r8/internal/aH
Event: 27.466 loading class com/android/tools/r8/internal/aH done
Event: 27.466 loading class com/android/tools/r8/graph/W0
Event: 27.466 loading class com/android/tools/r8/graph/W0 done
Event: 27.467 loading class com/android/tools/r8/graph/N2
Event: 27.467 loading class com/android/tools/r8/graph/N2 done
Event: 27.467 loading class com/android/tools/r8/graph/N2
Event: 27.467 loading class com/android/tools/r8/graph/N2 done
Event: 27.467 loading class com/android/tools/r8/graph/N2
Event: 27.467 loading class com/android/tools/r8/graph/N2 done
Event: 27.467 loading class com/android/tools/r8/internal/YG
Event: 27.467 loading class com/android/tools/r8/internal/YG done
Event: 27.467 loading class com/android/tools/r8/internal/dH
Event: 27.467 loading class com/android/tools/r8/internal/dH done
Event: 27.469 loading class com/android/tools/r8/internal/Ej
Event: 27.469 loading class com/android/tools/r8/internal/Ej done
Event: 27.470 loading class com/android/tools/r8/internal/bB
Event: 27.470 loading class com/android/tools/r8/internal/bB done
Event: 27.495 Executing VM operation: G1CollectForAllocation
Event: 27.518 Executing VM operation: G1CollectForAllocation done


Dynamic libraries:
0x00007ff6aedc0000 - 0x00007ff6aedca000 	C:\Program Files\Android\Android Studio\jre\bin\java.exe
0x00007ffa1f3b0000 - 0x00007ffa1f5a6000 	C:\Windows\SYSTEM32\ntdll.dll
0x00007ffa1e010000 - 0x00007ffa1e0cd000 	C:\Windows\System32\KERNEL32.DLL
0x00007ffa1ced0000 - 0x00007ffa1d198000 	C:\Windows\System32\KERNELBASE.dll
0x00007ffa16fc0000 - 0x00007ffa17050000 	C:\Windows\SYSTEM32\apphelp.dll
0x00007ffa1caf0000 - 0x00007ffa1cbf0000 	C:\Windows\System32\ucrtbase.dll
0x00007ff9f4030000 - 0x00007ff9f4047000 	C:\Program Files\Android\Android Studio\jre\bin\VCRUNTIME140.dll
0x00007ff9eecc0000 - 0x00007ff9eecd9000 	C:\Program Files\Android\Android Studio\jre\bin\jli.dll
0x00007ffa1eaa0000 - 0x00007ffa1ec40000 	C:\Windows\System32\USER32.dll
0x00007ffa1ccc0000 - 0x00007ffa1cce2000 	C:\Windows\System32\win32u.dll
0x00007ff9ff6c0000 - 0x00007ff9ff95b000 	C:\Windows\WinSxS\amd64_microsoft.windows.common-controls_6595b64144ccf1df_6.0.19041.488_none_ca04af081b815d21\COMCTL32.dll
0x00007ffa1d4d0000 - 0x00007ffa1d4fa000 	C:\Windows\System32\GDI32.dll
0x00007ffa1e520000 - 0x00007ffa1e5be000 	C:\Windows\System32\msvcrt.dll
0x00007ffa1d300000 - 0x00007ffa1d409000 	C:\Windows\System32\gdi32full.dll
0x00007ffa1cbf0000 - 0x00007ffa1cc8d000 	C:\Windows\System32\msvcp_win.dll
0x00007ffa1e2c0000 - 0x00007ffa1e2f0000 	C:\Windows\System32\IMM32.DLL
0x00007ff9e0c20000 - 0x00007ff9e0cbd000 	C:\Program Files\Android\Android Studio\jre\bin\msvcp140.dll
0x00007ff9b8e20000 - 0x00007ff9b9905000 	C:\Program Files\Android\Android Studio\jre\bin\server\jvm.dll
0x00007ffa1e9f0000 - 0x00007ffa1ea9c000 	C:\Windows\System32\ADVAPI32.dll
0x00007ffa1f240000 - 0x00007ffa1f2db000 	C:\Windows\System32\sechost.dll
0x00007ffa1eca0000 - 0x00007ffa1edc4000 	C:\Windows\System32\RPCRT4.dll
0x00007ffa1d4c0000 - 0x00007ffa1d4c8000 	C:\Windows\System32\PSAPI.DLL
0x00007ffa137a0000 - 0x00007ffa137aa000 	C:\Windows\SYSTEM32\VERSION.dll
0x00007ffa09fe0000 - 0x00007ffa0a007000 	C:\Windows\SYSTEM32\WINMM.dll
0x00007ffa14480000 - 0x00007ffa14489000 	C:\Windows\SYSTEM32\WSOCK32.dll
0x00007ffa1e5c0000 - 0x00007ffa1e62b000 	C:\Windows\System32\WS2_32.dll
0x00007ffa1b420000 - 0x00007ffa1b432000 	C:\Windows\SYSTEM32\kernel.appcore.dll
0x00007ffa12980000 - 0x00007ffa12991000 	C:\Program Files\Android\Android Studio\jre\bin\verify.dll
0x00007ffa177a0000 - 0x00007ffa17984000 	C:\Windows\SYSTEM32\DBGHELP.DLL
0x00007ffa07c20000 - 0x00007ffa07c4c000 	C:\Windows\SYSTEM32\dbgcore.DLL
0x00007ffa1ce50000 - 0x00007ffa1cecf000 	C:\Windows\System32\bcryptPrimitives.dll
0x00007ffa07060000 - 0x00007ffa07089000 	C:\Program Files\Android\Android Studio\jre\bin\java.dll
0x00007ffa15370000 - 0x00007ffa1537b000 	C:\Program Files\Android\Android Studio\jre\bin\jimage.dll
0x00007ffa04a10000 - 0x00007ffa04a28000 	C:\Program Files\Android\Android Studio\jre\bin\zip.dll
0x00007ffa1d7e0000 - 0x00007ffa1df21000 	C:\Windows\System32\SHELL32.dll
0x00007ffa1ac20000 - 0x00007ffa1b3b5000 	C:\Windows\SYSTEM32\windows.storage.dll
0x00007ffa1e690000 - 0x00007ffa1e9e5000 	C:\Windows\System32\combase.dll
0x00007ffa1c4f0000 - 0x00007ffa1c51c000 	C:\Windows\SYSTEM32\Wldp.dll
0x00007ffa1d410000 - 0x00007ffa1d4be000 	C:\Windows\System32\SHCORE.dll
0x00007ffa1e260000 - 0x00007ffa1e2b5000 	C:\Windows\System32\shlwapi.dll
0x00007ffa1ca20000 - 0x00007ffa1ca46000 	C:\Windows\SYSTEM32\profapi.dll
0x00007ffa02c20000 - 0x00007ffa02c3a000 	C:\Program Files\Android\Android Studio\jre\bin\net.dll
0x00007ffa12e90000 - 0x00007ffa12f90000 	C:\Windows\SYSTEM32\WINHTTP.dll
0x00007ffa1c270000 - 0x00007ffa1c2da000 	C:\Windows\system32\mswsock.dll
0x00007ffa02c00000 - 0x00007ffa02c14000 	C:\Program Files\Android\Android Studio\jre\bin\nio.dll
0x00007ff9ef030000 - 0x00007ff9ef057000 	C:\Users\TECH TOOL\Downloads\gradle-7.5.1\native\e1d6ef7f7dcc3fd88c89a11ec53ec762bb8ba0a96d01ffa2cd45eb1d1d8dd5c5\windows-amd64\native-platform.dll
0x00007ff9daee0000 - 0x00007ff9db024000 	C:\Users\TECH TOOL\Downloads\gradle-7.5.1\native\5664cfc778a61ccfe75a443a1ab52a65af34e5dc3c78e0209fed803814484fcb\windows-amd64\native-platform-file-events.dll
0x00007ffa14260000 - 0x00007ffa1426a000 	C:\Program Files\Android\Android Studio\jre\bin\management.dll
0x00007ffa14240000 - 0x00007ffa1424d000 	C:\Program Files\Android\Android Studio\jre\bin\management_ext.dll
0x00007ffa1c440000 - 0x00007ffa1c458000 	C:\Windows\SYSTEM32\CRYPTSP.dll
0x00007ffa1bba0000 - 0x00007ffa1bbd4000 	C:\Windows\system32\rsaenh.dll
0x00007ffa1cc90000 - 0x00007ffa1ccb7000 	C:\Windows\System32\bcrypt.dll
0x00007ffa1c9e0000 - 0x00007ffa1ca0e000 	C:\Windows\SYSTEM32\USERENV.dll
0x00007ffa1c460000 - 0x00007ffa1c46c000 	C:\Windows\SYSTEM32\CRYPTBASE.dll
0x00007ffa1bf60000 - 0x00007ffa1bf9b000 	C:\Windows\SYSTEM32\IPHLPAPI.DLL
0x00007ffa1d630000 - 0x00007ffa1d638000 	C:\Windows\System32\NSI.dll
0x00007ffa13030000 - 0x00007ffa13047000 	C:\Windows\SYSTEM32\dhcpcsvc6.DLL
0x00007ffa13190000 - 0x00007ffa131ad000 	C:\Windows\SYSTEM32\dhcpcsvc.DLL
0x00007ffa1bfa0000 - 0x00007ffa1c06b000 	C:\Windows\SYSTEM32\DNSAPI.dll

dbghelp: loaded successfully - version: 4.0.5 - missing functions: none
symbol engine: initialized successfully - sym options: 0x614 - pdb path: .;C:\Program Files\Android\Android Studio\jre\bin;C:\Windows\SYSTEM32;C:\Windows\WinSxS\amd64_microsoft.windows.common-controls_6595b64144ccf1df_6.0.19041.488_none_ca04af081b815d21;C:\Program Files\Android\Android Studio\jre\bin\server;C:\Users\TECH TOOL\Downloads\gradle-7.5.1\native\e1d6ef7f7dcc3fd88c89a11ec53ec762bb8ba0a96d01ffa2cd45eb1d1d8dd5c5\windows-amd64;C:\Users\TECH TOOL\Downloads\gradle-7.5.1\native\5664cfc778a61ccfe75a443a1ab52a65af34e5dc3c78e0209fed803814484fcb\windows-amd64

VM Arguments:
jvm_args: --add-opens=java.base/java.util=ALL-UNNAMED --add-opens=java.base/java.lang=ALL-UNNAMED --add-opens=java.base/java.lang.invoke=ALL-UNNAMED --add-opens=java.base/java.util=ALL-UNNAMED --add-opens=java.prefs/java.util.prefs=ALL-UNNAMED --add-opens=java.prefs/java.util.prefs=ALL-UNNAMED --add-opens=java.base/java.nio.charset=ALL-UNNAMED --add-opens=java.base/java.net=ALL-UNNAMED --add-opens=java.base/java.util.concurrent.atomic=ALL-UNNAMED -Xmx2048m -Dfile.encoding=UTF-8 -Duser.country=US -Duser.language=en -Duser.variant 
java_command: org.gradle.launcher.daemon.bootstrap.GradleDaemon 7.3.3
java_class_path (initial): C:\Users\TECH TOOL\Downloads\gradle-7.5.1\wrapper\dists\gradle-7.3.3-bin\6a41zxkdtcxs8rphpq6y0069z\gradle-7.3.3\lib\gradle-launcher-7.3.3.jar
Launcher Type: SUN_STANDARD

[Global flags]
     intx CICompilerCount                          = 3                                         {product} {ergonomic}
     uint ConcGCThreads                            = 1                                         {product} {ergonomic}
     uint G1ConcRefinementThreads                  = 4                                         {product} {ergonomic}
   size_t G1HeapRegionSize                         = 1048576                                   {product} {ergonomic}
    uintx GCDrainStackTargetSize                   = 64                                        {product} {ergonomic}
   size_t InitialHeapSize                          = 199229440                                 {product} {ergonomic}
   size_t MarkStackSize                            = 4194304                                   {product} {ergonomic}
   size_t MaxHeapSize                              = 2147483648                                {product} {command line}
   size_t MaxNewSize                               = 1287651328                                {product} {ergonomic}
   size_t MinHeapDeltaBytes                        = 1048576                                   {product} {ergonomic}
    uintx NonNMethodCodeHeapSize                   = 5830732                                {pd product} {ergonomic}
    uintx NonProfiledCodeHeapSize                  = 122913754                              {pd product} {ergonomic}
    uintx ProfiledCodeHeapSize                     = 122913754                              {pd product} {ergonomic}
    uintx ReservedCodeCacheSize                    = 251658240                              {pd product} {ergonomic}
     bool SegmentedCodeCache                       = true                                      {product} {ergonomic}
     bool UseCompressedClassPointers               = true                                 {lp64_product} {ergonomic}
     bool UseCompressedOops                        = true                                 {lp64_product} {ergonomic}
     bool UseG1GC                                  = true                                      {product} {ergonomic}
     bool UseLargePagesIndividualAllocation        = false                                  {pd product} {ergonomic}

Logging:
Log output configuration:
 #0: stdout all=warning uptime,level,tags
 #1: stderr all=off uptime,level,tags

Environment Variables:
PATH=C:\Program Files\Common Files\Oracle\Java\javapath;C:\Windows\system32;C:\Windows;C:\Windows\System32\Wbem;C:\Windows\System32\WindowsPowerShell\v1.0\;C:\Windows\System32\OpenSSH\;C:\Program Files (x86)\Microsoft SQL Server\150\DTS\Binn\;C:\Program Files\Azure Data Studio\bin;C:\Program Files\Microsoft\Web Platform Installer\;C:\Program Files (x86)\Microsoft ASP.NET\ASP.NET Web Pages\v1.0\;C:\Program Files\Microsoft SQL Server\110\Tools\Binn\;C:\Program Files\dotnet\;C:\Program Files\Microsoft SQL Server\130\Tools\Binn\;C:\Program Files\Microsoft SQL Server\Client SDK\ODBC\170\Tools\Binn\;C:\Program Files (x86)\Microsoft SQL Server\110\DTS\Binn\;C:\Program Files (x86)\Microsoft SQL Server\120\DTS\Binn\;C:\Program Files (x86)\Microsoft SQL Server\130\DTS\Binn\;C:\Program Files (x86)\Microsoft SQL Server\140\DTS\Binn\;C:\Program Files (x86)\Microsoft SQL Server\160\DTS\Binn\;C:\Program Files\nodejs\;C:\xampp\php;C:\ProgramData\ComposerSetup\bin;C:\Program Files\Git\cmd;C:\Users\TECH TOOL\AppData\Local\Microsoft\WindowsApps;;C:\Users\TECH TOOL\AppData\Local\Programs\Microsoft VS Code\bin;C:\Program Files\Azure Data Studio\bin;C:\Users\TECH TOOL\.dotnet\tools;C:\Users\TECH TOOL\AppData\Roaming\npm;C:\Users\TECH TOOL\AppData\Roaming\Composer\vendor\bin
USERNAME=TECH TOOL
OS=Windows_NT
PROCESSOR_IDENTIFIER=Intel64 Family 6 Model 142 Stepping 12, GenuineIntel



---------------  S Y S T E M  ---------------

OS: Windows 10 , 64 bit Build 19041 (10.0.19041.546)
OS uptime: 21 days 13:10 hours

CPU:total 4 (initial active 4) (2 cores per cpu, 2 threads per core) family 6 model 142 stepping 12 microcode 0xc0, cmov, cx8, fxsr, mmx, sse, sse2, sse3, ssse3, sse4.1, sse4.2, popcnt, avx, avx2, aes, clmul, erms, 3dnowpref, lzcnt, ht, tsc, tscinvbit, bmi1, bmi2, adx, fma

Memory: 4k page, system-wide physical 12119M (844M free)
TotalPageFile size 27379M (AvailPageFile size 5M)
current process WorkingSet (physical memory assigned to process): 581M, peak: 604M
current process commit charge ("private bytes"): 614M, peak: 636M

vm_info: OpenJDK 64-Bit Server VM (11.0.12+7-b1504.28-7817840) for windows-amd64 JRE (11.0.12+7-b1504.28-7817840), built on Oct 13 2021 22:12:33 by "builder" with MS VC++ 14.0 (VS2015)

END.
