#
# There is insufficient memory for the Java Runtime Environment to continue.
# Native memory allocation (malloc) failed to allocate 32744 bytes for ChunkPool::allocate
# Possible reasons:
#   The system is out of physical RAM or swap space
#   The process is running with CompressedOops enabled, and the Java Heap may be blocking the growth of the native heap
# Possible solutions:
#   Reduce memory load on the system
#   Increase physical memory or swap space
#   Check if swap backing store is full
#   Decrease Java heap size (-Xmx/-Xms)
#   Decrease number of Java threads
#   Decrease Java thread stack sizes (-Xss)
#   Set larger code cache with -XX:ReservedCodeCacheSize=
#   JVM is running with Unscaled Compressed Oops mode in which the Java heap is
#     placed in the first 4GB address space. The Java Heap base address is the
#     maximum limit for the native heap growth. Please use -XX:HeapBaseMinAddress
#     to set the Java Heap base and to place the Java Heap above 4GB virtual address.
# This output file may be truncated or incomplete.
#
#  Out of Memory Error (./src/hotspot/share/memory/arena.cpp:81), pid=4016, tid=12372
#
# JRE version: OpenJDK Runtime Environment (11.0.12+7) (build 11.0.12+7-b1504.28-7817840)
# Java VM: OpenJDK 64-Bit Server VM (11.0.12+7-b1504.28-7817840, mixed mode, tiered, compressed oops, g1 gc, windows-amd64)
# No core dump will be written. Minidumps are not enabled by default on client versions of Windows
#

---------------  S U M M A R Y ------------

Command Line: --add-opens=java.base/java.util=ALL-UNNAMED --add-opens=java.base/java.lang=ALL-UNNAMED --add-opens=java.base/java.lang.invoke=ALL-UNNAMED --add-opens=java.base/java.util=ALL-UNNAMED --add-opens=java.prefs/java.util.prefs=ALL-UNNAMED --add-opens=java.prefs/java.util.prefs=ALL-UNNAMED --add-opens=java.base/java.nio.charset=ALL-UNNAMED --add-opens=java.base/java.net=ALL-UNNAMED --add-opens=java.base/java.util.concurrent.atomic=ALL-UNNAMED -Xmx2048m -Dfile.encoding=UTF-8 -Duser.country=US -Duser.language=en -Duser.variant org.gradle.launcher.daemon.bootstrap.GradleDaemon 7.3.3

Host: Intel(R) Core(TM) i3-10110U CPU @ 2.10GHz, 4 cores, 11G,  Windows 10 , 64 bit Build 19041 (10.0.19041.546)
Time: Wed Sep  7 11:56:14 2022 Sri Lanka Standard Time elapsed time: 54.598836 seconds (0d 0h 0m 54s)

---------------  T H R E A D  ---------------

Current thread (0x0000025a9d0bf800):  JavaThread "C1 CompilerThread0" daemon [_thread_in_native, id=12372, stack(0x000000786a400000,0x000000786a500000)]


Current CompileTask:
C1:  54598 20942       2       java.util.WeakHashMap$KeyIterator::next (8 bytes)

Stack: [0x000000786a400000,0x000000786a500000]
Native frames: (J=compiled Java code, j=interpreted, Vv=VM code, C=native code)
V  [jvm.dll+0x5fbcea]
V  [jvm.dll+0x731905]
V  [jvm.dll+0x732f1d]
V  [jvm.dll+0x7335d3]
V  [jvm.dll+0x247bf8]
V  [jvm.dll+0xc041b]
V  [jvm.dll+0xc06cc]
V  [jvm.dll+0x177fdc]
V  [jvm.dll+0x13fe60]
V  [jvm.dll+0x13fed7]
V  [jvm.dll+0x13fed7]
V  [jvm.dll+0x13ffdd]
V  [jvm.dll+0x1785bf]
V  [jvm.dll+0x13e423]
V  [jvm.dll+0x12822e]
V  [jvm.dll+0x1284da]
V  [jvm.dll+0x1286d3]
V  [jvm.dll+0x1279e7]
V  [jvm.dll+0x1295b7]
V  [jvm.dll+0x20e0d7]
V  [jvm.dll+0x20c901]
V  [jvm.dll+0x6f9b7f]
V  [jvm.dll+0x6f26a5]
V  [jvm.dll+0x5fabf6]
C  [ucrtbase.dll+0x214c2]
C  [KERNEL32.DLL+0x17034]
C  [ntdll.dll+0x4cec1]


---------------  P R O C E S S  ---------------

Threads class SMR info:
_java_thread_list=0x0000025aa5885be0, length=88, elements={
0x0000025a82c1c000, 0x0000025a9d051800, 0x0000025a9d052800, 0x0000025a9c84d800,
0x0000025a9d0ae800, 0x0000025a9d0af000, 0x0000025a9d0bb000, 0x0000025a9d0bf800,
0x0000025a9d0c1000, 0x0000025a9d222000, 0x0000025a9effd000, 0x0000025a9e8a1800,
0x0000025a9ec96000, 0x0000025a9eb11800, 0x0000025a9e25d800, 0x0000025a9f485800,
0x0000025a9f484000, 0x0000025a9f486800, 0x0000025a9f487000, 0x0000025a9f483000,
0x0000025a9f481800, 0x0000025a9f482800, 0x0000025a9fd35000, 0x0000025a9fd31800,
0x0000025a9fd30000, 0x0000025a9fd34000, 0x0000025aa29c4000, 0x0000025aa29b9800,
0x0000025aa29be000, 0x0000025aa29b8800, 0x0000025aa29bc800, 0x0000025aa29ba000,
0x0000025aa29bf000, 0x0000025aa29c0000, 0x0000025aa29bd800, 0x0000025aa29c0800,
0x0000025aa29bb000, 0x0000025aa29c1800, 0x0000025aa29bb800, 0x0000025aa29c2000,
0x0000025aa29c3000, 0x0000025aa29c6800, 0x0000025aa29c7000, 0x0000025a9fd35800,
0x0000025a9fd37800, 0x0000025a9fd38000, 0x0000025a9fd32800, 0x0000025a9fd39000,
0x0000025a9fd33800, 0x0000025a9fd3c800, 0x0000025a9fd3e800, 0x0000025a9fd3a000,
0x0000025a9fd3a800, 0x0000025a9fd3b800, 0x0000025a9fd3e000, 0x0000025a9f485000,
0x0000025a9f480800, 0x0000025aa57a2800, 0x0000025aa57a0800, 0x0000025aa57a1800,
0x0000025aa579d800, 0x0000025aa57a3000, 0x0000025aa579e000, 0x0000025aa57a4000,
0x0000025aa57a0000, 0x0000025aa579f000, 0x0000025aa3065000, 0x0000025aa3062000,
0x0000025aa3066000, 0x0000025aa3066800, 0x0000025aa3067800, 0x0000025aa3068800,
0x0000025aa3062800, 0x0000025aa3069000, 0x0000025aa3063800, 0x0000025aa306a000,
0x0000025aa3064000, 0x0000025aa306f000, 0x0000025aa306f800, 0x0000025aa306c800,
0x0000025aa3070800, 0x0000025aa306d000, 0x0000025aa306e000, 0x0000025aa306b000,
0x0000025aa306b800, 0x0000025aa853c000, 0x0000025aa853e800, 0x0000025aa853d000
}

Java Threads: ( => current thread )
  0x0000025a82c1c000 JavaThread "main" [_thread_blocked, id=15948, stack(0x0000007869700000,0x0000007869800000)]
  0x0000025a9d051800 JavaThread "Reference Handler" daemon [_thread_blocked, id=3976, stack(0x0000007869e00000,0x0000007869f00000)]
  0x0000025a9d052800 JavaThread "Finalizer" daemon [_thread_blocked, id=8588, stack(0x0000007869f00000,0x000000786a000000)]
  0x0000025a9c84d800 JavaThread "Signal Dispatcher" daemon [_thread_blocked, id=5428, stack(0x000000786a000000,0x000000786a100000)]
  0x0000025a9d0ae800 JavaThread "Attach Listener" daemon [_thread_blocked, id=14364, stack(0x000000786a100000,0x000000786a200000)]
  0x0000025a9d0af000 JavaThread "Service Thread" daemon [_thread_blocked, id=6008, stack(0x000000786a200000,0x000000786a300000)]
  0x0000025a9d0bb000 JavaThread "C2 CompilerThread0" daemon [_thread_in_native, id=12104, stack(0x000000786a300000,0x000000786a400000)]
=>0x0000025a9d0bf800 JavaThread "C1 CompilerThread0" daemon [_thread_in_native, id=12372, stack(0x000000786a400000,0x000000786a500000)]
  0x0000025a9d0c1000 JavaThread "Sweeper thread" daemon [_thread_blocked, id=11160, stack(0x000000786a500000,0x000000786a600000)]
  0x0000025a9d222000 JavaThread "Common-Cleaner" daemon [_thread_blocked, id=1392, stack(0x000000786a600000,0x000000786a700000)]
  0x0000025a9effd000 JavaThread "Daemon health stats" [_thread_blocked, id=16024, stack(0x000000786ac00000,0x000000786ad00000)]
  0x0000025a9e8a1800 JavaThread "Incoming local TCP Connector on port 49567" [_thread_in_native, id=15268, stack(0x000000786ad00000,0x000000786ae00000)]
  0x0000025a9ec96000 JavaThread "Daemon periodic checks" [_thread_blocked, id=18580, stack(0x000000786ae00000,0x000000786af00000)]
  0x0000025a9eb11800 JavaThread "Daemon" [_thread_blocked, id=19804, stack(0x000000786af00000,0x000000786b000000)]
  0x0000025a9e25d800 JavaThread "Daemon worker" [_thread_blocked, id=1140, stack(0x000000786b200000,0x000000786b300000)]
  0x0000025a9f485800 JavaThread "Cache worker for journal cache (C:\Users\TECH TOOL\Downloads\gradle-7.5.1\caches\journal-1)" [_thread_blocked, id=10324, stack(0x000000786b600000,0x000000786b700000)]
  0x0000025a9f484000 JavaThread "File lock request listener" [_thread_in_native, id=11824, stack(0x000000786b700000,0x000000786b800000)]
  0x0000025a9f486800 JavaThread "Cache worker for file hash cache (C:\Users\TECH TOOL\Downloads\gradle-7.5.1\caches\7.3.3\fileHashes)" [_thread_blocked, id=9420, stack(0x000000786b800000,0x000000786b900000)]
  0x0000025a9f487000 JavaThread "File watcher server" daemon [_thread_in_native, id=13536, stack(0x000000786ba00000,0x000000786bb00000)]
  0x0000025a9f483000 JavaThread "File watcher consumer" daemon [_thread_blocked, id=12752, stack(0x000000786bb00000,0x000000786bc00000)]
  0x0000025a9f481800 JavaThread "jar transforms" [_thread_blocked, id=13884, stack(0x000000786bc00000,0x000000786bd00000)]
  0x0000025a9f482800 JavaThread "jar transforms Thread 2" [_thread_blocked, id=10516, stack(0x000000786bd00000,0x000000786be00000)]
  0x0000025a9fd35000 JavaThread "jar transforms Thread 3" [_thread_blocked, id=19432, stack(0x000000786be00000,0x000000786bf00000)]
  0x0000025a9fd31800 JavaThread "jar transforms Thread 4" [_thread_blocked, id=10392, stack(0x000000786bf00000,0x000000786c000000)]
  0x0000025a9fd30000 JavaThread "Cache worker for execution history cache (C:\Users\TECH TOOL\Downloads\gradle-7.5.1\caches\7.3.3\executionHistory)" [_thread_blocked, id=2612, stack(0x000000786c300000,0x000000786c400000)]
  0x0000025a9fd34000 JavaThread "Cache worker for file content cache (C:\Users\TECH TOOL\Downloads\gradle-7.5.1\caches\7.3.3\fileContent)" [_thread_blocked, id=3636, stack(0x000000786c400000,0x000000786c500000)]
  0x0000025aa29c4000 JavaThread "Memory manager" [_thread_blocked, id=17656, stack(0x000000786ef00000,0x000000786f000000)]
  0x0000025aa29b9800 JavaThread "Handler for socket connection from /127.0.0.1:49567 to /127.0.0.1:49582" [_thread_in_native, id=8756, stack(0x000000786b100000,0x000000786b200000)]
  0x0000025aa29be000 JavaThread "Cancel handler" [_thread_blocked, id=20360, stack(0x000000786b300000,0x000000786b400000)]
  0x0000025aa29b8800 JavaThread "Asynchronous log dispatcher for DefaultDaemonConnection: socket connection from /127.0.0.1:49567 to /127.0.0.1:49582" [_thread_blocked, id=12844, stack(0x000000786b400000,0x000000786b500000)]
  0x0000025aa29bc800 JavaThread "Stdin handler" [_thread_blocked, id=14288, stack(0x000000786b500000,0x000000786b600000)]
  0x0000025aa29ba000 JavaThread "Daemon client event forwarder" [_thread_blocked, id=3068, stack(0x000000786b900000,0x000000786ba00000)]
  0x0000025aa29bf000 JavaThread "Cache worker for file hash cache (D:\Final Project HDSE\CyGo-App\.gradle\7.3.3\fileHashes)" [_thread_blocked, id=15636, stack(0x000000786c000000,0x000000786c100000)]
  0x0000025aa29c0000 JavaThread "Cache worker for checksums cache (D:\Final Project HDSE\CyGo-App\.gradle\7.3.3\checksums)" [_thread_blocked, id=19984, stack(0x000000786c200000,0x000000786c300000)]
  0x0000025aa29bd800 JavaThread "Cache worker for cache directory md-supplier (C:\Users\TECH TOOL\Downloads\gradle-7.5.1\caches\7.3.3\md-supplier)" [_thread_blocked, id=17772, stack(0x000000786c500000,0x000000786c600000)]
  0x0000025aa29c0800 JavaThread "Cache worker for cache directory md-rule (C:\Users\TECH TOOL\Downloads\gradle-7.5.1\caches\7.3.3\md-rule)" [_thread_blocked, id=16240, stack(0x000000786c600000,0x000000786c700000)]
  0x0000025aa29bb000 JavaThread "Cache worker for dependencies-accessors (D:\Final Project HDSE\CyGo-App\.gradle\7.3.3\dependencies-accessors)" [_thread_blocked, id=4500, stack(0x000000786c700000,0x000000786c800000)]
  0x0000025aa29c1800 JavaThread "Cache worker for Build Output Cleanup Cache (D:\Final Project HDSE\CyGo-App\.gradle\buildOutputCleanup)" [_thread_in_native, id=15324, stack(0x000000786c800000,0x000000786c900000)]
  0x0000025aa29bb800 JavaThread "Unconstrained build operations" [_thread_blocked, id=18880, stack(0x000000786c900000,0x000000786ca00000)]
  0x0000025aa29c2000 JavaThread "Unconstrained build operations Thread 2" [_thread_blocked, id=18132, stack(0x000000786ca00000,0x000000786cb00000)]
  0x0000025aa29c3000 JavaThread "Unconstrained build operations Thread 3" [_thread_blocked, id=8028, stack(0x000000786cb00000,0x000000786cc00000)]
  0x0000025aa29c6800 JavaThread "Unconstrained build operations Thread 4" [_thread_blocked, id=20460, stack(0x000000786cc00000,0x000000786cd00000)]
  0x0000025aa29c7000 JavaThread "Unconstrained build operations Thread 5" [_thread_blocked, id=18076, stack(0x000000786cd00000,0x000000786ce00000)]
  0x0000025a9fd35800 JavaThread "Unconstrained build operations Thread 6" [_thread_blocked, id=4252, stack(0x000000786ce00000,0x000000786cf00000)]
  0x0000025a9fd37800 JavaThread "Unconstrained build operations Thread 7" [_thread_blocked, id=13880, stack(0x000000786cf00000,0x000000786d000000)]
  0x0000025a9fd38000 JavaThread "Unconstrained build operations Thread 8" [_thread_blocked, id=19448, stack(0x000000786d000000,0x000000786d100000)]
  0x0000025a9fd32800 JavaThread "Unconstrained build operations Thread 9" [_thread_blocked, id=12068, stack(0x000000786d100000,0x000000786d200000)]
  0x0000025a9fd39000 JavaThread "Unconstrained build operations Thread 10" [_thread_blocked, id=12756, stack(0x000000786d200000,0x000000786d300000)]
  0x0000025a9fd33800 JavaThread "Unconstrained build operations Thread 11" [_thread_blocked, id=17700, stack(0x000000786d300000,0x000000786d400000)]
  0x0000025a9fd3c800 JavaThread "Unconstrained build operations Thread 12" [_thread_blocked, id=4948, stack(0x000000786d400000,0x000000786d500000)]
  0x0000025a9fd3e800 JavaThread "Unconstrained build operations Thread 13" [_thread_blocked, id=18248, stack(0x000000786d500000,0x000000786d600000)]
  0x0000025a9fd3a000 JavaThread "Unconstrained build operations Thread 14" [_thread_blocked, id=11388, stack(0x000000786d600000,0x000000786d700000)]
  0x0000025a9fd3a800 JavaThread "Unconstrained build operations Thread 15" [_thread_in_Java, id=3040, stack(0x000000786d700000,0x000000786d800000)]
  0x0000025a9fd3b800 JavaThread "Unconstrained build operations Thread 16" [_thread_blocked, id=18484, stack(0x000000786d800000,0x000000786d900000)]
  0x0000025a9fd3e000 JavaThread "Unconstrained build operations Thread 17" [_thread_blocked, id=11680, stack(0x000000786d900000,0x000000786da00000)]
  0x0000025a9f485000 JavaThread "Unconstrained build operations Thread 18" [_thread_blocked, id=16416, stack(0x000000786da00000,0x000000786db00000)]
  0x0000025a9f480800 JavaThread "Unconstrained build operations Thread 19" [_thread_blocked, id=19472, stack(0x000000786db00000,0x000000786dc00000)]
  0x0000025aa57a2800 JavaThread "Unconstrained build operations Thread 20" [_thread_blocked, id=15832, stack(0x000000786dc00000,0x000000786dd00000)]
  0x0000025aa57a0800 JavaThread "Unconstrained build operations Thread 21" [_thread_blocked, id=4236, stack(0x000000786dd00000,0x000000786de00000)]
  0x0000025aa57a1800 JavaThread "Unconstrained build operations Thread 22" [_thread_blocked, id=1748, stack(0x000000786de00000,0x000000786df00000)]
  0x0000025aa579d800 JavaThread "Unconstrained build operations Thread 23" [_thread_blocked, id=1808, stack(0x000000786df00000,0x000000786e000000)]
  0x0000025aa57a3000 JavaThread "Unconstrained build operations Thread 24" [_thread_blocked, id=20472, stack(0x000000786e000000,0x000000786e100000)]
  0x0000025aa579e000 JavaThread "Unconstrained build operations Thread 25" [_thread_blocked, id=18164, stack(0x000000786e100000,0x000000786e200000)]
  0x0000025aa57a4000 JavaThread "Unconstrained build operations Thread 26" [_thread_blocked, id=3520, stack(0x000000786e200000,0x000000786e300000)]
  0x0000025aa57a0000 JavaThread "Unconstrained build operations Thread 27" [_thread_blocked, id=4904, stack(0x000000786e300000,0x000000786e400000)]
  0x0000025aa579f000 JavaThread "Unconstrained build operations Thread 28" [_thread_blocked, id=2096, stack(0x000000786e400000,0x000000786e500000)]
  0x0000025aa3065000 JavaThread "Unconstrained build operations Thread 29" [_thread_blocked, id=16520, stack(0x000000786e500000,0x000000786e600000)]
  0x0000025aa3062000 JavaThread "Unconstrained build operations Thread 30" [_thread_in_native, id=19968, stack(0x000000786e600000,0x000000786e700000)]
  0x0000025aa3066000 JavaThread "Unconstrained build operations Thread 31" [_thread_blocked, id=16668, stack(0x000000786e700000,0x000000786e800000)]
  0x0000025aa3066800 JavaThread "Unconstrained build operations Thread 32" [_thread_blocked, id=18184, stack(0x000000786e800000,0x000000786e900000)]
  0x0000025aa3067800 JavaThread "Unconstrained build operations Thread 33" [_thread_blocked, id=7916, stack(0x000000786e900000,0x000000786ea00000)]
  0x0000025aa3068800 JavaThread "Unconstrained build operations Thread 34" [_thread_blocked, id=8488, stack(0x000000786ea00000,0x000000786eb00000)]
  0x0000025aa3062800 JavaThread "Unconstrained build operations Thread 35" [_thread_blocked, id=19296, stack(0x000000786eb00000,0x000000786ec00000)]
  0x0000025aa3069000 JavaThread "Unconstrained build operations Thread 36" [_thread_blocked, id=5852, stack(0x000000786ec00000,0x000000786ed00000)]
  0x0000025aa3063800 JavaThread "Unconstrained build operations Thread 37" [_thread_blocked, id=17852, stack(0x000000786ed00000,0x000000786ee00000)]
  0x0000025aa306a000 JavaThread "Unconstrained build operations Thread 38" [_thread_blocked, id=14768, stack(0x000000786ee00000,0x000000786ef00000)]
  0x0000025aa3064000 JavaThread "Unconstrained build operations Thread 39" [_thread_in_Java, id=16304, stack(0x000000786f000000,0x000000786f100000)]
  0x0000025aa306f000 JavaThread "Unconstrained build operations Thread 40" [_thread_blocked, id=9524, stack(0x000000786f100000,0x000000786f200000)]
  0x0000025aa306f800 JavaThread "build event listener" [_thread_blocked, id=7668, stack(0x000000786f200000,0x000000786f300000)]
  0x0000025aa306c800 JavaThread "Execution worker for ':'" [_thread_blocked, id=19504, stack(0x000000786f300000,0x000000786f400000)]
  0x0000025aa3070800 JavaThread "Execution worker for ':' Thread 2" [_thread_blocked, id=12336, stack(0x000000786f400000,0x000000786f500000)]
  0x0000025aa306d000 JavaThread "Execution worker for ':' Thread 3" [_thread_blocked, id=17780, stack(0x000000786f500000,0x000000786f600000)]
  0x0000025aa306e000 JavaThread "Cache worker for execution history cache (D:\Final Project HDSE\CyGo-App\.gradle\7.3.3\executionHistory)" [_thread_blocked, id=7532, stack(0x000000786f600000,0x000000786f700000)]
  0x0000025aa306b000 JavaThread "WorkerExecutor Queue" [_thread_blocked, id=13904, stack(0x000000786f700000,0x000000786f800000)]
  0x0000025aa306b800 JavaThread "WorkerExecutor Queue Thread 2" [_thread_blocked, id=11728, stack(0x000000786f800000,0x000000786f900000)]
  0x0000025aa853c000 JavaThread "WorkerExecutor Queue Thread 3" [_thread_blocked, id=12340, stack(0x000000786f900000,0x000000786fa00000)]
  0x0000025aa853e800 JavaThread "WorkerExecutor Queue Thread 4" [_thread_blocked, id=12108, stack(0x000000786fa00000,0x000000786fb00000)]
  0x0000025aa853d000 JavaThread "C2 CompilerThread1" daemon [_thread_in_native, id=2452, stack(0x000000786c100000,0x000000786c200000)]

Other Threads:
  0x0000025a9c847000 VMThread "VM Thread" [stack: 0x0000007869d00000,0x0000007869e00000] [id=15868]
  0x0000025a9d24f000 WatcherThread [stack: 0x000000786a700000,0x000000786a800000] [id=4472]
  0x0000025a82c37800 GCTaskThread "GC Thread#0" [stack: 0x0000007869800000,0x0000007869900000] [id=900]
  0x0000025a82c38800 GCTaskThread "GC Thread#1" [stack: 0x000000786a900000,0x000000786aa00000] [id=17996]
  0x0000025a82c3a800 GCTaskThread "GC Thread#2" [stack: 0x000000786aa00000,0x000000786ab00000] [id=4828]
  0x0000025a82c39000 GCTaskThread "GC Thread#3" [stack: 0x000000786ab00000,0x000000786ac00000] [id=3084]
  0x0000025a82c6d000 ConcurrentGCThread "G1 Main Marker" [stack: 0x0000007869900000,0x0000007869a00000] [id=16640]
  0x0000025a82c39800 ConcurrentGCThread "G1 Conc#0" [stack: 0x0000007869a00000,0x0000007869b00000] [id=3524]
  0x0000025a9c698800 ConcurrentGCThread "G1 Refine#0" [stack: 0x0000007869b00000,0x0000007869c00000] [id=7568]
  0x0000025a9c699000 ConcurrentGCThread "G1 Young RemSet Sampling" [stack: 0x0000007869c00000,0x0000007869d00000] [id=8616]

Threads with active compile tasks:
C2 CompilerThread0  54639 20478       4       com.android.tools.r8.internal.uJ::a (447 bytes)
C1 CompilerThread0  54639 20942       2       java.util.WeakHashMap$KeyIterator::next (8 bytes)
C2 CompilerThread1  54639 20596   !   4       java.io.BufferedReader::readLine (304 bytes)

VM state:not at safepoint (normal execution)

VM Mutex/Monitor currently owned by a thread: None

OutOfMemory and StackOverflow Exception counts:
OutOfMemoryError java_heap_errors=1
LinkageErrors=206

Heap address: 0x0000000080000000, size: 2048 MB, Compressed Oops mode: 32-bit
Narrow klass base: 0x0000000000000000, Narrow klass shift: 3
Compressed class space size: 1073741824 Address: 0x0000000100000000

Heap:
 garbage-first heap   total 336896K, used 236130K [0x0000000080000000, 0x0000000100000000)
  region size 1024K, 89 young (91136K), 5 survivors (5120K)
 Metaspace       used 132777K, capacity 136659K, committed 136952K, reserved 1167360K
  class space    used 16732K, capacity 18171K, committed 18252K, reserved 1048576K
Heap Regions: E=young(eden), S=young(survivor), O=old, HS=humongous(starts), HC=humongous(continues), CS=collection set, F=free, A=archive, TAMS=top-at-mark-start (previous, next)
|   0|0x0000000080000000, 0x0000000080100000, 0x0000000080100000|100%|HS|  |TAMS 0x0000000080100000, 0x0000000080000000| Complete 
|   1|0x0000000080100000, 0x0000000080200000, 0x0000000080200000|100%|HC|  |TAMS 0x0000000080200000, 0x0000000080100000| Complete 
|   2|0x0000000080200000, 0x0000000080300000, 0x0000000080300000|100%|HC|  |TAMS 0x0000000080300000, 0x0000000080200000| Complete 
|   3|0x0000000080300000, 0x0000000080400000, 0x0000000080400000|100%| O|  |TAMS 0x0000000080400000, 0x0000000080300000| Untracked 
|   4|0x0000000080400000, 0x0000000080500000, 0x0000000080500000|100%| O|  |TAMS 0x0000000080500000, 0x0000000080400000| Untracked 
|   5|0x0000000080500000, 0x0000000080600000, 0x0000000080600000|100%| O|  |TAMS 0x0000000080600000, 0x0000000080500000| Untracked 
|   6|0x0000000080600000, 0x0000000080700000, 0x0000000080700000|100%| O|  |TAMS 0x0000000080700000, 0x0000000080600000| Untracked 
|   7|0x0000000080700000, 0x0000000080800000, 0x0000000080800000|100%| O|  |TAMS 0x0000000080800000, 0x0000000080700000| Untracked 
|   8|0x0000000080800000, 0x0000000080900000, 0x0000000080900000|100%| O|  |TAMS 0x0000000080900000, 0x0000000080800000| Untracked 
|   9|0x0000000080900000, 0x0000000080a00000, 0x0000000080a00000|100%| O|  |TAMS 0x0000000080a00000, 0x0000000080900000| Untracked 
|  10|0x0000000080a00000, 0x0000000080b00000, 0x0000000080b00000|100%| O|  |TAMS 0x0000000080b00000, 0x0000000080a00000| Untracked 
|  11|0x0000000080b00000, 0x0000000080c00000, 0x0000000080c00000|100%| O|  |TAMS 0x0000000080c00000, 0x0000000080b00000| Untracked 
|  12|0x0000000080c00000, 0x0000000080d00000, 0x0000000080d00000|100%| O|  |TAMS 0x0000000080d00000, 0x0000000080c00000| Untracked 
|  13|0x0000000080d00000, 0x0000000080e00000, 0x0000000080e00000|100%| O|  |TAMS 0x0000000080e00000, 0x0000000080d00000| Untracked 
|  14|0x0000000080e00000, 0x0000000080f00000, 0x0000000080f00000|100%| O|  |TAMS 0x0000000080f00000, 0x0000000080e00000| Untracked 
|  15|0x0000000080f00000, 0x0000000081000000, 0x0000000081000000|100%| O|  |TAMS 0x0000000081000000, 0x0000000080f00000| Untracked 
|  16|0x0000000081000000, 0x0000000081100000, 0x0000000081100000|100%| O|  |TAMS 0x0000000081100000, 0x0000000081000000| Untracked 
|  17|0x0000000081100000, 0x0000000081200000, 0x0000000081200000|100%|HS|  |TAMS 0x0000000081200000, 0x0000000081100000| Complete 
|  18|0x0000000081200000, 0x0000000081300000, 0x0000000081300000|100%|HC|  |TAMS 0x0000000081300000, 0x0000000081200000| Complete 
|  19|0x0000000081300000, 0x0000000081400000, 0x0000000081400000|100%|HS|  |TAMS 0x0000000081400000, 0x0000000081300000| Complete 
|  20|0x0000000081400000, 0x0000000081500000, 0x0000000081500000|100%|HC|  |TAMS 0x0000000081500000, 0x0000000081400000| Complete 
|  21|0x0000000081500000, 0x0000000081600000, 0x0000000081600000|100%|HC|  |TAMS 0x0000000081600000, 0x0000000081500000| Complete 
|  22|0x0000000081600000, 0x0000000081700000, 0x0000000081700000|100%|HS|  |TAMS 0x0000000081700000, 0x0000000081600000| Complete 
|  23|0x0000000081700000, 0x0000000081800000, 0x0000000081800000|100%|HS|  |TAMS 0x0000000081800000, 0x0000000081700000| Complete 
|  24|0x0000000081800000, 0x0000000081900000, 0x0000000081900000|100%|HC|  |TAMS 0x0000000081900000, 0x0000000081800000| Complete 
|  25|0x0000000081900000, 0x0000000081a00000, 0x0000000081a00000|100%|HC|  |TAMS 0x0000000081a00000, 0x0000000081900000| Complete 
|  26|0x0000000081a00000, 0x0000000081b00000, 0x0000000081b00000|100%|HC|  |TAMS 0x0000000081b00000, 0x0000000081a00000| Complete 
|  27|0x0000000081b00000, 0x0000000081c00000, 0x0000000081c00000|100%| O|  |TAMS 0x0000000081c00000, 0x0000000081b00000| Untracked 
|  28|0x0000000081c00000, 0x0000000081d00000, 0x0000000081d00000|100%| O|  |TAMS 0x0000000081d00000, 0x0000000081c00000| Untracked 
|  29|0x0000000081d00000, 0x0000000081e00000, 0x0000000081e00000|100%|HS|  |TAMS 0x0000000081e00000, 0x0000000081d00000| Complete 
|  30|0x0000000081e00000, 0x0000000081f00000, 0x0000000081f00000|100%| O|  |TAMS 0x0000000081f00000, 0x0000000081e00000| Untracked 
|  31|0x0000000081f00000, 0x0000000082000000, 0x0000000082000000|100%| O|  |TAMS 0x0000000082000000, 0x0000000081f00000| Untracked 
|  32|0x0000000082000000, 0x0000000082100000, 0x0000000082100000|100%| O|  |TAMS 0x0000000082100000, 0x0000000082000000| Untracked 
|  33|0x0000000082100000, 0x0000000082200000, 0x0000000082200000|100%| O|  |TAMS 0x0000000082200000, 0x0000000082100000| Untracked 
|  34|0x0000000082200000, 0x0000000082300000, 0x0000000082300000|100%| O|  |TAMS 0x0000000082300000, 0x0000000082200000| Untracked 
|  35|0x0000000082300000, 0x0000000082400000, 0x0000000082400000|100%| O|  |TAMS 0x0000000082400000, 0x0000000082300000| Untracked 
|  36|0x0000000082400000, 0x0000000082500000, 0x0000000082500000|100%| O|  |TAMS 0x0000000082500000, 0x0000000082400000| Untracked 
|  37|0x0000000082500000, 0x0000000082600000, 0x0000000082600000|100%|HS|  |TAMS 0x0000000082600000, 0x0000000082500000| Complete 
|  38|0x0000000082600000, 0x0000000082700000, 0x0000000082700000|100%|HC|  |TAMS 0x0000000082700000, 0x0000000082600000| Complete 
|  39|0x0000000082700000, 0x0000000082800000, 0x0000000082800000|100%|HC|  |TAMS 0x0000000082800000, 0x0000000082700000| Complete 
|  40|0x0000000082800000, 0x0000000082900000, 0x0000000082900000|100%| O|  |TAMS 0x0000000082900000, 0x0000000082800000| Untracked 
|  41|0x0000000082900000, 0x0000000082a00000, 0x0000000082a00000|100%| O|  |TAMS 0x0000000082a00000, 0x0000000082900000| Untracked 
|  42|0x0000000082a00000, 0x0000000082b00000, 0x0000000082b00000|100%| O|  |TAMS 0x0000000082b00000, 0x0000000082a00000| Untracked 
|  43|0x0000000082b00000, 0x0000000082c00000, 0x0000000082c00000|100%| O|  |TAMS 0x0000000082c00000, 0x0000000082b00000| Untracked 
|  44|0x0000000082c00000, 0x0000000082d00000, 0x0000000082d00000|100%|HS|  |TAMS 0x0000000082d00000, 0x0000000082c00000| Complete 
|  45|0x0000000082d00000, 0x0000000082e00000, 0x0000000082e00000|100%|HC|  |TAMS 0x0000000082e00000, 0x0000000082d00000| Complete 
|  46|0x0000000082e00000, 0x0000000082f00000, 0x0000000082f00000|100%|HC|  |TAMS 0x0000000082f00000, 0x0000000082e00000| Complete 
|  47|0x0000000082f00000, 0x0000000083000000, 0x0000000083000000|100%|HC|  |TAMS 0x0000000083000000, 0x0000000082f00000| Complete 
|  48|0x0000000083000000, 0x0000000083100000, 0x0000000083100000|100%| O|  |TAMS 0x0000000083100000, 0x0000000083000000| Untracked 
|  49|0x0000000083100000, 0x0000000083200000, 0x0000000083200000|100%| O|  |TAMS 0x0000000083200000, 0x0000000083100000| Untracked 
|  50|0x0000000083200000, 0x0000000083300000, 0x0000000083300000|100%| O|  |TAMS 0x0000000083300000, 0x0000000083200000| Untracked 
|  51|0x0000000083300000, 0x0000000083400000, 0x0000000083400000|100%| O|  |TAMS 0x0000000083400000, 0x0000000083300000| Untracked 
|  52|0x0000000083400000, 0x0000000083500000, 0x0000000083500000|100%| O|  |TAMS 0x0000000083500000, 0x0000000083400000| Untracked 
|  53|0x0000000083500000, 0x0000000083600000, 0x0000000083600000|100%|HS|  |TAMS 0x0000000083600000, 0x0000000083500000| Complete 
|  54|0x0000000083600000, 0x0000000083700000, 0x0000000083700000|100%|HS|  |TAMS 0x0000000083700000, 0x0000000083600000| Complete 
|  55|0x0000000083700000, 0x0000000083800000, 0x0000000083800000|100%|HS|  |TAMS 0x0000000083800000, 0x0000000083700000| Complete 
|  56|0x0000000083800000, 0x0000000083900000, 0x0000000083900000|100%|HC|  |TAMS 0x0000000083900000, 0x0000000083800000| Complete 
|  57|0x0000000083900000, 0x0000000083a00000, 0x0000000083a00000|100%| O|  |TAMS 0x0000000083a00000, 0x0000000083900000| Untracked 
|  58|0x0000000083a00000, 0x0000000083b00000, 0x0000000083b00000|100%| O|  |TAMS 0x0000000083b00000, 0x0000000083a00000| Untracked 
|  59|0x0000000083b00000, 0x0000000083c00000, 0x0000000083c00000|100%| O|  |TAMS 0x0000000083c00000, 0x0000000083b00000| Untracked 
|  60|0x0000000083c00000, 0x0000000083d00000, 0x0000000083d00000|100%| O|  |TAMS 0x0000000083d00000, 0x0000000083c00000| Untracked 
|  61|0x0000000083d00000, 0x0000000083e00000, 0x0000000083e00000|100%| O|  |TAMS 0x0000000083e00000, 0x0000000083d00000| Untracked 
|  62|0x0000000083e00000, 0x0000000083f00000, 0x0000000083f00000|100%| O|  |TAMS 0x0000000083f00000, 0x0000000083e00000| Untracked 
|  63|0x0000000083f00000, 0x0000000084000000, 0x0000000084000000|100%| O|  |TAMS 0x0000000084000000, 0x0000000083f00000| Untracked 
|  64|0x0000000084000000, 0x0000000084100000, 0x0000000084100000|100%| O|  |TAMS 0x0000000084100000, 0x0000000084000000| Untracked 
|  65|0x0000000084100000, 0x0000000084200000, 0x0000000084200000|100%| O|  |TAMS 0x0000000084200000, 0x0000000084100000| Untracked 
|  66|0x0000000084200000, 0x0000000084300000, 0x0000000084300000|100%| O|  |TAMS 0x0000000084300000, 0x0000000084200000| Untracked 
|  67|0x0000000084300000, 0x0000000084400000, 0x0000000084400000|100%| O|  |TAMS 0x0000000084400000, 0x0000000084300000| Untracked 
|  68|0x0000000084400000, 0x0000000084500000, 0x0000000084500000|100%| O|  |TAMS 0x0000000084500000, 0x0000000084400000| Untracked 
|  69|0x0000000084500000, 0x0000000084600000, 0x0000000084600000|100%| O|  |TAMS 0x0000000084600000, 0x0000000084500000| Untracked 
|  70|0x0000000084600000, 0x0000000084700000, 0x0000000084700000|100%| O|  |TAMS 0x0000000084700000, 0x0000000084600000| Untracked 
|  71|0x0000000084700000, 0x0000000084800000, 0x0000000084800000|100%|HS|  |TAMS 0x0000000084800000, 0x0000000084700000| Complete 
|  72|0x0000000084800000, 0x0000000084900000, 0x0000000084900000|100%| O|  |TAMS 0x0000000084900000, 0x0000000084800000| Untracked 
|  73|0x0000000084900000, 0x0000000084a00000, 0x0000000084a00000|100%| O|  |TAMS 0x0000000084a00000, 0x0000000084900000| Untracked 
|  74|0x0000000084a00000, 0x0000000084b00000, 0x0000000084b00000|100%|HS|  |TAMS 0x0000000084b00000, 0x0000000084a00000| Complete 
|  75|0x0000000084b00000, 0x0000000084c00000, 0x0000000084c00000|100%|HC|  |TAMS 0x0000000084c00000, 0x0000000084b00000| Complete 
|  76|0x0000000084c00000, 0x0000000084d00000, 0x0000000084d00000|100%|HS|  |TAMS 0x0000000084d00000, 0x0000000084c00000| Complete 
|  77|0x0000000084d00000, 0x0000000084e00000, 0x0000000084e00000|100%|HC|  |TAMS 0x0000000084e00000, 0x0000000084d00000| Complete 
|  78|0x0000000084e00000, 0x0000000084f00000, 0x0000000084f00000|100%|HC|  |TAMS 0x0000000084f00000, 0x0000000084e00000| Complete 
|  79|0x0000000084f00000, 0x0000000085000000, 0x0000000085000000|100%|HS|  |TAMS 0x0000000085000000, 0x0000000084f00000| Complete 
|  80|0x0000000085000000, 0x0000000085100000, 0x0000000085100000|100%|HC|  |TAMS 0x0000000085100000, 0x0000000085000000| Complete 
|  81|0x0000000085100000, 0x0000000085200000, 0x0000000085200000|100%|HC|  |TAMS 0x0000000085200000, 0x0000000085100000| Complete 
|  82|0x0000000085200000, 0x0000000085300000, 0x0000000085300000|100%|HC|  |TAMS 0x0000000085300000, 0x0000000085200000| Complete 
|  83|0x0000000085300000, 0x0000000085400000, 0x0000000085400000|100%| O|  |TAMS 0x0000000085400000, 0x0000000085300000| Untracked 
|  84|0x0000000085400000, 0x0000000085500000, 0x0000000085500000|100%| O|  |TAMS 0x0000000085500000, 0x0000000085400000| Untracked 
|  85|0x0000000085500000, 0x0000000085600000, 0x0000000085600000|100%| O|  |TAMS 0x0000000085600000, 0x0000000085500000| Untracked 
|  86|0x0000000085600000, 0x0000000085700000, 0x0000000085700000|100%| O|  |TAMS 0x0000000085700000, 0x0000000085600000| Untracked 
|  87|0x0000000085700000, 0x0000000085800000, 0x0000000085800000|100%| O|  |TAMS 0x0000000085800000, 0x0000000085700000| Untracked 
|  88|0x0000000085800000, 0x0000000085900000, 0x0000000085900000|100%| O|  |TAMS 0x0000000085900000, 0x0000000085800000| Untracked 
|  89|0x0000000085900000, 0x0000000085a00000, 0x0000000085a00000|100%| O|  |TAMS 0x0000000085a00000, 0x0000000085900000| Untracked 
|  90|0x0000000085a00000, 0x0000000085b00000, 0x0000000085b00000|100%| O|  |TAMS 0x0000000085b00000, 0x0000000085a00000| Untracked 
|  91|0x0000000085b00000, 0x0000000085c00000, 0x0000000085c00000|100%| O|  |TAMS 0x0000000085c00000, 0x0000000085b00000| Untracked 
|  92|0x0000000085c00000, 0x0000000085d00000, 0x0000000085d00000|100%| O|  |TAMS 0x0000000085d00000, 0x0000000085c00000| Untracked 
|  93|0x0000000085d00000, 0x0000000085e00000, 0x0000000085e00000|100%| O|  |TAMS 0x0000000085e00000, 0x0000000085d00000| Untracked 
|  94|0x0000000085e00000, 0x0000000085f00000, 0x0000000085f00000|100%| O|  |TAMS 0x0000000085f00000, 0x0000000085e00000| Untracked 
|  95|0x0000000085f00000, 0x0000000086000000, 0x0000000086000000|100%| O|  |TAMS 0x0000000086000000, 0x0000000085f00000| Untracked 
|  96|0x0000000086000000, 0x0000000086100000, 0x0000000086100000|100%| O|  |TAMS 0x0000000086100000, 0x0000000086000000| Untracked 
|  97|0x0000000086100000, 0x0000000086200000, 0x0000000086200000|100%| O|  |TAMS 0x0000000086200000, 0x0000000086100000| Untracked 
|  98|0x0000000086200000, 0x0000000086300000, 0x0000000086300000|100%| O|  |TAMS 0x0000000086300000, 0x0000000086200000| Untracked 
|  99|0x0000000086300000, 0x0000000086400000, 0x0000000086400000|100%| O|  |TAMS 0x0000000086400000, 0x0000000086300000| Untracked 
| 100|0x0000000086400000, 0x0000000086500000, 0x0000000086500000|100%| O|  |TAMS 0x0000000086500000, 0x0000000086400000| Untracked 
| 101|0x0000000086500000, 0x0000000086600000, 0x0000000086600000|100%| O|  |TAMS 0x0000000086600000, 0x0000000086500000| Untracked 
| 102|0x0000000086600000, 0x0000000086700000, 0x0000000086700000|100%| O|  |TAMS 0x0000000086700000, 0x0000000086600000| Untracked 
| 103|0x0000000086700000, 0x0000000086800000, 0x0000000086800000|100%| O|  |TAMS 0x0000000086800000, 0x0000000086700000| Untracked 
| 104|0x0000000086800000, 0x0000000086900000, 0x0000000086900000|100%| O|  |TAMS 0x0000000086900000, 0x0000000086800000| Untracked 
| 105|0x0000000086900000, 0x0000000086a00000, 0x0000000086a00000|100%| O|  |TAMS 0x0000000086a00000, 0x0000000086900000| Untracked 
| 106|0x0000000086a00000, 0x0000000086b00000, 0x0000000086b00000|100%| O|  |TAMS 0x0000000086b00000, 0x0000000086a00000| Untracked 
| 107|0x0000000086b00000, 0x0000000086c00000, 0x0000000086c00000|100%| O|  |TAMS 0x0000000086c00000, 0x0000000086b00000| Untracked 
| 108|0x0000000086c00000, 0x0000000086d00000, 0x0000000086d00000|100%| O|  |TAMS 0x0000000086d00000, 0x0000000086c00000| Untracked 
| 109|0x0000000086d00000, 0x0000000086e00000, 0x0000000086e00000|100%| O|  |TAMS 0x0000000086e00000, 0x0000000086d00000| Untracked 
| 110|0x0000000086e00000, 0x0000000086f00000, 0x0000000086f00000|100%| O|  |TAMS 0x0000000086f00000, 0x0000000086e00000| Untracked 
| 111|0x0000000086f00000, 0x0000000087000000, 0x0000000087000000|100%| O|  |TAMS 0x0000000087000000, 0x0000000086f00000| Untracked 
| 112|0x0000000087000000, 0x0000000087100000, 0x0000000087100000|100%| O|  |TAMS 0x0000000087100000, 0x0000000087000000| Untracked 
| 113|0x0000000087100000, 0x0000000087200000, 0x0000000087200000|100%| O|  |TAMS 0x0000000087200000, 0x0000000087100000| Untracked 
| 114|0x0000000087200000, 0x0000000087300000, 0x0000000087300000|100%| O|  |TAMS 0x0000000087300000, 0x0000000087200000| Untracked 
| 115|0x0000000087300000, 0x0000000087400000, 0x0000000087400000|100%| O|  |TAMS 0x0000000087400000, 0x0000000087300000| Untracked 
| 116|0x0000000087400000, 0x0000000087500000, 0x0000000087500000|100%| O|  |TAMS 0x0000000087500000, 0x0000000087400000| Untracked 
| 117|0x0000000087500000, 0x0000000087600000, 0x0000000087600000|100%| O|  |TAMS 0x0000000087600000, 0x0000000087500000| Untracked 
| 118|0x0000000087600000, 0x0000000087700000, 0x0000000087700000|100%| O|  |TAMS 0x0000000087700000, 0x0000000087600000| Untracked 
| 119|0x0000000087700000, 0x0000000087800000, 0x0000000087800000|100%| O|  |TAMS 0x0000000087800000, 0x0000000087700000| Untracked 
| 120|0x0000000087800000, 0x0000000087900000, 0x0000000087900000|100%| O|  |TAMS 0x0000000087900000, 0x0000000087800000| Untracked 
| 121|0x0000000087900000, 0x0000000087a00000, 0x0000000087a00000|100%| O|  |TAMS 0x0000000087a00000, 0x0000000087900000| Untracked 
| 122|0x0000000087a00000, 0x0000000087b00000, 0x0000000087b00000|100%| O|  |TAMS 0x0000000087b00000, 0x0000000087a00000| Untracked 
| 123|0x0000000087b00000, 0x0000000087c00000, 0x0000000087c00000|100%| O|  |TAMS 0x0000000087c00000, 0x0000000087b00000| Untracked 
| 124|0x0000000087c00000, 0x0000000087d00000, 0x0000000087d00000|100%| O|  |TAMS 0x0000000087d00000, 0x0000000087c00000| Untracked 
| 125|0x0000000087d00000, 0x0000000087d00000, 0x0000000087e00000|  0%| F|  |TAMS 0x0000000087d00000, 0x0000000087d00000| Untracked 
| 126|0x0000000087e00000, 0x0000000087f00000, 0x0000000087f00000|100%| O|  |TAMS 0x0000000087f00000, 0x0000000087e00000| Untracked 
| 127|0x0000000087f00000, 0x0000000088000000, 0x0000000088000000|100%| O|  |TAMS 0x0000000088000000, 0x0000000087f00000| Untracked 
| 128|0x0000000088000000, 0x0000000088100000, 0x0000000088100000|100%| O|  |TAMS 0x0000000088100000, 0x0000000088000000| Untracked 
| 129|0x0000000088100000, 0x0000000088200000, 0x0000000088200000|100%| O|  |TAMS 0x0000000088200000, 0x0000000088100000| Untracked 
| 130|0x0000000088200000, 0x0000000088300000, 0x0000000088300000|100%| O|  |TAMS 0x0000000088300000, 0x0000000088200000| Untracked 
| 131|0x0000000088300000, 0x0000000088400000, 0x0000000088400000|100%| O|  |TAMS 0x0000000088373200, 0x0000000088300000| Untracked 
| 132|0x0000000088400000, 0x0000000088500000, 0x0000000088500000|100%| O|  |TAMS 0x0000000088400000, 0x0000000088400000| Untracked 
| 133|0x0000000088500000, 0x0000000088600000, 0x0000000088600000|100%| O|  |TAMS 0x0000000088600000, 0x0000000088500000| Untracked 
| 134|0x0000000088600000, 0x0000000088700000, 0x0000000088700000|100%| O|  |TAMS 0x0000000088600000, 0x0000000088600000| Untracked 
| 135|0x0000000088700000, 0x0000000088800000, 0x0000000088800000|100%| O|  |TAMS 0x0000000088700000, 0x0000000088700000| Untracked 
| 136|0x0000000088800000, 0x0000000088900000, 0x0000000088900000|100%| O|  |TAMS 0x0000000088800000, 0x0000000088800000| Untracked 
| 137|0x0000000088900000, 0x0000000088a00000, 0x0000000088a00000|100%| O|  |TAMS 0x0000000088900000, 0x0000000088900000| Untracked 
| 138|0x0000000088a00000, 0x0000000088b00000, 0x0000000088b00000|100%| O|  |TAMS 0x0000000088a00000, 0x0000000088a00000| Untracked 
| 139|0x0000000088b00000, 0x0000000088c00000, 0x0000000088c00000|100%| O|  |TAMS 0x0000000088b00000, 0x0000000088b00000| Untracked 
| 140|0x0000000088c00000, 0x0000000088d00000, 0x0000000088d00000|100%| O|  |TAMS 0x0000000088d00000, 0x0000000088c00000| Untracked 
| 141|0x0000000088d00000, 0x0000000088e00000, 0x0000000088e00000|100%| O|  |TAMS 0x0000000088d00000, 0x0000000088d00000| Untracked 
| 142|0x0000000088e00000, 0x0000000088f00000, 0x0000000088f00000|100%| O|  |TAMS 0x0000000088e00000, 0x0000000088e00000| Untracked 
| 143|0x0000000088f00000, 0x0000000089000000, 0x0000000089000000|100%| O|  |TAMS 0x0000000088f00000, 0x0000000088f00000| Untracked 
| 144|0x0000000089000000, 0x00000000890e0a00, 0x0000000089100000| 87%| O|  |TAMS 0x0000000089000000, 0x0000000089000000| Untracked 
| 145|0x0000000089100000, 0x0000000089100000, 0x0000000089200000|  0%| F|  |TAMS 0x0000000089100000, 0x0000000089100000| Untracked 
| 146|0x0000000089200000, 0x0000000089200000, 0x0000000089300000|  0%| F|  |TAMS 0x0000000089200000, 0x0000000089200000| Untracked 
| 147|0x0000000089300000, 0x0000000089300000, 0x0000000089400000|  0%| F|  |TAMS 0x0000000089300000, 0x0000000089300000| Untracked 
| 148|0x0000000089400000, 0x0000000089400000, 0x0000000089500000|  0%| F|  |TAMS 0x0000000089400000, 0x0000000089400000| Untracked 
| 149|0x0000000089500000, 0x0000000089500000, 0x0000000089600000|  0%| F|  |TAMS 0x0000000089500000, 0x0000000089500000| Untracked 
| 150|0x0000000089600000, 0x0000000089600000, 0x0000000089700000|  0%| F|  |TAMS 0x0000000089600000, 0x0000000089600000| Untracked 
| 151|0x0000000089700000, 0x0000000089700000, 0x0000000089800000|  0%| F|  |TAMS 0x0000000089700000, 0x0000000089700000| Untracked 
| 152|0x0000000089800000, 0x0000000089800000, 0x0000000089900000|  0%| F|  |TAMS 0x0000000089800000, 0x0000000089800000| Untracked 
| 153|0x0000000089900000, 0x0000000089900000, 0x0000000089a00000|  0%| F|  |TAMS 0x0000000089900000, 0x0000000089900000| Untracked 
| 154|0x0000000089a00000, 0x0000000089a00000, 0x0000000089b00000|  0%| F|  |TAMS 0x0000000089a00000, 0x0000000089a00000| Untracked 
| 155|0x0000000089b00000, 0x0000000089b00000, 0x0000000089c00000|  0%| F|  |TAMS 0x0000000089b00000, 0x0000000089b00000| Untracked 
| 156|0x0000000089c00000, 0x0000000089c00000, 0x0000000089d00000|  0%| F|  |TAMS 0x0000000089c00000, 0x0000000089c00000| Untracked 
| 157|0x0000000089d00000, 0x0000000089d00000, 0x0000000089e00000|  0%| F|  |TAMS 0x0000000089d00000, 0x0000000089d00000| Untracked 
| 158|0x0000000089e00000, 0x0000000089e00000, 0x0000000089f00000|  0%| F|  |TAMS 0x0000000089e00000, 0x0000000089e00000| Untracked 
| 159|0x0000000089f00000, 0x0000000089f00000, 0x000000008a000000|  0%| F|  |TAMS 0x0000000089f00000, 0x0000000089f00000| Untracked 
| 160|0x000000008a000000, 0x000000008a000000, 0x000000008a100000|  0%| F|  |TAMS 0x000000008a000000, 0x000000008a000000| Untracked 
| 161|0x000000008a100000, 0x000000008a100000, 0x000000008a200000|  0%| F|  |TAMS 0x000000008a100000, 0x000000008a100000| Untracked 
| 162|0x000000008a200000, 0x000000008a200000, 0x000000008a300000|  0%| F|  |TAMS 0x000000008a200000, 0x000000008a200000| Untracked 
| 163|0x000000008a300000, 0x000000008a300000, 0x000000008a400000|  0%| F|  |TAMS 0x000000008a300000, 0x000000008a300000| Untracked 
| 164|0x000000008a400000, 0x000000008a400000, 0x000000008a500000|  0%| F|  |TAMS 0x000000008a400000, 0x000000008a400000| Untracked 
| 165|0x000000008a500000, 0x000000008a500000, 0x000000008a600000|  0%| F|  |TAMS 0x000000008a500000, 0x000000008a500000| Untracked 
| 166|0x000000008a600000, 0x000000008a600000, 0x000000008a700000|  0%| F|  |TAMS 0x000000008a600000, 0x000000008a600000| Untracked 
| 167|0x000000008a700000, 0x000000008a700000, 0x000000008a800000|  0%| F|  |TAMS 0x000000008a700000, 0x000000008a700000| Untracked 
| 168|0x000000008a800000, 0x000000008a800000, 0x000000008a900000|  0%| F|  |TAMS 0x000000008a800000, 0x000000008a800000| Untracked 
| 169|0x000000008a900000, 0x000000008a900000, 0x000000008aa00000|  0%| F|  |TAMS 0x000000008a900000, 0x000000008a900000| Untracked 
| 170|0x000000008aa00000, 0x000000008aa00000, 0x000000008ab00000|  0%| F|  |TAMS 0x000000008aa00000, 0x000000008aa00000| Untracked 
| 171|0x000000008ab00000, 0x000000008ab00000, 0x000000008ac00000|  0%| F|  |TAMS 0x000000008ab00000, 0x000000008ab00000| Untracked 
| 172|0x000000008ac00000, 0x000000008ac00000, 0x000000008ad00000|  0%| F|  |TAMS 0x000000008ac00000, 0x000000008ac00000| Untracked 
| 173|0x000000008ad00000, 0x000000008ad00000, 0x000000008ae00000|  0%| F|  |TAMS 0x000000008ad00000, 0x000000008ad00000| Untracked 
| 174|0x000000008ae00000, 0x000000008ae00000, 0x000000008af00000|  0%| F|  |TAMS 0x000000008ae00000, 0x000000008ae00000| Untracked 
| 175|0x000000008af00000, 0x000000008af00000, 0x000000008b000000|  0%| F|  |TAMS 0x000000008af00000, 0x000000008af00000| Untracked 
| 176|0x000000008b000000, 0x000000008b000000, 0x000000008b100000|  0%| F|  |TAMS 0x000000008b000000, 0x000000008b000000| Untracked 
| 177|0x000000008b100000, 0x000000008b100000, 0x000000008b200000|  0%| F|  |TAMS 0x000000008b100000, 0x000000008b100000| Untracked 
| 178|0x000000008b200000, 0x000000008b200000, 0x000000008b300000|  0%| F|  |TAMS 0x000000008b200000, 0x000000008b200000| Untracked 
| 179|0x000000008b300000, 0x000000008b300000, 0x000000008b400000|  0%| F|  |TAMS 0x000000008b300000, 0x000000008b300000| Untracked 
| 180|0x000000008b400000, 0x000000008b400000, 0x000000008b500000|  0%| F|  |TAMS 0x000000008b400000, 0x000000008b400000| Untracked 
| 181|0x000000008b500000, 0x000000008b500000, 0x000000008b600000|  0%| F|  |TAMS 0x000000008b500000, 0x000000008b500000| Untracked 
| 182|0x000000008b600000, 0x000000008b600000, 0x000000008b700000|  0%| F|  |TAMS 0x000000008b600000, 0x000000008b600000| Untracked 
| 183|0x000000008b700000, 0x000000008b700000, 0x000000008b800000|  0%| F|  |TAMS 0x000000008b700000, 0x000000008b700000| Untracked 
| 184|0x000000008b800000, 0x000000008b800000, 0x000000008b900000|  0%| F|  |TAMS 0x000000008b800000, 0x000000008b800000| Untracked 
| 185|0x000000008b900000, 0x000000008b900000, 0x000000008ba00000|  0%| F|  |TAMS 0x000000008b900000, 0x000000008b900000| Untracked 
| 186|0x000000008ba00000, 0x000000008ba00000, 0x000000008bb00000|  0%| F|  |TAMS 0x000000008ba00000, 0x000000008ba00000| Untracked 
| 187|0x000000008bb00000, 0x000000008bb00000, 0x000000008bc00000|  0%| F|  |TAMS 0x000000008bb00000, 0x000000008bb00000| Untracked 
| 188|0x000000008bc00000, 0x000000008bc00000, 0x000000008bd00000|  0%| F|  |TAMS 0x000000008bc00000, 0x000000008bc00000| Untracked 
| 189|0x000000008bd00000, 0x000000008bd00000, 0x000000008be00000|  0%| F|  |TAMS 0x000000008bd00000, 0x000000008bd00000| Untracked 
| 190|0x000000008be00000, 0x000000008be00000, 0x000000008bf00000|  0%| F|  |TAMS 0x000000008be00000, 0x000000008be00000| Untracked 
| 191|0x000000008bf00000, 0x000000008bf00000, 0x000000008c000000|  0%| F|  |TAMS 0x000000008bf00000, 0x000000008bf00000| Untracked 
| 192|0x000000008c000000, 0x000000008c000000, 0x000000008c100000|  0%| F|  |TAMS 0x000000008c000000, 0x000000008c000000| Untracked 
| 193|0x000000008c100000, 0x000000008c100000, 0x000000008c200000|  0%| F|  |TAMS 0x000000008c100000, 0x000000008c100000| Untracked 
| 194|0x000000008c200000, 0x000000008c200000, 0x000000008c300000|  0%| F|  |TAMS 0x000000008c200000, 0x000000008c200000| Untracked 
| 195|0x000000008c300000, 0x000000008c300000, 0x000000008c400000|  0%| F|  |TAMS 0x000000008c300000, 0x000000008c300000| Untracked 
| 196|0x000000008c400000, 0x000000008c400000, 0x000000008c500000|  0%| F|  |TAMS 0x000000008c400000, 0x000000008c400000| Untracked 
| 197|0x000000008c500000, 0x000000008c500000, 0x000000008c600000|  0%| F|  |TAMS 0x000000008c500000, 0x000000008c500000| Untracked 
| 198|0x000000008c600000, 0x000000008c600000, 0x000000008c700000|  0%| F|  |TAMS 0x000000008c600000, 0x000000008c600000| Untracked 
| 199|0x000000008c700000, 0x000000008c700000, 0x000000008c800000|  0%| F|  |TAMS 0x000000008c700000, 0x000000008c700000| Untracked 
| 200|0x000000008c800000, 0x000000008c800000, 0x000000008c900000|  0%| F|  |TAMS 0x000000008c800000, 0x000000008c800000| Untracked 
| 201|0x000000008c900000, 0x000000008c900000, 0x000000008ca00000|  0%| F|  |TAMS 0x000000008c900000, 0x000000008c900000| Untracked 
| 202|0x000000008ca00000, 0x000000008ca00000, 0x000000008cb00000|  0%| F|  |TAMS 0x000000008ca00000, 0x000000008ca00000| Untracked 
| 203|0x000000008cb00000, 0x000000008cb00000, 0x000000008cc00000|  0%| F|  |TAMS 0x000000008cb00000, 0x000000008cb00000| Untracked 
| 204|0x000000008cc00000, 0x000000008cc00000, 0x000000008cd00000|  0%| F|  |TAMS 0x000000008cc00000, 0x000000008cc00000| Untracked 
| 205|0x000000008cd00000, 0x000000008cd00000, 0x000000008ce00000|  0%| F|  |TAMS 0x000000008cd00000, 0x000000008cd00000| Untracked 
| 206|0x000000008ce00000, 0x000000008ce00000, 0x000000008cf00000|  0%| F|  |TAMS 0x000000008ce00000, 0x000000008ce00000| Untracked 
| 207|0x000000008cf00000, 0x000000008cf00000, 0x000000008d000000|  0%| F|  |TAMS 0x000000008cf00000, 0x000000008cf00000| Untracked 
| 208|0x000000008d000000, 0x000000008d000000, 0x000000008d100000|  0%| F|  |TAMS 0x000000008d000000, 0x000000008d000000| Untracked 
| 209|0x000000008d100000, 0x000000008d100000, 0x000000008d200000|  0%| F|  |TAMS 0x000000008d100000, 0x000000008d100000| Untracked 
| 210|0x000000008d200000, 0x000000008d200000, 0x000000008d300000|  0%| F|  |TAMS 0x000000008d200000, 0x000000008d200000| Untracked 
| 211|0x000000008d300000, 0x000000008d300000, 0x000000008d400000|  0%| F|  |TAMS 0x000000008d300000, 0x000000008d300000| Untracked 
| 212|0x000000008d400000, 0x000000008d400000, 0x000000008d500000|  0%| F|  |TAMS 0x000000008d400000, 0x000000008d400000| Untracked 
| 213|0x000000008d500000, 0x000000008d500000, 0x000000008d600000|  0%| F|  |TAMS 0x000000008d500000, 0x000000008d500000| Untracked 
| 214|0x000000008d600000, 0x000000008d600000, 0x000000008d700000|  0%| F|  |TAMS 0x000000008d600000, 0x000000008d600000| Untracked 
| 215|0x000000008d700000, 0x000000008d700000, 0x000000008d800000|  0%| F|  |TAMS 0x000000008d700000, 0x000000008d700000| Untracked 
| 216|0x000000008d800000, 0x000000008d800000, 0x000000008d900000|  0%| F|  |TAMS 0x000000008d800000, 0x000000008d800000| Untracked 
| 217|0x000000008d900000, 0x000000008d900000, 0x000000008da00000|  0%| F|  |TAMS 0x000000008d900000, 0x000000008d900000| Untracked 
| 218|0x000000008da00000, 0x000000008da00000, 0x000000008db00000|  0%| F|  |TAMS 0x000000008da00000, 0x000000008da00000| Untracked 
| 219|0x000000008db00000, 0x000000008db00000, 0x000000008dc00000|  0%| F|  |TAMS 0x000000008db00000, 0x000000008db00000| Untracked 
| 220|0x000000008dc00000, 0x000000008dc00000, 0x000000008dd00000|  0%| F|  |TAMS 0x000000008dc00000, 0x000000008dc00000| Untracked 
| 221|0x000000008dd00000, 0x000000008dd00000, 0x000000008de00000|  0%| F|  |TAMS 0x000000008dd00000, 0x000000008dd00000| Untracked 
| 222|0x000000008de00000, 0x000000008de00000, 0x000000008df00000|  0%| F|  |TAMS 0x000000008de00000, 0x000000008de00000| Untracked 
| 223|0x000000008df00000, 0x000000008df00000, 0x000000008e000000|  0%| F|  |TAMS 0x000000008df00000, 0x000000008df00000| Untracked 
| 224|0x000000008e000000, 0x000000008e000000, 0x000000008e100000|  0%| F|  |TAMS 0x000000008e000000, 0x000000008e000000| Untracked 
| 225|0x000000008e100000, 0x000000008e100000, 0x000000008e200000|  0%| F|  |TAMS 0x000000008e100000, 0x000000008e100000| Untracked 
| 226|0x000000008e200000, 0x000000008e200000, 0x000000008e300000|  0%| F|  |TAMS 0x000000008e200000, 0x000000008e200000| Untracked 
| 227|0x000000008e300000, 0x000000008e300000, 0x000000008e400000|  0%| F|  |TAMS 0x000000008e300000, 0x000000008e300000| Untracked 
| 228|0x000000008e400000, 0x000000008e400000, 0x000000008e500000|  0%| F|  |TAMS 0x000000008e400000, 0x000000008e400000| Untracked 
| 229|0x000000008e500000, 0x000000008e500000, 0x000000008e600000|  0%| F|  |TAMS 0x000000008e500000, 0x000000008e500000| Untracked 
| 230|0x000000008e600000, 0x000000008e600000, 0x000000008e700000|  0%| F|  |TAMS 0x000000008e600000, 0x000000008e600000| Untracked 
| 231|0x000000008e700000, 0x000000008e700000, 0x000000008e800000|  0%| F|  |TAMS 0x000000008e700000, 0x000000008e700000| Untracked 
| 232|0x000000008e800000, 0x000000008e8b8020, 0x000000008e900000| 71%| S|CS|TAMS 0x000000008e800000, 0x000000008e800000| Complete 
| 233|0x000000008e900000, 0x000000008ea00000, 0x000000008ea00000|100%| S|CS|TAMS 0x000000008e900000, 0x000000008e900000| Complete 
| 234|0x000000008ea00000, 0x000000008eb00000, 0x000000008eb00000|100%| S|CS|TAMS 0x000000008ea00000, 0x000000008ea00000| Complete 
| 235|0x000000008eb00000, 0x000000008ec00000, 0x000000008ec00000|100%| S|CS|TAMS 0x000000008eb00000, 0x000000008eb00000| Complete 
| 236|0x000000008ec00000, 0x000000008ed00000, 0x000000008ed00000|100%| S|CS|TAMS 0x000000008ec00000, 0x000000008ec00000| Complete 
| 237|0x000000008ed00000, 0x000000008ed00000, 0x000000008ee00000|  0%| F|  |TAMS 0x000000008ed00000, 0x000000008ed00000| Untracked 
| 238|0x000000008ee00000, 0x000000008ee00000, 0x000000008ef00000|  0%| F|  |TAMS 0x000000008ee00000, 0x000000008ee00000| Untracked 
| 239|0x000000008ef00000, 0x000000008ef00000, 0x000000008f000000|  0%| F|  |TAMS 0x000000008ef00000, 0x000000008ef00000| Untracked 
| 240|0x000000008f000000, 0x000000008f000000, 0x000000008f100000|  0%| F|  |TAMS 0x000000008f000000, 0x000000008f000000| Untracked 
| 241|0x000000008f100000, 0x000000008f100000, 0x000000008f200000|  0%| F|  |TAMS 0x000000008f100000, 0x000000008f100000| Untracked 
| 242|0x000000008f200000, 0x000000008f200000, 0x000000008f300000|  0%| F|  |TAMS 0x000000008f200000, 0x000000008f200000| Untracked 
| 243|0x000000008f300000, 0x000000008f300000, 0x000000008f400000|  0%| F|  |TAMS 0x000000008f300000, 0x000000008f300000| Untracked 
| 244|0x000000008f400000, 0x000000008f479f60, 0x000000008f500000| 47%| E|  |TAMS 0x000000008f400000, 0x000000008f400000| Complete 
| 245|0x000000008f500000, 0x000000008f600000, 0x000000008f600000|100%| E|  |TAMS 0x000000008f500000, 0x000000008f500000| Complete 
| 246|0x000000008f600000, 0x000000008f700000, 0x000000008f700000|100%| E|CS|TAMS 0x000000008f600000, 0x000000008f600000| Complete 
| 247|0x000000008f700000, 0x000000008f800000, 0x000000008f800000|100%| E|CS|TAMS 0x000000008f700000, 0x000000008f700000| Complete 
| 248|0x000000008f800000, 0x000000008f900000, 0x000000008f900000|100%| E|CS|TAMS 0x000000008f800000, 0x000000008f800000| Complete 
| 249|0x000000008f900000, 0x000000008fa00000, 0x000000008fa00000|100%| E|CS|TAMS 0x000000008f900000, 0x000000008f900000| Complete 
| 250|0x000000008fa00000, 0x000000008fb00000, 0x000000008fb00000|100%| E|CS|TAMS 0x000000008fa00000, 0x000000008fa00000| Complete 
| 251|0x000000008fb00000, 0x000000008fc00000, 0x000000008fc00000|100%| E|CS|TAMS 0x000000008fb00000, 0x000000008fb00000| Complete 
| 252|0x000000008fc00000, 0x000000008fd00000, 0x000000008fd00000|100%| E|CS|TAMS 0x000000008fc00000, 0x000000008fc00000| Complete 
| 253|0x000000008fd00000, 0x000000008fe00000, 0x000000008fe00000|100%| E|CS|TAMS 0x000000008fd00000, 0x000000008fd00000| Complete 
| 254|0x000000008fe00000, 0x000000008ff00000, 0x000000008ff00000|100%| E|CS|TAMS 0x000000008fe00000, 0x000000008fe00000| Complete 
| 255|0x000000008ff00000, 0x0000000090000000, 0x0000000090000000|100%| E|CS|TAMS 0x000000008ff00000, 0x000000008ff00000| Complete 
| 256|0x0000000090000000, 0x0000000090100000, 0x0000000090100000|100%| E|CS|TAMS 0x0000000090000000, 0x0000000090000000| Complete 
| 257|0x0000000090100000, 0x0000000090200000, 0x0000000090200000|100%| E|CS|TAMS 0x0000000090100000, 0x0000000090100000| Complete 
| 258|0x0000000090200000, 0x0000000090300000, 0x0000000090300000|100%| E|CS|TAMS 0x0000000090200000, 0x0000000090200000| Complete 
| 259|0x0000000090300000, 0x0000000090400000, 0x0000000090400000|100%| E|CS|TAMS 0x0000000090300000, 0x0000000090300000| Complete 
| 260|0x0000000090400000, 0x0000000090500000, 0x0000000090500000|100%| E|CS|TAMS 0x0000000090400000, 0x0000000090400000| Complete 
| 261|0x0000000090500000, 0x0000000090600000, 0x0000000090600000|100%| E|CS|TAMS 0x0000000090500000, 0x0000000090500000| Complete 
| 262|0x0000000090600000, 0x0000000090700000, 0x0000000090700000|100%| E|CS|TAMS 0x0000000090600000, 0x0000000090600000| Complete 
| 263|0x0000000090700000, 0x0000000090800000, 0x0000000090800000|100%| E|CS|TAMS 0x0000000090700000, 0x0000000090700000| Complete 
| 264|0x0000000090800000, 0x0000000090900000, 0x0000000090900000|100%| E|CS|TAMS 0x0000000090800000, 0x0000000090800000| Complete 
| 265|0x0000000090900000, 0x0000000090a00000, 0x0000000090a00000|100%| E|CS|TAMS 0x0000000090900000, 0x0000000090900000| Complete 
| 266|0x0000000090a00000, 0x0000000090b00000, 0x0000000090b00000|100%| E|CS|TAMS 0x0000000090a00000, 0x0000000090a00000| Complete 
| 267|0x0000000090b00000, 0x0000000090c00000, 0x0000000090c00000|100%| E|CS|TAMS 0x0000000090b00000, 0x0000000090b00000| Complete 
| 268|0x0000000090c00000, 0x0000000090d00000, 0x0000000090d00000|100%| E|CS|TAMS 0x0000000090c00000, 0x0000000090c00000| Complete 
| 269|0x0000000090d00000, 0x0000000090e00000, 0x0000000090e00000|100%| E|CS|TAMS 0x0000000090d00000, 0x0000000090d00000| Complete 
| 270|0x0000000090e00000, 0x0000000090f00000, 0x0000000090f00000|100%| E|CS|TAMS 0x0000000090e00000, 0x0000000090e00000| Complete 
| 271|0x0000000090f00000, 0x0000000091000000, 0x0000000091000000|100%| E|CS|TAMS 0x0000000090f00000, 0x0000000090f00000| Complete 
| 272|0x0000000091000000, 0x0000000091100000, 0x0000000091100000|100%| E|CS|TAMS 0x0000000091000000, 0x0000000091000000| Complete 
| 273|0x0000000091100000, 0x0000000091200000, 0x0000000091200000|100%| E|CS|TAMS 0x0000000091100000, 0x0000000091100000| Complete 
| 274|0x0000000091200000, 0x0000000091300000, 0x0000000091300000|100%| E|CS|TAMS 0x0000000091200000, 0x0000000091200000| Complete 
| 275|0x0000000091300000, 0x0000000091400000, 0x0000000091400000|100%| E|CS|TAMS 0x0000000091300000, 0x0000000091300000| Complete 
| 276|0x0000000091400000, 0x0000000091500000, 0x0000000091500000|100%| E|CS|TAMS 0x0000000091400000, 0x0000000091400000| Complete 
| 277|0x0000000091500000, 0x0000000091600000, 0x0000000091600000|100%| E|CS|TAMS 0x0000000091500000, 0x0000000091500000| Complete 
| 278|0x0000000091600000, 0x0000000091700000, 0x0000000091700000|100%| E|CS|TAMS 0x0000000091600000, 0x0000000091600000| Complete 
| 279|0x0000000091700000, 0x0000000091800000, 0x0000000091800000|100%| E|CS|TAMS 0x0000000091700000, 0x0000000091700000| Complete 
| 280|0x0000000091800000, 0x0000000091900000, 0x0000000091900000|100%| E|CS|TAMS 0x0000000091800000, 0x0000000091800000| Complete 
| 281|0x0000000091900000, 0x0000000091a00000, 0x0000000091a00000|100%| E|CS|TAMS 0x0000000091900000, 0x0000000091900000| Complete 
| 282|0x0000000091a00000, 0x0000000091b00000, 0x0000000091b00000|100%| E|CS|TAMS 0x0000000091a00000, 0x0000000091a00000| Complete 
| 283|0x0000000091b00000, 0x0000000091c00000, 0x0000000091c00000|100%| E|CS|TAMS 0x0000000091b00000, 0x0000000091b00000| Complete 
| 284|0x0000000091c00000, 0x0000000091d00000, 0x0000000091d00000|100%| E|CS|TAMS 0x0000000091c00000, 0x0000000091c00000| Complete 
| 285|0x0000000091d00000, 0x0000000091e00000, 0x0000000091e00000|100%| E|CS|TAMS 0x0000000091d00000, 0x0000000091d00000| Complete 
| 286|0x0000000091e00000, 0x0000000091f00000, 0x0000000091f00000|100%| E|CS|TAMS 0x0000000091e00000, 0x0000000091e00000| Complete 
| 287|0x0000000091f00000, 0x0000000092000000, 0x0000000092000000|100%| E|CS|TAMS 0x0000000091f00000, 0x0000000091f00000| Complete 
| 288|0x0000000092000000, 0x0000000092100000, 0x0000000092100000|100%| E|CS|TAMS 0x0000000092000000, 0x0000000092000000| Complete 
| 289|0x0000000092100000, 0x0000000092200000, 0x0000000092200000|100%| E|CS|TAMS 0x0000000092100000, 0x0000000092100000| Complete 
| 290|0x0000000092200000, 0x0000000092300000, 0x0000000092300000|100%| E|CS|TAMS 0x0000000092200000, 0x0000000092200000| Complete 
| 291|0x0000000092300000, 0x0000000092400000, 0x0000000092400000|100%| E|CS|TAMS 0x0000000092300000, 0x0000000092300000| Complete 
| 292|0x0000000092400000, 0x0000000092500000, 0x0000000092500000|100%| E|CS|TAMS 0x0000000092400000, 0x0000000092400000| Complete 
| 293|0x0000000092500000, 0x0000000092600000, 0x0000000092600000|100%| E|CS|TAMS 0x0000000092500000, 0x0000000092500000| Complete 
| 294|0x0000000092600000, 0x0000000092700000, 0x0000000092700000|100%| E|CS|TAMS 0x0000000092600000, 0x0000000092600000| Complete 
| 295|0x0000000092700000, 0x0000000092800000, 0x0000000092800000|100%| E|CS|TAMS 0x0000000092700000, 0x0000000092700000| Complete 
| 296|0x0000000092800000, 0x0000000092900000, 0x0000000092900000|100%| E|CS|TAMS 0x0000000092800000, 0x0000000092800000| Complete 
| 297|0x0000000092900000, 0x0000000092a00000, 0x0000000092a00000|100%| E|CS|TAMS 0x0000000092900000, 0x0000000092900000| Complete 
| 298|0x0000000092a00000, 0x0000000092b00000, 0x0000000092b00000|100%| E|CS|TAMS 0x0000000092a00000, 0x0000000092a00000| Complete 
| 299|0x0000000092b00000, 0x0000000092c00000, 0x0000000092c00000|100%| E|CS|TAMS 0x0000000092b00000, 0x0000000092b00000| Complete 
| 300|0x0000000092c00000, 0x0000000092d00000, 0x0000000092d00000|100%| E|CS|TAMS 0x0000000092c00000, 0x0000000092c00000| Complete 
| 301|0x0000000092d00000, 0x0000000092e00000, 0x0000000092e00000|100%| E|CS|TAMS 0x0000000092d00000, 0x0000000092d00000| Complete 
| 302|0x0000000092e00000, 0x0000000092f00000, 0x0000000092f00000|100%| E|CS|TAMS 0x0000000092e00000, 0x0000000092e00000| Complete 
| 303|0x0000000092f00000, 0x0000000093000000, 0x0000000093000000|100%| E|CS|TAMS 0x0000000092f00000, 0x0000000092f00000| Complete 
| 304|0x0000000093000000, 0x0000000093100000, 0x0000000093100000|100%| E|CS|TAMS 0x0000000093000000, 0x0000000093000000| Complete 
| 305|0x0000000093100000, 0x0000000093200000, 0x0000000093200000|100%| E|CS|TAMS 0x0000000093100000, 0x0000000093100000| Complete 
| 306|0x0000000093200000, 0x0000000093300000, 0x0000000093300000|100%| E|CS|TAMS 0x0000000093200000, 0x0000000093200000| Complete 
| 307|0x0000000093300000, 0x0000000093400000, 0x0000000093400000|100%| E|CS|TAMS 0x0000000093300000, 0x0000000093300000| Complete 
| 308|0x0000000093400000, 0x0000000093500000, 0x0000000093500000|100%| E|CS|TAMS 0x0000000093400000, 0x0000000093400000| Complete 
| 309|0x0000000093500000, 0x0000000093600000, 0x0000000093600000|100%| E|CS|TAMS 0x0000000093500000, 0x0000000093500000| Complete 
| 310|0x0000000093600000, 0x0000000093700000, 0x0000000093700000|100%| E|CS|TAMS 0x0000000093600000, 0x0000000093600000| Complete 
| 311|0x0000000093700000, 0x0000000093800000, 0x0000000093800000|100%| E|CS|TAMS 0x0000000093700000, 0x0000000093700000| Complete 
| 312|0x0000000093800000, 0x0000000093900000, 0x0000000093900000|100%| E|CS|TAMS 0x0000000093800000, 0x0000000093800000| Complete 
| 313|0x0000000093900000, 0x0000000093a00000, 0x0000000093a00000|100%| E|CS|TAMS 0x0000000093900000, 0x0000000093900000| Complete 
| 314|0x0000000093a00000, 0x0000000093b00000, 0x0000000093b00000|100%| E|CS|TAMS 0x0000000093a00000, 0x0000000093a00000| Complete 
| 315|0x0000000093b00000, 0x0000000093c00000, 0x0000000093c00000|100%| E|CS|TAMS 0x0000000093b00000, 0x0000000093b00000| Complete 
| 316|0x0000000093c00000, 0x0000000093d00000, 0x0000000093d00000|100%| E|CS|TAMS 0x0000000093c00000, 0x0000000093c00000| Complete 
| 317|0x0000000093d00000, 0x0000000093e00000, 0x0000000093e00000|100%| E|CS|TAMS 0x0000000093d00000, 0x0000000093d00000| Complete 
| 318|0x0000000093e00000, 0x0000000093f00000, 0x0000000093f00000|100%| E|CS|TAMS 0x0000000093e00000, 0x0000000093e00000| Complete 
| 319|0x0000000093f00000, 0x0000000094000000, 0x0000000094000000|100%| E|CS|TAMS 0x0000000093f00000, 0x0000000093f00000| Complete 
| 320|0x0000000094000000, 0x0000000094100000, 0x0000000094100000|100%| E|CS|TAMS 0x0000000094000000, 0x0000000094000000| Complete 
| 321|0x0000000094100000, 0x0000000094200000, 0x0000000094200000|100%| E|CS|TAMS 0x0000000094100000, 0x0000000094100000| Complete 
| 322|0x0000000094200000, 0x0000000094300000, 0x0000000094300000|100%| E|CS|TAMS 0x0000000094200000, 0x0000000094200000| Complete 
| 323|0x0000000094300000, 0x0000000094400000, 0x0000000094400000|100%| E|CS|TAMS 0x0000000094300000, 0x0000000094300000| Complete 
| 324|0x0000000094400000, 0x0000000094500000, 0x0000000094500000|100%| E|CS|TAMS 0x0000000094400000, 0x0000000094400000| Complete 
| 325|0x0000000094500000, 0x0000000094600000, 0x0000000094600000|100%| E|CS|TAMS 0x0000000094500000, 0x0000000094500000| Complete 
| 326|0x0000000094600000, 0x0000000094700000, 0x0000000094700000|100%| E|CS|TAMS 0x0000000094600000, 0x0000000094600000| Complete 
| 327|0x0000000094700000, 0x0000000094800000, 0x0000000094800000|100%| E|CS|TAMS 0x0000000094700000, 0x0000000094700000| Complete 
| 328|0x0000000094800000, 0x0000000094900000, 0x0000000094900000|100%| E|CS|TAMS 0x0000000094800000, 0x0000000094800000| Complete 

Card table byte_map: [0x0000025a95b20000,0x0000025a95f20000] _byte_map_base: 0x0000025a95720000

Marking Bits (Prev, Next): (CMBitMap*) 0x0000025a82c63fd0, (CMBitMap*) 0x0000025a82c63f98
 Prev Bits: [0x0000025a98320000, 0x0000025a9a320000)
 Next Bits: [0x0000025a96320000, 0x0000025a98320000)

Polling page: 0x0000025a823f0000

Metaspace:

Usage:
  Non-class:    115.71 MB capacity,   113.32 MB ( 98%) used,     1.94 MB (  2%) free+waste,   460.00 KB ( <1%) overhead. 
      Class:     17.75 MB capacity,    16.34 MB ( 92%) used,     1.20 MB (  7%) free+waste,   207.81 KB (  1%) overhead. 
       Both:    133.46 MB capacity,   129.67 MB ( 97%) used,     3.14 MB (  2%) free+waste,   667.81 KB ( <1%) overhead. 

Virtual space:
  Non-class space:      116.00 MB reserved,     115.92 MB (>99%) committed 
      Class space:        1.00 GB reserved,      17.82 MB (  2%) committed 
             Both:        1.11 GB reserved,     133.74 MB ( 12%) committed 

Chunk freelists:
   Non-Class:  20.00 KB
       Class:  0 bytes
        Both:  20.00 KB

MaxMetaspaceSize: 17179869184.00 GB
CompressedClassSpaceSize: 1.00 GB
Initial GC threshold: 20.80 MB
Current GC threshold: 197.28 MB
CDS: off

CodeHeap 'non-profiled nmethods': size=120064Kb used=11452Kb max_used=11452Kb free=108611Kb
 bounds [0x0000025a8e1e0000, 0x0000025a8ed10000, 0x0000025a95720000]
CodeHeap 'profiled nmethods': size=120000Kb used=44436Kb max_used=44436Kb free=75563Kb
 bounds [0x0000025a86cb0000, 0x0000025a89820000, 0x0000025a8e1e0000]
CodeHeap 'non-nmethods': size=5696Kb used=2469Kb max_used=2532Kb free=3226Kb
 bounds [0x0000025a86720000, 0x0000025a869a0000, 0x0000025a86cb0000]
 total_blobs=20790 nmethods=19791 adapters=909
 compilation: enabled
              stopped_count=0, restarted_count=0
 full_count=0

Compilation events (20 events):
Event: 54.589 Thread 0x0000025a9d0bf800 nmethod 20932 0x0000025a89813790 code [0x0000025a89813960, 0x0000025a89813b18]
Event: 54.589 Thread 0x0000025a9d0bf800 20933       2       com.android.tools.r8.internal.jf::<init> (11 bytes)
Event: 54.590 Thread 0x0000025a9d0bf800 nmethod 20933 0x0000025a89813c10 code [0x0000025a89813dc0, 0x0000025a89813ee8]
Event: 54.591 Thread 0x0000025a9d0bf800 20934       2       com.android.tools.r8.internal.Kr::<init> (66 bytes)
Event: 54.591 Thread 0x0000025a9d0bf800 nmethod 20934 0x0000025a89813f90 code [0x0000025a898141c0, 0x0000025a89814548]
Event: 54.591 Thread 0x0000025a9d0bf800 20935       2       com.android.tools.r8.internal.Ja::a (15 bytes)
Event: 54.591 Thread 0x0000025a9d0bf800 nmethod 20935 0x0000025a89814690 code [0x0000025a89814860, 0x0000025a89814b98]
Event: 54.591 Thread 0x0000025a9d0bf800 20936       2       com.android.tools.r8.internal.Ja$$Lambda$1686/0x00000001010ab040::get$Lambda (10 bytes)
Event: 54.592 Thread 0x0000025a9d0bf800 nmethod 20936 0x0000025a89814d90 code [0x0000025a89814f40, 0x0000025a89815138]
Event: 54.592 Thread 0x0000025a9d0bf800 20937       2       com.android.tools.r8.internal.Ja$$Lambda$1686/0x00000001010ab040::<init> (15 bytes)
Event: 54.592 Thread 0x0000025a9d0bf800 nmethod 20937 0x0000025a89815210 code [0x0000025a898153c0, 0x0000025a89815558]
Event: 54.592 Thread 0x0000025a9d0bf800 20938       2       com.android.tools.r8.internal.c6::a (46 bytes)
Event: 54.593 Thread 0x0000025a9d0bf800 nmethod 20938 0x0000025a89815610 code [0x0000025a89815800, 0x0000025a89815a78]
Event: 54.593 Thread 0x0000025a9d0bf800 20939       2       com.android.tools.r8.internal.h4::a (100 bytes)
Event: 54.594 Thread 0x0000025a9d0bf800 nmethod 20939 0x0000025a89815c10 code [0x0000025a89815e80, 0x0000025a89816598]
Event: 54.594 Thread 0x0000025a9d0bf800 20940       2       java.util.HashMap::replacementTreeNode (21 bytes)
Event: 54.594 Thread 0x0000025a9d0bf800 nmethod 20940 0x0000025a89816a90 code [0x0000025a89816c40, 0x0000025a89816ed8]
Event: 54.596 Thread 0x0000025a9d0bf800 20941       2       java.util.WeakHashMap$HashIterator::hasNext (95 bytes)
Event: 54.596 Thread 0x0000025a9d0bf800 nmethod 20941 0x0000025a89816f90 code [0x0000025a89817160, 0x0000025a898174f8]
Event: 54.596 Thread 0x0000025a9d0bf800 20942       2       java.util.WeakHashMap$KeyIterator::next (8 bytes)

GC Heap History (20 events):
Event: 47.553 GC heap before
{Heap before GC invocations=37 (full 0):
 garbage-first heap   total 280576K, used 173867K [0x0000000080000000, 0x0000000100000000)
  region size 1024K, 28 young (28672K), 1 survivors (1024K)
 Metaspace       used 111419K, capacity 114330K, committed 114552K, reserved 1148928K
  class space    used 13950K, capacity 14997K, committed 15052K, reserved 1048576K
}
Event: 47.556 GC heap after
{Heap after GC invocations=38 (full 0):
 garbage-first heap   total 280576K, used 147601K [0x0000000080000000, 0x0000000100000000)
  region size 1024K, 2 young (2048K), 2 survivors (2048K)
 Metaspace       used 111419K, capacity 114330K, committed 114552K, reserved 1148928K
  class space    used 13950K, capacity 14997K, committed 15052K, reserved 1048576K
}
Event: 47.693 GC heap before
{Heap before GC invocations=38 (full 0):
 garbage-first heap   total 280576K, used 158865K [0x0000000080000000, 0x0000000100000000)
  region size 1024K, 13 young (13312K), 2 survivors (2048K)
 Metaspace       used 111482K, capacity 114458K, committed 114552K, reserved 1148928K
  class space    used 13951K, capacity 14997K, committed 15052K, reserved 1048576K
}
Event: 47.697 GC heap after
{Heap after GC invocations=39 (full 0):
 garbage-first heap   total 280576K, used 141200K [0x0000000080000000, 0x0000000100000000)
  region size 1024K, 1 young (1024K), 1 survivors (1024K)
 Metaspace       used 111482K, capacity 114458K, committed 114552K, reserved 1148928K
  class space    used 13951K, capacity 14997K, committed 15052K, reserved 1048576K
}
Event: 48.722 GC heap before
{Heap before GC invocations=39 (full 0):
 garbage-first heap   total 280576K, used 188304K [0x0000000080000000, 0x0000000100000000)
  region size 1024K, 48 young (49152K), 1 survivors (1024K)
 Metaspace       used 113126K, capacity 116091K, committed 116344K, reserved 1150976K
  class space    used 14127K, capacity 15175K, committed 15308K, reserved 1048576K
}
Event: 48.725 GC heap after
{Heap after GC invocations=40 (full 0):
 garbage-first heap   total 280576K, used 141581K [0x0000000080000000, 0x0000000100000000)
  region size 1024K, 1 young (1024K), 1 survivors (1024K)
 Metaspace       used 113126K, capacity 116091K, committed 116344K, reserved 1150976K
  class space    used 14127K, capacity 15175K, committed 15308K, reserved 1048576K
}
Event: 49.476 GC heap before
{Heap before GC invocations=41 (full 0):
 garbage-first heap   total 280576K, used 194829K [0x0000000080000000, 0x0000000100000000)
  region size 1024K, 56 young (57344K), 1 survivors (1024K)
 Metaspace       used 116689K, capacity 119692K, committed 119800K, reserved 1153024K
  class space    used 14580K, capacity 15628K, committed 15692K, reserved 1048576K
}
Event: 49.487 GC heap after
{Heap after GC invocations=42 (full 0):
 garbage-first heap   total 280576K, used 142446K [0x0000000080000000, 0x0000000100000000)
  region size 1024K, 4 young (4096K), 4 survivors (4096K)
 Metaspace       used 116689K, capacity 119692K, committed 119800K, reserved 1153024K
  class space    used 14580K, capacity 15628K, committed 15692K, reserved 1048576K
}
Event: 49.619 GC heap before
{Heap before GC invocations=42 (full 0):
 garbage-first heap   total 280576K, used 151662K [0x0000000080000000, 0x0000000100000000)
  region size 1024K, 13 young (13312K), 4 survivors (4096K)
 Metaspace       used 116766K, capacity 119783K, committed 120056K, reserved 1153024K
  class space    used 14580K, capacity 15628K, committed 15692K, reserved 1048576K
}
Event: 49.630 GC heap after
{Heap after GC invocations=43 (full 0):
 garbage-first heap   total 280576K, used 137454K [0x0000000080000000, 0x0000000100000000)
  region size 1024K, 1 young (1024K), 1 survivors (1024K)
 Metaspace       used 116766K, capacity 119783K, committed 120056K, reserved 1153024K
  class space    used 14580K, capacity 15628K, committed 15692K, reserved 1048576K
}
Event: 50.459 GC heap before
{Heap before GC invocations=43 (full 0):
 garbage-first heap   total 280576K, used 198894K [0x0000000080000000, 0x0000000100000000)
  region size 1024K, 62 young (63488K), 1 survivors (1024K)
 Metaspace       used 117901K, capacity 121010K, committed 121208K, reserved 1155072K
  class space    used 14717K, capacity 15798K, committed 15820K, reserved 1048576K
}
Event: 50.482 GC heap after
{Heap after GC invocations=44 (full 0):
 garbage-first heap   total 280576K, used 142599K [0x0000000080000000, 0x0000000100000000)
  region size 1024K, 6 young (6144K), 6 survivors (6144K)
 Metaspace       used 117901K, capacity 121010K, committed 121208K, reserved 1155072K
  class space    used 14717K, capacity 15798K, committed 15820K, reserved 1048576K
}
Event: 51.192 GC heap before
{Heap before GC invocations=45 (full 0):
 garbage-first heap   total 280576K, used 205063K [0x0000000080000000, 0x0000000100000000)
  region size 1024K, 68 young (69632K), 6 survivors (6144K)
 Metaspace       used 118362K, capacity 121468K, committed 121592K, reserved 1155072K
  class space    used 14776K, capacity 15884K, committed 15948K, reserved 1048576K
}
Event: 51.208 GC heap after
{Heap after GC invocations=46 (full 0):
 garbage-first heap   total 280576K, used 147901K [0x0000000080000000, 0x0000000100000000)
  region size 1024K, 6 young (6144K), 6 survivors (6144K)
 Metaspace       used 118362K, capacity 121468K, committed 121592K, reserved 1155072K
  class space    used 14776K, capacity 15884K, committed 15948K, reserved 1048576K
}
Event: 51.241 GC heap before
{Heap before GC invocations=46 (full 0):
 garbage-first heap   total 280576K, used 154045K [0x0000000080000000, 0x0000000100000000)
  region size 1024K, 13 young (13312K), 6 survivors (6144K)
 Metaspace       used 118370K, capacity 121468K, committed 121592K, reserved 1155072K
  class space    used 14776K, capacity 15884K, committed 15948K, reserved 1048576K
}
Event: 51.251 GC heap after
{Heap after GC invocations=47 (full 0):
 garbage-first heap   total 336896K, used 148321K [0x0000000080000000, 0x0000000100000000)
  region size 1024K, 1 young (1024K), 1 survivors (1024K)
 Metaspace       used 118370K, capacity 121468K, committed 121592K, reserved 1155072K
  class space    used 14776K, capacity 15884K, committed 15948K, reserved 1048576K
}
Event: 52.425 GC heap before
{Heap before GC invocations=47 (full 0):
 garbage-first heap   total 336896K, used 234337K [0x0000000080000000, 0x0000000100000000)
  region size 1024K, 84 young (86016K), 1 survivors (1024K)
 Metaspace       used 126609K, capacity 130145K, committed 130424K, reserved 1163264K
  class space    used 15995K, capacity 17272K, committed 17356K, reserved 1048576K
}
Event: 52.436 GC heap after
{Heap after GC invocations=48 (full 0):
 garbage-first heap   total 336896K, used 152059K [0x0000000080000000, 0x0000000100000000)
  region size 1024K, 5 young (5120K), 5 survivors (5120K)
 Metaspace       used 126609K, capacity 130145K, committed 130424K, reserved 1163264K
  class space    used 15995K, capacity 17272K, committed 17356K, reserved 1048576K
}
Event: 53.910 GC heap before
{Heap before GC invocations=48 (full 0):
 garbage-first heap   total 336896K, used 240123K [0x0000000080000000, 0x0000000100000000)
  region size 1024K, 92 young (94208K), 5 survivors (5120K)
 Metaspace       used 131940K, capacity 135777K, committed 136056K, reserved 1167360K
  class space    used 16655K, capacity 18048K, committed 18124K, reserved 1048576K
}
Event: 53.923 GC heap after
{Heap after GC invocations=49 (full 0):
 garbage-first heap   total 336896K, used 152162K [0x0000000080000000, 0x0000000100000000)
  region size 1024K, 5 young (5120K), 5 survivors (5120K)
 Metaspace       used 131940K, capacity 135777K, committed 136056K, reserved 1167360K
  class space    used 16655K, capacity 18048K, committed 18124K, reserved 1048576K
}

Deoptimization events (20 events):
Event: 54.343 Thread 0x0000025a9fd38000 DEOPT PACKING pc=0x0000025a880cfe5c sp=0x000000786d0fef60
Event: 54.343 Thread 0x0000025a9fd38000 DEOPT UNPACKING pc=0x0000025a8676a95e sp=0x000000786d0fe530 mode 0
Event: 54.347 Thread 0x0000025aa3068800 DEOPT PACKING pc=0x0000025a880cfe5c sp=0x000000786eaff0a0
Event: 54.347 Thread 0x0000025aa3068800 DEOPT UNPACKING pc=0x0000025a8676a95e sp=0x000000786eafe670 mode 0
Event: 54.354 Thread 0x0000025aa29c3000 DEOPT PACKING pc=0x0000025a880cfe5c sp=0x000000786cbff010
Event: 54.354 Thread 0x0000025aa29c3000 DEOPT UNPACKING pc=0x0000025a8676a95e sp=0x000000786cbfe5e0 mode 0
Event: 54.358 Thread 0x0000025a9fd3c800 DEOPT PACKING pc=0x0000025a880cfe5c sp=0x000000786d4fec30
Event: 54.358 Thread 0x0000025a9fd3c800 DEOPT UNPACKING pc=0x0000025a8676a95e sp=0x000000786d4fe200 mode 0
Event: 54.363 Thread 0x0000025a9fd39000 DEOPT PACKING pc=0x0000025a880cfe5c sp=0x000000786d2ff450
Event: 54.363 Thread 0x0000025a9fd39000 DEOPT UNPACKING pc=0x0000025a8676a95e sp=0x000000786d2fea20 mode 0
Event: 54.398 Thread 0x0000025aa57a0000 DEOPT PACKING pc=0x0000025a880cfe5c sp=0x000000786e3fee30
Event: 54.398 Thread 0x0000025aa57a0000 DEOPT UNPACKING pc=0x0000025a8676a95e sp=0x000000786e3fe400 mode 0
Event: 54.436 Thread 0x0000025aa57a2800 DEOPT PACKING pc=0x0000025a880cfe5c sp=0x000000786dcff0f0
Event: 54.436 Thread 0x0000025aa57a2800 DEOPT UNPACKING pc=0x0000025a8676a95e sp=0x000000786dcfe6c0 mode 0
Event: 54.436 Thread 0x0000025aa57a0800 DEOPT PACKING pc=0x0000025a880cfe5c sp=0x000000786ddfeec0
Event: 54.436 Thread 0x0000025aa57a0800 DEOPT UNPACKING pc=0x0000025a8676a95e sp=0x000000786ddfe490 mode 0
Event: 54.437 Thread 0x0000025a9fd37800 DEOPT PACKING pc=0x0000025a880cfe5c sp=0x000000786cffec80
Event: 54.437 Thread 0x0000025a9fd37800 DEOPT UNPACKING pc=0x0000025a8676a95e sp=0x000000786cffe250 mode 0
Event: 54.441 Thread 0x0000025a9fd3e000 DEOPT PACKING pc=0x0000025a880cfe5c sp=0x000000786d9ff1e0
Event: 54.441 Thread 0x0000025a9fd3e000 DEOPT UNPACKING pc=0x0000025a8676a95e sp=0x000000786d9fe7b0 mode 0

Classes redefined (0 events):
No events

Internal exceptions (20 events):
Event: 52.502 Thread 0x0000025aa579f000 Exception <a 'java/lang/IncompatibleClassChangeError'{0x000000009447be80}: Found class java.lang.Object, but interface was expected> (0x000000009447be80) thrown at [./src/hotspot/share/interpreter/linkResolver.cpp, line 839]
Event: 52.520 Thread 0x0000025aa306a000 Exception <a 'java/lang/NoSuchMethodError'{0x00000000943e2228}: 'java.lang.Object java.lang.invoke.DirectMethodHandle$Holder.newInvokeSpecial(java.lang.Object, int)'> (0x00000000943e2228) thrown at [./src/hotspot/share/interpreter/linkResolver.cpp, line 773]
Event: 52.520 Thread 0x0000025a9fd3e800 Exception <a 'java/lang/NoSuchMethodError'{0x00000000944a3c90}: 'java.lang.Object java.lang.invoke.DirectMethodHandle$Holder.newInvokeSpecial(java.lang.Object, int)'> (0x00000000944a3c90) thrown at [./src/hotspot/share/interpreter/linkResolver.cpp, line 773]
Event: 52.520 Thread 0x0000025a9fd32800 Exception <a 'java/lang/NoSuchMethodError'{0x00000000943bb4f0}: 'java.lang.Object java.lang.invoke.DirectMethodHandle$Holder.newInvokeSpecial(java.lang.Object, int)'> (0x00000000943bb4f0) thrown at [./src/hotspot/share/interpreter/linkResolver.cpp, line 773]
Event: 53.035 Thread 0x0000025a9fd3e800 Exception <a 'java/lang/NoSuchMethodError'{0x0000000092be1d18}: 'java.lang.Object java.lang.invoke.Invokers$Holder.linkToTargetMethod(java.lang.Object, int, java.lang.Object, java.lang.Object, java.lang.Object, java.lang.Object)'> (0x0000000092be1d18) thrown at [./src/hotspot/share/interpreter/linkResolver.cpp, line 773]
Event: 53.036 Thread 0x0000025a9fd3e800 Exception <a 'java/lang/NoSuchMethodError'{0x0000000092beeb30}: 'java.lang.Object java.lang.invoke.DirectMethodHandle$Holder.invokeStatic(java.lang.Object, java.lang.Object, java.lang.Object, java.lang.Object, int, java.lang.Object, java.lang.Object)'> (0x0000000092beeb30) thrown at [./src/hotspot/share/interpreter/linkResolver.cpp, line 773]
Event: 53.037 Thread 0x0000025a9fd3e800 Exception <a 'java/lang/NoSuchMethodError'{0x0000000092bf6628}: 'java.lang.Object java.lang.invoke.Invokers$Holder.linkToTargetMethod(java.lang.Object, java.lang.Object, java.lang.Object, int, java.lang.Object, java.lang.Object, java.lang.Object)'> (0x0000000092bf6628) thrown at [./src/hotspot/share/interpreter/linkResolver.cpp, line 773]
Event: 53.039 Thread 0x0000025a9fd3e800 Exception <a 'java/lang/NoSuchMethodError'{0x0000000092a0c520}: 'void java.lang.invoke.DirectMethodHandle$Holder.invokeStatic(java.lang.Object, java.lang.Object, java.lang.Object, java.lang.Object, java.lang.Object, java.lang.Object, java.lang.Object, java.lang.Object)'> (0x0000000092a0c520) thrown at [./src/hotspot/share/interpreter/linkResolver.cpp, line 773]
Event: 53.154 Thread 0x0000025a9fd3e800 Exception <a 'java/lang/IncompatibleClassChangeError'{0x000000009232ee40}: Found class java.lang.Object, but interface was expected> (0x000000009232ee40) thrown at [./src/hotspot/share/interpreter/linkResolver.cpp, line 839]
Event: 53.458 Thread 0x0000025a9fd3e800 Exception <a 'java/lang/NoSuchMethodError'{0x0000000090f26148}: 'void java.lang.invoke.DirectMethodHandle$Holder.invokeSpecial(java.lang.Object, java.lang.Object, int)'> (0x0000000090f26148) thrown at [./src/hotspot/share/interpreter/linkResolver.cpp, line 773]
Event: 53.559 Thread 0x0000025a9fd3e800 Exception <a 'sun/nio/fs/WindowsException'{0x00000000908aa948}> (0x00000000908aa948) thrown at [./src/hotspot/share/prims/jni.cpp, line 615]
Event: 54.097 Thread 0x0000025aa306a000 Exception <a 'sun/nio/fs/WindowsException'{0x00000000938733b0}> (0x00000000938733b0) thrown at [./src/hotspot/share/prims/jni.cpp, line 615]
Event: 54.109 Thread 0x0000025a9fd32800 Exception <a 'sun/nio/fs/WindowsException'{0x0000000093748150}> (0x0000000093748150) thrown at [./src/hotspot/share/prims/jni.cpp, line 615]
Event: 54.309 Thread 0x0000025aa579f000 Exception <a 'sun/nio/fs/WindowsException'{0x00000000929341d8}> (0x00000000929341d8) thrown at [./src/hotspot/share/prims/jni.cpp, line 615]
Event: 54.310 Thread 0x0000025aa306a000 Exception <a 'sun/nio/fs/WindowsException'{0x0000000092be59d0}> (0x0000000092be59d0) thrown at [./src/hotspot/share/prims/jni.cpp, line 615]
Event: 54.315 Thread 0x0000025aa306a000 Exception <a 'sun/nio/fs/WindowsException'{0x00000000929a0e30}> (0x00000000929a0e30) thrown at [./src/hotspot/share/prims/jni.cpp, line 615]
Event: 54.364 Thread 0x0000025aa29c7000 Exception <a 'sun/nio/fs/WindowsException'{0x000000009252cc40}> (0x000000009252cc40) thrown at [./src/hotspot/share/prims/jni.cpp, line 615]
Event: 54.470 Thread 0x0000025aa29c7000 Exception <a 'sun/nio/fs/WindowsException'{0x0000000091ba4138}> (0x0000000091ba4138) thrown at [./src/hotspot/share/prims/jni.cpp, line 615]
Event: 54.481 Thread 0x0000025a9fd3a800 Exception <a 'sun/nio/fs/WindowsException'{0x0000000091909ba0}> (0x0000000091909ba0) thrown at [./src/hotspot/share/prims/jni.cpp, line 615]
Event: 54.594 Thread 0x0000025aa3062000 Exception <a 'java/lang/OutOfMemoryError'{0x000000008ff0ab90}> (0x000000008ff0ab90) thrown at [./src/hotspot/share/prims/jni.cpp, line 636]

Events (20 events):
Event: 54.272 loading class com/android/tools/r8/graph/e1
Event: 54.272 loading class com/android/tools/r8/graph/e1 done
Event: 54.272 loading class com/android/tools/r8/graph/e1
Event: 54.272 loading class com/android/tools/r8/graph/e1 done
Event: 54.272 loading class com/android/tools/r8/graph/W2
Event: 54.272 loading class com/android/tools/r8/graph/W2 done
Event: 54.272 loading class com/android/tools/r8/graph/W2
Event: 54.272 loading class com/android/tools/r8/graph/W2 done
Event: 54.295 Executing VM operation: BulkRevokeBias
Event: 54.298 Executing VM operation: BulkRevokeBias done
Event: 54.576 loading class com/android/tools/r8/internal/Ko
Event: 54.576 loading class com/android/tools/r8/internal/Ko done
Event: 54.576 loading class com/android/tools/r8/internal/Ko
Event: 54.576 loading class com/android/tools/r8/internal/Ko done
Event: 54.576 loading class com/android/tools/r8/internal/Hq
Event: 54.576 loading class com/android/tools/r8/internal/Hq done
Event: 54.589 Executing VM operation: ICBufferFull
Event: 54.589 Executing VM operation: ICBufferFull done
Event: 54.594 loading class java/util/zip/DataFormatException
Event: 54.594 loading class java/util/zip/DataFormatException done


Dynamic libraries:
0x00007ff6aedc0000 - 0x00007ff6aedca000 	C:\Program Files\Android\Android Studio\jre\bin\java.exe
0x00007ffa1f3b0000 - 0x00007ffa1f5a6000 	C:\Windows\SYSTEM32\ntdll.dll
0x00007ffa1e010000 - 0x00007ffa1e0cd000 	C:\Windows\System32\KERNEL32.DLL
0x00007ffa1ced0000 - 0x00007ffa1d198000 	C:\Windows\System32\KERNELBASE.dll
0x00007ffa16fc0000 - 0x00007ffa17050000 	C:\Windows\SYSTEM32\apphelp.dll
0x00007ffa1caf0000 - 0x00007ffa1cbf0000 	C:\Windows\System32\ucrtbase.dll
0x00007ffa04ad0000 - 0x00007ffa04ae7000 	C:\Program Files\Android\Android Studio\jre\bin\VCRUNTIME140.dll
0x00007ffa048f0000 - 0x00007ffa04909000 	C:\Program Files\Android\Android Studio\jre\bin\jli.dll
0x00007ffa1eaa0000 - 0x00007ffa1ec40000 	C:\Windows\System32\USER32.dll
0x00007ff9ff6c0000 - 0x00007ff9ff95b000 	C:\Windows\WinSxS\amd64_microsoft.windows.common-controls_6595b64144ccf1df_6.0.19041.488_none_ca04af081b815d21\COMCTL32.dll
0x00007ffa1ccc0000 - 0x00007ffa1cce2000 	C:\Windows\System32\win32u.dll
0x00007ffa1e520000 - 0x00007ffa1e5be000 	C:\Windows\System32\msvcrt.dll
0x00007ffa1d4d0000 - 0x00007ffa1d4fa000 	C:\Windows\System32\GDI32.dll
0x00007ffa1d300000 - 0x00007ffa1d409000 	C:\Windows\System32\gdi32full.dll
0x00007ffa1cbf0000 - 0x00007ffa1cc8d000 	C:\Windows\System32\msvcp_win.dll
0x00007ffa1e2c0000 - 0x00007ffa1e2f0000 	C:\Windows\System32\IMM32.DLL
0x00007ff9e3ba0000 - 0x00007ff9e3c3d000 	C:\Program Files\Android\Android Studio\jre\bin\msvcp140.dll
0x00007ff9b8e20000 - 0x00007ff9b9905000 	C:\Program Files\Android\Android Studio\jre\bin\server\jvm.dll
0x00007ffa1e9f0000 - 0x00007ffa1ea9c000 	C:\Windows\System32\ADVAPI32.dll
0x00007ffa1f240000 - 0x00007ffa1f2db000 	C:\Windows\System32\sechost.dll
0x00007ffa1eca0000 - 0x00007ffa1edc4000 	C:\Windows\System32\RPCRT4.dll
0x00007ffa1d4c0000 - 0x00007ffa1d4c8000 	C:\Windows\System32\PSAPI.DLL
0x00007ffa14480000 - 0x00007ffa14489000 	C:\Windows\SYSTEM32\WSOCK32.dll
0x00007ffa1e5c0000 - 0x00007ffa1e62b000 	C:\Windows\System32\WS2_32.dll
0x00007ffa09fe0000 - 0x00007ffa0a007000 	C:\Windows\SYSTEM32\WINMM.dll
0x00007ffa137a0000 - 0x00007ffa137aa000 	C:\Windows\SYSTEM32\VERSION.dll
0x00007ffa1b420000 - 0x00007ffa1b432000 	C:\Windows\SYSTEM32\kernel.appcore.dll
0x00007ffa12980000 - 0x00007ffa12991000 	C:\Program Files\Android\Android Studio\jre\bin\verify.dll
0x00007ffa177a0000 - 0x00007ffa17984000 	C:\Windows\SYSTEM32\DBGHELP.DLL
0x00007ffa07c20000 - 0x00007ffa07c4c000 	C:\Windows\SYSTEM32\dbgcore.DLL
0x00007ffa1ce50000 - 0x00007ffa1cecf000 	C:\Windows\System32\bcryptPrimitives.dll
0x00007ffa07060000 - 0x00007ffa07089000 	C:\Program Files\Android\Android Studio\jre\bin\java.dll
0x00007ffa15370000 - 0x00007ffa1537b000 	C:\Program Files\Android\Android Studio\jre\bin\jimage.dll
0x00007ffa04a10000 - 0x00007ffa04a28000 	C:\Program Files\Android\Android Studio\jre\bin\zip.dll
0x00007ffa1d7e0000 - 0x00007ffa1df21000 	C:\Windows\System32\SHELL32.dll
0x00007ffa1ac20000 - 0x00007ffa1b3b5000 	C:\Windows\SYSTEM32\windows.storage.dll
0x00007ffa1e690000 - 0x00007ffa1e9e5000 	C:\Windows\System32\combase.dll
0x00007ffa1c4f0000 - 0x00007ffa1c51c000 	C:\Windows\SYSTEM32\Wldp.dll
0x00007ffa1d410000 - 0x00007ffa1d4be000 	C:\Windows\System32\SHCORE.dll
0x00007ffa1e260000 - 0x00007ffa1e2b5000 	C:\Windows\System32\shlwapi.dll
0x00007ffa1ca20000 - 0x00007ffa1ca46000 	C:\Windows\SYSTEM32\profapi.dll
0x00007ffa02c20000 - 0x00007ffa02c3a000 	C:\Program Files\Android\Android Studio\jre\bin\net.dll
0x00007ffa12e90000 - 0x00007ffa12f90000 	C:\Windows\SYSTEM32\WINHTTP.dll
0x00007ffa1c270000 - 0x00007ffa1c2da000 	C:\Windows\system32\mswsock.dll
0x00007ffa02c00000 - 0x00007ffa02c14000 	C:\Program Files\Android\Android Studio\jre\bin\nio.dll
0x00007ff9ef030000 - 0x00007ff9ef057000 	C:\Users\TECH TOOL\Downloads\gradle-7.5.1\native\e1d6ef7f7dcc3fd88c89a11ec53ec762bb8ba0a96d01ffa2cd45eb1d1d8dd5c5\windows-amd64\native-platform.dll
0x00007ff9e0330000 - 0x00007ff9e0474000 	C:\Users\TECH TOOL\Downloads\gradle-7.5.1\native\5664cfc778a61ccfe75a443a1ab52a65af34e5dc3c78e0209fed803814484fcb\windows-amd64\native-platform-file-events.dll
0x00007ffa14260000 - 0x00007ffa1426a000 	C:\Program Files\Android\Android Studio\jre\bin\management.dll
0x00007ffa14240000 - 0x00007ffa1424d000 	C:\Program Files\Android\Android Studio\jre\bin\management_ext.dll
0x00007ffa1c440000 - 0x00007ffa1c458000 	C:\Windows\SYSTEM32\CRYPTSP.dll
0x00007ffa1bba0000 - 0x00007ffa1bbd4000 	C:\Windows\system32\rsaenh.dll
0x00007ffa1cc90000 - 0x00007ffa1ccb7000 	C:\Windows\System32\bcrypt.dll
0x00007ffa1c9e0000 - 0x00007ffa1ca0e000 	C:\Windows\SYSTEM32\USERENV.dll
0x00007ffa1c460000 - 0x00007ffa1c46c000 	C:\Windows\SYSTEM32\CRYPTBASE.dll
0x00007ffa1bf60000 - 0x00007ffa1bf9b000 	C:\Windows\SYSTEM32\IPHLPAPI.DLL
0x00007ffa1d630000 - 0x00007ffa1d638000 	C:\Windows\System32\NSI.dll
0x00007ffa13030000 - 0x00007ffa13047000 	C:\Windows\SYSTEM32\dhcpcsvc6.DLL
0x00007ffa13190000 - 0x00007ffa131ad000 	C:\Windows\SYSTEM32\dhcpcsvc.DLL
0x00007ffa1bfa0000 - 0x00007ffa1c06b000 	C:\Windows\SYSTEM32\DNSAPI.dll
0x00007ffa1b830000 - 0x00007ffa1b863000 	C:\Windows\SYSTEM32\ntmarta.dll

dbghelp: loaded successfully - version: 4.0.5 - missing functions: none
symbol engine: initialized successfully - sym options: 0x614 - pdb path: .;C:\Program Files\Android\Android Studio\jre\bin;C:\Windows\SYSTEM32;C:\Windows\WinSxS\amd64_microsoft.windows.common-controls_6595b64144ccf1df_6.0.19041.488_none_ca04af081b815d21;C:\Program Files\Android\Android Studio\jre\bin\server;C:\Users\TECH TOOL\Downloads\gradle-7.5.1\native\e1d6ef7f7dcc3fd88c89a11ec53ec762bb8ba0a96d01ffa2cd45eb1d1d8dd5c5\windows-amd64;C:\Users\TECH TOOL\Downloads\gradle-7.5.1\native\5664cfc778a61ccfe75a443a1ab52a65af34e5dc3c78e0209fed803814484fcb\windows-amd64

VM Arguments:
jvm_args: --add-opens=java.base/java.util=ALL-UNNAMED --add-opens=java.base/java.lang=ALL-UNNAMED --add-opens=java.base/java.lang.invoke=ALL-UNNAMED --add-opens=java.base/java.util=ALL-UNNAMED --add-opens=java.prefs/java.util.prefs=ALL-UNNAMED --add-opens=java.prefs/java.util.prefs=ALL-UNNAMED --add-opens=java.base/java.nio.charset=ALL-UNNAMED --add-opens=java.base/java.net=ALL-UNNAMED --add-opens=java.base/java.util.concurrent.atomic=ALL-UNNAMED -Xmx2048m -Dfile.encoding=UTF-8 -Duser.country=US -Duser.language=en -Duser.variant 
java_command: org.gradle.launcher.daemon.bootstrap.GradleDaemon 7.3.3
java_class_path (initial): C:\Users\TECH TOOL\Downloads\gradle-7.5.1\wrapper\dists\gradle-7.3.3-bin\6a41zxkdtcxs8rphpq6y0069z\gradle-7.3.3\lib\gradle-launcher-7.3.3.jar
Launcher Type: SUN_STANDARD

[Global flags]
     intx CICompilerCount                          = 3                                         {product} {ergonomic}
     uint ConcGCThreads                            = 1                                         {product} {ergonomic}
     uint G1ConcRefinementThreads                  = 4                                         {product} {ergonomic}
   size_t G1HeapRegionSize                         = 1048576                                   {product} {ergonomic}
    uintx GCDrainStackTargetSize                   = 64                                        {product} {ergonomic}
   size_t InitialHeapSize                          = 199229440                                 {product} {ergonomic}
   size_t MarkStackSize                            = 4194304                                   {product} {ergonomic}
   size_t MaxHeapSize                              = 2147483648                                {product} {command line}
   size_t MaxNewSize                               = 1287651328                                {product} {ergonomic}
   size_t MinHeapDeltaBytes                        = 1048576                                   {product} {ergonomic}
    uintx NonNMethodCodeHeapSize                   = 5830732                                {pd product} {ergonomic}
    uintx NonProfiledCodeHeapSize                  = 122913754                              {pd product} {ergonomic}
    uintx ProfiledCodeHeapSize                     = 122913754                              {pd product} {ergonomic}
    uintx ReservedCodeCacheSize                    = 251658240                              {pd product} {ergonomic}
     bool SegmentedCodeCache                       = true                                      {product} {ergonomic}
     bool UseCompressedClassPointers               = true                                 {lp64_product} {ergonomic}
     bool UseCompressedOops                        = true                                 {lp64_product} {ergonomic}
     bool UseG1GC                                  = true                                      {product} {ergonomic}
     bool UseLargePagesIndividualAllocation        = false                                  {pd product} {ergonomic}

Logging:
Log output configuration:
 #0: stdout all=warning uptime,level,tags
 #1: stderr all=off uptime,level,tags

Environment Variables:
PATH=C:\Program Files\Common Files\Oracle\Java\javapath;C:\Windows\system32;C:\Windows;C:\Windows\System32\Wbem;C:\Windows\System32\WindowsPowerShell\v1.0\;C:\Windows\System32\OpenSSH\;C:\Program Files (x86)\Microsoft SQL Server\150\DTS\Binn\;C:\Program Files\Azure Data Studio\bin;C:\Program Files\Microsoft\Web Platform Installer\;C:\Program Files (x86)\Microsoft ASP.NET\ASP.NET Web Pages\v1.0\;C:\Program Files\Microsoft SQL Server\110\Tools\Binn\;C:\Program Files\dotnet\;C:\Program Files\Microsoft SQL Server\130\Tools\Binn\;C:\Program Files\Microsoft SQL Server\Client SDK\ODBC\170\Tools\Binn\;C:\Program Files (x86)\Microsoft SQL Server\110\DTS\Binn\;C:\Program Files (x86)\Microsoft SQL Server\120\DTS\Binn\;C:\Program Files (x86)\Microsoft SQL Server\130\DTS\Binn\;C:\Program Files (x86)\Microsoft SQL Server\140\DTS\Binn\;C:\Program Files (x86)\Microsoft SQL Server\160\DTS\Binn\;C:\Program Files\nodejs\;C:\xampp\php;C:\ProgramData\ComposerSetup\bin;C:\Program Files\Git\cmd;C:\Users\TECH TOOL\AppData\Local\Microsoft\WindowsApps;;C:\Users\TECH TOOL\AppData\Local\Programs\Microsoft VS Code\bin;C:\Program Files\Azure Data Studio\bin;C:\Users\TECH TOOL\.dotnet\tools;C:\Users\TECH TOOL\AppData\Roaming\npm;C:\Users\TECH TOOL\AppData\Roaming\Composer\vendor\bin
USERNAME=TECH TOOL
OS=Windows_NT
PROCESSOR_IDENTIFIER=Intel64 Family 6 Model 142 Stepping 12, GenuineIntel



---------------  S Y S T E M  ---------------

OS: Windows 10 , 64 bit Build 19041 (10.0.19041.546)
OS uptime: 21 days 13:13 hours

CPU:total 4 (initial active 4) (2 cores per cpu, 2 threads per core) family 6 model 142 stepping 12 microcode 0xc0, cmov, cx8, fxsr, mmx, sse, sse2, sse3, ssse3, sse4.1, sse4.2, popcnt, avx, avx2, aes, clmul, erms, 3dnowpref, lzcnt, ht, tsc, tscinvbit, bmi1, bmi2, adx, fma

Memory: 4k page, system-wide physical 12119M (456M free)
TotalPageFile size 27379M (AvailPageFile size 31M)
current process WorkingSet (physical memory assigned to process): 690M, peak: 702M
current process commit charge ("private bytes"): 724M, peak: 754M

vm_info: OpenJDK 64-Bit Server VM (11.0.12+7-b1504.28-7817840) for windows-amd64 JRE (11.0.12+7-b1504.28-7817840), built on Oct 13 2021 22:12:33 by "builder" with MS VC++ 14.0 (VS2015)

END.
