#
# There is insufficient memory for the Java Runtime Environment to continue.
# Native memory allocation (mmap) failed to map 150994944 bytes for Failed to commit area from 0x0000000091200000 to 0x000000009a200000 of length 150994944.
# Possible reasons:
#   The system is out of physical RAM or swap space
#   The process is running with CompressedOops enabled, and the Java Heap may be blocking the growth of the native heap
# Possible solutions:
#   Reduce memory load on the system
#   Increase physical memory or swap space
#   Check if swap backing store is full
#   Decrease Java heap size (-Xmx/-Xms)
#   Decrease number of Java threads
#   Decrease Java thread stack sizes (-Xss)
#   Set larger code cache with -XX:ReservedCodeCacheSize=
#   JVM is running with Unscaled Compressed Oops mode in which the Java heap is
#     placed in the first 4GB address space. The Java Heap base address is the
#     maximum limit for the native heap growth. Please use -XX:HeapBaseMinAddress
#     to set the Java Heap base and to place the Java Heap above 4GB virtual address.
# This output file may be truncated or incomplete.
#
#  Out of Memory Error (./src/hotspot/os/windows/os_windows.cpp:3521), pid=11532, tid=8348
#
# JRE version: OpenJDK Runtime Environment (11.0.12+7) (build 11.0.12+7-b1504.28-7817840)
# Java VM: OpenJDK 64-Bit Server VM (11.0.12+7-b1504.28-7817840, mixed mode, tiered, compressed oops, g1 gc, windows-amd64)
# No core dump will be written. Minidumps are not enabled by default on client versions of Windows
#

---------------  S U M M A R Y ------------

Command Line: --add-opens=java.base/java.util=ALL-UNNAMED --add-opens=java.base/java.lang=ALL-UNNAMED --add-opens=java.base/java.lang.invoke=ALL-UNNAMED --add-opens=java.base/java.util=ALL-UNNAMED --add-opens=java.prefs/java.util.prefs=ALL-UNNAMED --add-opens=java.prefs/java.util.prefs=ALL-UNNAMED --add-opens=java.base/java.nio.charset=ALL-UNNAMED --add-opens=java.base/java.net=ALL-UNNAMED --add-opens=java.base/java.util.concurrent.atomic=ALL-UNNAMED -Xmx2048m -Dfile.encoding=UTF-8 -Duser.country=US -Duser.language=en -Duser.variant org.gradle.launcher.daemon.bootstrap.GradleDaemon 7.3.3

Host: Intel(R) Core(TM) i3-10110U CPU @ 2.10GHz, 4 cores, 11G,  Windows 10 , 64 bit Build 19041 (10.0.19041.546)
Time: Wed Sep  7 11:51:55 2022 Sri Lanka Standard Time elapsed time: 16.126021 seconds (0d 0h 0m 16s)

---------------  T H R E A D  ---------------

Current thread (0x000001f4b8665000):  VMThread "VM Thread" [stack: 0x0000009deaf00000,0x0000009deb000000] [id=8348]

Stack: [0x0000009deaf00000,0x0000009deb000000]
[error occurred during error reporting (printing stack bounds), id 0xc0000005, EXCEPTION_ACCESS_VIOLATION (0xc0000005) at pc=0x000001f4a1d3112d]

Native frames: (J=compiled Java code, j=interpreted, Vv=VM code, C=native code)
V  [jvm.dll+0x5fbcea]
V  [jvm.dll+0x731905]
V  [jvm.dll+0x732f1d]
V  [jvm.dll+0x733535]
V  [jvm.dll+0x7334eb]
V  [jvm.dll+0x5fb080]
V  [jvm.dll+0x5fb818]
C  [ntdll.dll+0xa10ff]
C  [ntdll.dll+0x4b474]
C  [ntdll.dll+0x9fc2e]
C  0x000001f4a1d3112d

VM_Operation (0x0000009df0af9c40): G1CollectForAllocation, mode: safepoint, requested by thread 0x000001f4b8f17800


---------------  P R O C E S S  ---------------

Threads class SMR info:
_java_thread_list=0x000001f4bafcc320, length=95, elements={
0x000001f49e229800, 0x000001f4b7e4d800, 0x000001f4b7e51000, 0x000001f4b86b7800,
0x000001f4b86b9800, 0x000001f4b86ba800, 0x000001f4b86bd800, 0x000001f4b86c2800,
0x000001f4b86c4800, 0x000001f4b8827800, 0x000001f4baa63000, 0x000001f4baeb9800,
0x000001f4ba85e800, 0x000001f4bb00f800, 0x000001f4ba288800, 0x000001f4bb270000,
0x000001f4b996b000, 0x000001f4bbbab800, 0x000001f4ba034000, 0x000001f4baed7800,
0x000001f4baed8800, 0x000001f4baedb000, 0x000001f4baedc800, 0x000001f4bb373000,
0x000001f4baede000, 0x000001f4baedc000, 0x000001f4baed9800, 0x000001f4baedd800,
0x000001f4baeda000, 0x000001f4bc1ea000, 0x000001f4bc1eb800, 0x000001f4bc1ec800,
0x000001f4bc1ef800, 0x000001f4bc1eb000, 0x000001f4bc1ee000, 0x000001f4bc1ef000,
0x000001f4bda55800, 0x000001f4bda56000, 0x000001f4bda57000, 0x000001f4bda58000,
0x000001f4bda53000, 0x000001f4bda54800, 0x000001f4bda58800, 0x000001f4bda59800,
0x000001f4bda53800, 0x000001f4bda60000, 0x000001f4bda5d800, 0x000001f4bda5a800,
0x000001f4bda5e800, 0x000001f4bda61000, 0x000001f4bda5f000, 0x000001f4bda5b000,
0x000001f4bda61800, 0x000001f4bda5c000, 0x000001f4bda5c800, 0x000001f4b8e18000,
0x000001f4b8e19000, 0x000001f4b8e19800, 0x000001f4b8e1a800, 0x000001f4b8e17000,
0x000001f4b8e14800, 0x000001f4b8e16800, 0x000001f4b8e1b000, 0x000001f4b8e15800,
0x000001f4b8e22000, 0x000001f4b8e1e800, 0x000001f4b8e1c000, 0x000001f4b8e1d800,
0x000001f4b8e22800, 0x000001f4b8e1f800, 0x000001f4b8e20000, 0x000001f4b8e21000,
0x000001f4b8e1d000, 0x000001f4b8e23800, 0x000001f4b8f0e800, 0x000001f4b8f0e000,
0x000001f4b8f0d000, 0x000001f4b8f0b800, 0x000001f4b8f0c000, 0x000001f4b8f0f800,
0x000001f4b8f0a000, 0x000001f4b8f14800, 0x000001f4b8f15000, 0x000001f4b8f16000,
0x000001f4b8f10800, 0x000001f4b8f17000, 0x000001f4b8f11000, 0x000001f4b8f17800,
0x000001f4b8f12000, 0x000001f4b8f18800, 0x000001f4b8f13000, 0x000001f4c4678800,
0x000001f4c467c000, 0x000001f4c4679800, 0x000001f4c467b000
}

Java Threads: ( => current thread )
  0x000001f49e229800 JavaThread "main" [_thread_blocked, id=18812, stack(0x0000009dea900000,0x0000009deaa00000)]
  0x000001f4b7e4d800 JavaThread "Reference Handler" daemon [_thread_blocked, id=10120, stack(0x0000009deb000000,0x0000009deb100000)]
  0x000001f4b7e51000 JavaThread "Finalizer" daemon [_thread_blocked, id=17908, stack(0x0000009deb100000,0x0000009deb200000)]
  0x000001f4b86b7800 JavaThread "Signal Dispatcher" daemon [_thread_blocked, id=2532, stack(0x0000009deb200000,0x0000009deb300000)]
  0x000001f4b86b9800 JavaThread "Attach Listener" daemon [_thread_blocked, id=14184, stack(0x0000009deb300000,0x0000009deb400000)]
  0x000001f4b86ba800 JavaThread "Service Thread" daemon [_thread_blocked, id=6148, stack(0x0000009deb400000,0x0000009deb500000)]
  0x000001f4b86bd800 JavaThread "C2 CompilerThread0" daemon [_thread_blocked, id=3068, stack(0x0000009deb500000,0x0000009deb600000)]
  0x000001f4b86c2800 JavaThread "C1 CompilerThread0" daemon [_thread_blocked, id=6940, stack(0x0000009deb600000,0x0000009deb700000)]
  0x000001f4b86c4800 JavaThread "Sweeper thread" daemon [_thread_blocked, id=17844, stack(0x0000009deb700000,0x0000009deb800000)]
  0x000001f4b8827800 JavaThread "Common-Cleaner" daemon [_thread_blocked, id=17028, stack(0x0000009deb800000,0x0000009deb900000)]
  0x000001f4baa63000 JavaThread "Daemon health stats" [_thread_blocked, id=10840, stack(0x0000009debe00000,0x0000009debf00000)]
  0x000001f4baeb9800 JavaThread "Incoming local TCP Connector on port 49453" [_thread_in_native, id=18928, stack(0x0000009deba00000,0x0000009debb00000)]
  0x000001f4ba85e800 JavaThread "Daemon periodic checks" [_thread_blocked, id=20128, stack(0x0000009debf00000,0x0000009dec000000)]
  0x000001f4bb00f800 JavaThread "Daemon" [_thread_blocked, id=10620, stack(0x0000009dec000000,0x0000009dec100000)]
  0x000001f4ba288800 JavaThread "Handler for socket connection from /127.0.0.1:49453 to /127.0.0.1:49454" [_thread_in_native, id=19804, stack(0x0000009dec100000,0x0000009dec200000)]
  0x000001f4bb270000 JavaThread "Cancel handler" [_thread_blocked, id=13536, stack(0x0000009dec200000,0x0000009dec300000)]
  0x000001f4b996b000 JavaThread "Daemon worker" [_thread_blocked, id=20372, stack(0x0000009dec300000,0x0000009dec400000)]
  0x000001f4bbbab800 JavaThread "Asynchronous log dispatcher for DefaultDaemonConnection: socket connection from /127.0.0.1:49453 to /127.0.0.1:49454" [_thread_blocked, id=4364, stack(0x0000009dec400000,0x0000009dec500000)]
  0x000001f4ba034000 JavaThread "Stdin handler" [_thread_blocked, id=12796, stack(0x0000009dec500000,0x0000009dec600000)]
  0x000001f4baed7800 JavaThread "Daemon client event forwarder" [_thread_blocked, id=12304, stack(0x0000009dec600000,0x0000009dec700000)]
  0x000001f4baed8800 JavaThread "Cache worker for journal cache (C:\Users\TECH TOOL\Downloads\gradle-7.5.1\caches\journal-1)" [_thread_blocked, id=3000, stack(0x0000009dec700000,0x0000009dec800000)]
  0x000001f4baedb000 JavaThread "File lock request listener" [_thread_in_native, id=14116, stack(0x0000009dec800000,0x0000009dec900000)]
  0x000001f4baedc800 JavaThread "Cache worker for file hash cache (C:\Users\TECH TOOL\Downloads\gradle-7.5.1\caches\7.3.3\fileHashes)" [_thread_blocked, id=11316, stack(0x0000009dec900000,0x0000009deca00000)]
  0x000001f4bb373000 JavaThread "C2 CompilerThread1" daemon [_thread_blocked, id=20460, stack(0x0000009deca00000,0x0000009decb00000)]
  0x000001f4baede000 JavaThread "Cache worker for file hash cache (D:\Final Project HDSE\CyGo-App\.gradle\7.3.3\fileHashes)" [_thread_blocked, id=8608, stack(0x0000009decb00000,0x0000009decc00000)]
  0x000001f4baedc000 JavaThread "File watcher server" daemon [_thread_blocked, id=11992, stack(0x0000009decc00000,0x0000009decd00000)]
  0x000001f4baed9800 JavaThread "File watcher consumer" daemon [_thread_blocked, id=6160, stack(0x0000009decd00000,0x0000009dece00000)]
  0x000001f4baedd800 JavaThread "Cache worker for checksums cache (D:\Final Project HDSE\CyGo-App\.gradle\7.3.3\checksums)" [_thread_blocked, id=13044, stack(0x0000009dece00000,0x0000009decf00000)]
  0x000001f4baeda000 JavaThread "Cache worker for cache directory md-supplier (C:\Users\TECH TOOL\Downloads\gradle-7.5.1\caches\7.3.3\md-supplier)" [_thread_blocked, id=15780, stack(0x0000009decf00000,0x0000009ded000000)]
  0x000001f4bc1ea000 JavaThread "Cache worker for cache directory md-rule (C:\Users\TECH TOOL\Downloads\gradle-7.5.1\caches\7.3.3\md-rule)" [_thread_blocked, id=14440, stack(0x0000009ded000000,0x0000009ded100000)]
  0x000001f4bc1eb800 JavaThread "Cache worker for execution history cache (C:\Users\TECH TOOL\Downloads\gradle-7.5.1\caches\7.3.3\executionHistory)" [_thread_blocked, id=13880, stack(0x0000009ded100000,0x0000009ded200000)]
  0x000001f4bc1ec800 JavaThread "jar transforms" [_thread_blocked, id=18248, stack(0x0000009ded200000,0x0000009ded300000)]
  0x000001f4bc1ef800 JavaThread "Cache worker for file content cache (C:\Users\TECH TOOL\Downloads\gradle-7.5.1\caches\7.3.3\fileContent)" [_thread_blocked, id=8860, stack(0x0000009ded300000,0x0000009ded400000)]
  0x000001f4bc1eb000 JavaThread "jar transforms Thread 2" [_thread_blocked, id=13540, stack(0x0000009ded400000,0x0000009ded500000)]
  0x000001f4bc1ee000 JavaThread "Cache worker for dependencies-accessors (D:\Final Project HDSE\CyGo-App\.gradle\7.3.3\dependencies-accessors)" [_thread_blocked, id=19448, stack(0x0000009ded500000,0x0000009ded600000)]
  0x000001f4bc1ef000 JavaThread "jar transforms Thread 3" [_thread_blocked, id=6116, stack(0x0000009ded600000,0x0000009ded700000)]
  0x000001f4bda55800 JavaThread "Cache worker for Build Output Cleanup Cache (D:\Final Project HDSE\CyGo-App\.gradle\buildOutputCleanup)" [_thread_blocked, id=3884, stack(0x0000009ded700000,0x0000009ded800000)]
  0x000001f4bda56000 JavaThread "Unconstrained build operations" [_thread_blocked, id=4844, stack(0x0000009ded800000,0x0000009ded900000)]
  0x000001f4bda57000 JavaThread "Unconstrained build operations Thread 2" [_thread_blocked, id=19260, stack(0x0000009ded900000,0x0000009deda00000)]
  0x000001f4bda58000 JavaThread "Unconstrained build operations Thread 3" [_thread_blocked, id=6068, stack(0x0000009deda00000,0x0000009dedb00000)]
  0x000001f4bda53000 JavaThread "Unconstrained build operations Thread 4" [_thread_blocked, id=19620, stack(0x0000009dedb00000,0x0000009dedc00000)]
  0x000001f4bda54800 JavaThread "Unconstrained build operations Thread 5" [_thread_blocked, id=13104, stack(0x0000009dedc00000,0x0000009dedd00000)]
  0x000001f4bda58800 JavaThread "Unconstrained build operations Thread 6" [_thread_blocked, id=4136, stack(0x0000009dedd00000,0x0000009dede00000)]
  0x000001f4bda59800 JavaThread "Unconstrained build operations Thread 7" [_thread_blocked, id=12192, stack(0x0000009dede00000,0x0000009dedf00000)]
  0x000001f4bda53800 JavaThread "Unconstrained build operations Thread 8" [_thread_blocked, id=4904, stack(0x0000009dedf00000,0x0000009dee000000)]
  0x000001f4bda60000 JavaThread "Unconstrained build operations Thread 9" [_thread_blocked, id=15352, stack(0x0000009dee000000,0x0000009dee100000)]
  0x000001f4bda5d800 JavaThread "Unconstrained build operations Thread 10" [_thread_blocked, id=14956, stack(0x0000009dee100000,0x0000009dee200000)]
  0x000001f4bda5a800 JavaThread "Unconstrained build operations Thread 11" [_thread_blocked, id=13296, stack(0x0000009dee200000,0x0000009dee300000)]
  0x000001f4bda5e800 JavaThread "Unconstrained build operations Thread 12" [_thread_blocked, id=6020, stack(0x0000009dee300000,0x0000009dee400000)]
  0x000001f4bda61000 JavaThread "Unconstrained build operations Thread 13" [_thread_blocked, id=18796, stack(0x0000009dee400000,0x0000009dee500000)]
  0x000001f4bda5f000 JavaThread "Unconstrained build operations Thread 14" [_thread_blocked, id=4500, stack(0x0000009dee500000,0x0000009dee600000)]
  0x000001f4bda5b000 JavaThread "Unconstrained build operations Thread 15" [_thread_blocked, id=11692, stack(0x0000009dee600000,0x0000009dee700000)]
  0x000001f4bda61800 JavaThread "Unconstrained build operations Thread 16" [_thread_blocked, id=19472, stack(0x0000009dee700000,0x0000009dee800000)]
  0x000001f4bda5c000 JavaThread "Unconstrained build operations Thread 17" [_thread_blocked, id=7916, stack(0x0000009dee800000,0x0000009dee900000)]
  0x000001f4bda5c800 JavaThread "Unconstrained build operations Thread 18" [_thread_blocked, id=12968, stack(0x0000009dee900000,0x0000009deea00000)]
  0x000001f4b8e18000 JavaThread "Unconstrained build operations Thread 19" [_thread_blocked, id=8244, stack(0x0000009deea00000,0x0000009deeb00000)]
  0x000001f4b8e19000 JavaThread "Unconstrained build operations Thread 20" [_thread_blocked, id=11548, stack(0x0000009deeb00000,0x0000009deec00000)]
  0x000001f4b8e19800 JavaThread "Unconstrained build operations Thread 21" [_thread_blocked, id=3720, stack(0x0000009deec00000,0x0000009deed00000)]
  0x000001f4b8e1a800 JavaThread "Unconstrained build operations Thread 22" [_thread_blocked, id=764, stack(0x0000009deed00000,0x0000009deee00000)]
  0x000001f4b8e17000 JavaThread "Unconstrained build operations Thread 23" [_thread_blocked, id=15452, stack(0x0000009deee00000,0x0000009deef00000)]
  0x000001f4b8e14800 JavaThread "Unconstrained build operations Thread 24" [_thread_blocked, id=15436, stack(0x0000009deef00000,0x0000009def000000)]
  0x000001f4b8e16800 JavaThread "Unconstrained build operations Thread 25" [_thread_blocked, id=17924, stack(0x0000009def000000,0x0000009def100000)]
  0x000001f4b8e1b000 JavaThread "Unconstrained build operations Thread 26" [_thread_blocked, id=10504, stack(0x0000009def100000,0x0000009def200000)]
  0x000001f4b8e15800 JavaThread "Unconstrained build operations Thread 27" [_thread_blocked, id=7400, stack(0x0000009def200000,0x0000009def300000)]
  0x000001f4b8e22000 JavaThread "Unconstrained build operations Thread 28" [_thread_blocked, id=9408, stack(0x0000009def300000,0x0000009def400000)]
  0x000001f4b8e1e800 JavaThread "Unconstrained build operations Thread 29" [_thread_blocked, id=4064, stack(0x0000009def400000,0x0000009def500000)]
  0x000001f4b8e1c000 JavaThread "Unconstrained build operations Thread 30" [_thread_blocked, id=19572, stack(0x0000009def500000,0x0000009def600000)]
  0x000001f4b8e1d800 JavaThread "Unconstrained build operations Thread 31" [_thread_blocked, id=12248, stack(0x0000009def600000,0x0000009def700000)]
  0x000001f4b8e22800 JavaThread "Unconstrained build operations Thread 32" [_thread_blocked, id=20260, stack(0x0000009def700000,0x0000009def800000)]
  0x000001f4b8e1f800 JavaThread "Unconstrained build operations Thread 33" [_thread_blocked, id=7604, stack(0x0000009def800000,0x0000009def900000)]
  0x000001f4b8e20000 JavaThread "Unconstrained build operations Thread 34" [_thread_blocked, id=12816, stack(0x0000009def900000,0x0000009defa00000)]
  0x000001f4b8e21000 JavaThread "Unconstrained build operations Thread 35" [_thread_blocked, id=12372, stack(0x0000009defa00000,0x0000009defb00000)]
  0x000001f4b8e1d000 JavaThread "Unconstrained build operations Thread 36" [_thread_blocked, id=18808, stack(0x0000009defb00000,0x0000009defc00000)]
  0x000001f4b8e23800 JavaThread "Unconstrained build operations Thread 37" [_thread_blocked, id=19944, stack(0x0000009defc00000,0x0000009defd00000)]
  0x000001f4b8f0e800 JavaThread "Unconstrained build operations Thread 38" [_thread_blocked, id=12648, stack(0x0000009defd00000,0x0000009defe00000)]
  0x000001f4b8f0e000 JavaThread "Unconstrained build operations Thread 39" [_thread_blocked, id=684, stack(0x0000009defe00000,0x0000009deff00000)]
  0x000001f4b8f0d000 JavaThread "Unconstrained build operations Thread 40" [_thread_blocked, id=19512, stack(0x0000009deff00000,0x0000009df0000000)]
  0x000001f4b8f0b800 JavaThread "jar transforms Thread 4" [_thread_blocked, id=9028, stack(0x0000009df0000000,0x0000009df0100000)]
  0x000001f4b8f0c000 JavaThread "Memory manager" [_thread_blocked, id=8636, stack(0x0000009df0100000,0x0000009df0200000)]
  0x000001f4b8f0f800 JavaThread "build event listener" [_thread_blocked, id=19168, stack(0x0000009df0200000,0x0000009df0300000)]
  0x000001f4b8f0a000 JavaThread "Execution worker for ':'" [_thread_blocked, id=8504, stack(0x0000009df0300000,0x0000009df0400000)]
  0x000001f4b8f14800 JavaThread "Execution worker for ':' Thread 2" [_thread_blocked, id=1032, stack(0x0000009df0400000,0x0000009df0500000)]
  0x000001f4b8f15000 JavaThread "Execution worker for ':' Thread 3" [_thread_blocked, id=13564, stack(0x0000009df0500000,0x0000009df0600000)]
  0x000001f4b8f16000 JavaThread "Cache worker for execution history cache (D:\Final Project HDSE\CyGo-App\.gradle\7.3.3\executionHistory)" [_thread_blocked, id=4836, stack(0x0000009df0600000,0x0000009df0700000)]
  0x000001f4b8f10800 JavaThread "WorkerExecutor Queue" [_thread_blocked, id=16796, stack(0x0000009df0700000,0x0000009df0800000)]
  0x000001f4b8f17000 JavaThread "WorkerExecutor Queue Thread 2" [_thread_blocked, id=15244, stack(0x0000009df0800000,0x0000009df0900000)]
  0x000001f4b8f11000 JavaThread "WorkerExecutor Queue Thread 3" [_thread_blocked, id=1048, stack(0x0000009df0900000,0x0000009df0a00000)]
  0x000001f4b8f17800 JavaThread "WorkerExecutor Queue Thread 4" [_thread_blocked, id=9532, stack(0x0000009df0a00000,0x0000009df0b00000)]
  0x000001f4b8f12000 JavaThread "pool-3-thread-1" [_thread_blocked, id=17328, stack(0x0000009df0c00000,0x0000009df0d00000)]
  0x000001f4b8f18800 JavaThread "stderr" [_thread_in_native, id=12568, stack(0x0000009df0d00000,0x0000009df0e00000)]
  0x000001f4b8f13000 JavaThread "stdout" [_thread_in_native, id=7436, stack(0x0000009df0e00000,0x0000009df0f00000)]
  0x000001f4c4678800 JavaThread "ForkJoinPool-1-worker-3" daemon [_thread_blocked, id=19984, stack(0x0000009df0f00000,0x0000009df1000000)]
  0x000001f4c467c000 JavaThread "ForkJoinPool-1-worker-5" daemon [_thread_blocked, id=17868, stack(0x0000009df1000000,0x0000009df1100000)]
  0x000001f4c4679800 JavaThread "ForkJoinPool-1-worker-7" daemon [_thread_blocked, id=8020, stack(0x0000009df1100000,0x0000009df1200000)]
  0x000001f4c467b000 JavaThread "ForkJoinPool-1-worker-1" daemon [_thread_blocked, id=11480, stack(0x0000009df1200000,0x0000009df1300000)]

Other Threads:
=>0x000001f4b8665000 VMThread "VM Thread" [stack: 0x0000009deaf00000,0x0000009deb000000] [id=8348]
  0x000001f4b8856000 WatcherThread [stack: 0x0000009deb900000,0x0000009deba00000] [id=8344]
  0x000001f49e241800 GCTaskThread "GC Thread#0" [stack: 0x0000009deaa00000,0x0000009deab00000] [id=16356]
  0x000001f4b91a9800 GCTaskThread "GC Thread#1" [stack: 0x0000009debb00000,0x0000009debc00000] [id=18400]
  0x000001f4b91aa000 GCTaskThread "GC Thread#2" [stack: 0x0000009debc00000,0x0000009debd00000] [id=17364]
  0x000001f4b92e2000 GCTaskThread "GC Thread#3" [stack: 0x0000009debd00000,0x0000009debe00000] [id=8208]
  0x000001f49e273800 ConcurrentGCThread "G1 Main Marker" [stack: 0x0000009deab00000,0x0000009deac00000] [id=8360]
  0x000001f49e275800 ConcurrentGCThread "G1 Conc#0" [stack: 0x0000009deac00000,0x0000009dead00000] [id=20344]
  0x000001f49e2fd800 ConcurrentGCThread "G1 Refine#0" [stack: 0x0000009dead00000,0x0000009deae00000] [id=10544]
  0x000001f4c1ab6000 ConcurrentGCThread "G1 Refine#1" [stack: 0x0000009df1300000,0x0000009df1400000] [id=16884]
  0x000001f4c1ab8800 ConcurrentGCThread "G1 Refine#2" [stack: 0x0000009df1400000,0x0000009df1500000] [id=17692]
  0x000001f4c1aba000 ConcurrentGCThread "G1 Refine#3" [stack: 0x0000009df1500000,0x0000009df1600000] [id=15960]
  0x000001f4b7c9e800 ConcurrentGCThread "G1 Young RemSet Sampling" [stack: 0x0000009deae00000,0x0000009deaf00000] [id=17984]

Threads with active compile tasks:
C2 CompilerThread0  16141 12334       4       com.android.tools.r8.graph.L2$$Lambda$1172/0x0000000100cf8840::accept (16 bytes)
C2 CompilerThread1  16141 12337       4       com.android.tools.r8.graph.L2::b (18 bytes)

VM state:at safepoint (normal execution)

VM Mutex/Monitor currently owned by a thread:  ([mutex/lock_event])
[0x000001f49e2262a0] Threads_lock - owner thread: 0x000001f4b8665000
[0x000001f49e2268d0] Heap_lock - owner thread: 0x000001f4b8f17800

Heap address: 0x0000000080000000, size: 2048 MB, Compressed Oops mode: 32-bit
Narrow klass base: 0x0000000000000000, Narrow klass shift: 3
Compressed class space size: 1073741824 Address: 0x0000000100000000

Heap:
 garbage-first heap   total 428032K, used 180224K [0x0000000080000000, 0x0000000100000000)
  region size 1024K, 6 young (6144K), 6 survivors (6144K)
 Metaspace       used 97747K, capacity 100345K, committed 100480K, reserved 1136640K
  class space    used 12873K, capacity 13861K, committed 13952K, reserved 1048576K
Heap Regions: E=young(eden), S=young(survivor), O=old, HS=humongous(starts), HC=humongous(continues), CS=collection set, F=free, A=archive, TAMS=top-at-mark-start (previous, next)
|   0|0x0000000080000000, 0x0000000080100000, 0x0000000080100000|100%|HS|  |TAMS 0x0000000080100000, 0x0000000080100000| Complete 
|   1|0x0000000080100000, 0x0000000080200000, 0x0000000080200000|100%|HC|  |TAMS 0x0000000080200000, 0x0000000080200000| Complete 
|   2|0x0000000080200000, 0x0000000080300000, 0x0000000080300000|100%|HC|  |TAMS 0x0000000080300000, 0x0000000080300000| Complete 
|   3|0x0000000080300000, 0x0000000080400000, 0x0000000080400000|100%| O|  |TAMS 0x0000000080400000, 0x0000000080400000| Untracked 
|   4|0x0000000080400000, 0x0000000080500000, 0x0000000080500000|100%| O|  |TAMS 0x0000000080500000, 0x0000000080500000| Untracked 
|   5|0x0000000080500000, 0x0000000080600000, 0x0000000080600000|100%| O|  |TAMS 0x0000000080600000, 0x0000000080600000| Untracked 
|   6|0x0000000080600000, 0x0000000080700000, 0x0000000080700000|100%| O|  |TAMS 0x0000000080700000, 0x0000000080700000| Untracked 
|   7|0x0000000080700000, 0x0000000080800000, 0x0000000080800000|100%| O|  |TAMS 0x0000000080800000, 0x0000000080800000| Untracked 
|   8|0x0000000080800000, 0x0000000080900000, 0x0000000080900000|100%| O|  |TAMS 0x0000000080900000, 0x0000000080900000| Untracked 
|   9|0x0000000080900000, 0x0000000080a00000, 0x0000000080a00000|100%| O|  |TAMS 0x0000000080a00000, 0x0000000080a00000| Untracked 
|  10|0x0000000080a00000, 0x0000000080b00000, 0x0000000080b00000|100%| O|  |TAMS 0x0000000080b00000, 0x0000000080b00000| Untracked 
|  11|0x0000000080b00000, 0x0000000080c00000, 0x0000000080c00000|100%| O|  |TAMS 0x0000000080c00000, 0x0000000080c00000| Untracked 
|  12|0x0000000080c00000, 0x0000000080d00000, 0x0000000080d00000|100%| O|  |TAMS 0x0000000080d00000, 0x0000000080d00000| Untracked 
|  13|0x0000000080d00000, 0x0000000080e00000, 0x0000000080e00000|100%| O|  |TAMS 0x0000000080e00000, 0x0000000080e00000| Untracked 
|  14|0x0000000080e00000, 0x0000000080f00000, 0x0000000080f00000|100%| O|  |TAMS 0x0000000080f00000, 0x0000000080f00000| Untracked 
|  15|0x0000000080f00000, 0x0000000081000000, 0x0000000081000000|100%| O|  |TAMS 0x0000000081000000, 0x0000000081000000| Untracked 
|  16|0x0000000081000000, 0x0000000081100000, 0x0000000081100000|100%| O|  |TAMS 0x0000000081100000, 0x0000000081100000| Untracked 
|  17|0x0000000081100000, 0x0000000081200000, 0x0000000081200000|100%| O|  |TAMS 0x0000000081200000, 0x0000000081200000| Untracked 
|  18|0x0000000081200000, 0x0000000081300000, 0x0000000081300000|100%| O|  |TAMS 0x0000000081300000, 0x0000000081300000| Untracked 
|  19|0x0000000081300000, 0x0000000081400000, 0x0000000081400000|100%| O|  |TAMS 0x0000000081400000, 0x0000000081400000| Untracked 
|  20|0x0000000081400000, 0x0000000081500000, 0x0000000081500000|100%| O|  |TAMS 0x0000000081500000, 0x0000000081500000| Untracked 
|  21|0x0000000081500000, 0x0000000081600000, 0x0000000081600000|100%| O|  |TAMS 0x0000000081600000, 0x0000000081600000| Untracked 
|  22|0x0000000081600000, 0x0000000081700000, 0x0000000081700000|100%| O|  |TAMS 0x0000000081700000, 0x0000000081700000| Untracked 
|  23|0x0000000081700000, 0x0000000081800000, 0x0000000081800000|100%|HS|  |TAMS 0x0000000081800000, 0x0000000081800000| Complete 
|  24|0x0000000081800000, 0x0000000081900000, 0x0000000081900000|100%|HS|  |TAMS 0x0000000081900000, 0x0000000081900000| Complete 
|  25|0x0000000081900000, 0x0000000081a00000, 0x0000000081a00000|100%|HS|  |TAMS 0x0000000081a00000, 0x0000000081a00000| Complete 
|  26|0x0000000081a00000, 0x0000000081b00000, 0x0000000081b00000|100%|HC|  |TAMS 0x0000000081b00000, 0x0000000081b00000| Complete 
|  27|0x0000000081b00000, 0x0000000081c00000, 0x0000000081c00000|100%| O|  |TAMS 0x0000000081c00000, 0x0000000081c00000| Untracked 
|  28|0x0000000081c00000, 0x0000000081d00000, 0x0000000081d00000|100%| O|  |TAMS 0x0000000081d00000, 0x0000000081d00000| Untracked 
|  29|0x0000000081d00000, 0x0000000081e00000, 0x0000000081e00000|100%| O|  |TAMS 0x0000000081e00000, 0x0000000081e00000| Untracked 
|  30|0x0000000081e00000, 0x0000000081f00000, 0x0000000081f00000|100%| O|  |TAMS 0x0000000081f00000, 0x0000000081f00000| Untracked 
|  31|0x0000000081f00000, 0x0000000082000000, 0x0000000082000000|100%| O|  |TAMS 0x0000000082000000, 0x0000000082000000| Untracked 
|  32|0x0000000082000000, 0x0000000082100000, 0x0000000082100000|100%| O|  |TAMS 0x0000000082100000, 0x0000000082100000| Untracked 
|  33|0x0000000082100000, 0x0000000082200000, 0x0000000082200000|100%| O|  |TAMS 0x0000000082200000, 0x0000000082200000| Untracked 
|  34|0x0000000082200000, 0x0000000082300000, 0x0000000082300000|100%| O|  |TAMS 0x0000000082300000, 0x0000000082300000| Untracked 
|  35|0x0000000082300000, 0x0000000082400000, 0x0000000082400000|100%| O|  |TAMS 0x0000000082400000, 0x0000000082400000| Untracked 
|  36|0x0000000082400000, 0x0000000082500000, 0x0000000082500000|100%| O|  |TAMS 0x0000000082500000, 0x0000000082500000| Untracked 
|  37|0x0000000082500000, 0x0000000082600000, 0x0000000082600000|100%| O|  |TAMS 0x0000000082600000, 0x0000000082600000| Untracked 
|  38|0x0000000082600000, 0x0000000082700000, 0x0000000082700000|100%| O|  |TAMS 0x0000000082700000, 0x0000000082700000| Untracked 
|  39|0x0000000082700000, 0x0000000082800000, 0x0000000082800000|100%| O|  |TAMS 0x0000000082800000, 0x0000000082800000| Untracked 
|  40|0x0000000082800000, 0x0000000082900000, 0x0000000082900000|100%| O|  |TAMS 0x0000000082900000, 0x0000000082900000| Untracked 
|  41|0x0000000082900000, 0x0000000082a00000, 0x0000000082a00000|100%| O|  |TAMS 0x0000000082a00000, 0x0000000082a00000| Untracked 
|  42|0x0000000082a00000, 0x0000000082b00000, 0x0000000082b00000|100%| O|  |TAMS 0x0000000082b00000, 0x0000000082b00000| Untracked 
|  43|0x0000000082b00000, 0x0000000082c00000, 0x0000000082c00000|100%| O|  |TAMS 0x0000000082c00000, 0x0000000082c00000| Untracked 
|  44|0x0000000082c00000, 0x0000000082d00000, 0x0000000082d00000|100%| O|  |TAMS 0x0000000082d00000, 0x0000000082d00000| Untracked 
|  45|0x0000000082d00000, 0x0000000082e00000, 0x0000000082e00000|100%| O|  |TAMS 0x0000000082e00000, 0x0000000082e00000| Untracked 
|  46|0x0000000082e00000, 0x0000000082f00000, 0x0000000082f00000|100%| O|  |TAMS 0x0000000082f00000, 0x0000000082f00000| Untracked 
|  47|0x0000000082f00000, 0x0000000083000000, 0x0000000083000000|100%| O|  |TAMS 0x0000000083000000, 0x0000000083000000| Untracked 
|  48|0x0000000083000000, 0x0000000083100000, 0x0000000083100000|100%| O|  |TAMS 0x0000000083100000, 0x0000000083100000| Untracked 
|  49|0x0000000083100000, 0x0000000083200000, 0x0000000083200000|100%| O|  |TAMS 0x0000000083200000, 0x0000000083200000| Untracked 
|  50|0x0000000083200000, 0x0000000083300000, 0x0000000083300000|100%| O|  |TAMS 0x0000000083300000, 0x0000000083300000| Untracked 
|  51|0x0000000083300000, 0x0000000083400000, 0x0000000083400000|100%| O|  |TAMS 0x0000000083400000, 0x0000000083400000| Untracked 
|  52|0x0000000083400000, 0x0000000083500000, 0x0000000083500000|100%| O|  |TAMS 0x0000000083500000, 0x0000000083500000| Untracked 
|  53|0x0000000083500000, 0x0000000083600000, 0x0000000083600000|100%| O|  |TAMS 0x0000000083600000, 0x0000000083600000| Untracked 
|  54|0x0000000083600000, 0x0000000083700000, 0x0000000083700000|100%| O|  |TAMS 0x000000008363e800, 0x0000000083700000| Untracked 
|  55|0x0000000083700000, 0x0000000083800000, 0x0000000083800000|100%| O|  |TAMS 0x0000000083700000, 0x0000000083800000| Untracked 
|  56|0x0000000083800000, 0x0000000083900000, 0x0000000083900000|100%| O|  |TAMS 0x0000000083800000, 0x0000000083900000| Untracked 
|  57|0x0000000083900000, 0x0000000083a00000, 0x0000000083a00000|100%| O|  |TAMS 0x0000000083900000, 0x0000000083a00000| Untracked 
|  58|0x0000000083a00000, 0x0000000083b00000, 0x0000000083b00000|100%|HS|  |TAMS 0x0000000083a00000, 0x0000000083b00000| Complete 
|  59|0x0000000083b00000, 0x0000000083c00000, 0x0000000083c00000|100%|HC|  |TAMS 0x0000000083b00000, 0x0000000083c00000| Complete 
|  60|0x0000000083c00000, 0x0000000083d00000, 0x0000000083d00000|100%|HS|  |TAMS 0x0000000083c00000, 0x0000000083d00000| Complete 
|  61|0x0000000083d00000, 0x0000000083e00000, 0x0000000083e00000|100%|HS|  |TAMS 0x0000000083d00000, 0x0000000083e00000| Complete 
|  62|0x0000000083e00000, 0x0000000083f00000, 0x0000000083f00000|100%|HS|  |TAMS 0x0000000083e00000, 0x0000000083f00000| Complete 
|  63|0x0000000083f00000, 0x0000000084000000, 0x0000000084000000|100%|HC|  |TAMS 0x0000000083f00000, 0x0000000084000000| Complete 
|  64|0x0000000084000000, 0x0000000084100000, 0x0000000084100000|100%|HS|  |TAMS 0x0000000084000000, 0x0000000084100000| Complete 
|  65|0x0000000084100000, 0x0000000084200000, 0x0000000084200000|100%|HC|  |TAMS 0x0000000084100000, 0x0000000084200000| Complete 
|  66|0x0000000084200000, 0x0000000084300000, 0x0000000084300000|100%|HS|  |TAMS 0x0000000084200000, 0x0000000084300000| Complete 
|  67|0x0000000084300000, 0x0000000084400000, 0x0000000084400000|100%|HC|  |TAMS 0x0000000084300000, 0x0000000084400000| Complete 
|  68|0x0000000084400000, 0x0000000084500000, 0x0000000084500000|100%|HC|  |TAMS 0x0000000084400000, 0x0000000084500000| Complete 
|  69|0x0000000084500000, 0x0000000084600000, 0x0000000084600000|100%|HS|  |TAMS 0x0000000084500000, 0x0000000084600000| Complete 
|  70|0x0000000084600000, 0x0000000084700000, 0x0000000084700000|100%|HS|  |TAMS 0x0000000084600000, 0x0000000084700000| Complete 
|  71|0x0000000084700000, 0x0000000084800000, 0x0000000084800000|100%| O|  |TAMS 0x0000000084700000, 0x0000000084800000| Untracked 
|  72|0x0000000084800000, 0x0000000084900000, 0x0000000084900000|100%|HS|  |TAMS 0x0000000084800000, 0x0000000084900000| Complete 
|  73|0x0000000084900000, 0x0000000084a00000, 0x0000000084a00000|100%|HC|  |TAMS 0x0000000084900000, 0x0000000084a00000| Complete 
|  74|0x0000000084a00000, 0x0000000084b00000, 0x0000000084b00000|100%| O|  |TAMS 0x0000000084a00000, 0x0000000084b00000| Untracked 
|  75|0x0000000084b00000, 0x0000000084c00000, 0x0000000084c00000|100%|HS|  |TAMS 0x0000000084b00000, 0x0000000084c00000| Complete 
|  76|0x0000000084c00000, 0x0000000084d00000, 0x0000000084d00000|100%| O|  |TAMS 0x0000000084c00000, 0x0000000084d00000| Untracked 
|  77|0x0000000084d00000, 0x0000000084e00000, 0x0000000084e00000|100%|HS|  |TAMS 0x0000000084d00000, 0x0000000084e00000| Complete 
|  78|0x0000000084e00000, 0x0000000084f00000, 0x0000000084f00000|100%| O|  |TAMS 0x0000000084e00000, 0x0000000084f00000| Untracked 
|  79|0x0000000084f00000, 0x0000000085000000, 0x0000000085000000|100%| O|  |TAMS 0x0000000084f00000, 0x0000000085000000| Untracked 
|  80|0x0000000085000000, 0x0000000085100000, 0x0000000085100000|100%| O|  |TAMS 0x0000000085000000, 0x0000000085100000| Untracked 
|  81|0x0000000085100000, 0x0000000085200000, 0x0000000085200000|100%|HS|  |TAMS 0x0000000085100000, 0x0000000085200000| Complete 
|  82|0x0000000085200000, 0x0000000085300000, 0x0000000085300000|100%|HC|  |TAMS 0x0000000085200000, 0x0000000085300000| Complete 
|  83|0x0000000085300000, 0x0000000085400000, 0x0000000085400000|100%| O|  |TAMS 0x0000000085300000, 0x0000000085400000| Untracked 
|  84|0x0000000085400000, 0x0000000085500000, 0x0000000085500000|100%| O|  |TAMS 0x0000000085400000, 0x0000000085500000| Untracked 
|  85|0x0000000085500000, 0x0000000085600000, 0x0000000085600000|100%| O|  |TAMS 0x0000000085500000, 0x0000000085600000| Untracked 
|  86|0x0000000085600000, 0x0000000085700000, 0x0000000085700000|100%|HS|  |TAMS 0x0000000085600000, 0x0000000085700000| Complete 
|  87|0x0000000085700000, 0x0000000085800000, 0x0000000085800000|100%|HC|  |TAMS 0x0000000085700000, 0x0000000085800000| Complete 
|  88|0x0000000085800000, 0x0000000085900000, 0x0000000085900000|100%| O|  |TAMS 0x0000000085800000, 0x0000000085900000| Untracked 
|  89|0x0000000085900000, 0x0000000085a00000, 0x0000000085a00000|100%| O|  |TAMS 0x0000000085900000, 0x0000000085a00000| Untracked 
|  90|0x0000000085a00000, 0x0000000085b00000, 0x0000000085b00000|100%| O|  |TAMS 0x0000000085a00000, 0x0000000085b00000| Untracked 
|  91|0x0000000085b00000, 0x0000000085c00000, 0x0000000085c00000|100%| O|  |TAMS 0x0000000085b00000, 0x0000000085c00000| Untracked 
|  92|0x0000000085c00000, 0x0000000085d00000, 0x0000000085d00000|100%| O|  |TAMS 0x0000000085c00000, 0x0000000085d00000| Untracked 
|  93|0x0000000085d00000, 0x0000000085e00000, 0x0000000085e00000|100%| O|  |TAMS 0x0000000085d00000, 0x0000000085e00000| Untracked 
|  94|0x0000000085e00000, 0x0000000085f00000, 0x0000000085f00000|100%|HS|  |TAMS 0x0000000085e00000, 0x0000000085f00000| Complete 
|  95|0x0000000085f00000, 0x0000000086000000, 0x0000000086000000|100%|HC|  |TAMS 0x0000000085f00000, 0x0000000086000000| Complete 
|  96|0x0000000086000000, 0x0000000086100000, 0x0000000086100000|100%|HC|  |TAMS 0x0000000086000000, 0x0000000086100000| Complete 
|  97|0x0000000086100000, 0x0000000086200000, 0x0000000086200000|100%| O|  |TAMS 0x0000000086100000, 0x0000000086200000| Untracked 
|  98|0x0000000086200000, 0x0000000086300000, 0x0000000086300000|100%| O|  |TAMS 0x0000000086200000, 0x0000000086300000| Untracked 
|  99|0x0000000086300000, 0x0000000086400000, 0x0000000086400000|100%| O|  |TAMS 0x0000000086300000, 0x0000000086400000| Untracked 
| 100|0x0000000086400000, 0x0000000086500000, 0x0000000086500000|100%| O|  |TAMS 0x0000000086400000, 0x0000000086500000| Untracked 
| 101|0x0000000086500000, 0x0000000086600000, 0x0000000086600000|100%| O|  |TAMS 0x0000000086500000, 0x0000000086600000| Untracked 
| 102|0x0000000086600000, 0x0000000086700000, 0x0000000086700000|100%| O|  |TAMS 0x0000000086600000, 0x0000000086700000| Untracked 
| 103|0x0000000086700000, 0x0000000086800000, 0x0000000086800000|100%| O|  |TAMS 0x0000000086700000, 0x0000000086800000| Untracked 
| 104|0x0000000086800000, 0x0000000086900000, 0x0000000086900000|100%| O|  |TAMS 0x0000000086800000, 0x0000000086900000| Untracked 
| 105|0x0000000086900000, 0x0000000086a00000, 0x0000000086a00000|100%| O|  |TAMS 0x0000000086900000, 0x0000000086a00000| Untracked 
| 106|0x0000000086a00000, 0x0000000086b00000, 0x0000000086b00000|100%| O|  |TAMS 0x0000000086a00000, 0x0000000086b00000| Untracked 
| 107|0x0000000086b00000, 0x0000000086c00000, 0x0000000086c00000|100%| O|  |TAMS 0x0000000086b00000, 0x0000000086c00000| Untracked 
| 108|0x0000000086c00000, 0x0000000086d00000, 0x0000000086d00000|100%| O|  |TAMS 0x0000000086c00000, 0x0000000086d00000| Untracked 
| 109|0x0000000086d00000, 0x0000000086e00000, 0x0000000086e00000|100%| O|  |TAMS 0x0000000086d00000, 0x0000000086e00000| Untracked 
| 110|0x0000000086e00000, 0x0000000086f00000, 0x0000000086f00000|100%| O|  |TAMS 0x0000000086e00000, 0x0000000086f00000| Untracked 
| 111|0x0000000086f00000, 0x0000000087000000, 0x0000000087000000|100%| O|  |TAMS 0x0000000086f00000, 0x0000000087000000| Untracked 
| 112|0x0000000087000000, 0x0000000087100000, 0x0000000087100000|100%| O|  |TAMS 0x0000000087000000, 0x0000000087100000| Untracked 
| 113|0x0000000087100000, 0x0000000087200000, 0x0000000087200000|100%| O|  |TAMS 0x0000000087100000, 0x0000000087200000| Untracked 
| 114|0x0000000087200000, 0x0000000087300000, 0x0000000087300000|100%| O|  |TAMS 0x0000000087200000, 0x0000000087300000| Untracked 
| 115|0x0000000087300000, 0x0000000087400000, 0x0000000087400000|100%| O|  |TAMS 0x0000000087300000, 0x0000000087400000| Untracked 
| 116|0x0000000087400000, 0x0000000087500000, 0x0000000087500000|100%| O|  |TAMS 0x0000000087400000, 0x0000000087500000| Untracked 
| 117|0x0000000087500000, 0x0000000087600000, 0x0000000087600000|100%| O|  |TAMS 0x0000000087500000, 0x0000000087600000| Untracked 
| 118|0x0000000087600000, 0x0000000087700000, 0x0000000087700000|100%| O|  |TAMS 0x0000000087600000, 0x0000000087700000| Untracked 
| 119|0x0000000087700000, 0x0000000087800000, 0x0000000087800000|100%| O|  |TAMS 0x0000000087700000, 0x0000000087800000| Untracked 
| 120|0x0000000087800000, 0x0000000087900000, 0x0000000087900000|100%| O|  |TAMS 0x0000000087800000, 0x0000000087900000| Untracked 
| 121|0x0000000087900000, 0x0000000087a00000, 0x0000000087a00000|100%| O|  |TAMS 0x0000000087900000, 0x0000000087a00000| Untracked 
| 122|0x0000000087a00000, 0x0000000087b00000, 0x0000000087b00000|100%| O|  |TAMS 0x0000000087a00000, 0x0000000087b00000| Untracked 
| 123|0x0000000087b00000, 0x0000000087c00000, 0x0000000087c00000|100%| O|  |TAMS 0x0000000087b00000, 0x0000000087c00000| Untracked 
| 124|0x0000000087c00000, 0x0000000087d00000, 0x0000000087d00000|100%| O|  |TAMS 0x0000000087c00000, 0x0000000087d00000| Untracked 
| 125|0x0000000087d00000, 0x0000000087e00000, 0x0000000087e00000|100%| O|  |TAMS 0x0000000087d00000, 0x0000000087e00000| Untracked 
| 126|0x0000000087e00000, 0x0000000087f00000, 0x0000000087f00000|100%| O|  |TAMS 0x0000000087e00000, 0x0000000087f00000| Untracked 
| 127|0x0000000087f00000, 0x0000000088000000, 0x0000000088000000|100%| O|  |TAMS 0x0000000087f00000, 0x0000000088000000| Untracked 
| 128|0x0000000088000000, 0x0000000088100000, 0x0000000088100000|100%| O|  |TAMS 0x0000000088000000, 0x0000000088100000| Untracked 
| 129|0x0000000088100000, 0x0000000088200000, 0x0000000088200000|100%| O|  |TAMS 0x0000000088100000, 0x0000000088200000| Untracked 
| 130|0x0000000088200000, 0x0000000088300000, 0x0000000088300000|100%| O|  |TAMS 0x0000000088200000, 0x0000000088300000| Untracked 
| 131|0x0000000088300000, 0x0000000088400000, 0x0000000088400000|100%| O|  |TAMS 0x0000000088300000, 0x0000000088400000| Untracked 
| 132|0x0000000088400000, 0x0000000088500000, 0x0000000088500000|100%| O|  |TAMS 0x0000000088400000, 0x0000000088500000| Untracked 
| 133|0x0000000088500000, 0x0000000088600000, 0x0000000088600000|100%| O|  |TAMS 0x0000000088500000, 0x0000000088600000| Untracked 
| 134|0x0000000088600000, 0x0000000088700000, 0x0000000088700000|100%| O|  |TAMS 0x0000000088600000, 0x0000000088700000| Untracked 
| 135|0x0000000088700000, 0x0000000088800000, 0x0000000088800000|100%| O|  |TAMS 0x0000000088700000, 0x0000000088800000| Untracked 
| 136|0x0000000088800000, 0x0000000088900000, 0x0000000088900000|100%| O|  |TAMS 0x0000000088800000, 0x0000000088900000| Untracked 
| 137|0x0000000088900000, 0x0000000088a00000, 0x0000000088a00000|100%| O|  |TAMS 0x0000000088900000, 0x0000000088a00000| Untracked 
| 138|0x0000000088a00000, 0x0000000088b00000, 0x0000000088b00000|100%| O|  |TAMS 0x0000000088a00000, 0x0000000088b00000| Untracked 
| 139|0x0000000088b00000, 0x0000000088c00000, 0x0000000088c00000|100%| O|  |TAMS 0x0000000088b00000, 0x0000000088c00000| Untracked 
| 140|0x0000000088c00000, 0x0000000088d00000, 0x0000000088d00000|100%| O|  |TAMS 0x0000000088c00000, 0x0000000088d00000| Untracked 
| 141|0x0000000088d00000, 0x0000000088e00000, 0x0000000088e00000|100%| O|  |TAMS 0x0000000088d00000, 0x0000000088e00000| Untracked 
| 142|0x0000000088e00000, 0x0000000088f00000, 0x0000000088f00000|100%| O|  |TAMS 0x0000000088e00000, 0x0000000088f00000| Untracked 
| 143|0x0000000088f00000, 0x0000000089000000, 0x0000000089000000|100%| O|  |TAMS 0x0000000088f00000, 0x0000000089000000| Untracked 
| 144|0x0000000089000000, 0x0000000089100000, 0x0000000089100000|100%| O|  |TAMS 0x0000000089000000, 0x0000000089100000| Untracked 
| 145|0x0000000089100000, 0x0000000089200000, 0x0000000089200000|100%| O|  |TAMS 0x0000000089100000, 0x0000000089200000| Untracked 
| 146|0x0000000089200000, 0x0000000089300000, 0x0000000089300000|100%| O|  |TAMS 0x0000000089200000, 0x0000000089300000| Untracked 
| 147|0x0000000089300000, 0x0000000089400000, 0x0000000089400000|100%| O|  |TAMS 0x0000000089300000, 0x0000000089400000| Untracked 
| 148|0x0000000089400000, 0x0000000089500000, 0x0000000089500000|100%| O|  |TAMS 0x0000000089400000, 0x0000000089500000| Untracked 
| 149|0x0000000089500000, 0x0000000089600000, 0x0000000089600000|100%| O|  |TAMS 0x0000000089500000, 0x0000000089600000| Untracked 
| 150|0x0000000089600000, 0x0000000089700000, 0x0000000089700000|100%| O|  |TAMS 0x0000000089600000, 0x0000000089700000| Untracked 
| 151|0x0000000089700000, 0x0000000089800000, 0x0000000089800000|100%| O|  |TAMS 0x0000000089700000, 0x0000000089800000| Untracked 
| 152|0x0000000089800000, 0x0000000089900000, 0x0000000089900000|100%| O|  |TAMS 0x0000000089800000, 0x0000000089900000| Untracked 
| 153|0x0000000089900000, 0x0000000089a00000, 0x0000000089a00000|100%| O|  |TAMS 0x0000000089900000, 0x0000000089a00000| Untracked 
| 154|0x0000000089a00000, 0x0000000089b00000, 0x0000000089b00000|100%| O|  |TAMS 0x0000000089a00000, 0x0000000089b00000| Untracked 
| 155|0x0000000089b00000, 0x0000000089c00000, 0x0000000089c00000|100%| O|  |TAMS 0x0000000089b00000, 0x0000000089c00000| Untracked 
| 156|0x0000000089c00000, 0x0000000089d00000, 0x0000000089d00000|100%| O|  |TAMS 0x0000000089c00000, 0x0000000089d00000| Untracked 
| 157|0x0000000089d00000, 0x0000000089e00000, 0x0000000089e00000|100%| O|  |TAMS 0x0000000089d00000, 0x0000000089e00000| Untracked 
| 158|0x0000000089e00000, 0x0000000089f00000, 0x0000000089f00000|100%| O|  |TAMS 0x0000000089e00000, 0x0000000089f00000| Untracked 
| 159|0x0000000089f00000, 0x000000008a000000, 0x000000008a000000|100%| O|  |TAMS 0x0000000089f00000, 0x000000008a000000| Untracked 
| 160|0x000000008a000000, 0x000000008a100000, 0x000000008a100000|100%| O|  |TAMS 0x000000008a000000, 0x000000008a100000| Untracked 
| 161|0x000000008a100000, 0x000000008a200000, 0x000000008a200000|100%| O|  |TAMS 0x000000008a100000, 0x000000008a200000| Untracked 
| 162|0x000000008a200000, 0x000000008a300000, 0x000000008a300000|100%| O|  |TAMS 0x000000008a200000, 0x000000008a300000| Untracked 
| 163|0x000000008a300000, 0x000000008a400000, 0x000000008a400000|100%| O|  |TAMS 0x000000008a300000, 0x000000008a400000| Untracked 
| 164|0x000000008a400000, 0x000000008a500000, 0x000000008a500000|100%| O|  |TAMS 0x000000008a400000, 0x000000008a500000| Untracked 
| 165|0x000000008a500000, 0x000000008a600000, 0x000000008a600000|100%| O|  |TAMS 0x000000008a500000, 0x000000008a600000| Untracked 
| 166|0x000000008a600000, 0x000000008a700000, 0x000000008a700000|100%| O|  |TAMS 0x000000008a600000, 0x000000008a700000| Untracked 
| 167|0x000000008a700000, 0x000000008a700000, 0x000000008a800000|  0%| F|  |TAMS 0x000000008a700000, 0x000000008a700000| Untracked 
| 168|0x000000008a800000, 0x000000008a800000, 0x000000008a900000|  0%| F|  |TAMS 0x000000008a800000, 0x000000008a800000| Untracked 
| 169|0x000000008a900000, 0x000000008a900000, 0x000000008aa00000|  0%| F|  |TAMS 0x000000008a900000, 0x000000008a900000| Untracked 
| 170|0x000000008aa00000, 0x000000008ab00000, 0x000000008ab00000|100%| O|  |TAMS 0x000000008aa00000, 0x000000008ab00000| Untracked 
| 171|0x000000008ab00000, 0x000000008ac00000, 0x000000008ac00000|100%| O|  |TAMS 0x000000008ab00000, 0x000000008ac00000| Untracked 
| 172|0x000000008ac00000, 0x000000008ad00000, 0x000000008ad00000|100%| O|  |TAMS 0x000000008ac00000, 0x000000008ad00000| Untracked 
| 173|0x000000008ad00000, 0x000000008ad00000, 0x000000008ae00000|  0%| F|  |TAMS 0x000000008ad00000, 0x000000008ad00000| Untracked 
| 174|0x000000008ae00000, 0x000000008ae00000, 0x000000008af00000|  0%| F|  |TAMS 0x000000008ae00000, 0x000000008ae00000| Untracked 
| 175|0x000000008af00000, 0x000000008af00000, 0x000000008b000000|  0%| F|  |TAMS 0x000000008af00000, 0x000000008af00000| Untracked 
| 176|0x000000008b000000, 0x000000008b000000, 0x000000008b100000|  0%| F|  |TAMS 0x000000008b000000, 0x000000008b000000| Untracked 
| 177|0x000000008b100000, 0x000000008b100000, 0x000000008b200000|  0%| F|  |TAMS 0x000000008b100000, 0x000000008b100000| Untracked 
| 178|0x000000008b200000, 0x000000008b200000, 0x000000008b300000|  0%| F|  |TAMS 0x000000008b200000, 0x000000008b200000| Untracked 
| 179|0x000000008b300000, 0x000000008b300000, 0x000000008b400000|  0%| F|  |TAMS 0x000000008b300000, 0x000000008b300000| Untracked 
| 180|0x000000008b400000, 0x000000008b400000, 0x000000008b500000|  0%| F|  |TAMS 0x000000008b400000, 0x000000008b400000| Untracked 
| 181|0x000000008b500000, 0x000000008b500000, 0x000000008b600000|  0%| F|  |TAMS 0x000000008b500000, 0x000000008b500000| Untracked 
| 182|0x000000008b600000, 0x000000008b600000, 0x000000008b700000|  0%| F|  |TAMS 0x000000008b600000, 0x000000008b600000| Untracked 
| 183|0x000000008b700000, 0x000000008b700000, 0x000000008b800000|  0%| F|  |TAMS 0x000000008b700000, 0x000000008b700000| Untracked 
| 184|0x000000008b800000, 0x000000008b800000, 0x000000008b900000|  0%| F|  |TAMS 0x000000008b800000, 0x000000008b800000| Untracked 
| 185|0x000000008b900000, 0x000000008b900000, 0x000000008ba00000|  0%| F|  |TAMS 0x000000008b900000, 0x000000008b900000| Untracked 
| 186|0x000000008ba00000, 0x000000008ba00000, 0x000000008bb00000|  0%| F|  |TAMS 0x000000008ba00000, 0x000000008ba00000| Untracked 
| 187|0x000000008bb00000, 0x000000008bb00000, 0x000000008bc00000|  0%| F|  |TAMS 0x000000008bb00000, 0x000000008bb00000| Untracked 
| 188|0x000000008bc00000, 0x000000008bc00000, 0x000000008bd00000|  0%| F|  |TAMS 0x000000008bc00000, 0x000000008bc00000| Untracked 
| 189|0x000000008bd00000, 0x000000008bd00000, 0x000000008be00000|  0%| F|  |TAMS 0x000000008bd00000, 0x000000008bd00000| Untracked 
| 190|0x000000008be00000, 0x000000008be00000, 0x000000008bf00000|  0%| F|  |TAMS 0x000000008be00000, 0x000000008be00000| Untracked 
| 191|0x000000008bf00000, 0x000000008bf00000, 0x000000008c000000|  0%| F|  |TAMS 0x000000008bf00000, 0x000000008bf00000| Untracked 
| 192|0x000000008c000000, 0x000000008c000000, 0x000000008c100000|  0%| F|  |TAMS 0x000000008c000000, 0x000000008c000000| Untracked 
| 193|0x000000008c100000, 0x000000008c100000, 0x000000008c200000|  0%| F|  |TAMS 0x000000008c100000, 0x000000008c100000| Untracked 
| 194|0x000000008c200000, 0x000000008c200000, 0x000000008c300000|  0%| F|  |TAMS 0x000000008c200000, 0x000000008c200000| Untracked 
| 195|0x000000008c300000, 0x000000008c300000, 0x000000008c400000|  0%| F|  |TAMS 0x000000008c300000, 0x000000008c300000| Untracked 
| 196|0x000000008c400000, 0x000000008c400000, 0x000000008c500000|  0%| F|  |TAMS 0x000000008c400000, 0x000000008c400000| Untracked 
| 197|0x000000008c500000, 0x000000008c500000, 0x000000008c600000|  0%| F|  |TAMS 0x000000008c500000, 0x000000008c500000| Untracked 
| 198|0x000000008c600000, 0x000000008c600000, 0x000000008c700000|  0%| F|  |TAMS 0x000000008c600000, 0x000000008c600000| Untracked 
| 199|0x000000008c700000, 0x000000008c700000, 0x000000008c800000|  0%| F|  |TAMS 0x000000008c700000, 0x000000008c700000| Untracked 
| 200|0x000000008c800000, 0x000000008c800000, 0x000000008c900000|  0%| F|  |TAMS 0x000000008c800000, 0x000000008c800000| Untracked 
| 201|0x000000008c900000, 0x000000008c900000, 0x000000008ca00000|  0%| F|  |TAMS 0x000000008c900000, 0x000000008c900000| Untracked 
| 202|0x000000008ca00000, 0x000000008ca00000, 0x000000008cb00000|  0%| F|  |TAMS 0x000000008ca00000, 0x000000008ca00000| Untracked 
| 203|0x000000008cb00000, 0x000000008cb00000, 0x000000008cc00000|  0%| F|  |TAMS 0x000000008cb00000, 0x000000008cb00000| Untracked 
| 204|0x000000008cc00000, 0x000000008cc00000, 0x000000008cd00000|  0%| F|  |TAMS 0x000000008cc00000, 0x000000008cc00000| Untracked 
| 205|0x000000008cd00000, 0x000000008cd00000, 0x000000008ce00000|  0%| F|  |TAMS 0x000000008cd00000, 0x000000008cd00000| Untracked 
| 206|0x000000008ce00000, 0x000000008ce00000, 0x000000008cf00000|  0%| F|  |TAMS 0x000000008ce00000, 0x000000008ce00000| Untracked 
| 207|0x000000008cf00000, 0x000000008cf00000, 0x000000008d000000|  0%| F|  |TAMS 0x000000008cf00000, 0x000000008cf00000| Untracked 
| 208|0x000000008d000000, 0x000000008d000000, 0x000000008d100000|  0%| F|  |TAMS 0x000000008d000000, 0x000000008d000000| Untracked 
| 209|0x000000008d100000, 0x000000008d100000, 0x000000008d200000|  0%| F|  |TAMS 0x000000008d100000, 0x000000008d100000| Untracked 
| 210|0x000000008d200000, 0x000000008d200000, 0x000000008d300000|  0%| F|  |TAMS 0x000000008d200000, 0x000000008d200000| Untracked 
| 211|0x000000008d300000, 0x000000008d300000, 0x000000008d400000|  0%| F|  |TAMS 0x000000008d300000, 0x000000008d300000| Untracked 
| 212|0x000000008d400000, 0x000000008d400000, 0x000000008d500000|  0%| F|  |TAMS 0x000000008d400000, 0x000000008d400000| Untracked 
| 213|0x000000008d500000, 0x000000008d500000, 0x000000008d600000|  0%| F|  |TAMS 0x000000008d500000, 0x000000008d500000| Untracked 
| 214|0x000000008d600000, 0x000000008d600000, 0x000000008d700000|  0%| F|  |TAMS 0x000000008d600000, 0x000000008d600000| Untracked 
| 215|0x000000008d700000, 0x000000008d700000, 0x000000008d800000|  0%| F|  |TAMS 0x000000008d700000, 0x000000008d700000| Untracked 
| 216|0x000000008d800000, 0x000000008d800000, 0x000000008d900000|  0%| F|  |TAMS 0x000000008d800000, 0x000000008d800000| Untracked 
| 217|0x000000008d900000, 0x000000008d900000, 0x000000008da00000|  0%| F|  |TAMS 0x000000008d900000, 0x000000008d900000| Untracked 
| 218|0x000000008da00000, 0x000000008da00000, 0x000000008db00000|  0%| F|  |TAMS 0x000000008da00000, 0x000000008da00000| Untracked 
| 219|0x000000008db00000, 0x000000008db00000, 0x000000008dc00000|  0%| F|  |TAMS 0x000000008db00000, 0x000000008db00000| Untracked 
| 220|0x000000008dc00000, 0x000000008dc00000, 0x000000008dd00000|  0%| F|  |TAMS 0x000000008dc00000, 0x000000008dc00000| Untracked 
| 221|0x000000008dd00000, 0x000000008dd00000, 0x000000008de00000|  0%| F|  |TAMS 0x000000008dd00000, 0x000000008dd00000| Untracked 
| 222|0x000000008de00000, 0x000000008de00000, 0x000000008df00000|  0%| F|  |TAMS 0x000000008de00000, 0x000000008de00000| Untracked 
| 223|0x000000008df00000, 0x000000008df00000, 0x000000008e000000|  0%| F|  |TAMS 0x000000008df00000, 0x000000008df00000| Untracked 
| 224|0x000000008e000000, 0x000000008e000000, 0x000000008e100000|  0%| F|  |TAMS 0x000000008e000000, 0x000000008e000000| Untracked 
| 225|0x000000008e100000, 0x000000008e200000, 0x000000008e200000|100%| S|CS|TAMS 0x000000008e100000, 0x000000008e100000| Complete 
| 226|0x000000008e200000, 0x000000008e300000, 0x000000008e300000|100%| S|CS|TAMS 0x000000008e200000, 0x000000008e200000| Complete 
| 227|0x000000008e300000, 0x000000008e400000, 0x000000008e400000|100%| S|CS|TAMS 0x000000008e300000, 0x000000008e300000| Complete 
| 228|0x000000008e400000, 0x000000008e500000, 0x000000008e500000|100%| S|CS|TAMS 0x000000008e400000, 0x000000008e400000| Complete 
| 229|0x000000008e500000, 0x000000008e600000, 0x000000008e600000|100%| S|CS|TAMS 0x000000008e500000, 0x000000008e500000| Complete 
| 230|0x000000008e600000, 0x000000008e700000, 0x000000008e700000|100%| S|CS|TAMS 0x000000008e600000, 0x000000008e600000| Complete 
| 231|0x000000008e700000, 0x000000008e700000, 0x000000008e800000|  0%| F|  |TAMS 0x000000008e700000, 0x000000008e700000| Untracked 
| 232|0x000000008e800000, 0x000000008e800000, 0x000000008e900000|  0%| F|  |TAMS 0x000000008e800000, 0x000000008e800000| Untracked 
| 233|0x000000008e900000, 0x000000008e900000, 0x000000008ea00000|  0%| F|  |TAMS 0x000000008e900000, 0x000000008e900000| Untracked 
| 234|0x000000008ea00000, 0x000000008ea00000, 0x000000008eb00000|  0%| F|  |TAMS 0x000000008ea00000, 0x000000008ea00000| Untracked 
| 235|0x000000008eb00000, 0x000000008eb00000, 0x000000008ec00000|  0%| F|  |TAMS 0x000000008eb00000, 0x000000008eb00000| Untracked 
| 236|0x000000008ec00000, 0x000000008ec00000, 0x000000008ed00000|  0%| F|  |TAMS 0x000000008ec00000, 0x000000008ec00000| Untracked 
| 237|0x000000008ed00000, 0x000000008ed00000, 0x000000008ee00000|  0%| F|  |TAMS 0x000000008ed00000, 0x000000008ed00000| Untracked 
| 238|0x000000008ee00000, 0x000000008ee00000, 0x000000008ef00000|  0%| F|  |TAMS 0x000000008ee00000, 0x000000008ee00000| Untracked 
| 239|0x000000008ef00000, 0x000000008ef00000, 0x000000008f000000|  0%| F|  |TAMS 0x000000008ef00000, 0x000000008ef00000| Untracked 
| 240|0x000000008f000000, 0x000000008f000000, 0x000000008f100000|  0%| F|  |TAMS 0x000000008f000000, 0x000000008f000000| Untracked 
| 241|0x000000008f100000, 0x000000008f100000, 0x000000008f200000|  0%| F|  |TAMS 0x000000008f100000, 0x000000008f100000| Untracked 
| 242|0x000000008f200000, 0x000000008f200000, 0x000000008f300000|  0%| F|  |TAMS 0x000000008f200000, 0x000000008f200000| Untracked 
| 243|0x000000008f300000, 0x000000008f300000, 0x000000008f400000|  0%| F|  |TAMS 0x000000008f300000, 0x000000008f300000| Untracked 
| 244|0x000000008f400000, 0x000000008f400000, 0x000000008f500000|  0%| F|  |TAMS 0x000000008f400000, 0x000000008f400000| Untracked 
| 245|0x000000008f500000, 0x000000008f500000, 0x000000008f600000|  0%| F|  |TAMS 0x000000008f500000, 0x000000008f500000| Untracked 
| 246|0x000000008f600000, 0x000000008f600000, 0x000000008f700000|  0%| F|  |TAMS 0x000000008f600000, 0x000000008f600000| Untracked 
| 247|0x000000008f700000, 0x000000008f700000, 0x000000008f800000|  0%| F|  |TAMS 0x000000008f700000, 0x000000008f700000| Untracked 
| 248|0x000000008f800000, 0x000000008f800000, 0x000000008f900000|  0%| F|  |TAMS 0x000000008f800000, 0x000000008f800000| Untracked 
| 249|0x000000008f900000, 0x000000008f900000, 0x000000008fa00000|  0%| F|  |TAMS 0x000000008f900000, 0x000000008f900000| Untracked 
| 250|0x000000008fa00000, 0x000000008fa00000, 0x000000008fb00000|  0%| F|  |TAMS 0x000000008fa00000, 0x000000008fa00000| Untracked 
| 251|0x000000008fb00000, 0x000000008fb00000, 0x000000008fc00000|  0%| F|  |TAMS 0x000000008fb00000, 0x000000008fb00000| Untracked 
| 252|0x000000008fc00000, 0x000000008fc00000, 0x000000008fd00000|  0%| F|  |TAMS 0x000000008fc00000, 0x000000008fc00000| Untracked 
| 253|0x000000008fd00000, 0x000000008fd00000, 0x000000008fe00000|  0%| F|  |TAMS 0x000000008fd00000, 0x000000008fd00000| Untracked 
| 254|0x000000008fe00000, 0x000000008fe00000, 0x000000008ff00000|  0%| F|  |TAMS 0x000000008fe00000, 0x000000008fe00000| Untracked 
| 255|0x000000008ff00000, 0x000000008ff00000, 0x0000000090000000|  0%| F|  |TAMS 0x000000008ff00000, 0x000000008ff00000| Untracked 
| 256|0x0000000090000000, 0x0000000090000000, 0x0000000090100000|  0%| F|  |TAMS 0x0000000090000000, 0x0000000090000000| Untracked 
| 257|0x0000000090100000, 0x0000000090100000, 0x0000000090200000|  0%| F|  |TAMS 0x0000000090100000, 0x0000000090100000| Untracked 
| 258|0x0000000090200000, 0x0000000090200000, 0x0000000090300000|  0%| F|  |TAMS 0x0000000090200000, 0x0000000090200000| Untracked 
| 259|0x0000000090300000, 0x0000000090300000, 0x0000000090400000|  0%| F|  |TAMS 0x0000000090300000, 0x0000000090300000| Untracked 
| 260|0x0000000090400000, 0x0000000090400000, 0x0000000090500000|  0%| F|  |TAMS 0x0000000090400000, 0x0000000090400000| Untracked 
| 261|0x0000000090500000, 0x0000000090500000, 0x0000000090600000|  0%| F|  |TAMS 0x0000000090500000, 0x0000000090500000| Untracked 
| 262|0x0000000090600000, 0x0000000090600000, 0x0000000090700000|  0%| F|  |TAMS 0x0000000090600000, 0x0000000090600000| Untracked 
| 263|0x0000000090700000, 0x0000000090700000, 0x0000000090800000|  0%| F|  |TAMS 0x0000000090700000, 0x0000000090700000| Untracked 
| 264|0x0000000090800000, 0x0000000090800000, 0x0000000090900000|  0%| F|  |TAMS 0x0000000090800000, 0x0000000090800000| Untracked 
| 265|0x0000000090900000, 0x0000000090900000, 0x0000000090a00000|  0%| F|  |TAMS 0x0000000090900000, 0x0000000090900000| Untracked 
| 266|0x0000000090a00000, 0x0000000090a00000, 0x0000000090b00000|  0%| F|  |TAMS 0x0000000090a00000, 0x0000000090a00000| Untracked 
| 267|0x0000000090b00000, 0x0000000090b00000, 0x0000000090c00000|  0%| F|  |TAMS 0x0000000090b00000, 0x0000000090b00000| Untracked 
| 268|0x0000000090c00000, 0x0000000090c00000, 0x0000000090d00000|  0%| F|  |TAMS 0x0000000090c00000, 0x0000000090c00000| Untracked 
| 269|0x0000000090d00000, 0x0000000090d00000, 0x0000000090e00000|  0%| F|  |TAMS 0x0000000090d00000, 0x0000000090d00000| Untracked 
| 270|0x0000000090e00000, 0x0000000090e00000, 0x0000000090f00000|  0%| F|  |TAMS 0x0000000090e00000, 0x0000000090e00000| Untracked 
| 271|0x0000000090f00000, 0x0000000090f00000, 0x0000000091000000|  0%| F|  |TAMS 0x0000000090f00000, 0x0000000090f00000| Untracked 
| 272|0x0000000091000000, 0x0000000091000000, 0x0000000091100000|  0%| F|  |TAMS 0x0000000091000000, 0x0000000091000000| Untracked 
| 273|0x0000000091100000, 0x0000000091100000, 0x0000000091200000|  0%| F|  |TAMS 0x0000000091100000, 0x0000000091100000| Untracked 

Card table byte_map: [0x000001f4b1130000,0x000001f4b1530000] _byte_map_base: 0x000001f4b0d30000

Marking Bits (Prev, Next): (CMBitMap*) 0x000001f49e26a750, (CMBitMap*) 0x000001f49e26a718
 Prev Bits: [0x000001f4b3930000, 0x000001f4b5930000)
 Next Bits: [0x000001f4b1930000, 0x000001f4b3930000)

Polling page: 0x000001f49c1d0000

Metaspace:

Usage:
  Non-class:     84.46 MB capacity,    82.88 MB ( 98%) used,     1.27 MB (  2%) free+waste,   305.81 KB ( <1%) overhead. 
      Class:     13.54 MB capacity,    12.57 MB ( 93%) used,   849.33 KB (  6%) free+waste,   137.94 KB ( <1%) overhead. 
       Both:     97.99 MB capacity,    95.46 MB ( 97%) used,     2.10 MB (  2%) free+waste,   443.75 KB ( <1%) overhead. 

Virtual space:
  Non-class space:       86.00 MB reserved,      84.50 MB ( 98%) committed 
      Class space:        1.00 GB reserved,      13.63 MB (  1%) committed 
             Both:        1.08 GB reserved,      98.13 MB (  9%) committed 

Chunk freelists:
   Non-Class:  44.00 KB
       Class:  27.00 KB
        Both:  71.00 KB

MaxMetaspaceSize: 17179869184.00 GB
CompressedClassSpaceSize: 1.00 GB
Initial GC threshold: 20.80 MB
Current GC threshold: 135.84 MB
CDS: off

CodeHeap 'non-profiled nmethods': size=120064Kb used=6882Kb max_used=6882Kb free=113181Kb
 bounds [0x000001f4a97f0000, 0x000001f4a9eb0000, 0x000001f4b0d30000]
CodeHeap 'profiled nmethods': size=120000Kb used=26085Kb max_used=26085Kb free=93914Kb
 bounds [0x000001f4a22c0000, 0x000001f4a3c40000, 0x000001f4a97f0000]
CodeHeap 'non-nmethods': size=5696Kb used=2404Kb max_used=2482Kb free=3291Kb
 bounds [0x000001f4a1d30000, 0x000001f4a1fb0000, 0x000001f4a22c0000]
 total_blobs=13135 nmethods=12211 adapters=836
 compilation: enabled
              stopped_count=0, restarted_count=0
 full_count=0

Compilation events (20 events):
Event: 16.054 Thread 0x000001f4b86c2800 12341       1       com.android.tools.r8.internal.Pm::b (2 bytes)
Event: 16.054 Thread 0x000001f4b86c2800 nmethod 12341 0x000001f4a9e9e510 code [0x000001f4a9e9e6c0, 0x000001f4a9e9e778]
Event: 16.059 Thread 0x000001f4b86c2800 12342       1       com.android.tools.r8.synthesis.g::a (5 bytes)
Event: 16.059 Thread 0x000001f4b86c2800 nmethod 12342 0x000001f4a9e9e810 code [0x000001f4a9e9e9c0, 0x000001f4a9e9ea78]
Event: 16.062 Thread 0x000001f4b86c2800 12343       2       com.android.tools.r8.internal.gn::b (46 bytes)
Event: 16.062 Thread 0x000001f4b86c2800 nmethod 12343 0x000001f4a3c37f10 code [0x000001f4a3c380e0, 0x000001f4a3c38318]
Event: 16.062 Thread 0x000001f4b86c2800 12344       2       com.android.tools.r8.graph.k2::d (4 bytes)
Event: 16.063 Thread 0x000001f4b86c2800 nmethod 12344 0x000001f4a3c38410 code [0x000001f4a3c385c0, 0x000001f4a3c38698]
Event: 16.066 Thread 0x000001f4b86c2800 12345       2       com.android.tools.r8.internal.PW::hasNext (10 bytes)
Event: 16.066 Thread 0x000001f4b86c2800 nmethod 12345 0x000001f4a3c38710 code [0x000001f4a3c388c0, 0x000001f4a3c389e8]
Event: 16.066 Thread 0x000001f4b86c2800 12346       2       com.android.tools.r8.internal.PW::next (14 bytes)
Event: 16.066 Thread 0x000001f4b86c2800 nmethod 12346 0x000001f4a3c38a90 code [0x000001f4a3c38c60, 0x000001f4a3c38db8]
Event: 16.066 Thread 0x000001f4b86c2800 12347       2       com.android.tools.r8.internal.tt::a (11 bytes)
Event: 16.066 Thread 0x000001f4b86c2800 nmethod 12347 0x000001f4a3c38e90 code [0x000001f4a3c39040, 0x000001f4a3c39168]
Event: 16.066 Thread 0x000001f4b86c2800 12348       2       com.android.tools.r8.internal.YP::get (15 bytes)
Event: 16.067 Thread 0x000001f4b86c2800 nmethod 12348 0x000001f4a3c39210 code [0x000001f4a3c393c0, 0x000001f4a3c39508]
Event: 16.071 Thread 0x000001f4bb373000 nmethod 12282 0x000001f4a9e9eb10 code [0x000001f4a9e9eea0, 0x000001f4a9ea20a0]
Event: 16.071 Thread 0x000001f4bb373000 12337       4       com.android.tools.r8.graph.L2::b (18 bytes)
Event: 16.073 Thread 0x000001f4b86bd800 nmethod 12322 0x000001f4a9ea3910 code [0x000001f4a9ea3c80, 0x000001f4a9ea6fd8]
Event: 16.073 Thread 0x000001f4b86bd800 12334       4       com.android.tools.r8.graph.L2$$Lambda$1172/0x0000000100cf8840::accept (16 bytes)

GC Heap History (20 events):
Event: 4.693 GC heap after
{Heap after GC invocations=9 (full 0):
 garbage-first heap   total 194560K, used 29173K [0x0000000080000000, 0x0000000100000000)
  region size 1024K, 7 young (7168K), 7 survivors (7168K)
 Metaspace       used 43946K, capacity 44892K, committed 44928K, reserved 1087488K
  class space    used 5609K, capacity 5983K, committed 6016K, reserved 1048576K
}
Event: 5.607 GC heap before
{Heap before GC invocations=10 (full 0):
 garbage-first heap   total 194560K, used 126453K [0x0000000080000000, 0x0000000100000000)
  region size 1024K, 98 young (100352K), 7 survivors (7168K)
 Metaspace       used 48638K, capacity 49878K, committed 50048K, reserved 1093632K
  class space    used 6245K, capacity 6725K, committed 6784K, reserved 1048576K
}
Event: 5.619 GC heap after
{Heap after GC invocations=11 (full 0):
 garbage-first heap   total 233472K, used 41809K [0x0000000080000000, 0x0000000100000000)
  region size 1024K, 13 young (13312K), 13 survivors (13312K)
 Metaspace       used 48638K, capacity 49878K, committed 50048K, reserved 1093632K
  class space    used 6245K, capacity 6725K, committed 6784K, reserved 1048576K
}
Event: 7.056 GC heap before
{Heap before GC invocations=11 (full 0):
 garbage-first heap   total 233472K, used 150353K [0x0000000080000000, 0x0000000100000000)
  region size 1024K, 120 young (122880K), 13 survivors (13312K)
 Metaspace       used 62565K, capacity 64029K, committed 64128K, reserved 1105920K
  class space    used 7961K, capacity 8523K, committed 8576K, reserved 1048576K
}
Event: 7.071 GC heap after
{Heap after GC invocations=12 (full 0):
 garbage-first heap   total 233472K, used 49498K [0x0000000080000000, 0x0000000100000000)
  region size 1024K, 8 young (8192K), 8 survivors (8192K)
 Metaspace       used 62565K, capacity 64029K, committed 64128K, reserved 1105920K
  class space    used 7961K, capacity 8523K, committed 8576K, reserved 1048576K
}
Event: 8.229 GC heap before
{Heap before GC invocations=12 (full 0):
 garbage-first heap   total 233472K, used 160090K [0x0000000080000000, 0x0000000100000000)
  region size 1024K, 115 young (117760K), 8 survivors (8192K)
 Metaspace       used 70579K, capacity 72211K, committed 72320K, reserved 1112064K
  class space    used 9192K, capacity 9825K, committed 9856K, reserved 1048576K
}
Event: 8.242 GC heap after
{Heap after GC invocations=13 (full 0):
 garbage-first heap   total 233472K, used 55885K [0x0000000080000000, 0x0000000100000000)
  region size 1024K, 14 young (14336K), 14 survivors (14336K)
 Metaspace       used 70579K, capacity 72211K, committed 72320K, reserved 1112064K
  class space    used 9192K, capacity 9825K, committed 9856K, reserved 1048576K
}
Event: 8.723 GC heap before
{Heap before GC invocations=13 (full 0):
 garbage-first heap   total 233472K, used 97869K [0x0000000080000000, 0x0000000100000000)
  region size 1024K, 56 young (57344K), 14 survivors (14336K)
 Metaspace       used 73733K, capacity 75399K, committed 75520K, reserved 1114112K
  class space    used 9622K, capacity 10293K, committed 10368K, reserved 1048576K
}
Event: 8.749 GC heap after
{Heap after GC invocations=14 (full 0):
 garbage-first heap   total 233472K, used 58974K [0x0000000080000000, 0x0000000100000000)
  region size 1024K, 11 young (11264K), 11 survivors (11264K)
 Metaspace       used 73733K, capacity 75399K, committed 75520K, reserved 1114112K
  class space    used 9622K, capacity 10293K, committed 10368K, reserved 1048576K
}
Event: 10.364 GC heap before
{Heap before GC invocations=15 (full 0):
 garbage-first heap   total 233472K, used 166494K [0x0000000080000000, 0x0000000100000000)
  region size 1024K, 117 young (119808K), 11 survivors (11264K)
 Metaspace       used 81073K, capacity 83113K, committed 83200K, reserved 1120256K
  class space    used 10669K, capacity 11437K, committed 11520K, reserved 1048576K
}
Event: 10.399 GC heap after
{Heap after GC invocations=16 (full 0):
 garbage-first heap   total 233472K, used 66297K [0x0000000080000000, 0x0000000100000000)
  region size 1024K, 11 young (11264K), 11 survivors (11264K)
 Metaspace       used 81073K, capacity 83113K, committed 83200K, reserved 1120256K
  class space    used 10669K, capacity 11437K, committed 11520K, reserved 1048576K
}
Event: 11.755 GC heap before
{Heap before GC invocations=17 (full 0):
 garbage-first heap   total 233472K, used 172793K [0x0000000080000000, 0x0000000100000000)
  region size 1024K, 116 young (118784K), 11 survivors (11264K)
 Metaspace       used 85157K, capacity 87277K, committed 87424K, reserved 1124352K
  class space    used 11108K, capacity 11900K, committed 11904K, reserved 1048576K
}
Event: 11.779 GC heap after
{Heap after GC invocations=18 (full 0):
 garbage-first heap   total 280576K, used 72815K [0x0000000080000000, 0x0000000100000000)
  region size 1024K, 14 young (14336K), 14 survivors (14336K)
 Metaspace       used 85157K, capacity 87277K, committed 87424K, reserved 1124352K
  class space    used 11108K, capacity 11900K, committed 11904K, reserved 1048576K
}
Event: 13.099 GC heap before
{Heap before GC invocations=18 (full 0):
 garbage-first heap   total 280576K, used 238703K [0x0000000080000000, 0x0000000100000000)
  region size 1024K, 138 young (141312K), 14 survivors (14336K)
 Metaspace       used 91496K, capacity 93680K, committed 93952K, reserved 1130496K
  class space    used 11896K, capacity 12708K, committed 12800K, reserved 1048576K
}
Event: 13.129 GC heap after
{Heap after GC invocations=19 (full 0):
 garbage-first heap   total 280576K, used 111328K [0x0000000080000000, 0x0000000100000000)
  region size 1024K, 18 young (18432K), 18 survivors (18432K)
 Metaspace       used 91496K, capacity 93680K, committed 93952K, reserved 1130496K
  class space    used 11896K, capacity 12708K, committed 12800K, reserved 1048576K
}
Event: 14.041 GC heap before
{Heap before GC invocations=19 (full 0):
 garbage-first heap   total 280576K, used 220896K [0x0000000080000000, 0x0000000100000000)
  region size 1024K, 122 young (124928K), 18 survivors (18432K)
 Metaspace       used 94661K, capacity 96977K, committed 97152K, reserved 1132544K
  class space    used 12453K, capacity 13325K, committed 13440K, reserved 1048576K
}
Event: 14.097 GC heap after
{Heap after GC invocations=20 (full 0):
 garbage-first heap   total 280576K, used 135053K [0x0000000080000000, 0x0000000100000000)
  region size 1024K, 16 young (16384K), 16 survivors (16384K)
 Metaspace       used 94661K, capacity 96977K, committed 97152K, reserved 1132544K
  class space    used 12453K, capacity 13325K, committed 13440K, reserved 1048576K
}
Event: 14.819 GC heap before
{Heap before GC invocations=20 (full 0):
 garbage-first heap   total 280576K, used 213901K [0x0000000080000000, 0x0000000100000000)
  region size 1024K, 94 young (96256K), 16 survivors (16384K)
 Metaspace       used 95763K, capacity 98105K, committed 98304K, reserved 1134592K
  class space    used 12599K, capacity 13483K, committed 13568K, reserved 1048576K
}
Event: 14.957 GC heap after
{Heap after GC invocations=21 (full 0):
 garbage-first heap   total 280576K, used 172544K [0x0000000080000000, 0x0000000100000000)
  region size 1024K, 12 young (12288K), 12 survivors (12288K)
 Metaspace       used 95763K, capacity 98105K, committed 98304K, reserved 1134592K
  class space    used 12599K, capacity 13483K, committed 13568K, reserved 1048576K
}
Event: 16.076 GC heap before
{Heap before GC invocations=21 (full 0):
 garbage-first heap   total 280576K, used 216576K [0x0000000080000000, 0x0000000100000000)
  region size 1024K, 55 young (56320K), 12 survivors (12288K)
 Metaspace       used 97747K, capacity 100345K, committed 100480K, reserved 1136640K
  class space    used 12873K, capacity 13861K, committed 13952K, reserved 1048576K
}

Deoptimization events (20 events):
Event: 16.051 Thread 0x000001f4b8f17800 Uncommon trap: trap_request=0xffffffde fr.pc=0x000001f4a9e839fc relative=0x00000000000005fc
Event: 16.051 Thread 0x000001f4b8f17800 Uncommon trap: reason=class_check action=maybe_recompile pc=0x000001f4a9e839fc method=com.android.tools.r8.graph.Z0.c(Ljava/util/function/Consumer;Lcom/android/tools/r8/graph/q0;)V @ 12 c2
Event: 16.051 Thread 0x000001f4b8f17800 DEOPT PACKING pc=0x000001f4a9e839fc sp=0x0000009df0afd690
Event: 16.051 Thread 0x000001f4b8f17800 DEOPT UNPACKING pc=0x000001f4a1d7a1af sp=0x0000009df0afd520 mode 2
Event: 16.051 Thread 0x000001f4b8f17800 Uncommon trap: trap_request=0xffffffde fr.pc=0x000001f4a9e839fc relative=0x00000000000005fc
Event: 16.051 Thread 0x000001f4b8f17800 Uncommon trap: reason=class_check action=maybe_recompile pc=0x000001f4a9e839fc method=com.android.tools.r8.graph.Z0.c(Ljava/util/function/Consumer;Lcom/android/tools/r8/graph/q0;)V @ 12 c2
Event: 16.051 Thread 0x000001f4b8f17800 DEOPT PACKING pc=0x000001f4a9e839fc sp=0x0000009df0afd690
Event: 16.051 Thread 0x000001f4b8f17800 DEOPT UNPACKING pc=0x000001f4a1d7a1af sp=0x0000009df0afd520 mode 2
Event: 16.051 Thread 0x000001f4b8f17800 Uncommon trap: trap_request=0xffffffde fr.pc=0x000001f4a9e839fc relative=0x00000000000005fc
Event: 16.051 Thread 0x000001f4b8f17800 Uncommon trap: reason=class_check action=maybe_recompile pc=0x000001f4a9e839fc method=com.android.tools.r8.graph.Z0.c(Ljava/util/function/Consumer;Lcom/android/tools/r8/graph/q0;)V @ 12 c2
Event: 16.051 Thread 0x000001f4b8f17800 DEOPT PACKING pc=0x000001f4a9e839fc sp=0x0000009df0afd690
Event: 16.051 Thread 0x000001f4b8f17800 DEOPT UNPACKING pc=0x000001f4a1d7a1af sp=0x0000009df0afd520 mode 2
Event: 16.051 Thread 0x000001f4b8f17800 Uncommon trap: trap_request=0xffffffde fr.pc=0x000001f4a9e825b0 relative=0x0000000000000550
Event: 16.051 Thread 0x000001f4b8f17800 Uncommon trap: reason=class_check action=maybe_recompile pc=0x000001f4a9e825b0 method=com.android.tools.r8.graph.Z0.c(Ljava/util/function/Consumer;Lcom/android/tools/r8/graph/q0;)V @ 12 c2
Event: 16.051 Thread 0x000001f4b8f17800 DEOPT PACKING pc=0x000001f4a9e825b0 sp=0x0000009df0afd600
Event: 16.051 Thread 0x000001f4b8f17800 DEOPT UNPACKING pc=0x000001f4a1d7a1af sp=0x0000009df0afd510 mode 2
Event: 16.051 Thread 0x000001f4b8f17800 Uncommon trap: trap_request=0xffffffde fr.pc=0x000001f4a9e48f24 relative=0x0000000000000644
Event: 16.051 Thread 0x000001f4b8f17800 Uncommon trap: reason=class_check action=maybe_recompile pc=0x000001f4a9e48f24 method=com.android.tools.r8.graph.Z0.c(Ljava/util/function/Consumer;Lcom/android/tools/r8/graph/q0;)V @ 12 c2
Event: 16.051 Thread 0x000001f4b8f17800 DEOPT PACKING pc=0x000001f4a9e48f24 sp=0x0000009df0afd590
Event: 16.051 Thread 0x000001f4b8f17800 DEOPT UNPACKING pc=0x000001f4a1d7a1af sp=0x0000009df0afd508 mode 2

Classes redefined (0 events):
No events

Internal exceptions (20 events):
Event: 12.628 Thread 0x000001f4b8f10800 Exception <a 'java/lang/NoSuchMethodError'{0x000000008bfd0db0}: 'void java.lang.invoke.DirectMethodHandle$Holder.invokeStatic(java.lang.Object, long)'> (0x000000008bfd0db0) thrown at [./src/hotspot/share/interpreter/linkResolver.cpp, line 773]
Event: 12.629 Thread 0x000001f4b8f10800 Exception <a 'java/lang/NoSuchMethodError'{0x000000008bfd5fc8}: 'java.lang.Object java.lang.invoke.DirectMethodHandle$Holder.invokeStatic(java.lang.Object, long)'> (0x000000008bfd5fc8) thrown at [./src/hotspot/share/interpreter/linkResolver.cpp, line 773]
Event: 12.633 Thread 0x000001f4b8f10800 Exception <a 'java/lang/NoSuchMethodError'{0x000000008bfe4260}: 'java.lang.Object java.lang.invoke.DirectMethodHandle$Holder.invokeStaticInit(java.lang.Object, java.lang.Object, long, java.lang.Object)'> (0x000000008bfe4260) thrown at [./src/hotspot/share/interpreter/linkResolver.cpp, line 773]
Event: 12.633 Thread 0x000001f4b8f10800 Exception <a 'java/lang/NoSuchMethodError'{0x000000008bfea3f8}: 'java.lang.Object java.lang.invoke.DirectMethodHandle$Holder.invokeStatic(java.lang.Object, java.lang.Object, long)'> (0x000000008bfea3f8) thrown at [./src/hotspot/share/interpreter/linkResolver.cpp, line 773]
Event: 12.633 Thread 0x000001f4b8f10800 Exception <a 'java/lang/NoSuchMethodError'{0x000000008bff0970}: 'java.lang.Object java.lang.invoke.Invokers$Holder.linkToTargetMethod(java.lang.Object, long, java.lang.Object)'> (0x000000008bff0970) thrown at [./src/hotspot/share/interpreter/linkResolver.cpp, line 773]
Event: 12.761 Thread 0x000001f4b8f17800 Exception <a 'sun/nio/fs/WindowsException'{0x000000008b85d620}> (0x000000008b85d620) thrown at [./src/hotspot/share/prims/jni.cpp, line 615]
Event: 12.980 Thread 0x000001f4b8f10800 Exception <a 'java/lang/NoSuchMethodError'{0x000000008aa61f28}: 'int java.lang.invoke.DirectMethodHandle$Holder.invokeSpecialIFC(java.lang.Object, java.lang.Object, java.lang.Object)'> (0x000000008aa61f28) thrown at [./src/hotspot/share/interpreter/linkResolver.cpp, line 773]
Event: 13.028 Thread 0x000001f4b8f17800 Exception <a 'java/lang/NoSuchMethodError'{0x000000008a550be0}: 'java.lang.Object java.lang.invoke.DirectMethodHandle$Holder.invokeStaticInit(java.lang.Object, java.lang.Object, java.lang.Object, java.lang.Object, java.lang.Object, java.lang.Object, java.lang.Object, java.lang.Object, java.lang.Object, java.lang.Object, java.lang.Object, java.lang.Object, java.lang.Object, java.lang.Object, java.lang.Object, java.lang.Object, java.lang.Object, java.lang.Object, int, java.lang.Object, java.lang.Object)'> (0
Event: 13.242 Thread 0x000001f4b8f17000 Exception <a 'java/lang/NoSuchMethodError'{0x00000000903edca0}: 'java.lang.Object java.lang.invoke.DirectMethodHandle$Holder.invokeVirtual(java.lang.Object, java.lang.Object, int)'> (0x00000000903edca0) thrown at [./src/hotspot/share/interpreter/linkResolver.cpp, line 773]
Event: 13.641 Thread 0x000001f4c4679800 Exception <a 'java/lang/IncompatibleClassChangeError'{0x000000008c2d3ad0}: Found class java.lang.Object, but interface was expected> (0x000000008c2d3ad0) thrown at [./src/hotspot/share/interpreter/linkResolver.cpp, line 839]
Event: 13.655 Thread 0x000001f4c467b000 Exception <a 'java/lang/NoSuchMethodError'{0x000000008c1a4a88}: 'java.lang.Object java.lang.invoke.DirectMethodHandle$Holder.newInvokeSpecial(java.lang.Object, int)'> (0x000000008c1a4a88) thrown at [./src/hotspot/share/interpreter/linkResolver.cpp, line 773]
Event: 13.753 Thread 0x000001f4c467b000 Exception <a 'java/lang/IncompatibleClassChangeError'{0x000000008ba98358}: Found class java.lang.Object, but interface was expected> (0x000000008ba98358) thrown at [./src/hotspot/share/interpreter/linkResolver.cpp, line 839]
Event: 13.754 Thread 0x000001f4c467b000 Exception <a 'java/lang/IncompatibleClassChangeError'{0x000000008ba9dd88}: Found class java.lang.Object, but interface was expected> (0x000000008ba9dd88) thrown at [./src/hotspot/share/interpreter/linkResolver.cpp, line 839]
Event: 14.690 Thread 0x000001f4b8f17800 Exception <a 'java/lang/IncompatibleClassChangeError'{0x000000008c5afb00}: Found class java.lang.Object, but interface was expected> (0x000000008c5afb00) thrown at [./src/hotspot/share/interpreter/linkResolver.cpp, line 839]
Event: 15.640 Thread 0x000001f4b8f17800 Exception <a 'java/lang/IncompatibleClassChangeError'{0x000000008f84dc78}: Found class java.lang.Object, but interface was expected> (0x000000008f84dc78) thrown at [./src/hotspot/share/interpreter/linkResolver.cpp, line 839]
Event: 15.700 Thread 0x000001f4b8f17800 Exception <a 'java/lang/NoSuchMethodError'{0x000000008f8bdaa8}: 'java.lang.Object java.lang.invoke.Invokers$Holder.linkToTargetMethod(java.lang.Object, int, java.lang.Object, java.lang.Object, java.lang.Object, java.lang.Object)'> (0x000000008f8bdaa8) thrown at [./src/hotspot/share/interpreter/linkResolver.cpp, line 773]
Event: 15.718 Thread 0x000001f4b8f17800 Exception <a 'java/lang/NoSuchMethodError'{0x000000008f710468}: 'java.lang.Object java.lang.invoke.Invokers$Holder.linkToTargetMethod(java.lang.Object, java.lang.Object, java.lang.Object, int, java.lang.Object, java.lang.Object, java.lang.Object)'> (0x000000008f710468) thrown at [./src/hotspot/share/interpreter/linkResolver.cpp, line 773]
Event: 15.802 Thread 0x000001f4b8f17800 Exception <a 'java/lang/NoSuchMethodError'{0x000000008f614480}: 'void java.lang.invoke.DirectMethodHandle$Holder.invokeStatic(java.lang.Object, java.lang.Object, java.lang.Object, java.lang.Object, java.lang.Object, java.lang.Object, java.lang.Object, java.lang.Object)'> (0x000000008f614480) thrown at [./src/hotspot/share/interpreter/linkResolver.cpp, line 773]
Event: 15.812 Thread 0x000001f4b8f17800 Implicit null exception at 0x000001f4a9e5c56f to 0x000001f4a9e5d518
Event: 15.845 Thread 0x000001f4b8f17800 Implicit null exception at 0x000001f4a9e8c7f2 to 0x000001f4a9e8c904

Events (20 events):
Event: 16.071 loading class com/android/tools/r8/internal/YY done
Event: 16.071 loading class com/android/tools/r8/internal/aZ
Event: 16.071 loading class com/android/tools/r8/internal/aZ done
Event: 16.071 loading class com/android/tools/r8/internal/dZ
Event: 16.071 loading class com/android/tools/r8/internal/dZ done
Event: 16.071 loading class com/android/tools/r8/internal/ZY
Event: 16.071 loading class com/android/tools/r8/internal/ZY done
Event: 16.072 loading class com/android/tools/r8/internal/bZ
Event: 16.072 loading class com/android/tools/r8/internal/bZ done
Event: 16.074 loading class com/android/tools/r8/internal/vD
Event: 16.074 loading class com/android/tools/r8/internal/vD done
Event: 16.074 loading class com/android/tools/r8/internal/n2
Event: 16.074 loading class com/android/tools/r8/internal/n2 done
Event: 16.075 loading class com/android/tools/r8/internal/wb
Event: 16.075 loading class com/android/tools/r8/internal/wb done
Event: 16.075 loading class com/android/tools/r8/internal/ub
Event: 16.075 loading class com/android/tools/r8/internal/ub done
Event: 16.076 loading class com/android/tools/r8/internal/vb
Event: 16.076 loading class com/android/tools/r8/internal/vb done
Event: 16.076 Executing VM operation: G1CollectForAllocation


Dynamic libraries:
0x00007ff6aedc0000 - 0x00007ff6aedca000 	C:\Program Files\Android\Android Studio\jre\bin\java.exe
0x00007ffa1f3b0000 - 0x00007ffa1f5a6000 	C:\Windows\SYSTEM32\ntdll.dll
0x00007ffa1e010000 - 0x00007ffa1e0cd000 	C:\Windows\System32\KERNEL32.DLL
0x00007ffa1ced0000 - 0x00007ffa1d198000 	C:\Windows\System32\KERNELBASE.dll
0x00007ffa16fc0000 - 0x00007ffa17050000 	C:\Windows\SYSTEM32\apphelp.dll
0x00007ffa1caf0000 - 0x00007ffa1cbf0000 	C:\Windows\System32\ucrtbase.dll
0x00007ffa04ad0000 - 0x00007ffa04ae9000 	C:\Program Files\Android\Android Studio\jre\bin\jli.dll
0x00007ffa04af0000 - 0x00007ffa04b07000 	C:\Program Files\Android\Android Studio\jre\bin\VCRUNTIME140.dll
0x00007ffa1eaa0000 - 0x00007ffa1ec40000 	C:\Windows\System32\USER32.dll
0x00007ff9ff6c0000 - 0x00007ff9ff95b000 	C:\Windows\WinSxS\amd64_microsoft.windows.common-controls_6595b64144ccf1df_6.0.19041.488_none_ca04af081b815d21\COMCTL32.dll
0x00007ffa1ccc0000 - 0x00007ffa1cce2000 	C:\Windows\System32\win32u.dll
0x00007ffa1e520000 - 0x00007ffa1e5be000 	C:\Windows\System32\msvcrt.dll
0x00007ffa1d4d0000 - 0x00007ffa1d4fa000 	C:\Windows\System32\GDI32.dll
0x00007ffa1d300000 - 0x00007ffa1d409000 	C:\Windows\System32\gdi32full.dll
0x00007ffa1cbf0000 - 0x00007ffa1cc8d000 	C:\Windows\System32\msvcp_win.dll
0x00007ffa1e2c0000 - 0x00007ffa1e2f0000 	C:\Windows\System32\IMM32.DLL
0x00007ff9f4020000 - 0x00007ff9f40bd000 	C:\Program Files\Android\Android Studio\jre\bin\msvcp140.dll
0x00007ff9b8e20000 - 0x00007ff9b9905000 	C:\Program Files\Android\Android Studio\jre\bin\server\jvm.dll
0x00007ffa1e9f0000 - 0x00007ffa1ea9c000 	C:\Windows\System32\ADVAPI32.dll
0x00007ffa1f240000 - 0x00007ffa1f2db000 	C:\Windows\System32\sechost.dll
0x00007ffa1eca0000 - 0x00007ffa1edc4000 	C:\Windows\System32\RPCRT4.dll
0x00007ffa1d4c0000 - 0x00007ffa1d4c8000 	C:\Windows\System32\PSAPI.DLL
0x00007ffa14480000 - 0x00007ffa14489000 	C:\Windows\SYSTEM32\WSOCK32.dll
0x00007ffa09fe0000 - 0x00007ffa0a007000 	C:\Windows\SYSTEM32\WINMM.dll
0x00007ffa137a0000 - 0x00007ffa137aa000 	C:\Windows\SYSTEM32\VERSION.dll
0x00007ffa1e5c0000 - 0x00007ffa1e62b000 	C:\Windows\System32\WS2_32.dll
0x00007ffa1b420000 - 0x00007ffa1b432000 	C:\Windows\SYSTEM32\kernel.appcore.dll
0x00007ffa12980000 - 0x00007ffa12991000 	C:\Program Files\Android\Android Studio\jre\bin\verify.dll
0x00007ffa177a0000 - 0x00007ffa17984000 	C:\Windows\SYSTEM32\DBGHELP.DLL
0x00007ffa07c20000 - 0x00007ffa07c4c000 	C:\Windows\SYSTEM32\dbgcore.DLL
0x00007ffa1ce50000 - 0x00007ffa1cecf000 	C:\Windows\System32\bcryptPrimitives.dll
0x00007ffa07060000 - 0x00007ffa07089000 	C:\Program Files\Android\Android Studio\jre\bin\java.dll
0x00007ffa15370000 - 0x00007ffa1537b000 	C:\Program Files\Android\Android Studio\jre\bin\jimage.dll
0x00007ffa04a10000 - 0x00007ffa04a28000 	C:\Program Files\Android\Android Studio\jre\bin\zip.dll
0x00007ffa1d7e0000 - 0x00007ffa1df21000 	C:\Windows\System32\SHELL32.dll
0x00007ffa1ac20000 - 0x00007ffa1b3b5000 	C:\Windows\SYSTEM32\windows.storage.dll
0x00007ffa1e690000 - 0x00007ffa1e9e5000 	C:\Windows\System32\combase.dll
0x00007ffa1c4f0000 - 0x00007ffa1c51c000 	C:\Windows\SYSTEM32\Wldp.dll
0x00007ffa1d410000 - 0x00007ffa1d4be000 	C:\Windows\System32\SHCORE.dll
0x00007ffa1e260000 - 0x00007ffa1e2b5000 	C:\Windows\System32\shlwapi.dll
0x00007ffa1ca20000 - 0x00007ffa1ca46000 	C:\Windows\SYSTEM32\profapi.dll
0x00007ffa02c20000 - 0x00007ffa02c3a000 	C:\Program Files\Android\Android Studio\jre\bin\net.dll
0x00007ffa12e90000 - 0x00007ffa12f90000 	C:\Windows\SYSTEM32\WINHTTP.dll
0x00007ffa1c270000 - 0x00007ffa1c2da000 	C:\Windows\system32\mswsock.dll
0x00007ffa02c00000 - 0x00007ffa02c14000 	C:\Program Files\Android\Android Studio\jre\bin\nio.dll
0x00007ff9ef030000 - 0x00007ff9ef057000 	C:\Users\TECH TOOL\Downloads\gradle-7.5.1\native\e1d6ef7f7dcc3fd88c89a11ec53ec762bb8ba0a96d01ffa2cd45eb1d1d8dd5c5\windows-amd64\native-platform.dll
0x00007ff9e3580000 - 0x00007ff9e36c4000 	C:\Users\TECH TOOL\Downloads\gradle-7.5.1\native\5664cfc778a61ccfe75a443a1ab52a65af34e5dc3c78e0209fed803814484fcb\windows-amd64\native-platform-file-events.dll
0x00007ffa14260000 - 0x00007ffa1426a000 	C:\Program Files\Android\Android Studio\jre\bin\management.dll
0x00007ffa14240000 - 0x00007ffa1424d000 	C:\Program Files\Android\Android Studio\jre\bin\management_ext.dll
0x00007ffa1c440000 - 0x00007ffa1c458000 	C:\Windows\SYSTEM32\CRYPTSP.dll
0x00007ffa1bba0000 - 0x00007ffa1bbd4000 	C:\Windows\system32\rsaenh.dll
0x00007ffa1cc90000 - 0x00007ffa1ccb7000 	C:\Windows\System32\bcrypt.dll
0x00007ffa1c9e0000 - 0x00007ffa1ca0e000 	C:\Windows\SYSTEM32\USERENV.dll
0x00007ffa1c460000 - 0x00007ffa1c46c000 	C:\Windows\SYSTEM32\CRYPTBASE.dll
0x00007ffa1bf60000 - 0x00007ffa1bf9b000 	C:\Windows\SYSTEM32\IPHLPAPI.DLL
0x00007ffa1d630000 - 0x00007ffa1d638000 	C:\Windows\System32\NSI.dll
0x00007ffa13030000 - 0x00007ffa13047000 	C:\Windows\SYSTEM32\dhcpcsvc6.DLL
0x00007ffa13190000 - 0x00007ffa131ad000 	C:\Windows\SYSTEM32\dhcpcsvc.DLL
0x00007ffa1bfa0000 - 0x00007ffa1c06b000 	C:\Windows\SYSTEM32\DNSAPI.dll

dbghelp: loaded successfully - version: 4.0.5 - missing functions: none
symbol engine: initialized successfully - sym options: 0x614 - pdb path: .;C:\Program Files\Android\Android Studio\jre\bin;C:\Windows\SYSTEM32;C:\Windows\WinSxS\amd64_microsoft.windows.common-controls_6595b64144ccf1df_6.0.19041.488_none_ca04af081b815d21;C:\Program Files\Android\Android Studio\jre\bin\server;C:\Users\TECH TOOL\Downloads\gradle-7.5.1\native\e1d6ef7f7dcc3fd88c89a11ec53ec762bb8ba0a96d01ffa2cd45eb1d1d8dd5c5\windows-amd64;C:\Users\TECH TOOL\Downloads\gradle-7.5.1\native\5664cfc778a61ccfe75a443a1ab52a65af34e5dc3c78e0209fed803814484fcb\windows-amd64

VM Arguments:
jvm_args: --add-opens=java.base/java.util=ALL-UNNAMED --add-opens=java.base/java.lang=ALL-UNNAMED --add-opens=java.base/java.lang.invoke=ALL-UNNAMED --add-opens=java.base/java.util=ALL-UNNAMED --add-opens=java.prefs/java.util.prefs=ALL-UNNAMED --add-opens=java.prefs/java.util.prefs=ALL-UNNAMED --add-opens=java.base/java.nio.charset=ALL-UNNAMED --add-opens=java.base/java.net=ALL-UNNAMED --add-opens=java.base/java.util.concurrent.atomic=ALL-UNNAMED -Xmx2048m -Dfile.encoding=UTF-8 -Duser.country=US -Duser.language=en -Duser.variant 
java_command: org.gradle.launcher.daemon.bootstrap.GradleDaemon 7.3.3
java_class_path (initial): C:\Users\TECH TOOL\Downloads\gradle-7.5.1\wrapper\dists\gradle-7.3.3-bin\6a41zxkdtcxs8rphpq6y0069z\gradle-7.3.3\lib\gradle-launcher-7.3.3.jar
Launcher Type: SUN_STANDARD

[Global flags]
     intx CICompilerCount                          = 3                                         {product} {ergonomic}
     uint ConcGCThreads                            = 1                                         {product} {ergonomic}
     uint G1ConcRefinementThreads                  = 4                                         {product} {ergonomic}
   size_t G1HeapRegionSize                         = 1048576                                   {product} {ergonomic}
    uintx GCDrainStackTargetSize                   = 64                                        {product} {ergonomic}
   size_t InitialHeapSize                          = 199229440                                 {product} {ergonomic}
   size_t MarkStackSize                            = 4194304                                   {product} {ergonomic}
   size_t MaxHeapSize                              = 2147483648                                {product} {command line}
   size_t MaxNewSize                               = 1287651328                                {product} {ergonomic}
   size_t MinHeapDeltaBytes                        = 1048576                                   {product} {ergonomic}
    uintx NonNMethodCodeHeapSize                   = 5830732                                {pd product} {ergonomic}
    uintx NonProfiledCodeHeapSize                  = 122913754                              {pd product} {ergonomic}
    uintx ProfiledCodeHeapSize                     = 122913754                              {pd product} {ergonomic}
    uintx ReservedCodeCacheSize                    = 251658240                              {pd product} {ergonomic}
     bool SegmentedCodeCache                       = true                                      {product} {ergonomic}
     bool UseCompressedClassPointers               = true                                 {lp64_product} {ergonomic}
     bool UseCompressedOops                        = true                                 {lp64_product} {ergonomic}
     bool UseG1GC                                  = true                                      {product} {ergonomic}
     bool UseLargePagesIndividualAllocation        = false                                  {pd product} {ergonomic}

Logging:
Log output configuration:
 #0: stdout all=warning uptime,level,tags
 #1: stderr all=off uptime,level,tags

Environment Variables:
PATH=C:\Program Files\Common Files\Oracle\Java\javapath;C:\Windows\system32;C:\Windows;C:\Windows\System32\Wbem;C:\Windows\System32\WindowsPowerShell\v1.0\;C:\Windows\System32\OpenSSH\;C:\Program Files (x86)\Microsoft SQL Server\150\DTS\Binn\;C:\Program Files\Azure Data Studio\bin;C:\Program Files\Microsoft\Web Platform Installer\;C:\Program Files (x86)\Microsoft ASP.NET\ASP.NET Web Pages\v1.0\;C:\Program Files\Microsoft SQL Server\110\Tools\Binn\;C:\Program Files\dotnet\;C:\Program Files\Microsoft SQL Server\130\Tools\Binn\;C:\Program Files\Microsoft SQL Server\Client SDK\ODBC\170\Tools\Binn\;C:\Program Files (x86)\Microsoft SQL Server\110\DTS\Binn\;C:\Program Files (x86)\Microsoft SQL Server\120\DTS\Binn\;C:\Program Files (x86)\Microsoft SQL Server\130\DTS\Binn\;C:\Program Files (x86)\Microsoft SQL Server\140\DTS\Binn\;C:\Program Files (x86)\Microsoft SQL Server\160\DTS\Binn\;C:\Program Files\nodejs\;C:\xampp\php;C:\ProgramData\ComposerSetup\bin;C:\Program Files\Git\cmd;C:\Users\TECH TOOL\AppData\Local\Microsoft\WindowsApps;;C:\Users\TECH TOOL\AppData\Local\Programs\Microsoft VS Code\bin;C:\Program Files\Azure Data Studio\bin;C:\Users\TECH TOOL\.dotnet\tools;C:\Users\TECH TOOL\AppData\Roaming\npm;C:\Users\TECH TOOL\AppData\Roaming\Composer\vendor\bin
USERNAME=TECH TOOL
OS=Windows_NT
PROCESSOR_IDENTIFIER=Intel64 Family 6 Model 142 Stepping 12, GenuineIntel



---------------  S Y S T E M  ---------------

OS: Windows 10 , 64 bit Build 19041 (10.0.19041.546)
OS uptime: 21 days 13:09 hours

CPU:total 4 (initial active 4) (2 cores per cpu, 2 threads per core) family 6 model 142 stepping 12 microcode 0xc0, cmov, cx8, fxsr, mmx, sse, sse2, sse3, ssse3, sse4.1, sse4.2, popcnt, avx, avx2, aes, clmul, erms, 3dnowpref, lzcnt, ht, tsc, tscinvbit, bmi1, bmi2, adx, fma

Memory: 4k page, system-wide physical 12119M (355M free)
TotalPageFile size 27379M (AvailPageFile size 39M)
current process WorkingSet (physical memory assigned to process): 542M, peak: 565M
current process commit charge ("private bytes"): 579M, peak: 723M

vm_info: OpenJDK 64-Bit Server VM (11.0.12+7-b1504.28-7817840) for windows-amd64 JRE (11.0.12+7-b1504.28-7817840), built on Oct 13 2021 22:12:33 by "builder" with MS VC++ 14.0 (VS2015)

END.
